[2024/11/06 03:10:16] - Namespace(batch_size=128, data_dir='./data/', dataset='cifar10', epochs=200, network='ResNet18', worker=4, lr_schedule='multistep', lr_min=0.0, lr_max=0.1, weight_decay=0.0005, momentum=0.9, residual=True, validation=False, augs=['RandomCrop', 'RandomHorizontalFlip'], save_dir='ckpt/cifar10/ResNet18/best_result', seed=0, device='3', debug_mode=False, num_classes=10)
[2024/11/06 03:10:16] - Devices: [1]
[2024/11/06 03:10:18] - DataParallel(
  (module): ResNet(
    (conv1): Conv2d(3, 64, kernel_size=(3, 3), stride=(1, 1), padding=(1, 1), bias=False)
    (bn1): BatchNorm2d(64, eps=1e-05, momentum=0.1, affine=True, track_running_stats=True)
    (layer1): Sequential(
      (0): BasicBlock(
        (conv1): Conv2d(64, 64, kernel_size=(3, 3), stride=(1, 1), padding=(1, 1), bias=False)
        (bn1): BatchNorm2d(64, eps=1e-05, momentum=0.1, affine=True, track_running_stats=True)
        (conv2): Conv2d(64, 64, kernel_size=(3, 3), stride=(1, 1), padding=(1, 1), bias=False)
        (bn2): BatchNorm2d(64, eps=1e-05, momentum=0.1, affine=True, track_running_stats=True)
        (shortcut): Sequential()
      )
      (1): BasicBlock(
        (conv1): Conv2d(64, 64, kernel_size=(3, 3), stride=(1, 1), padding=(1, 1), bias=False)
        (bn1): BatchNorm2d(64, eps=1e-05, momentum=0.1, affine=True, track_running_stats=True)
        (conv2): Conv2d(64, 64, kernel_size=(3, 3), stride=(1, 1), padding=(1, 1), bias=False)
        (bn2): BatchNorm2d(64, eps=1e-05, momentum=0.1, affine=True, track_running_stats=True)
        (shortcut): Sequential()
      )
    )
    (layer2): Sequential(
      (0): BasicBlock(
        (conv1): Conv2d(64, 128, kernel_size=(3, 3), stride=(2, 2), padding=(1, 1), bias=False)
        (bn1): BatchNorm2d(128, eps=1e-05, momentum=0.1, affine=True, track_running_stats=True)
        (conv2): Conv2d(128, 128, kernel_size=(3, 3), stride=(1, 1), padding=(1, 1), bias=False)
        (bn2): BatchNorm2d(128, eps=1e-05, momentum=0.1, affine=True, track_running_stats=True)
        (shortcut): Sequential(
          (0): Conv2d(64, 128, kernel_size=(1, 1), stride=(2, 2), bias=False)
          (1): BatchNorm2d(128, eps=1e-05, momentum=0.1, affine=True, track_running_stats=True)
        )
      )
      (1): BasicBlock(
        (conv1): Conv2d(128, 128, kernel_size=(3, 3), stride=(1, 1), padding=(1, 1), bias=False)
        (bn1): BatchNorm2d(128, eps=1e-05, momentum=0.1, affine=True, track_running_stats=True)
        (conv2): Conv2d(128, 128, kernel_size=(3, 3), stride=(1, 1), padding=(1, 1), bias=False)
        (bn2): BatchNorm2d(128, eps=1e-05, momentum=0.1, affine=True, track_running_stats=True)
        (shortcut): Sequential()
      )
    )
    (layer3): Sequential(
      (0): BasicBlock(
        (conv1): Conv2d(128, 256, kernel_size=(3, 3), stride=(2, 2), padding=(1, 1), bias=False)
        (bn1): BatchNorm2d(256, eps=1e-05, momentum=0.1, affine=True, track_running_stats=True)
        (conv2): Conv2d(256, 256, kernel_size=(3, 3), stride=(1, 1), padding=(1, 1), bias=False)
        (bn2): BatchNorm2d(256, eps=1e-05, momentum=0.1, affine=True, track_running_stats=True)
        (shortcut): Sequential(
          (0): Conv2d(128, 256, kernel_size=(1, 1), stride=(2, 2), bias=False)
          (1): BatchNorm2d(256, eps=1e-05, momentum=0.1, affine=True, track_running_stats=True)
        )
      )
      (1): BasicBlock(
        (conv1): Conv2d(256, 256, kernel_size=(3, 3), stride=(1, 1), padding=(1, 1), bias=False)
        (bn1): BatchNorm2d(256, eps=1e-05, momentum=0.1, affine=True, track_running_stats=True)
        (conv2): Conv2d(256, 256, kernel_size=(3, 3), stride=(1, 1), padding=(1, 1), bias=False)
        (bn2): BatchNorm2d(256, eps=1e-05, momentum=0.1, affine=True, track_running_stats=True)
        (shortcut): Sequential()
      )
    )
    (layer4): Sequential(
      (0): BasicBlock(
        (conv1): Conv2d(256, 512, kernel_size=(3, 3), stride=(2, 2), padding=(1, 1), bias=False)
        (bn1): BatchNorm2d(512, eps=1e-05, momentum=0.1, affine=True, track_running_stats=True)
        (conv2): Conv2d(512, 512, kernel_size=(3, 3), stride=(1, 1), padding=(1, 1), bias=False)
        (bn2): BatchNorm2d(512, eps=1e-05, momentum=0.1, affine=True, track_running_stats=True)
        (shortcut): Sequential(
          (0): Conv2d(256, 512, kernel_size=(1, 1), stride=(2, 2), bias=False)
          (1): BatchNorm2d(512, eps=1e-05, momentum=0.1, affine=True, track_running_stats=True)
        )
      )
      (1): BasicBlock(
        (conv1): Conv2d(512, 512, kernel_size=(3, 3), stride=(1, 1), padding=(1, 1), bias=False)
        (bn1): BatchNorm2d(512, eps=1e-05, momentum=0.1, affine=True, track_running_stats=True)
        (conv2): Conv2d(512, 512, kernel_size=(3, 3), stride=(1, 1), padding=(1, 1), bias=False)
        (bn2): BatchNorm2d(512, eps=1e-05, momentum=0.1, affine=True, track_running_stats=True)
        (shortcut): Sequential()
      )
    )
    (fc): Linear(in_features=512, out_features=10, bias=True)
  )
)
[2024/11/06 03:10:18] - epoch 0 lr 1.000000e-01
[2024/11/06 03:10:18] - Device: [3]	Iter: [0][0/391]	Loss 2.353 (2.353)	Prec@1 0.109 (0.109)	
[2024/11/06 03:10:21] - Device: [3]	Iter: [0][150/391]	Loss 1.846 (2.202)	Prec@1 0.328 (0.240)	
[2024/11/06 03:10:23] - Device: [3]	Iter: [0][300/391]	Loss 1.711 (1.974)	Prec@1 0.328 (0.294)	
[2024/11/06 03:10:25] - Val Loss 1.5349, Val Accuracy 0.4209
[2024/11/06 03:10:26] - Model saved at epoch 0 with best val accuracy 0.4209
[2024/11/06 03:10:28] - epoch 1 lr 1.000000e-01
[2024/11/06 03:10:28] - Device: [3]	Iter: [1][0/391]	Loss 1.652 (1.652)	Prec@1 0.430 (0.430)	
[2024/11/06 03:10:31] - Device: [3]	Iter: [1][150/391]	Loss 1.425 (1.523)	Prec@1 0.484 (0.436)	
[2024/11/06 03:10:34] - Device: [3]	Iter: [1][300/391]	Loss 1.345 (1.465)	Prec@1 0.539 (0.459)	
[2024/11/06 03:10:36] - Val Loss 1.2739, Val Accuracy 0.5356
[2024/11/06 03:10:37] - Model saved at epoch 1 with best val accuracy 0.5356
[2024/11/06 03:10:37] - epoch 2 lr 1.000000e-01
[2024/11/06 03:10:38] - Device: [3]	Iter: [2][0/391]	Loss 1.319 (1.319)	Prec@1 0.547 (0.547)	
[2024/11/06 03:10:40] - Device: [3]	Iter: [2][150/391]	Loss 1.215 (1.261)	Prec@1 0.609 (0.542)	
[2024/11/06 03:10:43] - Device: [3]	Iter: [2][300/391]	Loss 1.186 (1.213)	Prec@1 0.531 (0.563)	
[2024/11/06 03:10:45] - Val Loss 1.1579, Val Accuracy 0.5908
[2024/11/06 03:10:46] - Model saved at epoch 2 with best val accuracy 0.5908
[2024/11/06 03:10:47] - epoch 3 lr 1.000000e-01
[2024/11/06 03:10:47] - Device: [3]	Iter: [3][0/391]	Loss 1.062 (1.062)	Prec@1 0.641 (0.641)	
[2024/11/06 03:10:50] - Device: [3]	Iter: [3][150/391]	Loss 0.878 (1.022)	Prec@1 0.703 (0.644)	
[2024/11/06 03:10:53] - Device: [3]	Iter: [3][300/391]	Loss 1.006 (1.000)	Prec@1 0.648 (0.650)	
[2024/11/06 03:10:55] - Val Loss 0.9731, Val Accuracy 0.6518
[2024/11/06 03:10:56] - Model saved at epoch 3 with best val accuracy 0.6518
[2024/11/06 03:10:57] - epoch 4 lr 1.000000e-01
[2024/11/06 03:10:57] - Device: [3]	Iter: [4][0/391]	Loss 0.754 (0.754)	Prec@1 0.727 (0.727)	
[2024/11/06 03:11:00] - Device: [3]	Iter: [4][150/391]	Loss 0.973 (0.860)	Prec@1 0.656 (0.696)	
[2024/11/06 03:11:02] - Device: [3]	Iter: [4][300/391]	Loss 0.836 (0.835)	Prec@1 0.680 (0.707)	
[2024/11/06 03:11:05] - Val Loss 0.9869, Val Accuracy 0.6619
[2024/11/06 03:11:06] - Model saved at epoch 4 with best val accuracy 0.6619
[2024/11/06 03:11:07] - epoch 5 lr 1.000000e-01
[2024/11/06 03:11:07] - Device: [3]	Iter: [5][0/391]	Loss 0.685 (0.685)	Prec@1 0.766 (0.766)	
[2024/11/06 03:11:09] - Device: [3]	Iter: [5][150/391]	Loss 0.767 (0.719)	Prec@1 0.750 (0.753)	
[2024/11/06 03:11:12] - Device: [3]	Iter: [5][300/391]	Loss 0.611 (0.706)	Prec@1 0.828 (0.756)	
[2024/11/06 03:11:14] - Val Loss 0.7221, Val Accuracy 0.7461
[2024/11/06 03:11:16] - Model saved at epoch 5 with best val accuracy 0.7461
[2024/11/06 03:11:17] - epoch 6 lr 1.000000e-01
[2024/11/06 03:11:17] - Device: [3]	Iter: [6][0/391]	Loss 0.692 (0.692)	Prec@1 0.734 (0.734)	
[2024/11/06 03:11:20] - Device: [3]	Iter: [6][150/391]	Loss 0.666 (0.632)	Prec@1 0.805 (0.779)	
[2024/11/06 03:11:22] - Device: [3]	Iter: [6][300/391]	Loss 0.583 (0.614)	Prec@1 0.805 (0.788)	
[2024/11/06 03:11:25] - Val Loss 0.7154, Val Accuracy 0.7545
[2024/11/06 03:11:26] - Model saved at epoch 6 with best val accuracy 0.7545
[2024/11/06 03:11:29] - epoch 7 lr 1.000000e-01
[2024/11/06 03:11:29] - Device: [3]	Iter: [7][0/391]	Loss 0.375 (0.375)	Prec@1 0.859 (0.859)	
[2024/11/06 03:11:31] - Device: [3]	Iter: [7][150/391]	Loss 0.707 (0.574)	Prec@1 0.766 (0.802)	
[2024/11/06 03:11:34] - Device: [3]	Iter: [7][300/391]	Loss 0.471 (0.571)	Prec@1 0.836 (0.804)	
[2024/11/06 03:11:36] - Val Loss 0.6231, Val Accuracy 0.7880
[2024/11/06 03:11:38] - Model saved at epoch 7 with best val accuracy 0.7880
[2024/11/06 03:11:39] - epoch 8 lr 1.000000e-01
[2024/11/06 03:11:39] - Device: [3]	Iter: [8][0/391]	Loss 0.647 (0.647)	Prec@1 0.797 (0.797)	
[2024/11/06 03:11:42] - Device: [3]	Iter: [8][150/391]	Loss 0.405 (0.538)	Prec@1 0.867 (0.815)	
[2024/11/06 03:11:44] - Device: [3]	Iter: [8][300/391]	Loss 0.469 (0.531)	Prec@1 0.836 (0.818)	
[2024/11/06 03:11:47] - Val Loss 0.8962, Val Accuracy 0.7110
[2024/11/06 03:11:47] - epoch 9 lr 1.000000e-01
[2024/11/06 03:11:48] - Device: [3]	Iter: [9][0/391]	Loss 0.473 (0.473)	Prec@1 0.852 (0.852)	
[2024/11/06 03:11:51] - Device: [3]	Iter: [9][150/391]	Loss 0.435 (0.506)	Prec@1 0.867 (0.826)	
[2024/11/06 03:11:53] - Device: [3]	Iter: [9][300/391]	Loss 0.425 (0.505)	Prec@1 0.844 (0.826)	
[2024/11/06 03:11:55] - Val Loss 0.5868, Val Accuracy 0.8016
[2024/11/06 03:11:56] - Model saved at epoch 9 with best val accuracy 0.8016
[2024/11/06 03:11:57] - epoch 10 lr 1.000000e-01
[2024/11/06 03:11:57] - Device: [3]	Iter: [10][0/391]	Loss 0.549 (0.549)	Prec@1 0.797 (0.797)	
[2024/11/06 03:12:00] - Device: [3]	Iter: [10][150/391]	Loss 0.491 (0.483)	Prec@1 0.836 (0.835)	
[2024/11/06 03:12:03] - Device: [3]	Iter: [10][300/391]	Loss 0.390 (0.485)	Prec@1 0.898 (0.833)	
[2024/11/06 03:12:05] - Val Loss 0.6881, Val Accuracy 0.7654
[2024/11/06 03:12:05] - epoch 11 lr 1.000000e-01
[2024/11/06 03:12:06] - Device: [3]	Iter: [11][0/391]	Loss 0.592 (0.592)	Prec@1 0.750 (0.750)	
[2024/11/06 03:12:09] - Device: [3]	Iter: [11][150/391]	Loss 0.454 (0.455)	Prec@1 0.852 (0.843)	
[2024/11/06 03:12:11] - Device: [3]	Iter: [11][300/391]	Loss 0.484 (0.463)	Prec@1 0.828 (0.841)	
[2024/11/06 03:12:13] - Val Loss 0.6348, Val Accuracy 0.7966
[2024/11/06 03:12:14] - epoch 12 lr 1.000000e-01
[2024/11/06 03:12:14] - Device: [3]	Iter: [12][0/391]	Loss 0.434 (0.434)	Prec@1 0.836 (0.836)	
[2024/11/06 03:12:17] - Device: [3]	Iter: [12][150/391]	Loss 0.402 (0.449)	Prec@1 0.859 (0.844)	
[2024/11/06 03:12:20] - Device: [3]	Iter: [12][300/391]	Loss 0.522 (0.452)	Prec@1 0.805 (0.844)	
[2024/11/06 03:12:22] - Val Loss 0.6579, Val Accuracy 0.7818
[2024/11/06 03:12:23] - epoch 13 lr 1.000000e-01
[2024/11/06 03:12:23] - Device: [3]	Iter: [13][0/391]	Loss 0.535 (0.535)	Prec@1 0.797 (0.797)	
[2024/11/06 03:12:26] - Device: [3]	Iter: [13][150/391]	Loss 0.555 (0.451)	Prec@1 0.859 (0.847)	
[2024/11/06 03:12:29] - Device: [3]	Iter: [13][300/391]	Loss 0.340 (0.446)	Prec@1 0.883 (0.846)	
[2024/11/06 03:12:31] - Val Loss 0.5986, Val Accuracy 0.7969
[2024/11/06 03:12:32] - epoch 14 lr 1.000000e-01
[2024/11/06 03:12:32] - Device: [3]	Iter: [14][0/391]	Loss 0.435 (0.435)	Prec@1 0.859 (0.859)	
[2024/11/06 03:12:35] - Device: [3]	Iter: [14][150/391]	Loss 0.464 (0.417)	Prec@1 0.867 (0.857)	
[2024/11/06 03:12:38] - Device: [3]	Iter: [14][300/391]	Loss 0.439 (0.426)	Prec@1 0.828 (0.854)	
[2024/11/06 03:12:40] - Val Loss 0.6290, Val Accuracy 0.8028
[2024/11/06 03:12:41] - Model saved at epoch 14 with best val accuracy 0.8028
[2024/11/06 03:12:43] - epoch 15 lr 1.000000e-01
[2024/11/06 03:12:43] - Device: [3]	Iter: [15][0/391]	Loss 0.467 (0.467)	Prec@1 0.852 (0.852)	
[2024/11/06 03:12:46] - Device: [3]	Iter: [15][150/391]	Loss 0.349 (0.424)	Prec@1 0.898 (0.857)	
[2024/11/06 03:12:48] - Device: [3]	Iter: [15][300/391]	Loss 0.372 (0.423)	Prec@1 0.875 (0.857)	
[2024/11/06 03:12:51] - Val Loss 0.6829, Val Accuracy 0.7691
[2024/11/06 03:12:52] - epoch 16 lr 1.000000e-01
[2024/11/06 03:12:52] - Device: [3]	Iter: [16][0/391]	Loss 0.415 (0.415)	Prec@1 0.859 (0.859)	
[2024/11/06 03:12:55] - Device: [3]	Iter: [16][150/391]	Loss 0.516 (0.409)	Prec@1 0.820 (0.862)	
[2024/11/06 03:12:58] - Device: [3]	Iter: [16][300/391]	Loss 0.450 (0.413)	Prec@1 0.867 (0.860)	
[2024/11/06 03:13:00] - Val Loss 0.5394, Val Accuracy 0.8192
[2024/11/06 03:13:01] - Model saved at epoch 16 with best val accuracy 0.8192
[2024/11/06 03:13:02] - epoch 17 lr 1.000000e-01
[2024/11/06 03:13:02] - Device: [3]	Iter: [17][0/391]	Loss 0.455 (0.455)	Prec@1 0.859 (0.859)	
[2024/11/06 03:13:04] - Device: [3]	Iter: [17][150/391]	Loss 0.336 (0.397)	Prec@1 0.891 (0.865)	
[2024/11/06 03:13:06] - Device: [3]	Iter: [17][300/391]	Loss 0.332 (0.403)	Prec@1 0.898 (0.864)	
[2024/11/06 03:13:09] - Val Loss 0.5461, Val Accuracy 0.8201
[2024/11/06 03:13:09] - Model saved at epoch 17 with best val accuracy 0.8201
[2024/11/06 03:13:10] - epoch 18 lr 1.000000e-01
[2024/11/06 03:13:11] - Device: [3]	Iter: [18][0/391]	Loss 0.345 (0.345)	Prec@1 0.898 (0.898)	
[2024/11/06 03:13:13] - Device: [3]	Iter: [18][150/391]	Loss 0.497 (0.391)	Prec@1 0.836 (0.869)	
[2024/11/06 03:13:16] - Device: [3]	Iter: [18][300/391]	Loss 0.294 (0.394)	Prec@1 0.898 (0.866)	
[2024/11/06 03:13:18] - Val Loss 0.7037, Val Accuracy 0.7805
[2024/11/06 03:13:19] - epoch 19 lr 1.000000e-01
[2024/11/06 03:13:19] - Device: [3]	Iter: [19][0/391]	Loss 0.487 (0.487)	Prec@1 0.844 (0.844)	
[2024/11/06 03:13:22] - Device: [3]	Iter: [19][150/391]	Loss 0.338 (0.385)	Prec@1 0.875 (0.869)	
[2024/11/06 03:13:25] - Device: [3]	Iter: [19][300/391]	Loss 0.396 (0.388)	Prec@1 0.875 (0.867)	
[2024/11/06 03:13:27] - Val Loss 0.8273, Val Accuracy 0.7524
[2024/11/06 03:13:28] - epoch 20 lr 1.000000e-01
[2024/11/06 03:13:28] - Device: [3]	Iter: [20][0/391]	Loss 0.393 (0.393)	Prec@1 0.859 (0.859)	
[2024/11/06 03:13:31] - Device: [3]	Iter: [20][150/391]	Loss 0.398 (0.372)	Prec@1 0.867 (0.874)	
[2024/11/06 03:13:33] - Device: [3]	Iter: [20][300/391]	Loss 0.326 (0.388)	Prec@1 0.883 (0.869)	
[2024/11/06 03:13:36] - Val Loss 0.5436, Val Accuracy 0.8199
[2024/11/06 03:13:37] - epoch 21 lr 1.000000e-01
[2024/11/06 03:13:37] - Device: [3]	Iter: [21][0/391]	Loss 0.283 (0.283)	Prec@1 0.906 (0.906)	
[2024/11/06 03:13:40] - Device: [3]	Iter: [21][150/391]	Loss 0.416 (0.378)	Prec@1 0.852 (0.869)	
[2024/11/06 03:13:42] - Device: [3]	Iter: [21][300/391]	Loss 0.382 (0.381)	Prec@1 0.852 (0.869)	
[2024/11/06 03:13:45] - Val Loss 0.6852, Val Accuracy 0.7774
[2024/11/06 03:13:46] - epoch 22 lr 1.000000e-01
[2024/11/06 03:13:46] - Device: [3]	Iter: [22][0/391]	Loss 0.433 (0.433)	Prec@1 0.844 (0.844)	
[2024/11/06 03:13:48] - Device: [3]	Iter: [22][150/391]	Loss 0.277 (0.383)	Prec@1 0.906 (0.871)	
[2024/11/06 03:13:51] - Device: [3]	Iter: [22][300/391]	Loss 0.306 (0.390)	Prec@1 0.883 (0.868)	
[2024/11/06 03:13:53] - Val Loss 0.5790, Val Accuracy 0.8154
[2024/11/06 03:13:55] - epoch 23 lr 1.000000e-01
[2024/11/06 03:13:55] - Device: [3]	Iter: [23][0/391]	Loss 0.393 (0.393)	Prec@1 0.875 (0.875)	
[2024/11/06 03:13:58] - Device: [3]	Iter: [23][150/391]	Loss 0.416 (0.375)	Prec@1 0.859 (0.872)	
[2024/11/06 03:14:00] - Device: [3]	Iter: [23][300/391]	Loss 0.484 (0.377)	Prec@1 0.812 (0.870)	
[2024/11/06 03:14:02] - Val Loss 0.5381, Val Accuracy 0.8184
[2024/11/06 03:14:03] - epoch 24 lr 1.000000e-01
[2024/11/06 03:14:03] - Device: [3]	Iter: [24][0/391]	Loss 0.441 (0.441)	Prec@1 0.828 (0.828)	
[2024/11/06 03:14:06] - Device: [3]	Iter: [24][150/391]	Loss 0.445 (0.366)	Prec@1 0.867 (0.877)	
[2024/11/06 03:14:09] - Device: [3]	Iter: [24][300/391]	Loss 0.405 (0.373)	Prec@1 0.891 (0.873)	
[2024/11/06 03:14:11] - Val Loss 0.5040, Val Accuracy 0.8325
[2024/11/06 03:14:12] - Model saved at epoch 24 with best val accuracy 0.8325
[2024/11/06 03:14:14] - epoch 25 lr 1.000000e-01
[2024/11/06 03:14:14] - Device: [3]	Iter: [25][0/391]	Loss 0.348 (0.348)	Prec@1 0.875 (0.875)	
[2024/11/06 03:14:17] - Device: [3]	Iter: [25][150/391]	Loss 0.457 (0.359)	Prec@1 0.852 (0.877)	
[2024/11/06 03:14:19] - Device: [3]	Iter: [25][300/391]	Loss 0.361 (0.367)	Prec@1 0.875 (0.874)	
[2024/11/06 03:14:22] - Val Loss 0.4897, Val Accuracy 0.8398
[2024/11/06 03:14:22] - Model saved at epoch 25 with best val accuracy 0.8398
[2024/11/06 03:14:24] - epoch 26 lr 1.000000e-01
[2024/11/06 03:14:24] - Device: [3]	Iter: [26][0/391]	Loss 0.281 (0.281)	Prec@1 0.914 (0.914)	
[2024/11/06 03:14:27] - Device: [3]	Iter: [26][150/391]	Loss 0.256 (0.349)	Prec@1 0.930 (0.881)	
[2024/11/06 03:14:29] - Device: [3]	Iter: [26][300/391]	Loss 0.446 (0.356)	Prec@1 0.844 (0.877)	
[2024/11/06 03:14:32] - Val Loss 0.4876, Val Accuracy 0.8368
[2024/11/06 03:14:33] - epoch 27 lr 1.000000e-01
[2024/11/06 03:14:33] - Device: [3]	Iter: [27][0/391]	Loss 0.399 (0.399)	Prec@1 0.883 (0.883)	
[2024/11/06 03:14:35] - Device: [3]	Iter: [27][150/391]	Loss 0.251 (0.347)	Prec@1 0.914 (0.881)	
[2024/11/06 03:14:38] - Device: [3]	Iter: [27][300/391]	Loss 0.364 (0.359)	Prec@1 0.867 (0.876)	
[2024/11/06 03:14:40] - Val Loss 0.6932, Val Accuracy 0.7791
[2024/11/06 03:14:42] - epoch 28 lr 1.000000e-01
[2024/11/06 03:14:42] - Device: [3]	Iter: [28][0/391]	Loss 0.287 (0.287)	Prec@1 0.891 (0.891)	
[2024/11/06 03:14:45] - Device: [3]	Iter: [28][150/391]	Loss 0.227 (0.358)	Prec@1 0.906 (0.877)	
[2024/11/06 03:14:47] - Device: [3]	Iter: [28][300/391]	Loss 0.412 (0.365)	Prec@1 0.836 (0.875)	
[2024/11/06 03:14:49] - Val Loss 0.5555, Val Accuracy 0.8177
[2024/11/06 03:14:50] - epoch 29 lr 1.000000e-01
[2024/11/06 03:14:51] - Device: [3]	Iter: [29][0/391]	Loss 0.472 (0.472)	Prec@1 0.844 (0.844)	
[2024/11/06 03:14:53] - Device: [3]	Iter: [29][150/391]	Loss 0.282 (0.356)	Prec@1 0.914 (0.878)	
[2024/11/06 03:14:56] - Device: [3]	Iter: [29][300/391]	Loss 0.432 (0.354)	Prec@1 0.852 (0.878)	
[2024/11/06 03:14:58] - Val Loss 0.5212, Val Accuracy 0.8298
[2024/11/06 03:14:59] - epoch 30 lr 1.000000e-01
[2024/11/06 03:14:59] - Device: [3]	Iter: [30][0/391]	Loss 0.431 (0.431)	Prec@1 0.852 (0.852)	
[2024/11/06 03:15:02] - Device: [3]	Iter: [30][150/391]	Loss 0.351 (0.344)	Prec@1 0.891 (0.883)	
[2024/11/06 03:15:05] - Device: [3]	Iter: [30][300/391]	Loss 0.435 (0.360)	Prec@1 0.859 (0.877)	
[2024/11/06 03:15:07] - Val Loss 0.4517, Val Accuracy 0.8505
[2024/11/06 03:15:08] - Model saved at epoch 30 with best val accuracy 0.8505
[2024/11/06 03:15:09] - epoch 31 lr 1.000000e-01
[2024/11/06 03:15:09] - Device: [3]	Iter: [31][0/391]	Loss 0.296 (0.296)	Prec@1 0.883 (0.883)	
[2024/11/06 03:15:12] - Device: [3]	Iter: [31][150/391]	Loss 0.406 (0.337)	Prec@1 0.844 (0.884)	
[2024/11/06 03:15:14] - Device: [3]	Iter: [31][300/391]	Loss 0.448 (0.352)	Prec@1 0.820 (0.879)	
[2024/11/06 03:15:16] - Val Loss 0.5948, Val Accuracy 0.8081
[2024/11/06 03:15:18] - epoch 32 lr 1.000000e-01
[2024/11/06 03:15:18] - Device: [3]	Iter: [32][0/391]	Loss 0.242 (0.242)	Prec@1 0.914 (0.914)	
[2024/11/06 03:15:21] - Device: [3]	Iter: [32][150/391]	Loss 0.315 (0.342)	Prec@1 0.898 (0.887)	
[2024/11/06 03:15:23] - Device: [3]	Iter: [32][300/391]	Loss 0.346 (0.354)	Prec@1 0.867 (0.881)	
[2024/11/06 03:15:26] - Val Loss 0.4868, Val Accuracy 0.8300
[2024/11/06 03:15:27] - epoch 33 lr 1.000000e-01
[2024/11/06 03:15:27] - Device: [3]	Iter: [33][0/391]	Loss 0.418 (0.418)	Prec@1 0.867 (0.867)	
[2024/11/06 03:15:29] - Device: [3]	Iter: [33][150/391]	Loss 0.303 (0.333)	Prec@1 0.898 (0.888)	
[2024/11/06 03:15:32] - Device: [3]	Iter: [33][300/391]	Loss 0.375 (0.349)	Prec@1 0.883 (0.882)	
[2024/11/06 03:15:34] - Val Loss 0.5168, Val Accuracy 0.8328
[2024/11/06 03:15:36] - epoch 34 lr 1.000000e-01
[2024/11/06 03:15:36] - Device: [3]	Iter: [34][0/391]	Loss 0.295 (0.295)	Prec@1 0.930 (0.930)	
[2024/11/06 03:15:38] - Device: [3]	Iter: [34][150/391]	Loss 0.444 (0.355)	Prec@1 0.883 (0.882)	
[2024/11/06 03:15:41] - Device: [3]	Iter: [34][300/391]	Loss 0.377 (0.346)	Prec@1 0.836 (0.884)	
[2024/11/06 03:15:43] - Val Loss 0.7090, Val Accuracy 0.7889
[2024/11/06 03:15:45] - epoch 35 lr 1.000000e-01
[2024/11/06 03:15:45] - Device: [3]	Iter: [35][0/391]	Loss 0.416 (0.416)	Prec@1 0.844 (0.844)	
[2024/11/06 03:15:48] - Device: [3]	Iter: [35][150/391]	Loss 0.283 (0.350)	Prec@1 0.922 (0.880)	
[2024/11/06 03:15:50] - Device: [3]	Iter: [35][300/391]	Loss 0.225 (0.348)	Prec@1 0.922 (0.880)	
[2024/11/06 03:15:53] - Val Loss 0.4852, Val Accuracy 0.8405
[2024/11/06 03:15:54] - epoch 36 lr 1.000000e-01
[2024/11/06 03:15:54] - Device: [3]	Iter: [36][0/391]	Loss 0.346 (0.346)	Prec@1 0.891 (0.891)	
[2024/11/06 03:15:57] - Device: [3]	Iter: [36][150/391]	Loss 0.350 (0.337)	Prec@1 0.891 (0.888)	
[2024/11/06 03:16:00] - Device: [3]	Iter: [36][300/391]	Loss 0.330 (0.337)	Prec@1 0.891 (0.886)	
[2024/11/06 03:16:02] - Val Loss 0.4698, Val Accuracy 0.8416
[2024/11/06 03:16:03] - epoch 37 lr 1.000000e-01
[2024/11/06 03:16:03] - Device: [3]	Iter: [37][0/391]	Loss 0.361 (0.361)	Prec@1 0.867 (0.867)	
[2024/11/06 03:16:06] - Device: [3]	Iter: [37][150/391]	Loss 0.463 (0.337)	Prec@1 0.859 (0.888)	
[2024/11/06 03:16:09] - Device: [3]	Iter: [37][300/391]	Loss 0.284 (0.340)	Prec@1 0.906 (0.885)	
[2024/11/06 03:16:11] - Val Loss 0.4662, Val Accuracy 0.8451
[2024/11/06 03:16:12] - epoch 38 lr 1.000000e-01
[2024/11/06 03:16:12] - Device: [3]	Iter: [38][0/391]	Loss 0.280 (0.280)	Prec@1 0.898 (0.898)	
[2024/11/06 03:16:15] - Device: [3]	Iter: [38][150/391]	Loss 0.181 (0.326)	Prec@1 0.938 (0.891)	
[2024/11/06 03:16:17] - Device: [3]	Iter: [38][300/391]	Loss 0.323 (0.341)	Prec@1 0.867 (0.885)	
[2024/11/06 03:16:19] - Val Loss 0.6994, Val Accuracy 0.7929
[2024/11/06 03:16:21] - epoch 39 lr 1.000000e-01
[2024/11/06 03:16:21] - Device: [3]	Iter: [39][0/391]	Loss 0.469 (0.469)	Prec@1 0.844 (0.844)	
[2024/11/06 03:16:23] - Device: [3]	Iter: [39][150/391]	Loss 0.295 (0.336)	Prec@1 0.922 (0.885)	
[2024/11/06 03:16:26] - Device: [3]	Iter: [39][300/391]	Loss 0.365 (0.342)	Prec@1 0.867 (0.883)	
[2024/11/06 03:16:28] - Val Loss 0.6595, Val Accuracy 0.7924
[2024/11/06 03:16:29] - epoch 40 lr 1.000000e-01
[2024/11/06 03:16:29] - Device: [3]	Iter: [40][0/391]	Loss 0.336 (0.336)	Prec@1 0.898 (0.898)	
[2024/11/06 03:16:32] - Device: [3]	Iter: [40][150/391]	Loss 0.416 (0.334)	Prec@1 0.867 (0.886)	
[2024/11/06 03:16:34] - Device: [3]	Iter: [40][300/391]	Loss 0.364 (0.338)	Prec@1 0.859 (0.885)	
[2024/11/06 03:16:36] - Val Loss 0.5055, Val Accuracy 0.8396
[2024/11/06 03:16:37] - epoch 41 lr 1.000000e-01
[2024/11/06 03:16:37] - Device: [3]	Iter: [41][0/391]	Loss 0.261 (0.261)	Prec@1 0.914 (0.914)	
[2024/11/06 03:16:40] - Device: [3]	Iter: [41][150/391]	Loss 0.315 (0.328)	Prec@1 0.891 (0.888)	
[2024/11/06 03:16:42] - Device: [3]	Iter: [41][300/391]	Loss 0.313 (0.336)	Prec@1 0.867 (0.885)	
[2024/11/06 03:16:44] - Val Loss 0.4682, Val Accuracy 0.8409
[2024/11/06 03:16:45] - epoch 42 lr 1.000000e-01
[2024/11/06 03:16:45] - Device: [3]	Iter: [42][0/391]	Loss 0.350 (0.350)	Prec@1 0.875 (0.875)	
[2024/11/06 03:16:48] - Device: [3]	Iter: [42][150/391]	Loss 0.264 (0.344)	Prec@1 0.906 (0.882)	
[2024/11/06 03:16:51] - Device: [3]	Iter: [42][300/391]	Loss 0.243 (0.338)	Prec@1 0.930 (0.886)	
[2024/11/06 03:16:53] - Val Loss 0.5425, Val Accuracy 0.8203
[2024/11/06 03:16:54] - epoch 43 lr 1.000000e-01
[2024/11/06 03:16:54] - Device: [3]	Iter: [43][0/391]	Loss 0.430 (0.430)	Prec@1 0.859 (0.859)	
[2024/11/06 03:16:57] - Device: [3]	Iter: [43][150/391]	Loss 0.285 (0.336)	Prec@1 0.883 (0.885)	
[2024/11/06 03:17:00] - Device: [3]	Iter: [43][300/391]	Loss 0.400 (0.340)	Prec@1 0.859 (0.885)	
[2024/11/06 03:17:02] - Val Loss 0.4691, Val Accuracy 0.8456
[2024/11/06 03:17:04] - epoch 44 lr 1.000000e-01
[2024/11/06 03:17:04] - Device: [3]	Iter: [44][0/391]	Loss 0.159 (0.159)	Prec@1 0.945 (0.945)	
[2024/11/06 03:17:07] - Device: [3]	Iter: [44][150/391]	Loss 0.355 (0.333)	Prec@1 0.883 (0.886)	
[2024/11/06 03:17:10] - Device: [3]	Iter: [44][300/391]	Loss 0.391 (0.334)	Prec@1 0.875 (0.886)	
[2024/11/06 03:17:12] - Val Loss 0.4588, Val Accuracy 0.8487
[2024/11/06 03:17:13] - epoch 45 lr 1.000000e-01
[2024/11/06 03:17:13] - Device: [3]	Iter: [45][0/391]	Loss 0.291 (0.291)	Prec@1 0.914 (0.914)	
[2024/11/06 03:17:16] - Device: [3]	Iter: [45][150/391]	Loss 0.362 (0.316)	Prec@1 0.898 (0.891)	
[2024/11/06 03:17:19] - Device: [3]	Iter: [45][300/391]	Loss 0.507 (0.330)	Prec@1 0.836 (0.887)	
[2024/11/06 03:17:21] - Val Loss 0.4690, Val Accuracy 0.8471
[2024/11/06 03:17:22] - epoch 46 lr 1.000000e-01
[2024/11/06 03:17:22] - Device: [3]	Iter: [46][0/391]	Loss 0.307 (0.307)	Prec@1 0.898 (0.898)	
[2024/11/06 03:17:25] - Device: [3]	Iter: [46][150/391]	Loss 0.327 (0.323)	Prec@1 0.883 (0.889)	
[2024/11/06 03:17:28] - Device: [3]	Iter: [46][300/391]	Loss 0.319 (0.339)	Prec@1 0.883 (0.884)	
[2024/11/06 03:17:30] - Val Loss 0.5661, Val Accuracy 0.8198
[2024/11/06 03:17:31] - epoch 47 lr 1.000000e-01
[2024/11/06 03:17:31] - Device: [3]	Iter: [47][0/391]	Loss 0.381 (0.381)	Prec@1 0.883 (0.883)	
[2024/11/06 03:17:34] - Device: [3]	Iter: [47][150/391]	Loss 0.339 (0.327)	Prec@1 0.898 (0.889)	
[2024/11/06 03:17:37] - Device: [3]	Iter: [47][300/391]	Loss 0.204 (0.332)	Prec@1 0.930 (0.888)	
[2024/11/06 03:17:39] - Val Loss 0.4178, Val Accuracy 0.8627
[2024/11/06 03:17:40] - Model saved at epoch 47 with best val accuracy 0.8627
[2024/11/06 03:17:40] - epoch 48 lr 1.000000e-01
[2024/11/06 03:17:41] - Device: [3]	Iter: [48][0/391]	Loss 0.314 (0.314)	Prec@1 0.898 (0.898)	
[2024/11/06 03:17:44] - Device: [3]	Iter: [48][150/391]	Loss 0.309 (0.321)	Prec@1 0.875 (0.888)	
[2024/11/06 03:17:46] - Device: [3]	Iter: [48][300/391]	Loss 0.419 (0.326)	Prec@1 0.867 (0.889)	
[2024/11/06 03:17:48] - Val Loss 0.4929, Val Accuracy 0.8405
[2024/11/06 03:17:49] - epoch 49 lr 1.000000e-01
[2024/11/06 03:17:50] - Device: [3]	Iter: [49][0/391]	Loss 0.413 (0.413)	Prec@1 0.891 (0.891)	
[2024/11/06 03:17:52] - Device: [3]	Iter: [49][150/391]	Loss 0.396 (0.325)	Prec@1 0.891 (0.889)	
[2024/11/06 03:17:55] - Device: [3]	Iter: [49][300/391]	Loss 0.342 (0.336)	Prec@1 0.852 (0.885)	
[2024/11/06 03:17:57] - Val Loss 0.5619, Val Accuracy 0.8141
[2024/11/06 03:17:58] - epoch 50 lr 1.000000e-01
[2024/11/06 03:17:58] - Device: [3]	Iter: [50][0/391]	Loss 0.352 (0.352)	Prec@1 0.898 (0.898)	
[2024/11/06 03:18:01] - Device: [3]	Iter: [50][150/391]	Loss 0.270 (0.315)	Prec@1 0.898 (0.892)	
[2024/11/06 03:18:03] - Device: [3]	Iter: [50][300/391]	Loss 0.317 (0.325)	Prec@1 0.914 (0.889)	
[2024/11/06 03:18:06] - Val Loss 0.4134, Val Accuracy 0.8597
[2024/11/06 03:18:07] - epoch 51 lr 1.000000e-01
[2024/11/06 03:18:07] - Device: [3]	Iter: [51][0/391]	Loss 0.319 (0.319)	Prec@1 0.891 (0.891)	
[2024/11/06 03:18:10] - Device: [3]	Iter: [51][150/391]	Loss 0.366 (0.325)	Prec@1 0.883 (0.889)	
[2024/11/06 03:18:13] - Device: [3]	Iter: [51][300/391]	Loss 0.291 (0.330)	Prec@1 0.898 (0.888)	
[2024/11/06 03:18:15] - Val Loss 0.5424, Val Accuracy 0.8280
[2024/11/06 03:18:16] - epoch 52 lr 1.000000e-01
[2024/11/06 03:18:16] - Device: [3]	Iter: [52][0/391]	Loss 0.250 (0.250)	Prec@1 0.891 (0.891)	
[2024/11/06 03:18:19] - Device: [3]	Iter: [52][150/391]	Loss 0.270 (0.317)	Prec@1 0.906 (0.892)	
[2024/11/06 03:18:22] - Device: [3]	Iter: [52][300/391]	Loss 0.427 (0.325)	Prec@1 0.828 (0.890)	
[2024/11/06 03:18:24] - Val Loss 0.5624, Val Accuracy 0.8155
[2024/11/06 03:18:25] - epoch 53 lr 1.000000e-01
[2024/11/06 03:18:25] - Device: [3]	Iter: [53][0/391]	Loss 0.328 (0.328)	Prec@1 0.883 (0.883)	
[2024/11/06 03:18:28] - Device: [3]	Iter: [53][150/391]	Loss 0.286 (0.329)	Prec@1 0.914 (0.886)	
[2024/11/06 03:18:30] - Device: [3]	Iter: [53][300/391]	Loss 0.353 (0.329)	Prec@1 0.867 (0.887)	
[2024/11/06 03:18:32] - Val Loss 0.7252, Val Accuracy 0.7643
[2024/11/06 03:18:33] - epoch 54 lr 1.000000e-01
[2024/11/06 03:18:33] - Device: [3]	Iter: [54][0/391]	Loss 0.334 (0.334)	Prec@1 0.883 (0.883)	
[2024/11/06 03:18:36] - Device: [3]	Iter: [54][150/391]	Loss 0.454 (0.323)	Prec@1 0.820 (0.889)	
[2024/11/06 03:18:39] - Device: [3]	Iter: [54][300/391]	Loss 0.389 (0.326)	Prec@1 0.875 (0.889)	
[2024/11/06 03:18:41] - Val Loss 0.4882, Val Accuracy 0.8432
[2024/11/06 03:18:42] - epoch 55 lr 1.000000e-01
[2024/11/06 03:18:42] - Device: [3]	Iter: [55][0/391]	Loss 0.324 (0.324)	Prec@1 0.875 (0.875)	
[2024/11/06 03:18:44] - Device: [3]	Iter: [55][150/391]	Loss 0.255 (0.320)	Prec@1 0.914 (0.893)	
[2024/11/06 03:18:47] - Device: [3]	Iter: [55][300/391]	Loss 0.307 (0.324)	Prec@1 0.875 (0.890)	
[2024/11/06 03:18:49] - Val Loss 0.4637, Val Accuracy 0.8515
[2024/11/06 03:18:51] - epoch 56 lr 1.000000e-01
[2024/11/06 03:18:51] - Device: [3]	Iter: [56][0/391]	Loss 0.284 (0.284)	Prec@1 0.930 (0.930)	
[2024/11/06 03:18:54] - Device: [3]	Iter: [56][150/391]	Loss 0.330 (0.316)	Prec@1 0.930 (0.891)	
[2024/11/06 03:18:56] - Device: [3]	Iter: [56][300/391]	Loss 0.249 (0.322)	Prec@1 0.922 (0.890)	
[2024/11/06 03:18:59] - Val Loss 0.6564, Val Accuracy 0.7900
[2024/11/06 03:19:00] - epoch 57 lr 1.000000e-01
[2024/11/06 03:19:01] - Device: [3]	Iter: [57][0/391]	Loss 0.271 (0.271)	Prec@1 0.906 (0.906)	
[2024/11/06 03:19:03] - Device: [3]	Iter: [57][150/391]	Loss 0.386 (0.318)	Prec@1 0.852 (0.891)	
[2024/11/06 03:19:06] - Device: [3]	Iter: [57][300/391]	Loss 0.475 (0.328)	Prec@1 0.859 (0.888)	
[2024/11/06 03:19:08] - Val Loss 0.4929, Val Accuracy 0.8370
[2024/11/06 03:19:09] - epoch 58 lr 1.000000e-01
[2024/11/06 03:19:09] - Device: [3]	Iter: [58][0/391]	Loss 0.295 (0.295)	Prec@1 0.922 (0.922)	
[2024/11/06 03:19:12] - Device: [3]	Iter: [58][150/391]	Loss 0.359 (0.327)	Prec@1 0.859 (0.888)	
[2024/11/06 03:19:15] - Device: [3]	Iter: [58][300/391]	Loss 0.302 (0.323)	Prec@1 0.891 (0.890)	
[2024/11/06 03:19:17] - Val Loss 0.6981, Val Accuracy 0.7900
[2024/11/06 03:19:18] - epoch 59 lr 1.000000e-01
[2024/11/06 03:19:18] - Device: [3]	Iter: [59][0/391]	Loss 0.293 (0.293)	Prec@1 0.898 (0.898)	
[2024/11/06 03:19:21] - Device: [3]	Iter: [59][150/391]	Loss 0.289 (0.318)	Prec@1 0.898 (0.892)	
[2024/11/06 03:19:23] - Device: [3]	Iter: [59][300/391]	Loss 0.260 (0.322)	Prec@1 0.922 (0.890)	
[2024/11/06 03:19:26] - Val Loss 0.4565, Val Accuracy 0.8512
[2024/11/06 03:19:26] - epoch 60 lr 1.000000e-01
[2024/11/06 03:19:27] - Device: [3]	Iter: [60][0/391]	Loss 0.217 (0.217)	Prec@1 0.938 (0.938)	
[2024/11/06 03:19:30] - Device: [3]	Iter: [60][150/391]	Loss 0.269 (0.326)	Prec@1 0.914 (0.887)	
[2024/11/06 03:19:32] - Device: [3]	Iter: [60][300/391]	Loss 0.353 (0.325)	Prec@1 0.906 (0.889)	
[2024/11/06 03:19:35] - Val Loss 0.5292, Val Accuracy 0.8308
[2024/11/06 03:19:35] - epoch 61 lr 1.000000e-01
[2024/11/06 03:19:36] - Device: [3]	Iter: [61][0/391]	Loss 0.287 (0.287)	Prec@1 0.891 (0.891)	
[2024/11/06 03:19:38] - Device: [3]	Iter: [61][150/391]	Loss 0.291 (0.321)	Prec@1 0.922 (0.890)	
[2024/11/06 03:19:41] - Device: [3]	Iter: [61][300/391]	Loss 0.197 (0.327)	Prec@1 0.938 (0.888)	
[2024/11/06 03:19:43] - Val Loss 0.4989, Val Accuracy 0.8415
[2024/11/06 03:19:44] - epoch 62 lr 1.000000e-01
[2024/11/06 03:19:44] - Device: [3]	Iter: [62][0/391]	Loss 0.278 (0.278)	Prec@1 0.914 (0.914)	
[2024/11/06 03:19:47] - Device: [3]	Iter: [62][150/391]	Loss 0.330 (0.303)	Prec@1 0.883 (0.894)	
[2024/11/06 03:19:50] - Device: [3]	Iter: [62][300/391]	Loss 0.306 (0.314)	Prec@1 0.891 (0.892)	
[2024/11/06 03:19:52] - Val Loss 0.5055, Val Accuracy 0.8352
[2024/11/06 03:19:53] - epoch 63 lr 1.000000e-01
[2024/11/06 03:19:53] - Device: [3]	Iter: [63][0/391]	Loss 0.377 (0.377)	Prec@1 0.898 (0.898)	
[2024/11/06 03:19:56] - Device: [3]	Iter: [63][150/391]	Loss 0.227 (0.308)	Prec@1 0.914 (0.895)	
[2024/11/06 03:19:59] - Device: [3]	Iter: [63][300/391]	Loss 0.306 (0.325)	Prec@1 0.898 (0.889)	
[2024/11/06 03:20:01] - Val Loss 0.5604, Val Accuracy 0.8132
[2024/11/06 03:20:02] - epoch 64 lr 1.000000e-01
[2024/11/06 03:20:02] - Device: [3]	Iter: [64][0/391]	Loss 0.314 (0.314)	Prec@1 0.906 (0.906)	
[2024/11/06 03:20:05] - Device: [3]	Iter: [64][150/391]	Loss 0.274 (0.320)	Prec@1 0.914 (0.892)	
[2024/11/06 03:20:08] - Device: [3]	Iter: [64][300/391]	Loss 0.283 (0.321)	Prec@1 0.898 (0.891)	
[2024/11/06 03:20:10] - Val Loss 0.6183, Val Accuracy 0.7988
[2024/11/06 03:20:11] - epoch 65 lr 1.000000e-01
[2024/11/06 03:20:11] - Device: [3]	Iter: [65][0/391]	Loss 0.566 (0.566)	Prec@1 0.812 (0.812)	
[2024/11/06 03:20:13] - Device: [3]	Iter: [65][150/391]	Loss 0.266 (0.312)	Prec@1 0.914 (0.893)	
[2024/11/06 03:20:16] - Device: [3]	Iter: [65][300/391]	Loss 0.313 (0.323)	Prec@1 0.906 (0.889)	
[2024/11/06 03:20:18] - Val Loss 0.5073, Val Accuracy 0.8346
[2024/11/06 03:20:19] - epoch 66 lr 1.000000e-01
[2024/11/06 03:20:19] - Device: [3]	Iter: [66][0/391]	Loss 0.418 (0.418)	Prec@1 0.828 (0.828)	
[2024/11/06 03:20:22] - Device: [3]	Iter: [66][150/391]	Loss 0.336 (0.313)	Prec@1 0.898 (0.894)	
[2024/11/06 03:20:25] - Device: [3]	Iter: [66][300/391]	Loss 0.262 (0.317)	Prec@1 0.906 (0.892)	
[2024/11/06 03:20:27] - Val Loss 0.4881, Val Accuracy 0.8411
[2024/11/06 03:20:28] - epoch 67 lr 1.000000e-01
[2024/11/06 03:20:28] - Device: [3]	Iter: [67][0/391]	Loss 0.188 (0.188)	Prec@1 0.945 (0.945)	
[2024/11/06 03:20:31] - Device: [3]	Iter: [67][150/391]	Loss 0.443 (0.314)	Prec@1 0.852 (0.894)	
[2024/11/06 03:20:34] - Device: [3]	Iter: [67][300/391]	Loss 0.407 (0.320)	Prec@1 0.867 (0.892)	
[2024/11/06 03:20:36] - Val Loss 0.4452, Val Accuracy 0.8534
[2024/11/06 03:20:37] - epoch 68 lr 1.000000e-01
[2024/11/06 03:20:37] - Device: [3]	Iter: [68][0/391]	Loss 0.338 (0.338)	Prec@1 0.906 (0.906)	
[2024/11/06 03:20:39] - Device: [3]	Iter: [68][150/391]	Loss 0.422 (0.318)	Prec@1 0.828 (0.891)	
[2024/11/06 03:20:42] - Device: [3]	Iter: [68][300/391]	Loss 0.292 (0.319)	Prec@1 0.906 (0.891)	
[2024/11/06 03:20:45] - Val Loss 0.4783, Val Accuracy 0.8482
[2024/11/06 03:20:45] - epoch 69 lr 1.000000e-01
[2024/11/06 03:20:46] - Device: [3]	Iter: [69][0/391]	Loss 0.378 (0.378)	Prec@1 0.875 (0.875)	
[2024/11/06 03:20:48] - Device: [3]	Iter: [69][150/391]	Loss 0.287 (0.309)	Prec@1 0.891 (0.894)	
[2024/11/06 03:20:51] - Device: [3]	Iter: [69][300/391]	Loss 0.385 (0.315)	Prec@1 0.875 (0.893)	
[2024/11/06 03:20:53] - Val Loss 0.6121, Val Accuracy 0.8153
[2024/11/06 03:20:54] - epoch 70 lr 1.000000e-01
[2024/11/06 03:20:54] - Device: [3]	Iter: [70][0/391]	Loss 0.353 (0.353)	Prec@1 0.875 (0.875)	
[2024/11/06 03:20:57] - Device: [3]	Iter: [70][150/391]	Loss 0.424 (0.322)	Prec@1 0.828 (0.891)	
[2024/11/06 03:21:00] - Device: [3]	Iter: [70][300/391]	Loss 0.420 (0.324)	Prec@1 0.852 (0.890)	
[2024/11/06 03:21:02] - Val Loss 0.6780, Val Accuracy 0.7832
[2024/11/06 03:21:03] - epoch 71 lr 1.000000e-01
[2024/11/06 03:21:04] - Device: [3]	Iter: [71][0/391]	Loss 0.361 (0.361)	Prec@1 0.867 (0.867)	
[2024/11/06 03:21:07] - Device: [3]	Iter: [71][150/391]	Loss 0.226 (0.310)	Prec@1 0.914 (0.896)	
[2024/11/06 03:21:09] - Device: [3]	Iter: [71][300/391]	Loss 0.142 (0.317)	Prec@1 0.945 (0.893)	
[2024/11/06 03:21:11] - Val Loss 0.5306, Val Accuracy 0.8237
[2024/11/06 03:21:12] - epoch 72 lr 1.000000e-01
[2024/11/06 03:21:13] - Device: [3]	Iter: [72][0/391]	Loss 0.455 (0.455)	Prec@1 0.828 (0.828)	
[2024/11/06 03:21:15] - Device: [3]	Iter: [72][150/391]	Loss 0.448 (0.307)	Prec@1 0.820 (0.894)	
[2024/11/06 03:21:18] - Device: [3]	Iter: [72][300/391]	Loss 0.314 (0.314)	Prec@1 0.867 (0.892)	
[2024/11/06 03:21:20] - Val Loss 0.4360, Val Accuracy 0.8620
[2024/11/06 03:21:21] - epoch 73 lr 1.000000e-01
[2024/11/06 03:21:21] - Device: [3]	Iter: [73][0/391]	Loss 0.224 (0.224)	Prec@1 0.938 (0.938)	
[2024/11/06 03:21:24] - Device: [3]	Iter: [73][150/391]	Loss 0.422 (0.301)	Prec@1 0.844 (0.897)	
[2024/11/06 03:21:26] - Device: [3]	Iter: [73][300/391]	Loss 0.332 (0.314)	Prec@1 0.875 (0.893)	
[2024/11/06 03:21:29] - Val Loss 0.6312, Val Accuracy 0.7973
[2024/11/06 03:21:29] - epoch 74 lr 1.000000e-01
[2024/11/06 03:21:30] - Device: [3]	Iter: [74][0/391]	Loss 0.318 (0.318)	Prec@1 0.844 (0.844)	
[2024/11/06 03:21:32] - Device: [3]	Iter: [74][150/391]	Loss 0.387 (0.307)	Prec@1 0.891 (0.898)	
[2024/11/06 03:21:35] - Device: [3]	Iter: [74][300/391]	Loss 0.436 (0.313)	Prec@1 0.844 (0.895)	
[2024/11/06 03:21:37] - Val Loss 0.5671, Val Accuracy 0.8108
[2024/11/06 03:21:38] - epoch 75 lr 1.000000e-01
[2024/11/06 03:21:38] - Device: [3]	Iter: [75][0/391]	Loss 0.275 (0.275)	Prec@1 0.906 (0.906)	
[2024/11/06 03:21:41] - Device: [3]	Iter: [75][150/391]	Loss 0.351 (0.306)	Prec@1 0.867 (0.896)	
[2024/11/06 03:21:44] - Device: [3]	Iter: [75][300/391]	Loss 0.298 (0.317)	Prec@1 0.914 (0.894)	
[2024/11/06 03:21:46] - Val Loss 0.4797, Val Accuracy 0.8376
[2024/11/06 03:21:47] - epoch 76 lr 1.000000e-01
[2024/11/06 03:21:47] - Device: [3]	Iter: [76][0/391]	Loss 0.402 (0.402)	Prec@1 0.852 (0.852)	
[2024/11/06 03:21:50] - Device: [3]	Iter: [76][150/391]	Loss 0.391 (0.312)	Prec@1 0.859 (0.895)	
[2024/11/06 03:21:52] - Device: [3]	Iter: [76][300/391]	Loss 0.241 (0.318)	Prec@1 0.922 (0.892)	
[2024/11/06 03:21:54] - Val Loss 0.4358, Val Accuracy 0.8561
[2024/11/06 03:21:55] - epoch 77 lr 1.000000e-01
[2024/11/06 03:21:56] - Device: [3]	Iter: [77][0/391]	Loss 0.212 (0.212)	Prec@1 0.930 (0.930)	
[2024/11/06 03:21:58] - Device: [3]	Iter: [77][150/391]	Loss 0.287 (0.305)	Prec@1 0.898 (0.896)	
[2024/11/06 03:22:01] - Device: [3]	Iter: [77][300/391]	Loss 0.259 (0.314)	Prec@1 0.914 (0.892)	
[2024/11/06 03:22:03] - Val Loss 0.4849, Val Accuracy 0.8408
[2024/11/06 03:22:05] - epoch 78 lr 1.000000e-01
[2024/11/06 03:22:05] - Device: [3]	Iter: [78][0/391]	Loss 0.184 (0.184)	Prec@1 0.938 (0.938)	
[2024/11/06 03:22:07] - Device: [3]	Iter: [78][150/391]	Loss 0.308 (0.313)	Prec@1 0.898 (0.894)	
[2024/11/06 03:22:10] - Device: [3]	Iter: [78][300/391]	Loss 0.405 (0.318)	Prec@1 0.867 (0.893)	
[2024/11/06 03:22:12] - Val Loss 0.3899, Val Accuracy 0.8702
[2024/11/06 03:22:14] - Model saved at epoch 78 with best val accuracy 0.8702
[2024/11/06 03:22:14] - epoch 79 lr 1.000000e-01
[2024/11/06 03:22:15] - Device: [3]	Iter: [79][0/391]	Loss 0.285 (0.285)	Prec@1 0.891 (0.891)	
[2024/11/06 03:22:18] - Device: [3]	Iter: [79][150/391]	Loss 0.193 (0.305)	Prec@1 0.938 (0.895)	
[2024/11/06 03:22:20] - Device: [3]	Iter: [79][300/391]	Loss 0.320 (0.318)	Prec@1 0.883 (0.891)	
[2024/11/06 03:22:22] - Val Loss 0.5289, Val Accuracy 0.8281
[2024/11/06 03:22:23] - epoch 80 lr 1.000000e-01
[2024/11/06 03:22:23] - Device: [3]	Iter: [80][0/391]	Loss 0.229 (0.229)	Prec@1 0.922 (0.922)	
[2024/11/06 03:22:26] - Device: [3]	Iter: [80][150/391]	Loss 0.365 (0.310)	Prec@1 0.891 (0.895)	
[2024/11/06 03:22:29] - Device: [3]	Iter: [80][300/391]	Loss 0.263 (0.320)	Prec@1 0.898 (0.891)	
[2024/11/06 03:22:31] - Val Loss 0.5068, Val Accuracy 0.8362
[2024/11/06 03:22:32] - epoch 81 lr 1.000000e-01
[2024/11/06 03:22:32] - Device: [3]	Iter: [81][0/391]	Loss 0.475 (0.475)	Prec@1 0.836 (0.836)	
[2024/11/06 03:22:35] - Device: [3]	Iter: [81][150/391]	Loss 0.215 (0.310)	Prec@1 0.938 (0.895)	
[2024/11/06 03:22:38] - Device: [3]	Iter: [81][300/391]	Loss 0.411 (0.315)	Prec@1 0.875 (0.893)	
[2024/11/06 03:22:40] - Val Loss 0.4338, Val Accuracy 0.8564
[2024/11/06 03:22:41] - epoch 82 lr 1.000000e-01
[2024/11/06 03:22:41] - Device: [3]	Iter: [82][0/391]	Loss 0.185 (0.185)	Prec@1 0.953 (0.953)	
[2024/11/06 03:22:44] - Device: [3]	Iter: [82][150/391]	Loss 0.264 (0.304)	Prec@1 0.953 (0.896)	
[2024/11/06 03:22:46] - Device: [3]	Iter: [82][300/391]	Loss 0.318 (0.318)	Prec@1 0.906 (0.891)	
[2024/11/06 03:22:49] - Val Loss 0.6371, Val Accuracy 0.8134
[2024/11/06 03:22:50] - epoch 83 lr 1.000000e-01
[2024/11/06 03:22:50] - Device: [3]	Iter: [83][0/391]	Loss 0.378 (0.378)	Prec@1 0.867 (0.867)	
[2024/11/06 03:22:53] - Device: [3]	Iter: [83][150/391]	Loss 0.388 (0.310)	Prec@1 0.875 (0.895)	
[2024/11/06 03:22:55] - Device: [3]	Iter: [83][300/391]	Loss 0.393 (0.313)	Prec@1 0.875 (0.895)	
[2024/11/06 03:22:58] - Val Loss 0.4373, Val Accuracy 0.8478
[2024/11/06 03:23:00] - epoch 84 lr 1.000000e-01
[2024/11/06 03:23:00] - Device: [3]	Iter: [84][0/391]	Loss 0.275 (0.275)	Prec@1 0.922 (0.922)	
[2024/11/06 03:23:03] - Device: [3]	Iter: [84][150/391]	Loss 0.362 (0.301)	Prec@1 0.875 (0.897)	
[2024/11/06 03:23:05] - Device: [3]	Iter: [84][300/391]	Loss 0.299 (0.310)	Prec@1 0.883 (0.894)	
[2024/11/06 03:23:08] - Val Loss 0.4011, Val Accuracy 0.8677
[2024/11/06 03:23:09] - epoch 85 lr 1.000000e-01
[2024/11/06 03:23:09] - Device: [3]	Iter: [85][0/391]	Loss 0.272 (0.272)	Prec@1 0.906 (0.906)	
[2024/11/06 03:23:11] - Device: [3]	Iter: [85][150/391]	Loss 0.328 (0.307)	Prec@1 0.891 (0.895)	
[2024/11/06 03:23:14] - Device: [3]	Iter: [85][300/391]	Loss 0.398 (0.313)	Prec@1 0.898 (0.894)	
[2024/11/06 03:23:16] - Val Loss 0.4846, Val Accuracy 0.8408
[2024/11/06 03:23:17] - epoch 86 lr 1.000000e-01
[2024/11/06 03:23:17] - Device: [3]	Iter: [86][0/391]	Loss 0.243 (0.243)	Prec@1 0.938 (0.938)	
[2024/11/06 03:23:20] - Device: [3]	Iter: [86][150/391]	Loss 0.263 (0.299)	Prec@1 0.898 (0.898)	
[2024/11/06 03:23:22] - Device: [3]	Iter: [86][300/391]	Loss 0.190 (0.306)	Prec@1 0.945 (0.897)	
[2024/11/06 03:23:25] - Val Loss 0.7252, Val Accuracy 0.7923
[2024/11/06 03:23:26] - epoch 87 lr 1.000000e-01
[2024/11/06 03:23:26] - Device: [3]	Iter: [87][0/391]	Loss 0.339 (0.339)	Prec@1 0.875 (0.875)	
[2024/11/06 03:23:28] - Device: [3]	Iter: [87][150/391]	Loss 0.343 (0.306)	Prec@1 0.875 (0.897)	
[2024/11/06 03:23:31] - Device: [3]	Iter: [87][300/391]	Loss 0.344 (0.313)	Prec@1 0.883 (0.893)	
[2024/11/06 03:23:33] - Val Loss 0.5902, Val Accuracy 0.8142
[2024/11/06 03:23:34] - epoch 88 lr 1.000000e-01
[2024/11/06 03:23:34] - Device: [3]	Iter: [88][0/391]	Loss 0.293 (0.293)	Prec@1 0.906 (0.906)	
[2024/11/06 03:23:37] - Device: [3]	Iter: [88][150/391]	Loss 0.490 (0.300)	Prec@1 0.836 (0.898)	
[2024/11/06 03:23:40] - Device: [3]	Iter: [88][300/391]	Loss 0.226 (0.308)	Prec@1 0.930 (0.896)	
[2024/11/06 03:23:42] - Val Loss 0.4186, Val Accuracy 0.8600
[2024/11/06 03:23:43] - epoch 89 lr 1.000000e-01
[2024/11/06 03:23:43] - Device: [3]	Iter: [89][0/391]	Loss 0.204 (0.204)	Prec@1 0.930 (0.930)	
[2024/11/06 03:23:46] - Device: [3]	Iter: [89][150/391]	Loss 0.314 (0.303)	Prec@1 0.891 (0.899)	
[2024/11/06 03:23:48] - Device: [3]	Iter: [89][300/391]	Loss 0.290 (0.308)	Prec@1 0.891 (0.896)	
[2024/11/06 03:23:51] - Val Loss 0.5109, Val Accuracy 0.8369
[2024/11/06 03:23:52] - epoch 90 lr 1.000000e-01
[2024/11/06 03:23:52] - Device: [3]	Iter: [90][0/391]	Loss 0.240 (0.240)	Prec@1 0.891 (0.891)	
[2024/11/06 03:23:55] - Device: [3]	Iter: [90][150/391]	Loss 0.249 (0.294)	Prec@1 0.914 (0.898)	
[2024/11/06 03:23:57] - Device: [3]	Iter: [90][300/391]	Loss 0.485 (0.314)	Prec@1 0.828 (0.893)	
[2024/11/06 03:24:00] - Val Loss 0.4810, Val Accuracy 0.8383
[2024/11/06 03:24:01] - epoch 91 lr 1.000000e-01
[2024/11/06 03:24:01] - Device: [3]	Iter: [91][0/391]	Loss 0.212 (0.212)	Prec@1 0.922 (0.922)	
[2024/11/06 03:24:04] - Device: [3]	Iter: [91][150/391]	Loss 0.258 (0.300)	Prec@1 0.891 (0.898)	
[2024/11/06 03:24:06] - Device: [3]	Iter: [91][300/391]	Loss 0.437 (0.310)	Prec@1 0.859 (0.894)	
[2024/11/06 03:24:08] - Val Loss 0.6023, Val Accuracy 0.8050
[2024/11/06 03:24:09] - epoch 92 lr 1.000000e-01
[2024/11/06 03:24:09] - Device: [3]	Iter: [92][0/391]	Loss 0.339 (0.339)	Prec@1 0.883 (0.883)	
[2024/11/06 03:24:12] - Device: [3]	Iter: [92][150/391]	Loss 0.320 (0.308)	Prec@1 0.867 (0.895)	
[2024/11/06 03:24:15] - Device: [3]	Iter: [92][300/391]	Loss 0.395 (0.312)	Prec@1 0.875 (0.895)	
[2024/11/06 03:24:17] - Val Loss 0.4813, Val Accuracy 0.8464
[2024/11/06 03:24:18] - epoch 93 lr 1.000000e-01
[2024/11/06 03:24:18] - Device: [3]	Iter: [93][0/391]	Loss 0.282 (0.282)	Prec@1 0.906 (0.906)	
[2024/11/06 03:24:21] - Device: [3]	Iter: [93][150/391]	Loss 0.284 (0.297)	Prec@1 0.891 (0.900)	
[2024/11/06 03:24:24] - Device: [3]	Iter: [93][300/391]	Loss 0.209 (0.302)	Prec@1 0.922 (0.897)	
[2024/11/06 03:24:26] - Val Loss 0.5420, Val Accuracy 0.8205
[2024/11/06 03:24:27] - epoch 94 lr 1.000000e-01
[2024/11/06 03:24:28] - Device: [3]	Iter: [94][0/391]	Loss 0.230 (0.230)	Prec@1 0.922 (0.922)	
[2024/11/06 03:24:30] - Device: [3]	Iter: [94][150/391]	Loss 0.379 (0.305)	Prec@1 0.867 (0.899)	
[2024/11/06 03:24:33] - Device: [3]	Iter: [94][300/391]	Loss 0.303 (0.311)	Prec@1 0.906 (0.895)	
[2024/11/06 03:24:35] - Val Loss 0.4367, Val Accuracy 0.8537
[2024/11/06 03:24:37] - epoch 95 lr 1.000000e-01
[2024/11/06 03:24:37] - Device: [3]	Iter: [95][0/391]	Loss 0.254 (0.254)	Prec@1 0.922 (0.922)	
[2024/11/06 03:24:40] - Device: [3]	Iter: [95][150/391]	Loss 0.198 (0.310)	Prec@1 0.945 (0.896)	
[2024/11/06 03:24:43] - Device: [3]	Iter: [95][300/391]	Loss 0.275 (0.315)	Prec@1 0.906 (0.893)	
[2024/11/06 03:24:45] - Val Loss 0.5496, Val Accuracy 0.8200
[2024/11/06 03:24:46] - epoch 96 lr 1.000000e-01
[2024/11/06 03:24:46] - Device: [3]	Iter: [96][0/391]	Loss 0.277 (0.277)	Prec@1 0.914 (0.914)	
[2024/11/06 03:24:49] - Device: [3]	Iter: [96][150/391]	Loss 0.420 (0.313)	Prec@1 0.859 (0.893)	
[2024/11/06 03:24:51] - Device: [3]	Iter: [96][300/391]	Loss 0.329 (0.312)	Prec@1 0.898 (0.893)	
[2024/11/06 03:24:53] - Val Loss 0.5587, Val Accuracy 0.8153
[2024/11/06 03:24:54] - epoch 97 lr 1.000000e-01
[2024/11/06 03:24:55] - Device: [3]	Iter: [97][0/391]	Loss 0.349 (0.349)	Prec@1 0.914 (0.914)	
[2024/11/06 03:24:57] - Device: [3]	Iter: [97][150/391]	Loss 0.365 (0.303)	Prec@1 0.906 (0.900)	
[2024/11/06 03:25:00] - Device: [3]	Iter: [97][300/391]	Loss 0.297 (0.304)	Prec@1 0.914 (0.899)	
[2024/11/06 03:25:02] - Val Loss 0.4284, Val Accuracy 0.8557
[2024/11/06 03:25:03] - epoch 98 lr 1.000000e-01
[2024/11/06 03:25:03] - Device: [3]	Iter: [98][0/391]	Loss 0.256 (0.256)	Prec@1 0.938 (0.938)	
[2024/11/06 03:25:06] - Device: [3]	Iter: [98][150/391]	Loss 0.298 (0.310)	Prec@1 0.883 (0.895)	
[2024/11/06 03:25:09] - Device: [3]	Iter: [98][300/391]	Loss 0.328 (0.313)	Prec@1 0.883 (0.894)	
[2024/11/06 03:25:11] - Val Loss 0.4489, Val Accuracy 0.8554
[2024/11/06 03:25:12] - epoch 99 lr 1.000000e-03
[2024/11/06 03:25:12] - Device: [3]	Iter: [99][0/391]	Loss 0.375 (0.375)	Prec@1 0.828 (0.828)	
[2024/11/06 03:25:15] - Device: [3]	Iter: [99][150/391]	Loss 0.159 (0.186)	Prec@1 0.945 (0.937)	
[2024/11/06 03:25:17] - Device: [3]	Iter: [99][300/391]	Loss 0.137 (0.169)	Prec@1 0.945 (0.943)	
[2024/11/06 03:25:20] - Val Loss 0.2104, Val Accuracy 0.9298
[2024/11/06 03:25:20] - Model saved at epoch 99 with best val accuracy 0.9298
[2024/11/06 03:25:21] - epoch 100 lr 1.000000e-02
[2024/11/06 03:25:21] - Device: [3]	Iter: [100][0/391]	Loss 0.064 (0.064)	Prec@1 0.984 (0.984)	
[2024/11/06 03:25:24] - Device: [3]	Iter: [100][150/391]	Loss 0.132 (0.122)	Prec@1 0.938 (0.958)	
[2024/11/06 03:25:27] - Device: [3]	Iter: [100][300/391]	Loss 0.156 (0.120)	Prec@1 0.930 (0.959)	
[2024/11/06 03:25:29] - Val Loss 0.2055, Val Accuracy 0.9332
[2024/11/06 03:25:30] - Model saved at epoch 100 with best val accuracy 0.9332
[2024/11/06 03:25:32] - epoch 101 lr 1.000000e-02
[2024/11/06 03:25:32] - Device: [3]	Iter: [101][0/391]	Loss 0.023 (0.023)	Prec@1 1.000 (1.000)	
[2024/11/06 03:25:35] - Device: [3]	Iter: [101][150/391]	Loss 0.103 (0.099)	Prec@1 0.961 (0.967)	
[2024/11/06 03:25:38] - Device: [3]	Iter: [101][300/391]	Loss 0.118 (0.098)	Prec@1 0.977 (0.967)	
[2024/11/06 03:25:40] - Val Loss 0.1973, Val Accuracy 0.9340
[2024/11/06 03:25:41] - Model saved at epoch 101 with best val accuracy 0.9340
[2024/11/06 03:25:42] - epoch 102 lr 1.000000e-02
[2024/11/06 03:25:42] - Device: [3]	Iter: [102][0/391]	Loss 0.137 (0.137)	Prec@1 0.945 (0.945)	
[2024/11/06 03:25:45] - Device: [3]	Iter: [102][150/391]	Loss 0.040 (0.089)	Prec@1 1.000 (0.970)	
[2024/11/06 03:25:47] - Device: [3]	Iter: [102][300/391]	Loss 0.062 (0.084)	Prec@1 0.977 (0.972)	
[2024/11/06 03:25:49] - Val Loss 0.1995, Val Accuracy 0.9372
[2024/11/06 03:25:50] - Model saved at epoch 102 with best val accuracy 0.9372
[2024/11/06 03:25:51] - epoch 103 lr 1.000000e-02
[2024/11/06 03:25:51] - Device: [3]	Iter: [103][0/391]	Loss 0.062 (0.062)	Prec@1 0.977 (0.977)	
[2024/11/06 03:25:54] - Device: [3]	Iter: [103][150/391]	Loss 0.127 (0.075)	Prec@1 0.953 (0.975)	
[2024/11/06 03:25:57] - Device: [3]	Iter: [103][300/391]	Loss 0.127 (0.074)	Prec@1 0.961 (0.976)	
[2024/11/06 03:25:59] - Val Loss 0.1930, Val Accuracy 0.9386
[2024/11/06 03:26:00] - Model saved at epoch 103 with best val accuracy 0.9386
[2024/11/06 03:26:01] - epoch 104 lr 1.000000e-02
[2024/11/06 03:26:01] - Device: [3]	Iter: [104][0/391]	Loss 0.056 (0.056)	Prec@1 0.984 (0.984)	
[2024/11/06 03:26:04] - Device: [3]	Iter: [104][150/391]	Loss 0.130 (0.064)	Prec@1 0.961 (0.979)	
[2024/11/06 03:26:06] - Device: [3]	Iter: [104][300/391]	Loss 0.079 (0.066)	Prec@1 0.977 (0.978)	
[2024/11/06 03:26:09] - Val Loss 0.1994, Val Accuracy 0.9374
[2024/11/06 03:26:10] - epoch 105 lr 1.000000e-02
[2024/11/06 03:26:10] - Device: [3]	Iter: [105][0/391]	Loss 0.029 (0.029)	Prec@1 0.992 (0.992)	
[2024/11/06 03:26:13] - Device: [3]	Iter: [105][150/391]	Loss 0.040 (0.057)	Prec@1 0.992 (0.982)	
[2024/11/06 03:26:16] - Device: [3]	Iter: [105][300/391]	Loss 0.046 (0.057)	Prec@1 0.992 (0.981)	
[2024/11/06 03:26:18] - Val Loss 0.2012, Val Accuracy 0.9396
[2024/11/06 03:26:19] - Model saved at epoch 105 with best val accuracy 0.9396
[2024/11/06 03:26:20] - epoch 106 lr 1.000000e-02
[2024/11/06 03:26:20] - Device: [3]	Iter: [106][0/391]	Loss 0.049 (0.049)	Prec@1 0.992 (0.992)	
[2024/11/06 03:26:23] - Device: [3]	Iter: [106][150/391]	Loss 0.074 (0.048)	Prec@1 0.969 (0.983)	
[2024/11/06 03:26:25] - Device: [3]	Iter: [106][300/391]	Loss 0.049 (0.052)	Prec@1 0.992 (0.982)	
[2024/11/06 03:26:28] - Val Loss 0.2008, Val Accuracy 0.9394
[2024/11/06 03:26:29] - epoch 107 lr 1.000000e-02
[2024/11/06 03:26:29] - Device: [3]	Iter: [107][0/391]	Loss 0.060 (0.060)	Prec@1 0.984 (0.984)	
[2024/11/06 03:26:32] - Device: [3]	Iter: [107][150/391]	Loss 0.040 (0.049)	Prec@1 0.984 (0.983)	
[2024/11/06 03:26:34] - Device: [3]	Iter: [107][300/391]	Loss 0.009 (0.046)	Prec@1 1.000 (0.985)	
[2024/11/06 03:26:37] - Val Loss 0.2108, Val Accuracy 0.9391
[2024/11/06 03:26:37] - epoch 108 lr 1.000000e-02
[2024/11/06 03:26:38] - Device: [3]	Iter: [108][0/391]	Loss 0.043 (0.043)	Prec@1 0.984 (0.984)	
[2024/11/06 03:26:40] - Device: [3]	Iter: [108][150/391]	Loss 0.029 (0.040)	Prec@1 0.992 (0.987)	
[2024/11/06 03:26:43] - Device: [3]	Iter: [108][300/391]	Loss 0.050 (0.044)	Prec@1 0.984 (0.986)	
[2024/11/06 03:26:45] - Val Loss 0.2125, Val Accuracy 0.9380
[2024/11/06 03:26:46] - epoch 109 lr 1.000000e-02
[2024/11/06 03:26:46] - Device: [3]	Iter: [109][0/391]	Loss 0.038 (0.038)	Prec@1 0.992 (0.992)	
[2024/11/06 03:26:49] - Device: [3]	Iter: [109][150/391]	Loss 0.082 (0.043)	Prec@1 0.977 (0.986)	
[2024/11/06 03:26:52] - Device: [3]	Iter: [109][300/391]	Loss 0.058 (0.043)	Prec@1 0.969 (0.986)	
[2024/11/06 03:26:54] - Val Loss 0.2075, Val Accuracy 0.9382
[2024/11/06 03:26:56] - epoch 110 lr 1.000000e-02
[2024/11/06 03:26:56] - Device: [3]	Iter: [110][0/391]	Loss 0.017 (0.017)	Prec@1 1.000 (1.000)	
[2024/11/06 03:26:59] - Device: [3]	Iter: [110][150/391]	Loss 0.045 (0.035)	Prec@1 0.984 (0.989)	
[2024/11/06 03:27:01] - Device: [3]	Iter: [110][300/391]	Loss 0.015 (0.035)	Prec@1 1.000 (0.989)	
[2024/11/06 03:27:04] - Val Loss 0.2137, Val Accuracy 0.9402
[2024/11/06 03:27:05] - Model saved at epoch 110 with best val accuracy 0.9402
[2024/11/06 03:27:06] - epoch 111 lr 1.000000e-02
[2024/11/06 03:27:06] - Device: [3]	Iter: [111][0/391]	Loss 0.013 (0.013)	Prec@1 1.000 (1.000)	
[2024/11/06 03:27:09] - Device: [3]	Iter: [111][150/391]	Loss 0.017 (0.034)	Prec@1 1.000 (0.989)	
[2024/11/06 03:27:11] - Device: [3]	Iter: [111][300/391]	Loss 0.065 (0.036)	Prec@1 0.984 (0.988)	
[2024/11/06 03:27:14] - Val Loss 0.2213, Val Accuracy 0.9402
[2024/11/06 03:27:15] - epoch 112 lr 1.000000e-02
[2024/11/06 03:27:15] - Device: [3]	Iter: [112][0/391]	Loss 0.038 (0.038)	Prec@1 0.992 (0.992)	
[2024/11/06 03:27:17] - Device: [3]	Iter: [112][150/391]	Loss 0.030 (0.033)	Prec@1 0.992 (0.989)	
[2024/11/06 03:27:20] - Device: [3]	Iter: [112][300/391]	Loss 0.054 (0.032)	Prec@1 0.977 (0.989)	
[2024/11/06 03:27:22] - Val Loss 0.2213, Val Accuracy 0.9375
[2024/11/06 03:27:23] - epoch 113 lr 1.000000e-02
[2024/11/06 03:27:23] - Device: [3]	Iter: [113][0/391]	Loss 0.074 (0.074)	Prec@1 0.969 (0.969)	
[2024/11/06 03:27:26] - Device: [3]	Iter: [113][150/391]	Loss 0.024 (0.032)	Prec@1 0.992 (0.989)	
[2024/11/06 03:27:29] - Device: [3]	Iter: [113][300/391]	Loss 0.032 (0.033)	Prec@1 0.992 (0.989)	
[2024/11/06 03:27:31] - Val Loss 0.2156, Val Accuracy 0.9406
[2024/11/06 03:27:32] - Model saved at epoch 113 with best val accuracy 0.9406
[2024/11/06 03:27:33] - epoch 114 lr 1.000000e-02
[2024/11/06 03:27:33] - Device: [3]	Iter: [114][0/391]	Loss 0.031 (0.031)	Prec@1 0.984 (0.984)	
[2024/11/06 03:27:36] - Device: [3]	Iter: [114][150/391]	Loss 0.018 (0.031)	Prec@1 1.000 (0.990)	
[2024/11/06 03:27:38] - Device: [3]	Iter: [114][300/391]	Loss 0.007 (0.031)	Prec@1 1.000 (0.989)	
[2024/11/06 03:27:41] - Val Loss 0.2218, Val Accuracy 0.9407
[2024/11/06 03:27:42] - Model saved at epoch 114 with best val accuracy 0.9407
[2024/11/06 03:27:43] - epoch 115 lr 1.000000e-02
[2024/11/06 03:27:43] - Device: [3]	Iter: [115][0/391]	Loss 0.029 (0.029)	Prec@1 0.984 (0.984)	
[2024/11/06 03:27:46] - Device: [3]	Iter: [115][150/391]	Loss 0.060 (0.028)	Prec@1 0.977 (0.991)	
[2024/11/06 03:27:49] - Device: [3]	Iter: [115][300/391]	Loss 0.016 (0.029)	Prec@1 1.000 (0.991)	
[2024/11/06 03:27:51] - Val Loss 0.2257, Val Accuracy 0.9370
[2024/11/06 03:27:52] - epoch 116 lr 1.000000e-02
[2024/11/06 03:27:52] - Device: [3]	Iter: [116][0/391]	Loss 0.052 (0.052)	Prec@1 0.984 (0.984)	
[2024/11/06 03:27:55] - Device: [3]	Iter: [116][150/391]	Loss 0.031 (0.028)	Prec@1 0.992 (0.991)	
[2024/11/06 03:27:58] - Device: [3]	Iter: [116][300/391]	Loss 0.010 (0.028)	Prec@1 1.000 (0.991)	
[2024/11/06 03:28:00] - Val Loss 0.2272, Val Accuracy 0.9385
[2024/11/06 03:28:01] - epoch 117 lr 1.000000e-02
[2024/11/06 03:28:01] - Device: [3]	Iter: [117][0/391]	Loss 0.022 (0.022)	Prec@1 1.000 (1.000)	
[2024/11/06 03:28:04] - Device: [3]	Iter: [117][150/391]	Loss 0.017 (0.027)	Prec@1 1.000 (0.991)	
[2024/11/06 03:28:06] - Device: [3]	Iter: [117][300/391]	Loss 0.007 (0.029)	Prec@1 1.000 (0.991)	
[2024/11/06 03:28:08] - Val Loss 0.2466, Val Accuracy 0.9332
[2024/11/06 03:28:10] - epoch 118 lr 1.000000e-02
[2024/11/06 03:28:10] - Device: [3]	Iter: [118][0/391]	Loss 0.015 (0.015)	Prec@1 1.000 (1.000)	
[2024/11/06 03:28:13] - Device: [3]	Iter: [118][150/391]	Loss 0.026 (0.026)	Prec@1 0.992 (0.992)	
[2024/11/06 03:28:15] - Device: [3]	Iter: [118][300/391]	Loss 0.060 (0.028)	Prec@1 0.977 (0.991)	
[2024/11/06 03:28:17] - Val Loss 0.2377, Val Accuracy 0.9352
[2024/11/06 03:28:18] - epoch 119 lr 1.000000e-02
[2024/11/06 03:28:19] - Device: [3]	Iter: [119][0/391]	Loss 0.017 (0.017)	Prec@1 0.992 (0.992)	
[2024/11/06 03:28:21] - Device: [3]	Iter: [119][150/391]	Loss 0.033 (0.025)	Prec@1 0.992 (0.993)	
[2024/11/06 03:28:24] - Device: [3]	Iter: [119][300/391]	Loss 0.038 (0.026)	Prec@1 0.984 (0.992)	
[2024/11/06 03:28:26] - Val Loss 0.2404, Val Accuracy 0.9330
[2024/11/06 03:28:27] - epoch 120 lr 1.000000e-02
[2024/11/06 03:28:27] - Device: [3]	Iter: [120][0/391]	Loss 0.030 (0.030)	Prec@1 0.984 (0.984)	
[2024/11/06 03:28:30] - Device: [3]	Iter: [120][150/391]	Loss 0.009 (0.027)	Prec@1 1.000 (0.991)	
[2024/11/06 03:28:32] - Device: [3]	Iter: [120][300/391]	Loss 0.078 (0.030)	Prec@1 0.977 (0.990)	
[2024/11/06 03:28:35] - Val Loss 0.2490, Val Accuracy 0.9302
[2024/11/06 03:28:36] - epoch 121 lr 1.000000e-02
[2024/11/06 03:28:36] - Device: [3]	Iter: [121][0/391]	Loss 0.074 (0.074)	Prec@1 0.961 (0.961)	
[2024/11/06 03:28:39] - Device: [3]	Iter: [121][150/391]	Loss 0.015 (0.028)	Prec@1 1.000 (0.991)	
[2024/11/06 03:28:41] - Device: [3]	Iter: [121][300/391]	Loss 0.029 (0.029)	Prec@1 0.992 (0.990)	
[2024/11/06 03:28:44] - Val Loss 0.2243, Val Accuracy 0.9392
[2024/11/06 03:28:45] - epoch 122 lr 1.000000e-02
[2024/11/06 03:28:46] - Device: [3]	Iter: [122][0/391]	Loss 0.023 (0.023)	Prec@1 0.992 (0.992)	
[2024/11/06 03:28:48] - Device: [3]	Iter: [122][150/391]	Loss 0.021 (0.026)	Prec@1 1.000 (0.992)	
[2024/11/06 03:28:51] - Device: [3]	Iter: [122][300/391]	Loss 0.022 (0.028)	Prec@1 0.992 (0.991)	
[2024/11/06 03:28:53] - Val Loss 0.2409, Val Accuracy 0.9329
[2024/11/06 03:28:54] - epoch 123 lr 1.000000e-02
[2024/11/06 03:28:54] - Device: [3]	Iter: [123][0/391]	Loss 0.018 (0.018)	Prec@1 0.992 (0.992)	
[2024/11/06 03:28:57] - Device: [3]	Iter: [123][150/391]	Loss 0.024 (0.028)	Prec@1 0.992 (0.992)	
[2024/11/06 03:29:00] - Device: [3]	Iter: [123][300/391]	Loss 0.013 (0.030)	Prec@1 1.000 (0.991)	
[2024/11/06 03:29:02] - Val Loss 0.2375, Val Accuracy 0.9345
[2024/11/06 03:29:03] - epoch 124 lr 1.000000e-02
[2024/11/06 03:29:03] - Device: [3]	Iter: [124][0/391]	Loss 0.008 (0.008)	Prec@1 1.000 (1.000)	
[2024/11/06 03:29:06] - Device: [3]	Iter: [124][150/391]	Loss 0.005 (0.030)	Prec@1 1.000 (0.992)	
[2024/11/06 03:29:08] - Device: [3]	Iter: [124][300/391]	Loss 0.014 (0.030)	Prec@1 1.000 (0.991)	
[2024/11/06 03:29:10] - Val Loss 0.2474, Val Accuracy 0.9335
[2024/11/06 03:29:11] - epoch 125 lr 1.000000e-02
[2024/11/06 03:29:12] - Device: [3]	Iter: [125][0/391]	Loss 0.047 (0.047)	Prec@1 0.984 (0.984)	
[2024/11/06 03:29:14] - Device: [3]	Iter: [125][150/391]	Loss 0.018 (0.029)	Prec@1 1.000 (0.991)	
[2024/11/06 03:29:17] - Device: [3]	Iter: [125][300/391]	Loss 0.011 (0.033)	Prec@1 1.000 (0.990)	
[2024/11/06 03:29:19] - Val Loss 0.2550, Val Accuracy 0.9311
[2024/11/06 03:29:20] - epoch 126 lr 1.000000e-02
[2024/11/06 03:29:20] - Device: [3]	Iter: [126][0/391]	Loss 0.036 (0.036)	Prec@1 0.977 (0.977)	
[2024/11/06 03:29:23] - Device: [3]	Iter: [126][150/391]	Loss 0.041 (0.033)	Prec@1 0.984 (0.989)	
[2024/11/06 03:29:25] - Device: [3]	Iter: [126][300/391]	Loss 0.047 (0.034)	Prec@1 0.992 (0.989)	
[2024/11/06 03:29:28] - Val Loss 0.2609, Val Accuracy 0.9317
[2024/11/06 03:29:29] - epoch 127 lr 1.000000e-02
[2024/11/06 03:29:29] - Device: [3]	Iter: [127][0/391]	Loss 0.038 (0.038)	Prec@1 0.984 (0.984)	
[2024/11/06 03:29:32] - Device: [3]	Iter: [127][150/391]	Loss 0.018 (0.032)	Prec@1 0.992 (0.989)	
[2024/11/06 03:29:35] - Device: [3]	Iter: [127][300/391]	Loss 0.057 (0.035)	Prec@1 0.977 (0.988)	
[2024/11/06 03:29:38] - Val Loss 0.2288, Val Accuracy 0.9364
[2024/11/06 03:29:39] - epoch 128 lr 1.000000e-02
[2024/11/06 03:29:39] - Device: [3]	Iter: [128][0/391]	Loss 0.025 (0.025)	Prec@1 0.992 (0.992)	
[2024/11/06 03:29:42] - Device: [3]	Iter: [128][150/391]	Loss 0.061 (0.035)	Prec@1 0.969 (0.989)	
[2024/11/06 03:29:45] - Device: [3]	Iter: [128][300/391]	Loss 0.078 (0.037)	Prec@1 0.977 (0.988)	
[2024/11/06 03:29:47] - Val Loss 0.2322, Val Accuracy 0.9370
[2024/11/06 03:29:48] - epoch 129 lr 1.000000e-02
[2024/11/06 03:29:48] - Device: [3]	Iter: [129][0/391]	Loss 0.030 (0.030)	Prec@1 0.984 (0.984)	
[2024/11/06 03:29:51] - Device: [3]	Iter: [129][150/391]	Loss 0.026 (0.035)	Prec@1 0.984 (0.989)	
[2024/11/06 03:29:54] - Device: [3]	Iter: [129][300/391]	Loss 0.100 (0.035)	Prec@1 0.969 (0.989)	
[2024/11/06 03:29:56] - Val Loss 0.2444, Val Accuracy 0.9324
[2024/11/06 03:29:57] - epoch 130 lr 1.000000e-02
[2024/11/06 03:29:57] - Device: [3]	Iter: [130][0/391]	Loss 0.059 (0.059)	Prec@1 0.969 (0.969)	
[2024/11/06 03:30:00] - Device: [3]	Iter: [130][150/391]	Loss 0.013 (0.031)	Prec@1 1.000 (0.990)	
[2024/11/06 03:30:02] - Device: [3]	Iter: [130][300/391]	Loss 0.031 (0.033)	Prec@1 0.992 (0.990)	
[2024/11/06 03:30:04] - Val Loss 0.2584, Val Accuracy 0.9275
[2024/11/06 03:30:05] - epoch 131 lr 1.000000e-02
[2024/11/06 03:30:06] - Device: [3]	Iter: [131][0/391]	Loss 0.014 (0.014)	Prec@1 1.000 (1.000)	
[2024/11/06 03:30:08] - Device: [3]	Iter: [131][150/391]	Loss 0.029 (0.033)	Prec@1 0.992 (0.989)	
[2024/11/06 03:30:11] - Device: [3]	Iter: [131][300/391]	Loss 0.068 (0.038)	Prec@1 0.977 (0.987)	
[2024/11/06 03:30:14] - Val Loss 0.2496, Val Accuracy 0.9312
[2024/11/06 03:30:15] - epoch 132 lr 1.000000e-02
[2024/11/06 03:30:15] - Device: [3]	Iter: [132][0/391]	Loss 0.024 (0.024)	Prec@1 1.000 (1.000)	
[2024/11/06 03:30:18] - Device: [3]	Iter: [132][150/391]	Loss 0.054 (0.035)	Prec@1 0.977 (0.988)	
[2024/11/06 03:30:21] - Device: [3]	Iter: [132][300/391]	Loss 0.039 (0.036)	Prec@1 0.992 (0.988)	
[2024/11/06 03:30:23] - Val Loss 0.2724, Val Accuracy 0.9269
[2024/11/06 03:30:24] - epoch 133 lr 1.000000e-02
[2024/11/06 03:30:25] - Device: [3]	Iter: [133][0/391]	Loss 0.069 (0.069)	Prec@1 0.977 (0.977)	
[2024/11/06 03:30:27] - Device: [3]	Iter: [133][150/391]	Loss 0.031 (0.038)	Prec@1 0.992 (0.987)	
[2024/11/06 03:30:30] - Device: [3]	Iter: [133][300/391]	Loss 0.026 (0.039)	Prec@1 0.984 (0.988)	
[2024/11/06 03:30:32] - Val Loss 0.2544, Val Accuracy 0.9277
[2024/11/06 03:30:33] - epoch 134 lr 1.000000e-02
[2024/11/06 03:30:33] - Device: [3]	Iter: [134][0/391]	Loss 0.044 (0.044)	Prec@1 0.984 (0.984)	
[2024/11/06 03:30:36] - Device: [3]	Iter: [134][150/391]	Loss 0.051 (0.039)	Prec@1 0.969 (0.987)	
[2024/11/06 03:30:39] - Device: [3]	Iter: [134][300/391]	Loss 0.063 (0.040)	Prec@1 0.977 (0.988)	
[2024/11/06 03:30:41] - Val Loss 0.2717, Val Accuracy 0.9263
[2024/11/06 03:30:43] - epoch 135 lr 1.000000e-02
[2024/11/06 03:30:43] - Device: [3]	Iter: [135][0/391]	Loss 0.019 (0.019)	Prec@1 0.992 (0.992)	
[2024/11/06 03:30:45] - Device: [3]	Iter: [135][150/391]	Loss 0.019 (0.037)	Prec@1 0.992 (0.988)	
[2024/11/06 03:30:47] - Device: [3]	Iter: [135][300/391]	Loss 0.037 (0.041)	Prec@1 0.992 (0.986)	
[2024/11/06 03:30:50] - Val Loss 0.2602, Val Accuracy 0.9250
[2024/11/06 03:30:51] - epoch 136 lr 1.000000e-02
[2024/11/06 03:30:51] - Device: [3]	Iter: [136][0/391]	Loss 0.072 (0.072)	Prec@1 0.984 (0.984)	
[2024/11/06 03:30:54] - Device: [3]	Iter: [136][150/391]	Loss 0.030 (0.040)	Prec@1 0.992 (0.987)	
[2024/11/06 03:30:56] - Device: [3]	Iter: [136][300/391]	Loss 0.029 (0.037)	Prec@1 0.992 (0.988)	
[2024/11/06 03:30:59] - Val Loss 0.2744, Val Accuracy 0.9263
[2024/11/06 03:30:59] - epoch 137 lr 1.000000e-02
[2024/11/06 03:31:00] - Device: [3]	Iter: [137][0/391]	Loss 0.023 (0.023)	Prec@1 0.992 (0.992)	
[2024/11/06 03:31:02] - Device: [3]	Iter: [137][150/391]	Loss 0.028 (0.036)	Prec@1 0.984 (0.988)	
[2024/11/06 03:31:05] - Device: [3]	Iter: [137][300/391]	Loss 0.107 (0.038)	Prec@1 0.977 (0.987)	
[2024/11/06 03:31:07] - Val Loss 0.2617, Val Accuracy 0.9283
[2024/11/06 03:31:08] - epoch 138 lr 1.000000e-02
[2024/11/06 03:31:09] - Device: [3]	Iter: [138][0/391]	Loss 0.035 (0.035)	Prec@1 0.984 (0.984)	
[2024/11/06 03:31:11] - Device: [3]	Iter: [138][150/391]	Loss 0.061 (0.040)	Prec@1 0.977 (0.987)	
[2024/11/06 03:31:14] - Device: [3]	Iter: [138][300/391]	Loss 0.019 (0.043)	Prec@1 0.992 (0.986)	
[2024/11/06 03:31:16] - Val Loss 0.2394, Val Accuracy 0.9346
[2024/11/06 03:31:18] - epoch 139 lr 1.000000e-02
[2024/11/06 03:31:18] - Device: [3]	Iter: [139][0/391]	Loss 0.046 (0.046)	Prec@1 0.992 (0.992)	
[2024/11/06 03:31:21] - Device: [3]	Iter: [139][150/391]	Loss 0.016 (0.035)	Prec@1 1.000 (0.989)	
[2024/11/06 03:31:23] - Device: [3]	Iter: [139][300/391]	Loss 0.020 (0.039)	Prec@1 0.992 (0.987)	
[2024/11/06 03:31:26] - Val Loss 0.2848, Val Accuracy 0.9207
[2024/11/06 03:31:26] - epoch 140 lr 1.000000e-02
[2024/11/06 03:31:27] - Device: [3]	Iter: [140][0/391]	Loss 0.023 (0.023)	Prec@1 1.000 (1.000)	
[2024/11/06 03:31:30] - Device: [3]	Iter: [140][150/391]	Loss 0.009 (0.042)	Prec@1 1.000 (0.986)	
[2024/11/06 03:31:32] - Device: [3]	Iter: [140][300/391]	Loss 0.027 (0.043)	Prec@1 0.992 (0.985)	
[2024/11/06 03:31:34] - Val Loss 0.2747, Val Accuracy 0.9243
[2024/11/06 03:31:35] - epoch 141 lr 1.000000e-02
[2024/11/06 03:31:36] - Device: [3]	Iter: [141][0/391]	Loss 0.024 (0.024)	Prec@1 0.992 (0.992)	
[2024/11/06 03:31:39] - Device: [3]	Iter: [141][150/391]	Loss 0.044 (0.041)	Prec@1 0.984 (0.986)	
[2024/11/06 03:31:41] - Device: [3]	Iter: [141][300/391]	Loss 0.031 (0.043)	Prec@1 0.992 (0.985)	
[2024/11/06 03:31:44] - Val Loss 0.2580, Val Accuracy 0.9273
[2024/11/06 03:31:44] - epoch 142 lr 1.000000e-02
[2024/11/06 03:31:45] - Device: [3]	Iter: [142][0/391]	Loss 0.023 (0.023)	Prec@1 0.992 (0.992)	
[2024/11/06 03:31:47] - Device: [3]	Iter: [142][150/391]	Loss 0.007 (0.036)	Prec@1 1.000 (0.988)	
[2024/11/06 03:31:50] - Device: [3]	Iter: [142][300/391]	Loss 0.055 (0.040)	Prec@1 0.984 (0.987)	
[2024/11/06 03:31:52] - Val Loss 0.2655, Val Accuracy 0.9280
[2024/11/06 03:31:53] - epoch 143 lr 1.000000e-02
[2024/11/06 03:31:53] - Device: [3]	Iter: [143][0/391]	Loss 0.039 (0.039)	Prec@1 0.984 (0.984)	
[2024/11/06 03:31:56] - Device: [3]	Iter: [143][150/391]	Loss 0.061 (0.042)	Prec@1 0.992 (0.987)	
[2024/11/06 03:31:59] - Device: [3]	Iter: [143][300/391]	Loss 0.057 (0.043)	Prec@1 0.984 (0.986)	
[2024/11/06 03:32:01] - Val Loss 0.2688, Val Accuracy 0.9261
[2024/11/06 03:32:02] - epoch 144 lr 1.000000e-02
[2024/11/06 03:32:03] - Device: [3]	Iter: [144][0/391]	Loss 0.015 (0.015)	Prec@1 0.992 (0.992)	
[2024/11/06 03:32:05] - Device: [3]	Iter: [144][150/391]	Loss 0.018 (0.041)	Prec@1 0.992 (0.987)	
[2024/11/06 03:32:08] - Device: [3]	Iter: [144][300/391]	Loss 0.022 (0.043)	Prec@1 0.992 (0.986)	
[2024/11/06 03:32:10] - Val Loss 0.2571, Val Accuracy 0.9290
[2024/11/06 03:32:11] - epoch 145 lr 1.000000e-02
[2024/11/06 03:32:11] - Device: [3]	Iter: [145][0/391]	Loss 0.058 (0.058)	Prec@1 0.984 (0.984)	
[2024/11/06 03:32:14] - Device: [3]	Iter: [145][150/391]	Loss 0.056 (0.044)	Prec@1 0.977 (0.985)	
[2024/11/06 03:32:16] - Device: [3]	Iter: [145][300/391]	Loss 0.031 (0.047)	Prec@1 0.992 (0.984)	
[2024/11/06 03:32:19] - Val Loss 0.2495, Val Accuracy 0.9284
[2024/11/06 03:32:19] - epoch 146 lr 1.000000e-02
[2024/11/06 03:32:20] - Device: [3]	Iter: [146][0/391]	Loss 0.011 (0.011)	Prec@1 1.000 (1.000)	
[2024/11/06 03:32:22] - Device: [3]	Iter: [146][150/391]	Loss 0.044 (0.043)	Prec@1 0.984 (0.986)	
[2024/11/06 03:32:24] - Device: [3]	Iter: [146][300/391]	Loss 0.062 (0.041)	Prec@1 0.969 (0.987)	
[2024/11/06 03:32:27] - Val Loss 0.2819, Val Accuracy 0.9242
[2024/11/06 03:32:28] - epoch 147 lr 1.000000e-02
[2024/11/06 03:32:28] - Device: [3]	Iter: [147][0/391]	Loss 0.073 (0.073)	Prec@1 0.969 (0.969)	
[2024/11/06 03:32:31] - Device: [3]	Iter: [147][150/391]	Loss 0.037 (0.048)	Prec@1 0.984 (0.985)	
[2024/11/06 03:32:33] - Device: [3]	Iter: [147][300/391]	Loss 0.088 (0.046)	Prec@1 0.969 (0.985)	
[2024/11/06 03:32:36] - Val Loss 0.2613, Val Accuracy 0.9282
[2024/11/06 03:32:37] - epoch 148 lr 1.000000e-02
[2024/11/06 03:32:37] - Device: [3]	Iter: [148][0/391]	Loss 0.039 (0.039)	Prec@1 0.992 (0.992)	
[2024/11/06 03:32:40] - Device: [3]	Iter: [148][150/391]	Loss 0.034 (0.039)	Prec@1 0.984 (0.988)	
[2024/11/06 03:32:43] - Device: [3]	Iter: [148][300/391]	Loss 0.031 (0.045)	Prec@1 0.992 (0.985)	
[2024/11/06 03:32:45] - Val Loss 0.2618, Val Accuracy 0.9268
[2024/11/06 03:32:45] - epoch 149 lr 1.000000e-04
[2024/11/06 03:32:46] - Device: [3]	Iter: [149][0/391]	Loss 0.020 (0.020)	Prec@1 1.000 (1.000)	
[2024/11/06 03:32:48] - Device: [3]	Iter: [149][150/391]	Loss 0.022 (0.032)	Prec@1 0.992 (0.990)	
[2024/11/06 03:32:50] - Device: [3]	Iter: [149][300/391]	Loss 0.005 (0.027)	Prec@1 1.000 (0.992)	
[2024/11/06 03:32:53] - Val Loss 0.2000, Val Accuracy 0.9422
[2024/11/06 03:32:53] - Model saved at epoch 149 with best val accuracy 0.9422
[2024/11/06 03:32:55] - epoch 150 lr 1.000000e-03
[2024/11/06 03:32:55] - Device: [3]	Iter: [150][0/391]	Loss 0.007 (0.007)	Prec@1 1.000 (1.000)	
[2024/11/06 03:32:58] - Device: [3]	Iter: [150][150/391]	Loss 0.012 (0.014)	Prec@1 1.000 (0.996)	
[2024/11/06 03:33:01] - Device: [3]	Iter: [150][300/391]	Loss 0.011 (0.014)	Prec@1 1.000 (0.996)	
[2024/11/06 03:33:03] - Val Loss 0.1975, Val Accuracy 0.9441
[2024/11/06 03:33:04] - Model saved at epoch 150 with best val accuracy 0.9441
[2024/11/06 03:33:06] - epoch 151 lr 1.000000e-03
[2024/11/06 03:33:06] - Device: [3]	Iter: [151][0/391]	Loss 0.015 (0.015)	Prec@1 1.000 (1.000)	
[2024/11/06 03:33:09] - Device: [3]	Iter: [151][150/391]	Loss 0.034 (0.011)	Prec@1 0.984 (0.998)	
[2024/11/06 03:33:11] - Device: [3]	Iter: [151][300/391]	Loss 0.006 (0.011)	Prec@1 1.000 (0.997)	
[2024/11/06 03:33:14] - Val Loss 0.1968, Val Accuracy 0.9443
[2024/11/06 03:33:15] - Model saved at epoch 151 with best val accuracy 0.9443
[2024/11/06 03:33:16] - epoch 152 lr 1.000000e-03
[2024/11/06 03:33:16] - Device: [3]	Iter: [152][0/391]	Loss 0.005 (0.005)	Prec@1 1.000 (1.000)	
[2024/11/06 03:33:19] - Device: [3]	Iter: [152][150/391]	Loss 0.005 (0.010)	Prec@1 1.000 (0.998)	
[2024/11/06 03:33:21] - Device: [3]	Iter: [152][300/391]	Loss 0.015 (0.010)	Prec@1 1.000 (0.998)	
[2024/11/06 03:33:24] - Val Loss 0.1962, Val Accuracy 0.9459
[2024/11/06 03:33:25] - Model saved at epoch 152 with best val accuracy 0.9459
[2024/11/06 03:33:26] - epoch 153 lr 1.000000e-03
[2024/11/06 03:33:26] - Device: [3]	Iter: [153][0/391]	Loss 0.003 (0.003)	Prec@1 1.000 (1.000)	
[2024/11/06 03:33:29] - Device: [3]	Iter: [153][150/391]	Loss 0.007 (0.007)	Prec@1 1.000 (0.999)	
[2024/11/06 03:33:31] - Device: [3]	Iter: [153][300/391]	Loss 0.005 (0.007)	Prec@1 1.000 (0.999)	
[2024/11/06 03:33:34] - Val Loss 0.1952, Val Accuracy 0.9466
[2024/11/06 03:33:35] - Model saved at epoch 153 with best val accuracy 0.9466
[2024/11/06 03:33:35] - epoch 154 lr 1.000000e-03
[2024/11/06 03:33:36] - Device: [3]	Iter: [154][0/391]	Loss 0.014 (0.014)	Prec@1 0.992 (0.992)	
[2024/11/06 03:33:38] - Device: [3]	Iter: [154][150/391]	Loss 0.002 (0.007)	Prec@1 1.000 (0.999)	
[2024/11/06 03:33:41] - Device: [3]	Iter: [154][300/391]	Loss 0.005 (0.007)	Prec@1 1.000 (0.999)	
[2024/11/06 03:33:44] - Val Loss 0.1976, Val Accuracy 0.9464
[2024/11/06 03:33:45] - epoch 155 lr 1.000000e-03
[2024/11/06 03:33:45] - Device: [3]	Iter: [155][0/391]	Loss 0.006 (0.006)	Prec@1 1.000 (1.000)	
[2024/11/06 03:33:48] - Device: [3]	Iter: [155][150/391]	Loss 0.007 (0.007)	Prec@1 1.000 (0.999)	
[2024/11/06 03:33:50] - Device: [3]	Iter: [155][300/391]	Loss 0.002 (0.007)	Prec@1 1.000 (0.999)	
[2024/11/06 03:33:52] - Val Loss 0.1977, Val Accuracy 0.9455
[2024/11/06 03:33:53] - epoch 156 lr 1.000000e-03
[2024/11/06 03:33:54] - Device: [3]	Iter: [156][0/391]	Loss 0.003 (0.003)	Prec@1 1.000 (1.000)	
[2024/11/06 03:33:56] - Device: [3]	Iter: [156][150/391]	Loss 0.007 (0.005)	Prec@1 1.000 (0.999)	
[2024/11/06 03:33:58] - Device: [3]	Iter: [156][300/391]	Loss 0.003 (0.005)	Prec@1 1.000 (0.999)	
[2024/11/06 03:34:01] - Val Loss 0.1988, Val Accuracy 0.9469
[2024/11/06 03:34:02] - Model saved at epoch 156 with best val accuracy 0.9469
[2024/11/06 03:34:03] - epoch 157 lr 1.000000e-03
[2024/11/06 03:34:03] - Device: [3]	Iter: [157][0/391]	Loss 0.003 (0.003)	Prec@1 1.000 (1.000)	
[2024/11/06 03:34:06] - Device: [3]	Iter: [157][150/391]	Loss 0.003 (0.005)	Prec@1 1.000 (0.999)	
[2024/11/06 03:34:08] - Device: [3]	Iter: [157][300/391]	Loss 0.003 (0.006)	Prec@1 1.000 (0.999)	
[2024/11/06 03:34:10] - Val Loss 0.2006, Val Accuracy 0.9476
[2024/11/06 03:34:11] - Model saved at epoch 157 with best val accuracy 0.9476
[2024/11/06 03:34:13] - epoch 158 lr 1.000000e-03
[2024/11/06 03:34:13] - Device: [3]	Iter: [158][0/391]	Loss 0.002 (0.002)	Prec@1 1.000 (1.000)	
[2024/11/06 03:34:16] - Device: [3]	Iter: [158][150/391]	Loss 0.002 (0.005)	Prec@1 1.000 (0.999)	
[2024/11/06 03:34:19] - Device: [3]	Iter: [158][300/391]	Loss 0.005 (0.005)	Prec@1 1.000 (0.999)	
[2024/11/06 03:34:21] - Val Loss 0.1980, Val Accuracy 0.9472
[2024/11/06 03:34:22] - epoch 159 lr 1.000000e-03
[2024/11/06 03:34:22] - Device: [3]	Iter: [159][0/391]	Loss 0.004 (0.004)	Prec@1 1.000 (1.000)	
[2024/11/06 03:34:25] - Device: [3]	Iter: [159][150/391]	Loss 0.006 (0.005)	Prec@1 1.000 (0.999)	
[2024/11/06 03:34:28] - Device: [3]	Iter: [159][300/391]	Loss 0.002 (0.005)	Prec@1 1.000 (0.999)	
[2024/11/06 03:34:30] - Val Loss 0.1981, Val Accuracy 0.9486
[2024/11/06 03:34:31] - Model saved at epoch 159 with best val accuracy 0.9486
[2024/11/06 03:34:32] - epoch 160 lr 1.000000e-03
[2024/11/06 03:34:32] - Device: [3]	Iter: [160][0/391]	Loss 0.004 (0.004)	Prec@1 1.000 (1.000)	
[2024/11/06 03:34:35] - Device: [3]	Iter: [160][150/391]	Loss 0.003 (0.005)	Prec@1 1.000 (0.999)	
[2024/11/06 03:34:37] - Device: [3]	Iter: [160][300/391]	Loss 0.009 (0.004)	Prec@1 1.000 (0.999)	
[2024/11/06 03:34:39] - Val Loss 0.1989, Val Accuracy 0.9470
[2024/11/06 03:34:40] - epoch 161 lr 1.000000e-03
[2024/11/06 03:34:40] - Device: [3]	Iter: [161][0/391]	Loss 0.004 (0.004)	Prec@1 1.000 (1.000)	
[2024/11/06 03:34:43] - Device: [3]	Iter: [161][150/391]	Loss 0.002 (0.004)	Prec@1 1.000 (0.999)	
[2024/11/06 03:34:46] - Device: [3]	Iter: [161][300/391]	Loss 0.003 (0.004)	Prec@1 1.000 (1.000)	
[2024/11/06 03:34:48] - Val Loss 0.1984, Val Accuracy 0.9484
[2024/11/06 03:34:49] - epoch 162 lr 1.000000e-03
[2024/11/06 03:34:49] - Device: [3]	Iter: [162][0/391]	Loss 0.003 (0.003)	Prec@1 1.000 (1.000)	
[2024/11/06 03:34:52] - Device: [3]	Iter: [162][150/391]	Loss 0.004 (0.004)	Prec@1 1.000 (0.999)	
[2024/11/06 03:34:54] - Device: [3]	Iter: [162][300/391]	Loss 0.002 (0.004)	Prec@1 1.000 (0.999)	
[2024/11/06 03:34:57] - Val Loss 0.1992, Val Accuracy 0.9463
[2024/11/06 03:34:57] - epoch 163 lr 1.000000e-03
[2024/11/06 03:34:58] - Device: [3]	Iter: [163][0/391]	Loss 0.002 (0.002)	Prec@1 1.000 (1.000)	
[2024/11/06 03:35:00] - Device: [3]	Iter: [163][150/391]	Loss 0.004 (0.004)	Prec@1 1.000 (1.000)	
[2024/11/06 03:35:03] - Device: [3]	Iter: [163][300/391]	Loss 0.002 (0.004)	Prec@1 1.000 (0.999)	
[2024/11/06 03:35:06] - Val Loss 0.1972, Val Accuracy 0.9489
[2024/11/06 03:35:07] - Model saved at epoch 163 with best val accuracy 0.9489
[2024/11/06 03:35:08] - epoch 164 lr 1.000000e-03
[2024/11/06 03:35:08] - Device: [3]	Iter: [164][0/391]	Loss 0.002 (0.002)	Prec@1 1.000 (1.000)	
[2024/11/06 03:35:11] - Device: [3]	Iter: [164][150/391]	Loss 0.006 (0.004)	Prec@1 1.000 (0.999)	
[2024/11/06 03:35:14] - Device: [3]	Iter: [164][300/391]	Loss 0.003 (0.004)	Prec@1 1.000 (0.999)	
[2024/11/06 03:35:16] - Val Loss 0.1932, Val Accuracy 0.9488
[2024/11/06 03:35:17] - epoch 165 lr 1.000000e-03
[2024/11/06 03:35:17] - Device: [3]	Iter: [165][0/391]	Loss 0.001 (0.001)	Prec@1 1.000 (1.000)	
[2024/11/06 03:35:20] - Device: [3]	Iter: [165][150/391]	Loss 0.003 (0.004)	Prec@1 1.000 (0.999)	
[2024/11/06 03:35:22] - Device: [3]	Iter: [165][300/391]	Loss 0.001 (0.004)	Prec@1 1.000 (0.999)	
[2024/11/06 03:35:25] - Val Loss 0.1955, Val Accuracy 0.9478
[2024/11/06 03:35:25] - epoch 166 lr 1.000000e-03
[2024/11/06 03:35:26] - Device: [3]	Iter: [166][0/391]	Loss 0.005 (0.005)	Prec@1 1.000 (1.000)	
[2024/11/06 03:35:28] - Device: [3]	Iter: [166][150/391]	Loss 0.005 (0.003)	Prec@1 1.000 (1.000)	
[2024/11/06 03:35:31] - Device: [3]	Iter: [166][300/391]	Loss 0.002 (0.003)	Prec@1 1.000 (1.000)	
[2024/11/06 03:35:33] - Val Loss 0.1969, Val Accuracy 0.9483
[2024/11/06 03:35:34] - epoch 167 lr 1.000000e-03
[2024/11/06 03:35:34] - Device: [3]	Iter: [167][0/391]	Loss 0.002 (0.002)	Prec@1 1.000 (1.000)	
[2024/11/06 03:35:37] - Device: [3]	Iter: [167][150/391]	Loss 0.002 (0.004)	Prec@1 1.000 (0.999)	
[2024/11/06 03:35:40] - Device: [3]	Iter: [167][300/391]	Loss 0.004 (0.004)	Prec@1 1.000 (0.999)	
[2024/11/06 03:35:42] - Val Loss 0.1958, Val Accuracy 0.9484
[2024/11/06 03:35:43] - epoch 168 lr 1.000000e-03
[2024/11/06 03:35:43] - Device: [3]	Iter: [168][0/391]	Loss 0.004 (0.004)	Prec@1 1.000 (1.000)	
[2024/11/06 03:35:46] - Device: [3]	Iter: [168][150/391]	Loss 0.002 (0.004)	Prec@1 1.000 (1.000)	
[2024/11/06 03:35:48] - Device: [3]	Iter: [168][300/391]	Loss 0.003 (0.003)	Prec@1 1.000 (1.000)	
[2024/11/06 03:35:51] - Val Loss 0.1965, Val Accuracy 0.9493
[2024/11/06 03:35:52] - Model saved at epoch 168 with best val accuracy 0.9493
[2024/11/06 03:35:53] - epoch 169 lr 1.000000e-03
[2024/11/06 03:35:53] - Device: [3]	Iter: [169][0/391]	Loss 0.005 (0.005)	Prec@1 1.000 (1.000)	
[2024/11/06 03:35:56] - Device: [3]	Iter: [169][150/391]	Loss 0.003 (0.003)	Prec@1 1.000 (1.000)	
[2024/11/06 03:35:59] - Device: [3]	Iter: [169][300/391]	Loss 0.003 (0.003)	Prec@1 1.000 (1.000)	
[2024/11/06 03:36:01] - Val Loss 0.1975, Val Accuracy 0.9484
[2024/11/06 03:36:03] - epoch 170 lr 1.000000e-03
[2024/11/06 03:36:03] - Device: [3]	Iter: [170][0/391]	Loss 0.003 (0.003)	Prec@1 1.000 (1.000)	
[2024/11/06 03:36:05] - Device: [3]	Iter: [170][150/391]	Loss 0.004 (0.003)	Prec@1 1.000 (1.000)	
[2024/11/06 03:36:08] - Device: [3]	Iter: [170][300/391]	Loss 0.001 (0.003)	Prec@1 1.000 (1.000)	
[2024/11/06 03:36:10] - Val Loss 0.1955, Val Accuracy 0.9494
[2024/11/06 03:36:11] - Model saved at epoch 170 with best val accuracy 0.9494
[2024/11/06 03:36:12] - epoch 171 lr 1.000000e-03
[2024/11/06 03:36:13] - Device: [3]	Iter: [171][0/391]	Loss 0.001 (0.001)	Prec@1 1.000 (1.000)	
[2024/11/06 03:36:15] - Device: [3]	Iter: [171][150/391]	Loss 0.002 (0.003)	Prec@1 1.000 (1.000)	
[2024/11/06 03:36:18] - Device: [3]	Iter: [171][300/391]	Loss 0.008 (0.003)	Prec@1 1.000 (1.000)	
[2024/11/06 03:36:20] - Val Loss 0.1938, Val Accuracy 0.9504
[2024/11/06 03:36:21] - Model saved at epoch 171 with best val accuracy 0.9504
[2024/11/06 03:36:22] - epoch 172 lr 1.000000e-03
[2024/11/06 03:36:22] - Device: [3]	Iter: [172][0/391]	Loss 0.002 (0.002)	Prec@1 1.000 (1.000)	
[2024/11/06 03:36:25] - Device: [3]	Iter: [172][150/391]	Loss 0.001 (0.003)	Prec@1 1.000 (1.000)	
[2024/11/06 03:36:28] - Device: [3]	Iter: [172][300/391]	Loss 0.004 (0.003)	Prec@1 1.000 (1.000)	
[2024/11/06 03:36:30] - Val Loss 0.1943, Val Accuracy 0.9495
[2024/11/06 03:36:31] - epoch 173 lr 1.000000e-03
[2024/11/06 03:36:31] - Device: [3]	Iter: [173][0/391]	Loss 0.006 (0.006)	Prec@1 1.000 (1.000)	
[2024/11/06 03:36:33] - Device: [3]	Iter: [173][150/391]	Loss 0.004 (0.003)	Prec@1 1.000 (1.000)	
[2024/11/06 03:36:36] - Device: [3]	Iter: [173][300/391]	Loss 0.002 (0.003)	Prec@1 1.000 (1.000)	
[2024/11/06 03:36:38] - Val Loss 0.1946, Val Accuracy 0.9508
[2024/11/06 03:36:39] - Model saved at epoch 173 with best val accuracy 0.9508
[2024/11/06 03:36:40] - epoch 174 lr 1.000000e-03
[2024/11/06 03:36:41] - Device: [3]	Iter: [174][0/391]	Loss 0.001 (0.001)	Prec@1 1.000 (1.000)	
[2024/11/06 03:36:43] - Device: [3]	Iter: [174][150/391]	Loss 0.005 (0.003)	Prec@1 1.000 (1.000)	
[2024/11/06 03:36:46] - Device: [3]	Iter: [174][300/391]	Loss 0.001 (0.003)	Prec@1 1.000 (1.000)	
[2024/11/06 03:36:48] - Val Loss 0.1941, Val Accuracy 0.9513
[2024/11/06 03:36:49] - Model saved at epoch 174 with best val accuracy 0.9513
[2024/11/06 03:36:50] - epoch 175 lr 1.000000e-03
[2024/11/06 03:36:50] - Device: [3]	Iter: [175][0/391]	Loss 0.002 (0.002)	Prec@1 1.000 (1.000)	
[2024/11/06 03:36:53] - Device: [3]	Iter: [175][150/391]	Loss 0.002 (0.003)	Prec@1 1.000 (1.000)	
[2024/11/06 03:36:56] - Device: [3]	Iter: [175][300/391]	Loss 0.001 (0.003)	Prec@1 1.000 (1.000)	
[2024/11/06 03:36:58] - Val Loss 0.1980, Val Accuracy 0.9509
[2024/11/06 03:36:59] - epoch 176 lr 1.000000e-03
[2024/11/06 03:36:59] - Device: [3]	Iter: [176][0/391]	Loss 0.002 (0.002)	Prec@1 1.000 (1.000)	
[2024/11/06 03:37:02] - Device: [3]	Iter: [176][150/391]	Loss 0.001 (0.003)	Prec@1 1.000 (1.000)	
[2024/11/06 03:37:05] - Device: [3]	Iter: [176][300/391]	Loss 0.003 (0.003)	Prec@1 1.000 (1.000)	
[2024/11/06 03:37:07] - Val Loss 0.1933, Val Accuracy 0.9510
[2024/11/06 03:37:08] - epoch 177 lr 1.000000e-03
[2024/11/06 03:37:08] - Device: [3]	Iter: [177][0/391]	Loss 0.002 (0.002)	Prec@1 1.000 (1.000)	
[2024/11/06 03:37:11] - Device: [3]	Iter: [177][150/391]	Loss 0.002 (0.003)	Prec@1 1.000 (1.000)	
[2024/11/06 03:37:13] - Device: [3]	Iter: [177][300/391]	Loss 0.002 (0.003)	Prec@1 1.000 (1.000)	
[2024/11/06 03:37:15] - Val Loss 0.1952, Val Accuracy 0.9504
[2024/11/06 03:37:16] - epoch 178 lr 1.000000e-03
[2024/11/06 03:37:17] - Device: [3]	Iter: [178][0/391]	Loss 0.002 (0.002)	Prec@1 1.000 (1.000)	
[2024/11/06 03:37:19] - Device: [3]	Iter: [178][150/391]	Loss 0.001 (0.003)	Prec@1 1.000 (1.000)	
[2024/11/06 03:37:22] - Device: [3]	Iter: [178][300/391]	Loss 0.002 (0.003)	Prec@1 1.000 (1.000)	
[2024/11/06 03:37:24] - Val Loss 0.1968, Val Accuracy 0.9487
[2024/11/06 03:37:25] - epoch 179 lr 1.000000e-03
[2024/11/06 03:37:25] - Device: [3]	Iter: [179][0/391]	Loss 0.007 (0.007)	Prec@1 1.000 (1.000)	
[2024/11/06 03:37:28] - Device: [3]	Iter: [179][150/391]	Loss 0.003 (0.003)	Prec@1 1.000 (1.000)	
[2024/11/06 03:37:30] - Device: [3]	Iter: [179][300/391]	Loss 0.002 (0.003)	Prec@1 1.000 (1.000)	
[2024/11/06 03:37:32] - Val Loss 0.1936, Val Accuracy 0.9491
[2024/11/06 03:37:33] - epoch 180 lr 1.000000e-03
[2024/11/06 03:37:33] - Device: [3]	Iter: [180][0/391]	Loss 0.002 (0.002)	Prec@1 1.000 (1.000)	
[2024/11/06 03:37:36] - Device: [3]	Iter: [180][150/391]	Loss 0.002 (0.003)	Prec@1 1.000 (1.000)	
[2024/11/06 03:37:39] - Device: [3]	Iter: [180][300/391]	Loss 0.002 (0.003)	Prec@1 1.000 (0.999)	
[2024/11/06 03:37:41] - Val Loss 0.1950, Val Accuracy 0.9493
[2024/11/06 03:37:42] - epoch 181 lr 1.000000e-03
[2024/11/06 03:37:42] - Device: [3]	Iter: [181][0/391]	Loss 0.003 (0.003)	Prec@1 1.000 (1.000)	
[2024/11/06 03:37:45] - Device: [3]	Iter: [181][150/391]	Loss 0.002 (0.003)	Prec@1 1.000 (1.000)	
[2024/11/06 03:37:48] - Device: [3]	Iter: [181][300/391]	Loss 0.006 (0.003)	Prec@1 1.000 (1.000)	
[2024/11/06 03:37:50] - Val Loss 0.1947, Val Accuracy 0.9495
[2024/11/06 03:37:51] - epoch 182 lr 1.000000e-03
[2024/11/06 03:37:51] - Device: [3]	Iter: [182][0/391]	Loss 0.001 (0.001)	Prec@1 1.000 (1.000)	
[2024/11/06 03:37:54] - Device: [3]	Iter: [182][150/391]	Loss 0.004 (0.002)	Prec@1 1.000 (1.000)	
[2024/11/06 03:37:57] - Device: [3]	Iter: [182][300/391]	Loss 0.003 (0.003)	Prec@1 1.000 (1.000)	
[2024/11/06 03:37:59] - Val Loss 0.1943, Val Accuracy 0.9507
[2024/11/06 03:38:00] - epoch 183 lr 1.000000e-03
[2024/11/06 03:38:00] - Device: [3]	Iter: [183][0/391]	Loss 0.002 (0.002)	Prec@1 1.000 (1.000)	
[2024/11/06 03:38:03] - Device: [3]	Iter: [183][150/391]	Loss 0.002 (0.003)	Prec@1 1.000 (1.000)	
[2024/11/06 03:38:05] - Device: [3]	Iter: [183][300/391]	Loss 0.002 (0.003)	Prec@1 1.000 (1.000)	
[2024/11/06 03:38:07] - Val Loss 0.1938, Val Accuracy 0.9507
[2024/11/06 03:38:08] - epoch 184 lr 1.000000e-03
[2024/11/06 03:38:08] - Device: [3]	Iter: [184][0/391]	Loss 0.002 (0.002)	Prec@1 1.000 (1.000)	
[2024/11/06 03:38:11] - Device: [3]	Iter: [184][150/391]	Loss 0.004 (0.002)	Prec@1 1.000 (1.000)	
[2024/11/06 03:38:14] - Device: [3]	Iter: [184][300/391]	Loss 0.002 (0.003)	Prec@1 1.000 (1.000)	
[2024/11/06 03:38:16] - Val Loss 0.1949, Val Accuracy 0.9498
[2024/11/06 03:38:17] - epoch 185 lr 1.000000e-03
[2024/11/06 03:38:17] - Device: [3]	Iter: [185][0/391]	Loss 0.005 (0.005)	Prec@1 1.000 (1.000)	
[2024/11/06 03:38:20] - Device: [3]	Iter: [185][150/391]	Loss 0.007 (0.002)	Prec@1 0.992 (1.000)	
[2024/11/06 03:38:22] - Device: [3]	Iter: [185][300/391]	Loss 0.001 (0.003)	Prec@1 1.000 (1.000)	
[2024/11/06 03:38:25] - Val Loss 0.1932, Val Accuracy 0.9510
[2024/11/06 03:38:25] - epoch 186 lr 1.000000e-03
[2024/11/06 03:38:26] - Device: [3]	Iter: [186][0/391]	Loss 0.003 (0.003)	Prec@1 1.000 (1.000)	
[2024/11/06 03:38:28] - Device: [3]	Iter: [186][150/391]	Loss 0.001 (0.002)	Prec@1 1.000 (1.000)	
[2024/11/06 03:38:31] - Device: [3]	Iter: [186][300/391]	Loss 0.002 (0.002)	Prec@1 1.000 (1.000)	
[2024/11/06 03:38:33] - Val Loss 0.1930, Val Accuracy 0.9503
[2024/11/06 03:38:34] - epoch 187 lr 1.000000e-03
[2024/11/06 03:38:34] - Device: [3]	Iter: [187][0/391]	Loss 0.003 (0.003)	Prec@1 1.000 (1.000)	
[2024/11/06 03:38:37] - Device: [3]	Iter: [187][150/391]	Loss 0.002 (0.002)	Prec@1 1.000 (1.000)	
[2024/11/06 03:38:40] - Device: [3]	Iter: [187][300/391]	Loss 0.004 (0.003)	Prec@1 1.000 (1.000)	
[2024/11/06 03:38:42] - Val Loss 0.1927, Val Accuracy 0.9506
[2024/11/06 03:38:43] - epoch 188 lr 1.000000e-03
[2024/11/06 03:38:43] - Device: [3]	Iter: [188][0/391]	Loss 0.001 (0.001)	Prec@1 1.000 (1.000)	
[2024/11/06 03:38:46] - Device: [3]	Iter: [188][150/391]	Loss 0.002 (0.002)	Prec@1 1.000 (1.000)	
[2024/11/06 03:38:49] - Device: [3]	Iter: [188][300/391]	Loss 0.002 (0.003)	Prec@1 1.000 (1.000)	
[2024/11/06 03:38:51] - Val Loss 0.1920, Val Accuracy 0.9503
[2024/11/06 03:38:52] - epoch 189 lr 1.000000e-03
[2024/11/06 03:38:52] - Device: [3]	Iter: [189][0/391]	Loss 0.003 (0.003)	Prec@1 1.000 (1.000)	
[2024/11/06 03:38:55] - Device: [3]	Iter: [189][150/391]	Loss 0.003 (0.002)	Prec@1 1.000 (1.000)	
[2024/11/06 03:38:57] - Device: [3]	Iter: [189][300/391]	Loss 0.001 (0.003)	Prec@1 1.000 (1.000)	
[2024/11/06 03:38:59] - Val Loss 0.1924, Val Accuracy 0.9515
[2024/11/06 03:39:00] - Model saved at epoch 189 with best val accuracy 0.9515
[2024/11/06 03:39:01] - epoch 190 lr 1.000000e-03
[2024/11/06 03:39:01] - Device: [3]	Iter: [190][0/391]	Loss 0.001 (0.001)	Prec@1 1.000 (1.000)	
[2024/11/06 03:39:04] - Device: [3]	Iter: [190][150/391]	Loss 0.001 (0.002)	Prec@1 1.000 (1.000)	
[2024/11/06 03:39:06] - Device: [3]	Iter: [190][300/391]	Loss 0.001 (0.002)	Prec@1 1.000 (1.000)	
[2024/11/06 03:39:08] - Val Loss 0.1930, Val Accuracy 0.9505
[2024/11/06 03:39:09] - epoch 191 lr 1.000000e-03
[2024/11/06 03:39:10] - Device: [3]	Iter: [191][0/391]	Loss 0.001 (0.001)	Prec@1 1.000 (1.000)	
[2024/11/06 03:39:12] - Device: [3]	Iter: [191][150/391]	Loss 0.003 (0.003)	Prec@1 1.000 (1.000)	
[2024/11/06 03:39:15] - Device: [3]	Iter: [191][300/391]	Loss 0.002 (0.002)	Prec@1 1.000 (1.000)	
[2024/11/06 03:39:17] - Val Loss 0.1924, Val Accuracy 0.9508
[2024/11/06 03:39:18] - epoch 192 lr 1.000000e-03
[2024/11/06 03:39:18] - Device: [3]	Iter: [192][0/391]	Loss 0.001 (0.001)	Prec@1 1.000 (1.000)	
[2024/11/06 03:39:21] - Device: [3]	Iter: [192][150/391]	Loss 0.003 (0.002)	Prec@1 1.000 (1.000)	
[2024/11/06 03:39:23] - Device: [3]	Iter: [192][300/391]	Loss 0.002 (0.002)	Prec@1 1.000 (1.000)	
[2024/11/06 03:39:26] - Val Loss 0.1931, Val Accuracy 0.9508
[2024/11/06 03:39:27] - epoch 193 lr 1.000000e-03
[2024/11/06 03:39:27] - Device: [3]	Iter: [193][0/391]	Loss 0.010 (0.010)	Prec@1 0.992 (0.992)	
[2024/11/06 03:39:30] - Device: [3]	Iter: [193][150/391]	Loss 0.002 (0.002)	Prec@1 1.000 (1.000)	
[2024/11/06 03:39:32] - Device: [3]	Iter: [193][300/391]	Loss 0.003 (0.002)	Prec@1 1.000 (1.000)	
[2024/11/06 03:39:35] - Val Loss 0.1912, Val Accuracy 0.9506
[2024/11/06 03:39:36] - epoch 194 lr 1.000000e-03
[2024/11/06 03:39:36] - Device: [3]	Iter: [194][0/391]	Loss 0.001 (0.001)	Prec@1 1.000 (1.000)	
[2024/11/06 03:39:39] - Device: [3]	Iter: [194][150/391]	Loss 0.004 (0.002)	Prec@1 1.000 (1.000)	
[2024/11/06 03:39:42] - Device: [3]	Iter: [194][300/391]	Loss 0.007 (0.002)	Prec@1 1.000 (1.000)	
[2024/11/06 03:39:44] - Val Loss 0.1907, Val Accuracy 0.9502
[2024/11/06 03:39:45] - epoch 195 lr 1.000000e-03
[2024/11/06 03:39:45] - Device: [3]	Iter: [195][0/391]	Loss 0.003 (0.003)	Prec@1 1.000 (1.000)	
[2024/11/06 03:39:48] - Device: [3]	Iter: [195][150/391]	Loss 0.002 (0.002)	Prec@1 1.000 (1.000)	
[2024/11/06 03:39:51] - Device: [3]	Iter: [195][300/391]	Loss 0.002 (0.002)	Prec@1 1.000 (1.000)	
[2024/11/06 03:39:53] - Val Loss 0.1918, Val Accuracy 0.9511
[2024/11/06 03:39:54] - epoch 196 lr 1.000000e-03
[2024/11/06 03:39:54] - Device: [3]	Iter: [196][0/391]	Loss 0.001 (0.001)	Prec@1 1.000 (1.000)	
[2024/11/06 03:39:57] - Device: [3]	Iter: [196][150/391]	Loss 0.003 (0.002)	Prec@1 1.000 (1.000)	
[2024/11/06 03:39:59] - Device: [3]	Iter: [196][300/391]	Loss 0.003 (0.003)	Prec@1 1.000 (1.000)	
[2024/11/06 03:40:02] - Val Loss 0.1932, Val Accuracy 0.9510
[2024/11/06 03:40:02] - epoch 197 lr 1.000000e-03
[2024/11/06 03:40:03] - Device: [3]	Iter: [197][0/391]	Loss 0.001 (0.001)	Prec@1 1.000 (1.000)	
[2024/11/06 03:40:06] - Device: [3]	Iter: [197][150/391]	Loss 0.002 (0.002)	Prec@1 1.000 (1.000)	
[2024/11/06 03:40:08] - Device: [3]	Iter: [197][300/391]	Loss 0.002 (0.002)	Prec@1 1.000 (1.000)	
[2024/11/06 03:40:10] - Val Loss 0.1933, Val Accuracy 0.9508
[2024/11/06 03:40:11] - epoch 198 lr 1.000000e-03
[2024/11/06 03:40:11] - Device: [3]	Iter: [198][0/391]	Loss 0.003 (0.003)	Prec@1 1.000 (1.000)	
[2024/11/06 03:40:14] - Device: [3]	Iter: [198][150/391]	Loss 0.002 (0.002)	Prec@1 1.000 (1.000)	
[2024/11/06 03:40:17] - Device: [3]	Iter: [198][300/391]	Loss 0.001 (0.002)	Prec@1 1.000 (1.000)	
[2024/11/06 03:40:19] - Val Loss 0.1905, Val Accuracy 0.9515
[2024/11/06 03:40:20] - epoch 199 lr 1.000000e-03
[2024/11/06 03:40:20] - Device: [3]	Iter: [199][0/391]	Loss 0.006 (0.006)	Prec@1 1.000 (1.000)	
[2024/11/06 03:40:23] - Device: [3]	Iter: [199][150/391]	Loss 0.036 (0.002)	Prec@1 0.992 (1.000)	
[2024/11/06 03:40:26] - Device: [3]	Iter: [199][300/391]	Loss 0.002 (0.002)	Prec@1 1.000 (1.000)	
[2024/11/06 03:40:28] - Val Loss 0.1897, Val Accuracy 0.9507
[2024/11/06 03:40:29] - Training completed in 30.19 minutes.
