[2024/11/06 12:37:08] - Namespace(batch_size=128, data_dir='./data/', dataset='cifar10', epochs=200, network='ResNet50', worker=4, lr_schedule='multistep', lr_min=0.0, lr_max=0.1, weight_decay=0.0005, momentum=0.9, residual=True, validation=False, augs=['RandomCrop', 'RandomHorizontalFlip'], save_dir='ckpt/cifar10/ResNet50/best_result', seed=0, device='3', debug_mode=False, num_classes=10)
[2024/11/06 12:37:08] - Devices: [1]
[2024/11/06 12:37:10] - DataParallel(
  (module): ResNet(
    (conv1): Conv2d(3, 64, kernel_size=(3, 3), stride=(1, 1), padding=(1, 1), bias=False)
    (bn1): BatchNorm2d(64, eps=1e-05, momentum=0.1, affine=True, track_running_stats=True)
    (layer1): Sequential(
      (0): Bottleneck(
        (conv1): Conv2d(64, 64, kernel_size=(1, 1), stride=(1, 1), bias=False)
        (bn1): BatchNorm2d(64, eps=1e-05, momentum=0.1, affine=True, track_running_stats=True)
        (conv2): Conv2d(64, 64, kernel_size=(3, 3), stride=(1, 1), padding=(1, 1), bias=False)
        (bn2): BatchNorm2d(64, eps=1e-05, momentum=0.1, affine=True, track_running_stats=True)
        (conv3): Conv2d(64, 256, kernel_size=(1, 1), stride=(1, 1), bias=False)
        (bn3): BatchNorm2d(256, eps=1e-05, momentum=0.1, affine=True, track_running_stats=True)
        (shortcut): Sequential(
          (0): Conv2d(64, 256, kernel_size=(1, 1), stride=(1, 1), bias=False)
          (1): BatchNorm2d(256, eps=1e-05, momentum=0.1, affine=True, track_running_stats=True)
        )
      )
      (1): Bottleneck(
        (conv1): Conv2d(256, 64, kernel_size=(1, 1), stride=(1, 1), bias=False)
        (bn1): BatchNorm2d(64, eps=1e-05, momentum=0.1, affine=True, track_running_stats=True)
        (conv2): Conv2d(64, 64, kernel_size=(3, 3), stride=(1, 1), padding=(1, 1), bias=False)
        (bn2): BatchNorm2d(64, eps=1e-05, momentum=0.1, affine=True, track_running_stats=True)
        (conv3): Conv2d(64, 256, kernel_size=(1, 1), stride=(1, 1), bias=False)
        (bn3): BatchNorm2d(256, eps=1e-05, momentum=0.1, affine=True, track_running_stats=True)
        (shortcut): Sequential()
      )
      (2): Bottleneck(
        (conv1): Conv2d(256, 64, kernel_size=(1, 1), stride=(1, 1), bias=False)
        (bn1): BatchNorm2d(64, eps=1e-05, momentum=0.1, affine=True, track_running_stats=True)
        (conv2): Conv2d(64, 64, kernel_size=(3, 3), stride=(1, 1), padding=(1, 1), bias=False)
        (bn2): BatchNorm2d(64, eps=1e-05, momentum=0.1, affine=True, track_running_stats=True)
        (conv3): Conv2d(64, 256, kernel_size=(1, 1), stride=(1, 1), bias=False)
        (bn3): BatchNorm2d(256, eps=1e-05, momentum=0.1, affine=True, track_running_stats=True)
        (shortcut): Sequential()
      )
    )
    (layer2): Sequential(
      (0): Bottleneck(
        (conv1): Conv2d(256, 128, kernel_size=(1, 1), stride=(1, 1), bias=False)
        (bn1): BatchNorm2d(128, eps=1e-05, momentum=0.1, affine=True, track_running_stats=True)
        (conv2): Conv2d(128, 128, kernel_size=(3, 3), stride=(2, 2), padding=(1, 1), bias=False)
        (bn2): BatchNorm2d(128, eps=1e-05, momentum=0.1, affine=True, track_running_stats=True)
        (conv3): Conv2d(128, 512, kernel_size=(1, 1), stride=(1, 1), bias=False)
        (bn3): BatchNorm2d(512, eps=1e-05, momentum=0.1, affine=True, track_running_stats=True)
        (shortcut): Sequential(
          (0): Conv2d(256, 512, kernel_size=(1, 1), stride=(2, 2), bias=False)
          (1): BatchNorm2d(512, eps=1e-05, momentum=0.1, affine=True, track_running_stats=True)
        )
      )
      (1): Bottleneck(
        (conv1): Conv2d(512, 128, kernel_size=(1, 1), stride=(1, 1), bias=False)
        (bn1): BatchNorm2d(128, eps=1e-05, momentum=0.1, affine=True, track_running_stats=True)
        (conv2): Conv2d(128, 128, kernel_size=(3, 3), stride=(1, 1), padding=(1, 1), bias=False)
        (bn2): BatchNorm2d(128, eps=1e-05, momentum=0.1, affine=True, track_running_stats=True)
        (conv3): Conv2d(128, 512, kernel_size=(1, 1), stride=(1, 1), bias=False)
        (bn3): BatchNorm2d(512, eps=1e-05, momentum=0.1, affine=True, track_running_stats=True)
        (shortcut): Sequential()
      )
      (2): Bottleneck(
        (conv1): Conv2d(512, 128, kernel_size=(1, 1), stride=(1, 1), bias=False)
        (bn1): BatchNorm2d(128, eps=1e-05, momentum=0.1, affine=True, track_running_stats=True)
        (conv2): Conv2d(128, 128, kernel_size=(3, 3), stride=(1, 1), padding=(1, 1), bias=False)
        (bn2): BatchNorm2d(128, eps=1e-05, momentum=0.1, affine=True, track_running_stats=True)
        (conv3): Conv2d(128, 512, kernel_size=(1, 1), stride=(1, 1), bias=False)
        (bn3): BatchNorm2d(512, eps=1e-05, momentum=0.1, affine=True, track_running_stats=True)
        (shortcut): Sequential()
      )
      (3): Bottleneck(
        (conv1): Conv2d(512, 128, kernel_size=(1, 1), stride=(1, 1), bias=False)
        (bn1): BatchNorm2d(128, eps=1e-05, momentum=0.1, affine=True, track_running_stats=True)
        (conv2): Conv2d(128, 128, kernel_size=(3, 3), stride=(1, 1), padding=(1, 1), bias=False)
        (bn2): BatchNorm2d(128, eps=1e-05, momentum=0.1, affine=True, track_running_stats=True)
        (conv3): Conv2d(128, 512, kernel_size=(1, 1), stride=(1, 1), bias=False)
        (bn3): BatchNorm2d(512, eps=1e-05, momentum=0.1, affine=True, track_running_stats=True)
        (shortcut): Sequential()
      )
    )
    (layer3): Sequential(
      (0): Bottleneck(
        (conv1): Conv2d(512, 256, kernel_size=(1, 1), stride=(1, 1), bias=False)
        (bn1): BatchNorm2d(256, eps=1e-05, momentum=0.1, affine=True, track_running_stats=True)
        (conv2): Conv2d(256, 256, kernel_size=(3, 3), stride=(2, 2), padding=(1, 1), bias=False)
        (bn2): BatchNorm2d(256, eps=1e-05, momentum=0.1, affine=True, track_running_stats=True)
        (conv3): Conv2d(256, 1024, kernel_size=(1, 1), stride=(1, 1), bias=False)
        (bn3): BatchNorm2d(1024, eps=1e-05, momentum=0.1, affine=True, track_running_stats=True)
        (shortcut): Sequential(
          (0): Conv2d(512, 1024, kernel_size=(1, 1), stride=(2, 2), bias=False)
          (1): BatchNorm2d(1024, eps=1e-05, momentum=0.1, affine=True, track_running_stats=True)
        )
      )
      (1): Bottleneck(
        (conv1): Conv2d(1024, 256, kernel_size=(1, 1), stride=(1, 1), bias=False)
        (bn1): BatchNorm2d(256, eps=1e-05, momentum=0.1, affine=True, track_running_stats=True)
        (conv2): Conv2d(256, 256, kernel_size=(3, 3), stride=(1, 1), padding=(1, 1), bias=False)
        (bn2): BatchNorm2d(256, eps=1e-05, momentum=0.1, affine=True, track_running_stats=True)
        (conv3): Conv2d(256, 1024, kernel_size=(1, 1), stride=(1, 1), bias=False)
        (bn3): BatchNorm2d(1024, eps=1e-05, momentum=0.1, affine=True, track_running_stats=True)
        (shortcut): Sequential()
      )
      (2): Bottleneck(
        (conv1): Conv2d(1024, 256, kernel_size=(1, 1), stride=(1, 1), bias=False)
        (bn1): BatchNorm2d(256, eps=1e-05, momentum=0.1, affine=True, track_running_stats=True)
        (conv2): Conv2d(256, 256, kernel_size=(3, 3), stride=(1, 1), padding=(1, 1), bias=False)
        (bn2): BatchNorm2d(256, eps=1e-05, momentum=0.1, affine=True, track_running_stats=True)
        (conv3): Conv2d(256, 1024, kernel_size=(1, 1), stride=(1, 1), bias=False)
        (bn3): BatchNorm2d(1024, eps=1e-05, momentum=0.1, affine=True, track_running_stats=True)
        (shortcut): Sequential()
      )
      (3): Bottleneck(
        (conv1): Conv2d(1024, 256, kernel_size=(1, 1), stride=(1, 1), bias=False)
        (bn1): BatchNorm2d(256, eps=1e-05, momentum=0.1, affine=True, track_running_stats=True)
        (conv2): Conv2d(256, 256, kernel_size=(3, 3), stride=(1, 1), padding=(1, 1), bias=False)
        (bn2): BatchNorm2d(256, eps=1e-05, momentum=0.1, affine=True, track_running_stats=True)
        (conv3): Conv2d(256, 1024, kernel_size=(1, 1), stride=(1, 1), bias=False)
        (bn3): BatchNorm2d(1024, eps=1e-05, momentum=0.1, affine=True, track_running_stats=True)
        (shortcut): Sequential()
      )
      (4): Bottleneck(
        (conv1): Conv2d(1024, 256, kernel_size=(1, 1), stride=(1, 1), bias=False)
        (bn1): BatchNorm2d(256, eps=1e-05, momentum=0.1, affine=True, track_running_stats=True)
        (conv2): Conv2d(256, 256, kernel_size=(3, 3), stride=(1, 1), padding=(1, 1), bias=False)
        (bn2): BatchNorm2d(256, eps=1e-05, momentum=0.1, affine=True, track_running_stats=True)
        (conv3): Conv2d(256, 1024, kernel_size=(1, 1), stride=(1, 1), bias=False)
        (bn3): BatchNorm2d(1024, eps=1e-05, momentum=0.1, affine=True, track_running_stats=True)
        (shortcut): Sequential()
      )
      (5): Bottleneck(
        (conv1): Conv2d(1024, 256, kernel_size=(1, 1), stride=(1, 1), bias=False)
        (bn1): BatchNorm2d(256, eps=1e-05, momentum=0.1, affine=True, track_running_stats=True)
        (conv2): Conv2d(256, 256, kernel_size=(3, 3), stride=(1, 1), padding=(1, 1), bias=False)
        (bn2): BatchNorm2d(256, eps=1e-05, momentum=0.1, affine=True, track_running_stats=True)
        (conv3): Conv2d(256, 1024, kernel_size=(1, 1), stride=(1, 1), bias=False)
        (bn3): BatchNorm2d(1024, eps=1e-05, momentum=0.1, affine=True, track_running_stats=True)
        (shortcut): Sequential()
      )
    )
    (layer4): Sequential(
      (0): Bottleneck(
        (conv1): Conv2d(1024, 512, kernel_size=(1, 1), stride=(1, 1), bias=False)
        (bn1): BatchNorm2d(512, eps=1e-05, momentum=0.1, affine=True, track_running_stats=True)
        (conv2): Conv2d(512, 512, kernel_size=(3, 3), stride=(2, 2), padding=(1, 1), bias=False)
        (bn2): BatchNorm2d(512, eps=1e-05, momentum=0.1, affine=True, track_running_stats=True)
        (conv3): Conv2d(512, 2048, kernel_size=(1, 1), stride=(1, 1), bias=False)
        (bn3): BatchNorm2d(2048, eps=1e-05, momentum=0.1, affine=True, track_running_stats=True)
        (shortcut): Sequential(
          (0): Conv2d(1024, 2048, kernel_size=(1, 1), stride=(2, 2), bias=False)
          (1): BatchNorm2d(2048, eps=1e-05, momentum=0.1, affine=True, track_running_stats=True)
        )
      )
      (1): Bottleneck(
        (conv1): Conv2d(2048, 512, kernel_size=(1, 1), stride=(1, 1), bias=False)
        (bn1): BatchNorm2d(512, eps=1e-05, momentum=0.1, affine=True, track_running_stats=True)
        (conv2): Conv2d(512, 512, kernel_size=(3, 3), stride=(1, 1), padding=(1, 1), bias=False)
        (bn2): BatchNorm2d(512, eps=1e-05, momentum=0.1, affine=True, track_running_stats=True)
        (conv3): Conv2d(512, 2048, kernel_size=(1, 1), stride=(1, 1), bias=False)
        (bn3): BatchNorm2d(2048, eps=1e-05, momentum=0.1, affine=True, track_running_stats=True)
        (shortcut): Sequential()
      )
      (2): Bottleneck(
        (conv1): Conv2d(2048, 512, kernel_size=(1, 1), stride=(1, 1), bias=False)
        (bn1): BatchNorm2d(512, eps=1e-05, momentum=0.1, affine=True, track_running_stats=True)
        (conv2): Conv2d(512, 512, kernel_size=(3, 3), stride=(1, 1), padding=(1, 1), bias=False)
        (bn2): BatchNorm2d(512, eps=1e-05, momentum=0.1, affine=True, track_running_stats=True)
        (conv3): Conv2d(512, 2048, kernel_size=(1, 1), stride=(1, 1), bias=False)
        (bn3): BatchNorm2d(2048, eps=1e-05, momentum=0.1, affine=True, track_running_stats=True)
        (shortcut): Sequential()
      )
    )
    (fc): Linear(in_features=2048, out_features=10, bias=True)
  )
)
[2024/11/06 12:37:10] - epoch 0 lr 1.000000e-01
[2024/11/06 12:37:11] - Device: [3]	Iter: [0][0/391]	Loss 2.424 (2.424)	Prec@1 0.078 (0.078)	
[2024/11/06 12:37:19] - Device: [3]	Iter: [0][150/391]	Loss 2.293 (3.762)	Prec@1 0.117 (0.104)	
[2024/11/06 12:37:27] - Device: [3]	Iter: [0][300/391]	Loss 2.066 (3.003)	Prec@1 0.195 (0.128)	
[2024/11/06 12:37:33] - Val Loss 2.0287, Val Accuracy 0.2075
[2024/11/06 12:37:35] - Model saved at epoch 0 with best val accuracy 0.2075
[2024/11/06 12:37:37] - epoch 1 lr 1.000000e-01
[2024/11/06 12:37:37] - Device: [3]	Iter: [1][0/391]	Loss 1.997 (1.997)	Prec@1 0.234 (0.234)	
[2024/11/06 12:37:45] - Device: [3]	Iter: [1][150/391]	Loss 1.955 (1.989)	Prec@1 0.242 (0.225)	
[2024/11/06 12:37:53] - Device: [3]	Iter: [1][300/391]	Loss 2.000 (1.963)	Prec@1 0.211 (0.237)	
[2024/11/06 12:37:59] - Val Loss 1.8158, Val Accuracy 0.3056
[2024/11/06 12:38:02] - Model saved at epoch 1 with best val accuracy 0.3056
[2024/11/06 12:38:04] - epoch 2 lr 1.000000e-01
[2024/11/06 12:38:04] - Device: [3]	Iter: [2][0/391]	Loss 1.916 (1.916)	Prec@1 0.289 (0.289)	
[2024/11/06 12:38:12] - Device: [3]	Iter: [2][150/391]	Loss 1.719 (1.816)	Prec@1 0.328 (0.310)	
[2024/11/06 12:38:20] - Device: [3]	Iter: [2][300/391]	Loss 1.649 (1.778)	Prec@1 0.367 (0.325)	
[2024/11/06 12:38:27] - Val Loss 1.6452, Val Accuracy 0.3948
[2024/11/06 12:38:29] - Model saved at epoch 2 with best val accuracy 0.3948
[2024/11/06 12:38:30] - epoch 3 lr 1.000000e-01
[2024/11/06 12:38:31] - Device: [3]	Iter: [3][0/391]	Loss 1.776 (1.776)	Prec@1 0.289 (0.289)	
[2024/11/06 12:38:39] - Device: [3]	Iter: [3][150/391]	Loss 1.656 (1.656)	Prec@1 0.406 (0.378)	
[2024/11/06 12:38:47] - Device: [3]	Iter: [3][300/391]	Loss 1.600 (1.617)	Prec@1 0.430 (0.397)	
[2024/11/06 12:38:53] - Val Loss 1.5475, Val Accuracy 0.4334
[2024/11/06 12:38:55] - Model saved at epoch 3 with best val accuracy 0.4334
[2024/11/06 12:38:56] - epoch 4 lr 1.000000e-01
[2024/11/06 12:38:57] - Device: [3]	Iter: [4][0/391]	Loss 1.517 (1.517)	Prec@1 0.422 (0.422)	
[2024/11/06 12:39:05] - Device: [3]	Iter: [4][150/391]	Loss 1.374 (1.464)	Prec@1 0.453 (0.457)	
[2024/11/06 12:39:13] - Device: [3]	Iter: [4][300/391]	Loss 1.329 (1.431)	Prec@1 0.531 (0.472)	
[2024/11/06 12:39:19] - Val Loss 1.3389, Val Accuracy 0.5053
[2024/11/06 12:39:21] - Model saved at epoch 4 with best val accuracy 0.5053
[2024/11/06 12:39:22] - epoch 5 lr 1.000000e-01
[2024/11/06 12:39:23] - Device: [3]	Iter: [5][0/391]	Loss 1.299 (1.299)	Prec@1 0.508 (0.508)	
[2024/11/06 12:39:31] - Device: [3]	Iter: [5][150/391]	Loss 1.309 (1.297)	Prec@1 0.500 (0.526)	
[2024/11/06 12:39:39] - Device: [3]	Iter: [5][300/391]	Loss 1.093 (1.256)	Prec@1 0.578 (0.543)	
[2024/11/06 12:39:45] - Val Loss 1.1561, Val Accuracy 0.5823
[2024/11/06 12:39:48] - Model saved at epoch 5 with best val accuracy 0.5823
[2024/11/06 12:39:51] - epoch 6 lr 1.000000e-01
[2024/11/06 12:39:52] - Device: [3]	Iter: [6][0/391]	Loss 1.102 (1.102)	Prec@1 0.594 (0.594)	
[2024/11/06 12:40:00] - Device: [3]	Iter: [6][150/391]	Loss 1.022 (1.124)	Prec@1 0.680 (0.595)	
[2024/11/06 12:40:07] - Device: [3]	Iter: [6][300/391]	Loss 0.963 (1.090)	Prec@1 0.656 (0.607)	
[2024/11/06 12:40:14] - Val Loss 1.1368, Val Accuracy 0.6061
[2024/11/06 12:40:16] - Model saved at epoch 6 with best val accuracy 0.6061
[2024/11/06 12:40:17] - epoch 7 lr 1.000000e-01
[2024/11/06 12:40:18] - Device: [3]	Iter: [7][0/391]	Loss 0.958 (0.958)	Prec@1 0.656 (0.656)	
[2024/11/06 12:40:26] - Device: [3]	Iter: [7][150/391]	Loss 1.078 (0.993)	Prec@1 0.617 (0.644)	
[2024/11/06 12:40:34] - Device: [3]	Iter: [7][300/391]	Loss 0.891 (0.966)	Prec@1 0.656 (0.654)	
[2024/11/06 12:40:40] - Val Loss 1.2501, Val Accuracy 0.6012
[2024/11/06 12:40:42] - epoch 8 lr 1.000000e-01
[2024/11/06 12:40:42] - Device: [3]	Iter: [8][0/391]	Loss 0.845 (0.845)	Prec@1 0.711 (0.711)	
[2024/11/06 12:40:50] - Device: [3]	Iter: [8][150/391]	Loss 0.858 (0.867)	Prec@1 0.664 (0.694)	
[2024/11/06 12:40:58] - Device: [3]	Iter: [8][300/391]	Loss 0.788 (0.853)	Prec@1 0.742 (0.699)	
[2024/11/06 12:41:04] - Val Loss 1.0641, Val Accuracy 0.6441
[2024/11/06 12:41:06] - Model saved at epoch 8 with best val accuracy 0.6441
[2024/11/06 12:41:08] - epoch 9 lr 1.000000e-01
[2024/11/06 12:41:08] - Device: [3]	Iter: [9][0/391]	Loss 0.904 (0.904)	Prec@1 0.664 (0.664)	
[2024/11/06 12:41:16] - Device: [3]	Iter: [9][150/391]	Loss 0.842 (0.779)	Prec@1 0.734 (0.727)	
[2024/11/06 12:41:24] - Device: [3]	Iter: [9][300/391]	Loss 0.821 (0.764)	Prec@1 0.711 (0.731)	
[2024/11/06 12:41:30] - Val Loss 0.8319, Val Accuracy 0.7136
[2024/11/06 12:41:34] - Model saved at epoch 9 with best val accuracy 0.7136
[2024/11/06 12:41:36] - epoch 10 lr 1.000000e-01
[2024/11/06 12:41:36] - Device: [3]	Iter: [10][0/391]	Loss 0.718 (0.718)	Prec@1 0.695 (0.695)	
[2024/11/06 12:41:44] - Device: [3]	Iter: [10][150/391]	Loss 0.762 (0.703)	Prec@1 0.734 (0.754)	
[2024/11/06 12:41:52] - Device: [3]	Iter: [10][300/391]	Loss 0.779 (0.709)	Prec@1 0.688 (0.753)	
[2024/11/06 12:41:58] - Val Loss 0.7112, Val Accuracy 0.7546
[2024/11/06 12:42:00] - Model saved at epoch 10 with best val accuracy 0.7546
[2024/11/06 12:42:02] - epoch 11 lr 1.000000e-01
[2024/11/06 12:42:02] - Device: [3]	Iter: [11][0/391]	Loss 0.583 (0.583)	Prec@1 0.812 (0.812)	
[2024/11/06 12:42:10] - Device: [3]	Iter: [11][150/391]	Loss 0.618 (0.660)	Prec@1 0.773 (0.771)	
[2024/11/06 12:42:18] - Device: [3]	Iter: [11][300/391]	Loss 0.804 (0.656)	Prec@1 0.758 (0.774)	
[2024/11/06 12:42:24] - Val Loss 0.6561, Val Accuracy 0.7755
[2024/11/06 12:42:26] - Model saved at epoch 11 with best val accuracy 0.7755
[2024/11/06 12:42:28] - epoch 12 lr 1.000000e-01
[2024/11/06 12:42:28] - Device: [3]	Iter: [12][0/391]	Loss 0.572 (0.572)	Prec@1 0.789 (0.789)	
[2024/11/06 12:42:36] - Device: [3]	Iter: [12][150/391]	Loss 0.642 (0.638)	Prec@1 0.781 (0.778)	
[2024/11/06 12:42:44] - Device: [3]	Iter: [12][300/391]	Loss 0.686 (0.633)	Prec@1 0.758 (0.779)	
[2024/11/06 12:42:50] - Val Loss 1.0088, Val Accuracy 0.6797
[2024/11/06 12:42:52] - epoch 13 lr 1.000000e-01
[2024/11/06 12:42:52] - Device: [3]	Iter: [13][0/391]	Loss 0.661 (0.661)	Prec@1 0.727 (0.727)	
[2024/11/06 12:43:00] - Device: [3]	Iter: [13][150/391]	Loss 0.707 (0.604)	Prec@1 0.727 (0.791)	
[2024/11/06 12:43:08] - Device: [3]	Iter: [13][300/391]	Loss 0.579 (0.606)	Prec@1 0.797 (0.790)	
[2024/11/06 12:43:15] - Val Loss 0.7151, Val Accuracy 0.7483
[2024/11/06 12:43:16] - epoch 14 lr 1.000000e-01
[2024/11/06 12:43:17] - Device: [3]	Iter: [14][0/391]	Loss 0.571 (0.571)	Prec@1 0.844 (0.844)	
[2024/11/06 12:43:25] - Device: [3]	Iter: [14][150/391]	Loss 0.532 (0.578)	Prec@1 0.844 (0.799)	
[2024/11/06 12:43:33] - Device: [3]	Iter: [14][300/391]	Loss 0.533 (0.579)	Prec@1 0.836 (0.800)	
[2024/11/06 12:43:39] - Val Loss 0.8226, Val Accuracy 0.7264
[2024/11/06 12:43:41] - epoch 15 lr 1.000000e-01
[2024/11/06 12:43:41] - Device: [3]	Iter: [15][0/391]	Loss 0.722 (0.722)	Prec@1 0.789 (0.789)	
[2024/11/06 12:43:49] - Device: [3]	Iter: [15][150/391]	Loss 0.637 (0.564)	Prec@1 0.789 (0.806)	
[2024/11/06 12:43:57] - Device: [3]	Iter: [15][300/391]	Loss 0.420 (0.564)	Prec@1 0.836 (0.806)	
[2024/11/06 12:44:03] - Val Loss 0.8470, Val Accuracy 0.7275
[2024/11/06 12:44:05] - epoch 16 lr 1.000000e-01
[2024/11/06 12:44:05] - Device: [3]	Iter: [16][0/391]	Loss 0.589 (0.589)	Prec@1 0.781 (0.781)	
[2024/11/06 12:44:13] - Device: [3]	Iter: [16][150/391]	Loss 0.583 (0.563)	Prec@1 0.750 (0.808)	
[2024/11/06 12:44:21] - Device: [3]	Iter: [16][300/391]	Loss 0.487 (0.557)	Prec@1 0.844 (0.810)	
[2024/11/06 12:44:28] - Val Loss 0.6039, Val Accuracy 0.7947
[2024/11/06 12:44:29] - Model saved at epoch 16 with best val accuracy 0.7947
[2024/11/06 12:44:31] - epoch 17 lr 1.000000e-01
[2024/11/06 12:44:31] - Device: [3]	Iter: [17][0/391]	Loss 0.484 (0.484)	Prec@1 0.852 (0.852)	
[2024/11/06 12:44:39] - Device: [3]	Iter: [17][150/391]	Loss 0.626 (0.546)	Prec@1 0.820 (0.812)	
[2024/11/06 12:44:47] - Device: [3]	Iter: [17][300/391]	Loss 0.514 (0.545)	Prec@1 0.812 (0.812)	
[2024/11/06 12:44:54] - Val Loss 0.7962, Val Accuracy 0.7410
[2024/11/06 12:44:56] - epoch 18 lr 1.000000e-01
[2024/11/06 12:44:56] - Device: [3]	Iter: [18][0/391]	Loss 0.424 (0.424)	Prec@1 0.797 (0.797)	
[2024/11/06 12:45:04] - Device: [3]	Iter: [18][150/391]	Loss 0.485 (0.532)	Prec@1 0.820 (0.817)	
[2024/11/06 12:45:12] - Device: [3]	Iter: [18][300/391]	Loss 0.571 (0.536)	Prec@1 0.773 (0.817)	
[2024/11/06 12:45:18] - Val Loss 0.7692, Val Accuracy 0.7525
[2024/11/06 12:45:20] - epoch 19 lr 1.000000e-01
[2024/11/06 12:45:20] - Device: [3]	Iter: [19][0/391]	Loss 0.598 (0.598)	Prec@1 0.789 (0.789)	
[2024/11/06 12:45:28] - Device: [3]	Iter: [19][150/391]	Loss 0.420 (0.512)	Prec@1 0.844 (0.823)	
[2024/11/06 12:45:36] - Device: [3]	Iter: [19][300/391]	Loss 0.496 (0.521)	Prec@1 0.812 (0.821)	
[2024/11/06 12:45:43] - Val Loss 0.6307, Val Accuracy 0.7844
[2024/11/06 12:45:45] - epoch 20 lr 1.000000e-01
[2024/11/06 12:45:45] - Device: [3]	Iter: [20][0/391]	Loss 0.588 (0.588)	Prec@1 0.836 (0.836)	
[2024/11/06 12:45:53] - Device: [3]	Iter: [20][150/391]	Loss 0.545 (0.516)	Prec@1 0.828 (0.823)	
[2024/11/06 12:46:01] - Device: [3]	Iter: [20][300/391]	Loss 0.501 (0.517)	Prec@1 0.844 (0.822)	
[2024/11/06 12:46:07] - Val Loss 0.6421, Val Accuracy 0.7937
[2024/11/06 12:46:09] - epoch 21 lr 1.000000e-01
[2024/11/06 12:46:10] - Device: [3]	Iter: [21][0/391]	Loss 0.385 (0.385)	Prec@1 0.867 (0.867)	
[2024/11/06 12:46:18] - Device: [3]	Iter: [21][150/391]	Loss 0.491 (0.498)	Prec@1 0.883 (0.829)	
[2024/11/06 12:46:25] - Device: [3]	Iter: [21][300/391]	Loss 0.457 (0.501)	Prec@1 0.828 (0.828)	
[2024/11/06 12:46:32] - Val Loss 0.6032, Val Accuracy 0.7956
[2024/11/06 12:46:35] - Model saved at epoch 21 with best val accuracy 0.7956
[2024/11/06 12:46:37] - epoch 22 lr 1.000000e-01
[2024/11/06 12:46:37] - Device: [3]	Iter: [22][0/391]	Loss 0.477 (0.477)	Prec@1 0.820 (0.820)	
[2024/11/06 12:46:45] - Device: [3]	Iter: [22][150/391]	Loss 0.520 (0.503)	Prec@1 0.828 (0.827)	
[2024/11/06 12:46:53] - Device: [3]	Iter: [22][300/391]	Loss 0.427 (0.504)	Prec@1 0.859 (0.828)	
[2024/11/06 12:47:00] - Val Loss 0.6202, Val Accuracy 0.7914
[2024/11/06 12:47:01] - epoch 23 lr 1.000000e-01
[2024/11/06 12:47:02] - Device: [3]	Iter: [23][0/391]	Loss 0.526 (0.526)	Prec@1 0.812 (0.812)	
[2024/11/06 12:47:10] - Device: [3]	Iter: [23][150/391]	Loss 0.558 (0.483)	Prec@1 0.812 (0.838)	
[2024/11/06 12:47:18] - Device: [3]	Iter: [23][300/391]	Loss 0.393 (0.485)	Prec@1 0.859 (0.836)	
[2024/11/06 12:47:24] - Val Loss 0.6465, Val Accuracy 0.7837
[2024/11/06 12:47:26] - epoch 24 lr 1.000000e-01
[2024/11/06 12:47:26] - Device: [3]	Iter: [24][0/391]	Loss 0.487 (0.487)	Prec@1 0.836 (0.836)	
[2024/11/06 12:47:34] - Device: [3]	Iter: [24][150/391]	Loss 0.372 (0.484)	Prec@1 0.875 (0.835)	
[2024/11/06 12:47:42] - Device: [3]	Iter: [24][300/391]	Loss 0.530 (0.485)	Prec@1 0.828 (0.835)	
[2024/11/06 12:47:48] - Val Loss 0.9163, Val Accuracy 0.7157
[2024/11/06 12:47:50] - epoch 25 lr 1.000000e-01
[2024/11/06 12:47:50] - Device: [3]	Iter: [25][0/391]	Loss 0.457 (0.457)	Prec@1 0.812 (0.812)	
[2024/11/06 12:47:58] - Device: [3]	Iter: [25][150/391]	Loss 0.481 (0.466)	Prec@1 0.820 (0.841)	
[2024/11/06 12:48:06] - Device: [3]	Iter: [25][300/391]	Loss 0.375 (0.475)	Prec@1 0.875 (0.838)	
[2024/11/06 12:48:13] - Val Loss 0.7955, Val Accuracy 0.7437
[2024/11/06 12:48:15] - epoch 26 lr 1.000000e-01
[2024/11/06 12:48:15] - Device: [3]	Iter: [26][0/391]	Loss 0.403 (0.403)	Prec@1 0.828 (0.828)	
[2024/11/06 12:48:23] - Device: [3]	Iter: [26][150/391]	Loss 0.455 (0.461)	Prec@1 0.820 (0.841)	
[2024/11/06 12:48:31] - Device: [3]	Iter: [26][300/391]	Loss 0.494 (0.467)	Prec@1 0.789 (0.840)	
[2024/11/06 12:48:37] - Val Loss 0.5747, Val Accuracy 0.8086
[2024/11/06 12:48:39] - Model saved at epoch 26 with best val accuracy 0.8086
[2024/11/06 12:48:41] - epoch 27 lr 1.000000e-01
[2024/11/06 12:48:41] - Device: [3]	Iter: [27][0/391]	Loss 0.411 (0.411)	Prec@1 0.859 (0.859)	
[2024/11/06 12:48:49] - Device: [3]	Iter: [27][150/391]	Loss 0.425 (0.450)	Prec@1 0.875 (0.845)	
[2024/11/06 12:48:57] - Device: [3]	Iter: [27][300/391]	Loss 0.410 (0.460)	Prec@1 0.852 (0.841)	
[2024/11/06 12:49:03] - Val Loss 0.6221, Val Accuracy 0.7938
[2024/11/06 12:49:05] - epoch 28 lr 1.000000e-01
[2024/11/06 12:49:05] - Device: [3]	Iter: [28][0/391]	Loss 0.319 (0.319)	Prec@1 0.922 (0.922)	
[2024/11/06 12:49:13] - Device: [3]	Iter: [28][150/391]	Loss 0.519 (0.462)	Prec@1 0.836 (0.842)	
[2024/11/06 12:49:21] - Device: [3]	Iter: [28][300/391]	Loss 0.496 (0.462)	Prec@1 0.820 (0.842)	
[2024/11/06 12:49:28] - Val Loss 0.7850, Val Accuracy 0.7609
[2024/11/06 12:49:29] - epoch 29 lr 1.000000e-01
[2024/11/06 12:49:30] - Device: [3]	Iter: [29][0/391]	Loss 0.356 (0.356)	Prec@1 0.859 (0.859)	
[2024/11/06 12:49:38] - Device: [3]	Iter: [29][150/391]	Loss 0.419 (0.452)	Prec@1 0.844 (0.843)	
[2024/11/06 12:49:46] - Device: [3]	Iter: [29][300/391]	Loss 0.410 (0.460)	Prec@1 0.852 (0.842)	
[2024/11/06 12:49:52] - Val Loss 0.5835, Val Accuracy 0.8028
[2024/11/06 12:49:54] - epoch 30 lr 1.000000e-01
[2024/11/06 12:49:54] - Device: [3]	Iter: [30][0/391]	Loss 0.420 (0.420)	Prec@1 0.859 (0.859)	
[2024/11/06 12:50:02] - Device: [3]	Iter: [30][150/391]	Loss 0.556 (0.443)	Prec@1 0.820 (0.849)	
[2024/11/06 12:50:10] - Device: [3]	Iter: [30][300/391]	Loss 0.323 (0.451)	Prec@1 0.898 (0.845)	
[2024/11/06 12:50:16] - Val Loss 0.7470, Val Accuracy 0.7669
[2024/11/06 12:50:18] - epoch 31 lr 1.000000e-01
[2024/11/06 12:50:18] - Device: [3]	Iter: [31][0/391]	Loss 0.471 (0.471)	Prec@1 0.875 (0.875)	
[2024/11/06 12:50:26] - Device: [3]	Iter: [31][150/391]	Loss 0.504 (0.448)	Prec@1 0.805 (0.846)	
[2024/11/06 12:50:34] - Device: [3]	Iter: [31][300/391]	Loss 0.472 (0.448)	Prec@1 0.844 (0.845)	
[2024/11/06 12:50:41] - Val Loss 1.0637, Val Accuracy 0.6993
[2024/11/06 12:50:42] - epoch 32 lr 1.000000e-01
[2024/11/06 12:50:43] - Device: [3]	Iter: [32][0/391]	Loss 0.477 (0.477)	Prec@1 0.859 (0.859)	
[2024/11/06 12:50:51] - Device: [3]	Iter: [32][150/391]	Loss 0.490 (0.429)	Prec@1 0.828 (0.856)	
[2024/11/06 12:50:59] - Device: [3]	Iter: [32][300/391]	Loss 0.485 (0.438)	Prec@1 0.836 (0.850)	
[2024/11/06 12:51:05] - Val Loss 0.7123, Val Accuracy 0.7726
[2024/11/06 12:51:07] - epoch 33 lr 1.000000e-01
[2024/11/06 12:51:07] - Device: [3]	Iter: [33][0/391]	Loss 0.439 (0.439)	Prec@1 0.820 (0.820)	
[2024/11/06 12:51:15] - Device: [3]	Iter: [33][150/391]	Loss 0.518 (0.443)	Prec@1 0.820 (0.848)	
[2024/11/06 12:51:23] - Device: [3]	Iter: [33][300/391]	Loss 0.386 (0.444)	Prec@1 0.859 (0.848)	
[2024/11/06 12:51:29] - Val Loss 0.6668, Val Accuracy 0.7750
[2024/11/06 12:51:31] - epoch 34 lr 1.000000e-01
[2024/11/06 12:51:32] - Device: [3]	Iter: [34][0/391]	Loss 0.380 (0.380)	Prec@1 0.875 (0.875)	
[2024/11/06 12:51:40] - Device: [3]	Iter: [34][150/391]	Loss 0.448 (0.415)	Prec@1 0.875 (0.858)	
[2024/11/06 12:51:48] - Device: [3]	Iter: [34][300/391]	Loss 0.357 (0.429)	Prec@1 0.883 (0.854)	
[2024/11/06 12:51:54] - Val Loss 0.6432, Val Accuracy 0.7832
[2024/11/06 12:51:56] - epoch 35 lr 1.000000e-01
[2024/11/06 12:51:56] - Device: [3]	Iter: [35][0/391]	Loss 0.582 (0.582)	Prec@1 0.805 (0.805)	
[2024/11/06 12:52:04] - Device: [3]	Iter: [35][150/391]	Loss 0.514 (0.422)	Prec@1 0.836 (0.856)	
[2024/11/06 12:52:12] - Device: [3]	Iter: [35][300/391]	Loss 0.471 (0.426)	Prec@1 0.859 (0.853)	
[2024/11/06 12:52:18] - Val Loss 0.6917, Val Accuracy 0.7739
[2024/11/06 12:52:20] - epoch 36 lr 1.000000e-01
[2024/11/06 12:52:20] - Device: [3]	Iter: [36][0/391]	Loss 0.379 (0.379)	Prec@1 0.859 (0.859)	
[2024/11/06 12:52:28] - Device: [3]	Iter: [36][150/391]	Loss 0.451 (0.426)	Prec@1 0.852 (0.853)	
[2024/11/06 12:52:36] - Device: [3]	Iter: [36][300/391]	Loss 0.497 (0.427)	Prec@1 0.812 (0.853)	
[2024/11/06 12:52:43] - Val Loss 1.1651, Val Accuracy 0.6802
[2024/11/06 12:52:44] - epoch 37 lr 1.000000e-01
[2024/11/06 12:52:45] - Device: [3]	Iter: [37][0/391]	Loss 0.462 (0.462)	Prec@1 0.844 (0.844)	
[2024/11/06 12:52:53] - Device: [3]	Iter: [37][150/391]	Loss 0.396 (0.431)	Prec@1 0.852 (0.852)	
[2024/11/06 12:53:01] - Device: [3]	Iter: [37][300/391]	Loss 0.301 (0.429)	Prec@1 0.906 (0.854)	
[2024/11/06 12:53:07] - Val Loss 0.6420, Val Accuracy 0.8001
[2024/11/06 12:53:09] - epoch 38 lr 1.000000e-01
[2024/11/06 12:53:09] - Device: [3]	Iter: [38][0/391]	Loss 0.489 (0.489)	Prec@1 0.852 (0.852)	
[2024/11/06 12:53:17] - Device: [3]	Iter: [38][150/391]	Loss 0.521 (0.417)	Prec@1 0.820 (0.857)	
[2024/11/06 12:53:25] - Device: [3]	Iter: [38][300/391]	Loss 0.361 (0.423)	Prec@1 0.867 (0.854)	
[2024/11/06 12:53:32] - Val Loss 0.7263, Val Accuracy 0.7678
[2024/11/06 12:53:33] - epoch 39 lr 1.000000e-01
[2024/11/06 12:53:34] - Device: [3]	Iter: [39][0/391]	Loss 0.370 (0.370)	Prec@1 0.859 (0.859)	
[2024/11/06 12:53:42] - Device: [3]	Iter: [39][150/391]	Loss 0.416 (0.410)	Prec@1 0.852 (0.861)	
[2024/11/06 12:53:49] - Device: [3]	Iter: [39][300/391]	Loss 0.321 (0.418)	Prec@1 0.891 (0.857)	
[2024/11/06 12:53:56] - Val Loss 0.5734, Val Accuracy 0.8103
[2024/11/06 12:53:58] - Model saved at epoch 39 with best val accuracy 0.8103
[2024/11/06 12:53:59] - epoch 40 lr 1.000000e-01
[2024/11/06 12:54:00] - Device: [3]	Iter: [40][0/391]	Loss 0.515 (0.515)	Prec@1 0.828 (0.828)	
[2024/11/06 12:54:08] - Device: [3]	Iter: [40][150/391]	Loss 0.349 (0.420)	Prec@1 0.898 (0.857)	
[2024/11/06 12:54:16] - Device: [3]	Iter: [40][300/391]	Loss 0.551 (0.415)	Prec@1 0.781 (0.857)	
[2024/11/06 12:54:22] - Val Loss 0.7056, Val Accuracy 0.7796
[2024/11/06 12:54:24] - epoch 41 lr 1.000000e-01
[2024/11/06 12:54:24] - Device: [3]	Iter: [41][0/391]	Loss 0.453 (0.453)	Prec@1 0.828 (0.828)	
[2024/11/06 12:54:32] - Device: [3]	Iter: [41][150/391]	Loss 0.424 (0.406)	Prec@1 0.875 (0.859)	
[2024/11/06 12:54:40] - Device: [3]	Iter: [41][300/391]	Loss 0.453 (0.416)	Prec@1 0.859 (0.857)	
[2024/11/06 12:54:46] - Val Loss 0.6937, Val Accuracy 0.7763
[2024/11/06 12:54:49] - epoch 42 lr 1.000000e-01
[2024/11/06 12:54:49] - Device: [3]	Iter: [42][0/391]	Loss 0.406 (0.406)	Prec@1 0.883 (0.883)	
[2024/11/06 12:54:57] - Device: [3]	Iter: [42][150/391]	Loss 0.349 (0.400)	Prec@1 0.906 (0.862)	
[2024/11/06 12:55:05] - Device: [3]	Iter: [42][300/391]	Loss 0.433 (0.408)	Prec@1 0.844 (0.859)	
[2024/11/06 12:55:12] - Val Loss 0.5641, Val Accuracy 0.8138
[2024/11/06 12:55:13] - Model saved at epoch 42 with best val accuracy 0.8138
[2024/11/06 12:55:15] - epoch 43 lr 1.000000e-01
[2024/11/06 12:55:15] - Device: [3]	Iter: [43][0/391]	Loss 0.407 (0.407)	Prec@1 0.852 (0.852)	
[2024/11/06 12:55:23] - Device: [3]	Iter: [43][150/391]	Loss 0.350 (0.393)	Prec@1 0.891 (0.866)	
[2024/11/06 12:55:31] - Device: [3]	Iter: [43][300/391]	Loss 0.541 (0.404)	Prec@1 0.844 (0.861)	
[2024/11/06 12:55:38] - Val Loss 0.5986, Val Accuracy 0.8056
[2024/11/06 12:55:39] - epoch 44 lr 1.000000e-01
[2024/11/06 12:55:40] - Device: [3]	Iter: [44][0/391]	Loss 0.367 (0.367)	Prec@1 0.844 (0.844)	
[2024/11/06 12:55:48] - Device: [3]	Iter: [44][150/391]	Loss 0.337 (0.405)	Prec@1 0.867 (0.864)	
[2024/11/06 12:55:56] - Device: [3]	Iter: [44][300/391]	Loss 0.586 (0.406)	Prec@1 0.789 (0.862)	
[2024/11/06 12:56:02] - Val Loss 0.4921, Val Accuracy 0.8324
[2024/11/06 12:56:04] - Model saved at epoch 44 with best val accuracy 0.8324
[2024/11/06 12:56:05] - epoch 45 lr 1.000000e-01
[2024/11/06 12:56:06] - Device: [3]	Iter: [45][0/391]	Loss 0.286 (0.286)	Prec@1 0.898 (0.898)	
[2024/11/06 12:56:14] - Device: [3]	Iter: [45][150/391]	Loss 0.426 (0.403)	Prec@1 0.836 (0.861)	
[2024/11/06 12:56:22] - Device: [3]	Iter: [45][300/391]	Loss 0.447 (0.405)	Prec@1 0.812 (0.861)	
[2024/11/06 12:56:28] - Val Loss 0.7737, Val Accuracy 0.7534
[2024/11/06 12:56:30] - epoch 46 lr 1.000000e-01
[2024/11/06 12:56:30] - Device: [3]	Iter: [46][0/391]	Loss 0.315 (0.315)	Prec@1 0.891 (0.891)	
[2024/11/06 12:56:38] - Device: [3]	Iter: [46][150/391]	Loss 0.462 (0.411)	Prec@1 0.836 (0.859)	
[2024/11/06 12:56:46] - Device: [3]	Iter: [46][300/391]	Loss 0.413 (0.408)	Prec@1 0.867 (0.860)	
[2024/11/06 12:56:52] - Val Loss 0.5882, Val Accuracy 0.8038
[2024/11/06 12:56:54] - epoch 47 lr 1.000000e-01
[2024/11/06 12:56:54] - Device: [3]	Iter: [47][0/391]	Loss 0.325 (0.325)	Prec@1 0.891 (0.891)	
[2024/11/06 12:57:02] - Device: [3]	Iter: [47][150/391]	Loss 0.531 (0.397)	Prec@1 0.828 (0.866)	
[2024/11/06 12:57:10] - Device: [3]	Iter: [47][300/391]	Loss 0.633 (0.405)	Prec@1 0.789 (0.861)	
[2024/11/06 12:57:17] - Val Loss 0.7106, Val Accuracy 0.7725
[2024/11/06 12:57:18] - epoch 48 lr 1.000000e-01
[2024/11/06 12:57:19] - Device: [3]	Iter: [48][0/391]	Loss 0.484 (0.484)	Prec@1 0.812 (0.812)	
[2024/11/06 12:57:27] - Device: [3]	Iter: [48][150/391]	Loss 0.601 (0.391)	Prec@1 0.828 (0.868)	
[2024/11/06 12:57:35] - Device: [3]	Iter: [48][300/391]	Loss 0.346 (0.403)	Prec@1 0.867 (0.864)	
[2024/11/06 12:57:41] - Val Loss 0.6317, Val Accuracy 0.8023
[2024/11/06 12:57:43] - epoch 49 lr 1.000000e-01
[2024/11/06 12:57:43] - Device: [3]	Iter: [49][0/391]	Loss 0.309 (0.309)	Prec@1 0.906 (0.906)	
[2024/11/06 12:57:51] - Device: [3]	Iter: [49][150/391]	Loss 0.367 (0.400)	Prec@1 0.859 (0.861)	
[2024/11/06 12:57:59] - Device: [3]	Iter: [49][300/391]	Loss 0.262 (0.400)	Prec@1 0.914 (0.862)	
[2024/11/06 12:58:05] - Val Loss 0.7846, Val Accuracy 0.7585
[2024/11/06 12:58:07] - epoch 50 lr 1.000000e-01
[2024/11/06 12:58:08] - Device: [3]	Iter: [50][0/391]	Loss 0.334 (0.334)	Prec@1 0.898 (0.898)	
[2024/11/06 12:58:15] - Device: [3]	Iter: [50][150/391]	Loss 0.462 (0.411)	Prec@1 0.844 (0.857)	
[2024/11/06 12:58:23] - Device: [3]	Iter: [50][300/391]	Loss 0.512 (0.413)	Prec@1 0.812 (0.858)	
[2024/11/06 12:58:30] - Val Loss 0.6368, Val Accuracy 0.7973
[2024/11/06 12:58:32] - epoch 51 lr 1.000000e-01
[2024/11/06 12:58:32] - Device: [3]	Iter: [51][0/391]	Loss 0.399 (0.399)	Prec@1 0.852 (0.852)	
[2024/11/06 12:58:40] - Device: [3]	Iter: [51][150/391]	Loss 0.429 (0.395)	Prec@1 0.883 (0.864)	
[2024/11/06 12:58:48] - Device: [3]	Iter: [51][300/391]	Loss 0.602 (0.397)	Prec@1 0.828 (0.863)	
[2024/11/06 12:58:54] - Val Loss 0.7303, Val Accuracy 0.7784
[2024/11/06 12:58:56] - epoch 52 lr 1.000000e-01
[2024/11/06 12:58:56] - Device: [3]	Iter: [52][0/391]	Loss 0.347 (0.347)	Prec@1 0.914 (0.914)	
[2024/11/06 12:59:04] - Device: [3]	Iter: [52][150/391]	Loss 0.284 (0.395)	Prec@1 0.930 (0.867)	
[2024/11/06 12:59:12] - Device: [3]	Iter: [52][300/391]	Loss 0.479 (0.394)	Prec@1 0.852 (0.867)	
[2024/11/06 12:59:19] - Val Loss 0.4733, Val Accuracy 0.8380
[2024/11/06 12:59:20] - Model saved at epoch 52 with best val accuracy 0.8380
[2024/11/06 12:59:22] - epoch 53 lr 1.000000e-01
[2024/11/06 12:59:22] - Device: [3]	Iter: [53][0/391]	Loss 0.462 (0.462)	Prec@1 0.859 (0.859)	
[2024/11/06 12:59:30] - Device: [3]	Iter: [53][150/391]	Loss 0.421 (0.381)	Prec@1 0.875 (0.867)	
[2024/11/06 12:59:38] - Device: [3]	Iter: [53][300/391]	Loss 0.438 (0.391)	Prec@1 0.836 (0.864)	
[2024/11/06 12:59:45] - Val Loss 0.5971, Val Accuracy 0.8027
[2024/11/06 12:59:46] - epoch 54 lr 1.000000e-01
[2024/11/06 12:59:47] - Device: [3]	Iter: [54][0/391]	Loss 0.371 (0.371)	Prec@1 0.867 (0.867)	
[2024/11/06 12:59:55] - Device: [3]	Iter: [54][150/391]	Loss 0.504 (0.387)	Prec@1 0.828 (0.868)	
[2024/11/06 13:00:03] - Device: [3]	Iter: [54][300/391]	Loss 0.506 (0.399)	Prec@1 0.781 (0.864)	
[2024/11/06 13:00:09] - Val Loss 0.7305, Val Accuracy 0.7787
[2024/11/06 13:00:11] - epoch 55 lr 1.000000e-01
[2024/11/06 13:00:11] - Device: [3]	Iter: [55][0/391]	Loss 0.448 (0.448)	Prec@1 0.844 (0.844)	
[2024/11/06 13:00:19] - Device: [3]	Iter: [55][150/391]	Loss 0.487 (0.383)	Prec@1 0.820 (0.866)	
[2024/11/06 13:00:27] - Device: [3]	Iter: [55][300/391]	Loss 0.291 (0.391)	Prec@1 0.914 (0.865)	
[2024/11/06 13:00:33] - Val Loss 0.5288, Val Accuracy 0.8266
[2024/11/06 13:00:35] - epoch 56 lr 1.000000e-01
[2024/11/06 13:00:35] - Device: [3]	Iter: [56][0/391]	Loss 0.283 (0.283)	Prec@1 0.898 (0.898)	
[2024/11/06 13:00:43] - Device: [3]	Iter: [56][150/391]	Loss 0.400 (0.382)	Prec@1 0.891 (0.870)	
[2024/11/06 13:00:51] - Device: [3]	Iter: [56][300/391]	Loss 0.391 (0.393)	Prec@1 0.852 (0.866)	
[2024/11/06 13:00:58] - Val Loss 0.6999, Val Accuracy 0.7792
[2024/11/06 13:00:59] - epoch 57 lr 1.000000e-01
[2024/11/06 13:01:00] - Device: [3]	Iter: [57][0/391]	Loss 0.471 (0.471)	Prec@1 0.852 (0.852)	
[2024/11/06 13:01:08] - Device: [3]	Iter: [57][150/391]	Loss 0.422 (0.391)	Prec@1 0.844 (0.866)	
[2024/11/06 13:01:16] - Device: [3]	Iter: [57][300/391]	Loss 0.422 (0.395)	Prec@1 0.875 (0.865)	
[2024/11/06 13:01:22] - Val Loss 0.6259, Val Accuracy 0.8045
[2024/11/06 13:01:24] - epoch 58 lr 1.000000e-01
[2024/11/06 13:01:24] - Device: [3]	Iter: [58][0/391]	Loss 0.354 (0.354)	Prec@1 0.883 (0.883)	
[2024/11/06 13:01:32] - Device: [3]	Iter: [58][150/391]	Loss 0.366 (0.383)	Prec@1 0.875 (0.868)	
[2024/11/06 13:01:40] - Device: [3]	Iter: [58][300/391]	Loss 0.415 (0.393)	Prec@1 0.859 (0.864)	
[2024/11/06 13:01:46] - Val Loss 0.6092, Val Accuracy 0.7926
[2024/11/06 13:01:48] - epoch 59 lr 1.000000e-01
[2024/11/06 13:01:49] - Device: [3]	Iter: [59][0/391]	Loss 0.307 (0.307)	Prec@1 0.883 (0.883)	
[2024/11/06 13:01:57] - Device: [3]	Iter: [59][150/391]	Loss 0.527 (0.380)	Prec@1 0.805 (0.870)	
[2024/11/06 13:02:05] - Device: [3]	Iter: [59][300/391]	Loss 0.363 (0.388)	Prec@1 0.875 (0.869)	
[2024/11/06 13:02:11] - Val Loss 0.7304, Val Accuracy 0.7744
[2024/11/06 13:02:13] - epoch 60 lr 1.000000e-01
[2024/11/06 13:02:13] - Device: [3]	Iter: [60][0/391]	Loss 0.317 (0.317)	Prec@1 0.914 (0.914)	
[2024/11/06 13:02:21] - Device: [3]	Iter: [60][150/391]	Loss 0.303 (0.375)	Prec@1 0.906 (0.872)	
[2024/11/06 13:02:29] - Device: [3]	Iter: [60][300/391]	Loss 0.480 (0.384)	Prec@1 0.852 (0.869)	
[2024/11/06 13:02:35] - Val Loss 0.5263, Val Accuracy 0.8245
[2024/11/06 13:02:37] - epoch 61 lr 1.000000e-01
[2024/11/06 13:02:38] - Device: [3]	Iter: [61][0/391]	Loss 0.504 (0.504)	Prec@1 0.844 (0.844)	
[2024/11/06 13:02:46] - Device: [3]	Iter: [61][150/391]	Loss 0.433 (0.375)	Prec@1 0.867 (0.870)	
[2024/11/06 13:02:54] - Device: [3]	Iter: [61][300/391]	Loss 0.361 (0.388)	Prec@1 0.852 (0.865)	
[2024/11/06 13:03:00] - Val Loss 0.8576, Val Accuracy 0.7373
[2024/11/06 13:03:02] - epoch 62 lr 1.000000e-01
[2024/11/06 13:03:02] - Device: [3]	Iter: [62][0/391]	Loss 0.351 (0.351)	Prec@1 0.883 (0.883)	
[2024/11/06 13:03:10] - Device: [3]	Iter: [62][150/391]	Loss 0.512 (0.383)	Prec@1 0.797 (0.869)	
[2024/11/06 13:03:18] - Device: [3]	Iter: [62][300/391]	Loss 0.330 (0.386)	Prec@1 0.891 (0.866)	
[2024/11/06 13:03:25] - Val Loss 0.6368, Val Accuracy 0.7881
[2024/11/06 13:03:26] - epoch 63 lr 1.000000e-01
[2024/11/06 13:03:27] - Device: [3]	Iter: [63][0/391]	Loss 0.330 (0.330)	Prec@1 0.875 (0.875)	
[2024/11/06 13:03:35] - Device: [3]	Iter: [63][150/391]	Loss 0.434 (0.384)	Prec@1 0.859 (0.863)	
[2024/11/06 13:03:43] - Device: [3]	Iter: [63][300/391]	Loss 0.409 (0.390)	Prec@1 0.875 (0.865)	
[2024/11/06 13:03:49] - Val Loss 0.5544, Val Accuracy 0.8186
[2024/11/06 13:03:51] - epoch 64 lr 1.000000e-01
[2024/11/06 13:03:51] - Device: [3]	Iter: [64][0/391]	Loss 0.263 (0.263)	Prec@1 0.914 (0.914)	
[2024/11/06 13:03:59] - Device: [3]	Iter: [64][150/391]	Loss 0.384 (0.380)	Prec@1 0.859 (0.868)	
[2024/11/06 13:04:07] - Device: [3]	Iter: [64][300/391]	Loss 0.508 (0.381)	Prec@1 0.844 (0.869)	
[2024/11/06 13:04:13] - Val Loss 0.5590, Val Accuracy 0.8147
[2024/11/06 13:04:15] - epoch 65 lr 1.000000e-01
[2024/11/06 13:04:15] - Device: [3]	Iter: [65][0/391]	Loss 0.555 (0.555)	Prec@1 0.789 (0.789)	
[2024/11/06 13:04:23] - Device: [3]	Iter: [65][150/391]	Loss 0.306 (0.381)	Prec@1 0.891 (0.867)	
[2024/11/06 13:04:31] - Device: [3]	Iter: [65][300/391]	Loss 0.289 (0.381)	Prec@1 0.906 (0.869)	
[2024/11/06 13:04:38] - Val Loss 0.7422, Val Accuracy 0.7690
[2024/11/06 13:04:40] - epoch 66 lr 1.000000e-01
[2024/11/06 13:04:40] - Device: [3]	Iter: [66][0/391]	Loss 0.299 (0.299)	Prec@1 0.914 (0.914)	
[2024/11/06 13:04:48] - Device: [3]	Iter: [66][150/391]	Loss 0.236 (0.379)	Prec@1 0.945 (0.871)	
[2024/11/06 13:04:56] - Device: [3]	Iter: [66][300/391]	Loss 0.363 (0.381)	Prec@1 0.883 (0.869)	
[2024/11/06 13:05:03] - Val Loss 0.6560, Val Accuracy 0.7852
[2024/11/06 13:05:05] - epoch 67 lr 1.000000e-01
[2024/11/06 13:05:05] - Device: [3]	Iter: [67][0/391]	Loss 0.398 (0.398)	Prec@1 0.852 (0.852)	
[2024/11/06 13:05:13] - Device: [3]	Iter: [67][150/391]	Loss 0.407 (0.373)	Prec@1 0.867 (0.872)	
[2024/11/06 13:05:21] - Device: [3]	Iter: [67][300/391]	Loss 0.337 (0.381)	Prec@1 0.891 (0.869)	
[2024/11/06 13:05:27] - Val Loss 0.5235, Val Accuracy 0.8246
[2024/11/06 13:05:29] - epoch 68 lr 1.000000e-01
[2024/11/06 13:05:29] - Device: [3]	Iter: [68][0/391]	Loss 0.309 (0.309)	Prec@1 0.906 (0.906)	
[2024/11/06 13:05:37] - Device: [3]	Iter: [68][150/391]	Loss 0.430 (0.382)	Prec@1 0.820 (0.869)	
[2024/11/06 13:05:45] - Device: [3]	Iter: [68][300/391]	Loss 0.579 (0.387)	Prec@1 0.797 (0.867)	
[2024/11/06 13:05:51] - Val Loss 0.6002, Val Accuracy 0.8002
[2024/11/06 13:05:54] - epoch 69 lr 1.000000e-01
[2024/11/06 13:05:54] - Device: [3]	Iter: [69][0/391]	Loss 0.388 (0.388)	Prec@1 0.859 (0.859)	
[2024/11/06 13:06:02] - Device: [3]	Iter: [69][150/391]	Loss 0.322 (0.370)	Prec@1 0.891 (0.875)	
[2024/11/06 13:06:10] - Device: [3]	Iter: [69][300/391]	Loss 0.468 (0.381)	Prec@1 0.820 (0.870)	
[2024/11/06 13:06:16] - Val Loss 0.5908, Val Accuracy 0.8090
[2024/11/06 13:06:19] - epoch 70 lr 1.000000e-01
[2024/11/06 13:06:19] - Device: [3]	Iter: [70][0/391]	Loss 0.393 (0.393)	Prec@1 0.867 (0.867)	
[2024/11/06 13:06:27] - Device: [3]	Iter: [70][150/391]	Loss 0.405 (0.372)	Prec@1 0.898 (0.875)	
[2024/11/06 13:06:35] - Device: [3]	Iter: [70][300/391]	Loss 0.430 (0.377)	Prec@1 0.867 (0.871)	
[2024/11/06 13:06:41] - Val Loss 0.6680, Val Accuracy 0.7950
[2024/11/06 13:06:43] - epoch 71 lr 1.000000e-01
[2024/11/06 13:06:43] - Device: [3]	Iter: [71][0/391]	Loss 0.323 (0.323)	Prec@1 0.883 (0.883)	
[2024/11/06 13:06:51] - Device: [3]	Iter: [71][150/391]	Loss 0.490 (0.382)	Prec@1 0.859 (0.869)	
[2024/11/06 13:06:59] - Device: [3]	Iter: [71][300/391]	Loss 0.362 (0.388)	Prec@1 0.875 (0.867)	
[2024/11/06 13:07:05] - Val Loss 0.5506, Val Accuracy 0.8166
[2024/11/06 13:07:07] - epoch 72 lr 1.000000e-01
[2024/11/06 13:07:08] - Device: [3]	Iter: [72][0/391]	Loss 0.314 (0.314)	Prec@1 0.891 (0.891)	
[2024/11/06 13:07:16] - Device: [3]	Iter: [72][150/391]	Loss 0.438 (0.370)	Prec@1 0.844 (0.872)	
[2024/11/06 13:07:23] - Device: [3]	Iter: [72][300/391]	Loss 0.401 (0.378)	Prec@1 0.859 (0.870)	
[2024/11/06 13:07:30] - Val Loss 0.6235, Val Accuracy 0.8020
[2024/11/06 13:07:32] - epoch 73 lr 1.000000e-01
[2024/11/06 13:07:32] - Device: [3]	Iter: [73][0/391]	Loss 0.399 (0.399)	Prec@1 0.891 (0.891)	
[2024/11/06 13:07:40] - Device: [3]	Iter: [73][150/391]	Loss 0.303 (0.370)	Prec@1 0.922 (0.872)	
[2024/11/06 13:07:48] - Device: [3]	Iter: [73][300/391]	Loss 0.470 (0.373)	Prec@1 0.844 (0.874)	
[2024/11/06 13:07:54] - Val Loss 0.5338, Val Accuracy 0.8221
[2024/11/06 13:07:57] - epoch 74 lr 1.000000e-01
[2024/11/06 13:07:57] - Device: [3]	Iter: [74][0/391]	Loss 0.392 (0.392)	Prec@1 0.867 (0.867)	
[2024/11/06 13:08:05] - Device: [3]	Iter: [74][150/391]	Loss 0.375 (0.364)	Prec@1 0.875 (0.875)	
[2024/11/06 13:08:13] - Device: [3]	Iter: [74][300/391]	Loss 0.504 (0.374)	Prec@1 0.836 (0.872)	
[2024/11/06 13:08:19] - Val Loss 0.6173, Val Accuracy 0.7910
[2024/11/06 13:08:21] - epoch 75 lr 1.000000e-01
[2024/11/06 13:08:21] - Device: [3]	Iter: [75][0/391]	Loss 0.351 (0.351)	Prec@1 0.859 (0.859)	
[2024/11/06 13:08:29] - Device: [3]	Iter: [75][150/391]	Loss 0.345 (0.372)	Prec@1 0.883 (0.871)	
[2024/11/06 13:08:37] - Device: [3]	Iter: [75][300/391]	Loss 0.377 (0.371)	Prec@1 0.875 (0.872)	
[2024/11/06 13:08:44] - Val Loss 0.6470, Val Accuracy 0.7902
[2024/11/06 13:08:45] - epoch 76 lr 1.000000e-01
[2024/11/06 13:08:46] - Device: [3]	Iter: [76][0/391]	Loss 0.296 (0.296)	Prec@1 0.875 (0.875)	
[2024/11/06 13:08:54] - Device: [3]	Iter: [76][150/391]	Loss 0.405 (0.354)	Prec@1 0.844 (0.877)	
[2024/11/06 13:09:01] - Device: [3]	Iter: [76][300/391]	Loss 0.435 (0.369)	Prec@1 0.844 (0.872)	
[2024/11/06 13:09:08] - Val Loss 0.6104, Val Accuracy 0.8024
[2024/11/06 13:09:10] - epoch 77 lr 1.000000e-01
[2024/11/06 13:09:10] - Device: [3]	Iter: [77][0/391]	Loss 0.397 (0.397)	Prec@1 0.844 (0.844)	
[2024/11/06 13:09:18] - Device: [3]	Iter: [77][150/391]	Loss 0.438 (0.365)	Prec@1 0.844 (0.874)	
[2024/11/06 13:09:26] - Device: [3]	Iter: [77][300/391]	Loss 0.305 (0.374)	Prec@1 0.906 (0.873)	
[2024/11/06 13:09:32] - Val Loss 0.8510, Val Accuracy 0.7401
[2024/11/06 13:09:35] - epoch 78 lr 1.000000e-01
[2024/11/06 13:09:35] - Device: [3]	Iter: [78][0/391]	Loss 0.441 (0.441)	Prec@1 0.820 (0.820)	
[2024/11/06 13:09:43] - Device: [3]	Iter: [78][150/391]	Loss 0.422 (0.368)	Prec@1 0.852 (0.874)	
[2024/11/06 13:09:51] - Device: [3]	Iter: [78][300/391]	Loss 0.379 (0.373)	Prec@1 0.859 (0.871)	
[2024/11/06 13:09:57] - Val Loss 0.4573, Val Accuracy 0.8491
[2024/11/06 13:09:59] - Model saved at epoch 78 with best val accuracy 0.8491
[2024/11/06 13:10:01] - epoch 79 lr 1.000000e-01
[2024/11/06 13:10:01] - Device: [3]	Iter: [79][0/391]	Loss 0.330 (0.330)	Prec@1 0.867 (0.867)	
[2024/11/06 13:10:09] - Device: [3]	Iter: [79][150/391]	Loss 0.242 (0.367)	Prec@1 0.922 (0.874)	
[2024/11/06 13:10:17] - Device: [3]	Iter: [79][300/391]	Loss 0.264 (0.372)	Prec@1 0.914 (0.873)	
[2024/11/06 13:10:23] - Val Loss 0.9512, Val Accuracy 0.6891
[2024/11/06 13:10:25] - epoch 80 lr 1.000000e-01
[2024/11/06 13:10:25] - Device: [3]	Iter: [80][0/391]	Loss 0.443 (0.443)	Prec@1 0.852 (0.852)	
[2024/11/06 13:10:33] - Device: [3]	Iter: [80][150/391]	Loss 0.401 (0.362)	Prec@1 0.875 (0.875)	
[2024/11/06 13:10:41] - Device: [3]	Iter: [80][300/391]	Loss 0.415 (0.368)	Prec@1 0.859 (0.873)	
[2024/11/06 13:10:48] - Val Loss 0.4351, Val Accuracy 0.8498
[2024/11/06 13:10:49] - Model saved at epoch 80 with best val accuracy 0.8498
[2024/11/06 13:10:51] - epoch 81 lr 1.000000e-01
[2024/11/06 13:10:51] - Device: [3]	Iter: [81][0/391]	Loss 0.330 (0.330)	Prec@1 0.883 (0.883)	
[2024/11/06 13:10:59] - Device: [3]	Iter: [81][150/391]	Loss 0.440 (0.370)	Prec@1 0.828 (0.872)	
[2024/11/06 13:11:07] - Device: [3]	Iter: [81][300/391]	Loss 0.403 (0.365)	Prec@1 0.875 (0.873)	
[2024/11/06 13:11:14] - Val Loss 0.6489, Val Accuracy 0.7786
[2024/11/06 13:11:17] - epoch 82 lr 1.000000e-01
[2024/11/06 13:11:17] - Device: [3]	Iter: [82][0/391]	Loss 0.347 (0.347)	Prec@1 0.875 (0.875)	
[2024/11/06 13:11:25] - Device: [3]	Iter: [82][150/391]	Loss 0.378 (0.362)	Prec@1 0.867 (0.875)	
[2024/11/06 13:11:33] - Device: [3]	Iter: [82][300/391]	Loss 0.308 (0.380)	Prec@1 0.914 (0.869)	
[2024/11/06 13:11:40] - Val Loss 0.5649, Val Accuracy 0.8182
[2024/11/06 13:11:41] - epoch 83 lr 1.000000e-01
[2024/11/06 13:11:42] - Device: [3]	Iter: [83][0/391]	Loss 0.374 (0.374)	Prec@1 0.852 (0.852)	
[2024/11/06 13:11:50] - Device: [3]	Iter: [83][150/391]	Loss 0.564 (0.362)	Prec@1 0.828 (0.874)	
[2024/11/06 13:11:58] - Device: [3]	Iter: [83][300/391]	Loss 0.245 (0.368)	Prec@1 0.898 (0.873)	
[2024/11/06 13:12:04] - Val Loss 0.6823, Val Accuracy 0.7922
[2024/11/06 13:12:06] - epoch 84 lr 1.000000e-01
[2024/11/06 13:12:06] - Device: [3]	Iter: [84][0/391]	Loss 0.478 (0.478)	Prec@1 0.812 (0.812)	
[2024/11/06 13:12:14] - Device: [3]	Iter: [84][150/391]	Loss 0.477 (0.366)	Prec@1 0.781 (0.873)	
[2024/11/06 13:12:22] - Device: [3]	Iter: [84][300/391]	Loss 0.358 (0.372)	Prec@1 0.875 (0.872)	
[2024/11/06 13:12:28] - Val Loss 0.4964, Val Accuracy 0.8297
[2024/11/06 13:12:30] - epoch 85 lr 1.000000e-01
[2024/11/06 13:12:30] - Device: [3]	Iter: [85][0/391]	Loss 0.267 (0.267)	Prec@1 0.914 (0.914)	
[2024/11/06 13:12:38] - Device: [3]	Iter: [85][150/391]	Loss 0.326 (0.355)	Prec@1 0.914 (0.876)	
[2024/11/06 13:12:46] - Device: [3]	Iter: [85][300/391]	Loss 0.386 (0.365)	Prec@1 0.859 (0.874)	
[2024/11/06 13:12:53] - Val Loss 0.5095, Val Accuracy 0.8296
[2024/11/06 13:12:54] - epoch 86 lr 1.000000e-01
[2024/11/06 13:12:55] - Device: [3]	Iter: [86][0/391]	Loss 0.372 (0.372)	Prec@1 0.852 (0.852)	
[2024/11/06 13:13:03] - Device: [3]	Iter: [86][150/391]	Loss 0.380 (0.358)	Prec@1 0.852 (0.876)	
[2024/11/06 13:13:11] - Device: [3]	Iter: [86][300/391]	Loss 0.428 (0.368)	Prec@1 0.891 (0.872)	
[2024/11/06 13:13:17] - Val Loss 0.4873, Val Accuracy 0.8395
[2024/11/06 13:13:20] - epoch 87 lr 1.000000e-01
[2024/11/06 13:13:20] - Device: [3]	Iter: [87][0/391]	Loss 0.441 (0.441)	Prec@1 0.891 (0.891)	
[2024/11/06 13:13:28] - Device: [3]	Iter: [87][150/391]	Loss 0.406 (0.362)	Prec@1 0.844 (0.875)	
[2024/11/06 13:13:36] - Device: [3]	Iter: [87][300/391]	Loss 0.383 (0.368)	Prec@1 0.852 (0.873)	
[2024/11/06 13:13:43] - Val Loss 0.6271, Val Accuracy 0.7984
[2024/11/06 13:13:44] - epoch 88 lr 1.000000e-01
[2024/11/06 13:13:45] - Device: [3]	Iter: [88][0/391]	Loss 0.406 (0.406)	Prec@1 0.859 (0.859)	
[2024/11/06 13:13:53] - Device: [3]	Iter: [88][150/391]	Loss 0.299 (0.364)	Prec@1 0.914 (0.876)	
[2024/11/06 13:14:01] - Device: [3]	Iter: [88][300/391]	Loss 0.338 (0.372)	Prec@1 0.875 (0.874)	
[2024/11/06 13:14:07] - Val Loss 0.5031, Val Accuracy 0.8359
[2024/11/06 13:14:09] - epoch 89 lr 1.000000e-01
[2024/11/06 13:14:09] - Device: [3]	Iter: [89][0/391]	Loss 0.244 (0.244)	Prec@1 0.922 (0.922)	
[2024/11/06 13:14:17] - Device: [3]	Iter: [89][150/391]	Loss 0.189 (0.364)	Prec@1 0.961 (0.874)	
[2024/11/06 13:14:25] - Device: [3]	Iter: [89][300/391]	Loss 0.524 (0.373)	Prec@1 0.797 (0.871)	
[2024/11/06 13:14:31] - Val Loss 0.5255, Val Accuracy 0.8254
[2024/11/06 13:14:33] - epoch 90 lr 1.000000e-01
[2024/11/06 13:14:33] - Device: [3]	Iter: [90][0/391]	Loss 0.322 (0.322)	Prec@1 0.898 (0.898)	
[2024/11/06 13:14:41] - Device: [3]	Iter: [90][150/391]	Loss 0.507 (0.371)	Prec@1 0.828 (0.872)	
[2024/11/06 13:14:49] - Device: [3]	Iter: [90][300/391]	Loss 0.471 (0.372)	Prec@1 0.852 (0.872)	
[2024/11/06 13:14:56] - Val Loss 0.6209, Val Accuracy 0.8007
[2024/11/06 13:14:57] - epoch 91 lr 1.000000e-01
[2024/11/06 13:14:58] - Device: [3]	Iter: [91][0/391]	Loss 0.352 (0.352)	Prec@1 0.875 (0.875)	
[2024/11/06 13:15:06] - Device: [3]	Iter: [91][150/391]	Loss 0.406 (0.354)	Prec@1 0.875 (0.877)	
[2024/11/06 13:15:14] - Device: [3]	Iter: [91][300/391]	Loss 0.341 (0.362)	Prec@1 0.883 (0.875)	
[2024/11/06 13:15:20] - Val Loss 0.8428, Val Accuracy 0.7376
[2024/11/06 13:15:22] - epoch 92 lr 1.000000e-01
[2024/11/06 13:15:22] - Device: [3]	Iter: [92][0/391]	Loss 0.664 (0.664)	Prec@1 0.773 (0.773)	
[2024/11/06 13:15:30] - Device: [3]	Iter: [92][150/391]	Loss 0.272 (0.353)	Prec@1 0.922 (0.877)	
[2024/11/06 13:15:38] - Device: [3]	Iter: [92][300/391]	Loss 0.294 (0.365)	Prec@1 0.898 (0.874)	
[2024/11/06 13:15:44] - Val Loss 0.8030, Val Accuracy 0.7706
[2024/11/06 13:15:46] - epoch 93 lr 1.000000e-01
[2024/11/06 13:15:46] - Device: [3]	Iter: [93][0/391]	Loss 0.416 (0.416)	Prec@1 0.883 (0.883)	
[2024/11/06 13:15:54] - Device: [3]	Iter: [93][150/391]	Loss 0.348 (0.376)	Prec@1 0.891 (0.872)	
[2024/11/06 13:16:02] - Device: [3]	Iter: [93][300/391]	Loss 0.339 (0.368)	Prec@1 0.883 (0.874)	
[2024/11/06 13:16:09] - Val Loss 0.8559, Val Accuracy 0.7295
[2024/11/06 13:16:11] - epoch 94 lr 1.000000e-01
[2024/11/06 13:16:11] - Device: [3]	Iter: [94][0/391]	Loss 0.452 (0.452)	Prec@1 0.867 (0.867)	
[2024/11/06 13:16:19] - Device: [3]	Iter: [94][150/391]	Loss 0.390 (0.362)	Prec@1 0.875 (0.878)	
[2024/11/06 13:16:27] - Device: [3]	Iter: [94][300/391]	Loss 0.448 (0.368)	Prec@1 0.828 (0.875)	
[2024/11/06 13:16:33] - Val Loss 0.5335, Val Accuracy 0.8230
[2024/11/06 13:16:35] - epoch 95 lr 1.000000e-01
[2024/11/06 13:16:35] - Device: [3]	Iter: [95][0/391]	Loss 0.243 (0.243)	Prec@1 0.906 (0.906)	
[2024/11/06 13:16:43] - Device: [3]	Iter: [95][150/391]	Loss 0.302 (0.353)	Prec@1 0.891 (0.878)	
[2024/11/06 13:16:51] - Device: [3]	Iter: [95][300/391]	Loss 0.348 (0.360)	Prec@1 0.852 (0.876)	
[2024/11/06 13:16:57] - Val Loss 0.7324, Val Accuracy 0.7667
[2024/11/06 13:17:00] - epoch 96 lr 1.000000e-01
[2024/11/06 13:17:00] - Device: [3]	Iter: [96][0/391]	Loss 0.339 (0.339)	Prec@1 0.883 (0.883)	
[2024/11/06 13:17:08] - Device: [3]	Iter: [96][150/391]	Loss 0.386 (0.352)	Prec@1 0.875 (0.879)	
[2024/11/06 13:17:16] - Device: [3]	Iter: [96][300/391]	Loss 0.334 (0.365)	Prec@1 0.859 (0.875)	
[2024/11/06 13:17:22] - Val Loss 0.6381, Val Accuracy 0.7893
[2024/11/06 13:17:24] - epoch 97 lr 1.000000e-01
[2024/11/06 13:17:24] - Device: [3]	Iter: [97][0/391]	Loss 0.304 (0.304)	Prec@1 0.875 (0.875)	
[2024/11/06 13:17:32] - Device: [3]	Iter: [97][150/391]	Loss 0.426 (0.357)	Prec@1 0.836 (0.876)	
[2024/11/06 13:17:40] - Device: [3]	Iter: [97][300/391]	Loss 0.277 (0.362)	Prec@1 0.867 (0.874)	
[2024/11/06 13:17:46] - Val Loss 0.5781, Val Accuracy 0.8183
[2024/11/06 13:17:48] - epoch 98 lr 1.000000e-01
[2024/11/06 13:17:48] - Device: [3]	Iter: [98][0/391]	Loss 0.301 (0.301)	Prec@1 0.898 (0.898)	
[2024/11/06 13:17:56] - Device: [3]	Iter: [98][150/391]	Loss 0.466 (0.369)	Prec@1 0.828 (0.873)	
[2024/11/06 13:18:04] - Device: [3]	Iter: [98][300/391]	Loss 0.212 (0.368)	Prec@1 0.938 (0.873)	
[2024/11/06 13:18:11] - Val Loss 0.6732, Val Accuracy 0.7958
[2024/11/06 13:18:12] - epoch 99 lr 1.000000e-03
[2024/11/06 13:18:13] - Device: [3]	Iter: [99][0/391]	Loss 0.274 (0.274)	Prec@1 0.898 (0.898)	
[2024/11/06 13:18:21] - Device: [3]	Iter: [99][150/391]	Loss 0.343 (0.236)	Prec@1 0.883 (0.922)	
[2024/11/06 13:18:29] - Device: [3]	Iter: [99][300/391]	Loss 0.134 (0.209)	Prec@1 0.969 (0.930)	
[2024/11/06 13:18:35] - Val Loss 0.2530, Val Accuracy 0.9147
[2024/11/06 13:18:37] - Model saved at epoch 99 with best val accuracy 0.9147
[2024/11/06 13:18:39] - epoch 100 lr 1.000000e-02
[2024/11/06 13:18:39] - Device: [3]	Iter: [100][0/391]	Loss 0.117 (0.117)	Prec@1 0.961 (0.961)	
[2024/11/06 13:18:47] - Device: [3]	Iter: [100][150/391]	Loss 0.058 (0.152)	Prec@1 0.984 (0.950)	
[2024/11/06 13:18:55] - Device: [3]	Iter: [100][300/391]	Loss 0.097 (0.150)	Prec@1 0.969 (0.950)	
[2024/11/06 13:19:02] - Val Loss 0.2280, Val Accuracy 0.9240
[2024/11/06 13:19:03] - Model saved at epoch 100 with best val accuracy 0.9240
[2024/11/06 13:19:05] - epoch 101 lr 1.000000e-02
[2024/11/06 13:19:05] - Device: [3]	Iter: [101][0/391]	Loss 0.161 (0.161)	Prec@1 0.945 (0.945)	
[2024/11/06 13:19:13] - Device: [3]	Iter: [101][150/391]	Loss 0.102 (0.127)	Prec@1 0.953 (0.956)	
[2024/11/06 13:19:21] - Device: [3]	Iter: [101][300/391]	Loss 0.115 (0.129)	Prec@1 0.969 (0.956)	
[2024/11/06 13:19:28] - Val Loss 0.2195, Val Accuracy 0.9291
[2024/11/06 13:19:30] - Model saved at epoch 101 with best val accuracy 0.9291
[2024/11/06 13:19:31] - epoch 102 lr 1.000000e-02
[2024/11/06 13:19:32] - Device: [3]	Iter: [102][0/391]	Loss 0.068 (0.068)	Prec@1 0.977 (0.977)	
[2024/11/06 13:19:39] - Device: [3]	Iter: [102][150/391]	Loss 0.241 (0.116)	Prec@1 0.930 (0.961)	
[2024/11/06 13:19:47] - Device: [3]	Iter: [102][300/391]	Loss 0.063 (0.116)	Prec@1 0.977 (0.961)	
[2024/11/06 13:19:54] - Val Loss 0.2312, Val Accuracy 0.9248
[2024/11/06 13:19:56] - epoch 103 lr 1.000000e-02
[2024/11/06 13:19:56] - Device: [3]	Iter: [103][0/391]	Loss 0.085 (0.085)	Prec@1 0.992 (0.992)	
[2024/11/06 13:20:04] - Device: [3]	Iter: [103][150/391]	Loss 0.149 (0.103)	Prec@1 0.945 (0.967)	
[2024/11/06 13:20:12] - Device: [3]	Iter: [103][300/391]	Loss 0.113 (0.105)	Prec@1 0.969 (0.965)	
[2024/11/06 13:20:18] - Val Loss 0.2222, Val Accuracy 0.9288
[2024/11/06 13:20:20] - epoch 104 lr 1.000000e-02
[2024/11/06 13:20:20] - Device: [3]	Iter: [104][0/391]	Loss 0.106 (0.106)	Prec@1 0.961 (0.961)	
[2024/11/06 13:20:28] - Device: [3]	Iter: [104][150/391]	Loss 0.067 (0.095)	Prec@1 0.969 (0.968)	
[2024/11/06 13:20:36] - Device: [3]	Iter: [104][300/391]	Loss 0.065 (0.097)	Prec@1 0.977 (0.967)	
[2024/11/06 13:20:42] - Val Loss 0.2185, Val Accuracy 0.9323
[2024/11/06 13:20:44] - Model saved at epoch 104 with best val accuracy 0.9323
[2024/11/06 13:20:46] - epoch 105 lr 1.000000e-02
[2024/11/06 13:20:46] - Device: [3]	Iter: [105][0/391]	Loss 0.098 (0.098)	Prec@1 0.977 (0.977)	
[2024/11/06 13:20:54] - Device: [3]	Iter: [105][150/391]	Loss 0.084 (0.085)	Prec@1 0.977 (0.972)	
[2024/11/06 13:21:02] - Device: [3]	Iter: [105][300/391]	Loss 0.118 (0.086)	Prec@1 0.977 (0.971)	
[2024/11/06 13:21:08] - Val Loss 0.2170, Val Accuracy 0.9286
[2024/11/06 13:21:10] - epoch 106 lr 1.000000e-02
[2024/11/06 13:21:11] - Device: [3]	Iter: [106][0/391]	Loss 0.087 (0.087)	Prec@1 0.969 (0.969)	
[2024/11/06 13:21:18] - Device: [3]	Iter: [106][150/391]	Loss 0.070 (0.080)	Prec@1 0.984 (0.973)	
[2024/11/06 13:21:26] - Device: [3]	Iter: [106][300/391]	Loss 0.086 (0.082)	Prec@1 0.969 (0.972)	
[2024/11/06 13:21:33] - Val Loss 0.2292, Val Accuracy 0.9312
[2024/11/06 13:21:35] - epoch 107 lr 1.000000e-02
[2024/11/06 13:21:35] - Device: [3]	Iter: [107][0/391]	Loss 0.116 (0.116)	Prec@1 0.953 (0.953)	
[2024/11/06 13:21:43] - Device: [3]	Iter: [107][150/391]	Loss 0.079 (0.076)	Prec@1 0.969 (0.975)	
[2024/11/06 13:21:51] - Device: [3]	Iter: [107][300/391]	Loss 0.093 (0.076)	Prec@1 0.969 (0.974)	
[2024/11/06 13:21:57] - Val Loss 0.2201, Val Accuracy 0.9320
[2024/11/06 13:21:59] - epoch 108 lr 1.000000e-02
[2024/11/06 13:21:59] - Device: [3]	Iter: [108][0/391]	Loss 0.055 (0.055)	Prec@1 0.984 (0.984)	
[2024/11/06 13:22:07] - Device: [3]	Iter: [108][150/391]	Loss 0.056 (0.072)	Prec@1 0.984 (0.975)	
[2024/11/06 13:22:15] - Device: [3]	Iter: [108][300/391]	Loss 0.124 (0.074)	Prec@1 0.938 (0.974)	
[2024/11/06 13:22:21] - Val Loss 0.2459, Val Accuracy 0.9284
[2024/11/06 13:22:23] - epoch 109 lr 1.000000e-02
[2024/11/06 13:22:23] - Device: [3]	Iter: [109][0/391]	Loss 0.040 (0.040)	Prec@1 0.992 (0.992)	
[2024/11/06 13:22:31] - Device: [3]	Iter: [109][150/391]	Loss 0.073 (0.063)	Prec@1 0.969 (0.979)	
[2024/11/06 13:22:39] - Device: [3]	Iter: [109][300/391]	Loss 0.104 (0.066)	Prec@1 0.961 (0.977)	
[2024/11/06 13:22:46] - Val Loss 0.2503, Val Accuracy 0.9271
[2024/11/06 13:22:47] - epoch 110 lr 1.000000e-02
[2024/11/06 13:22:48] - Device: [3]	Iter: [110][0/391]	Loss 0.038 (0.038)	Prec@1 0.992 (0.992)	
[2024/11/06 13:22:56] - Device: [3]	Iter: [110][150/391]	Loss 0.116 (0.065)	Prec@1 0.961 (0.979)	
[2024/11/06 13:23:04] - Device: [3]	Iter: [110][300/391]	Loss 0.036 (0.063)	Prec@1 0.992 (0.979)	
[2024/11/06 13:23:10] - Val Loss 0.2366, Val Accuracy 0.9298
[2024/11/06 13:23:12] - epoch 111 lr 1.000000e-02
[2024/11/06 13:23:12] - Device: [3]	Iter: [111][0/391]	Loss 0.069 (0.069)	Prec@1 0.984 (0.984)	
[2024/11/06 13:23:20] - Device: [3]	Iter: [111][150/391]	Loss 0.117 (0.055)	Prec@1 0.945 (0.981)	
[2024/11/06 13:23:28] - Device: [3]	Iter: [111][300/391]	Loss 0.047 (0.060)	Prec@1 0.992 (0.980)	
[2024/11/06 13:23:34] - Val Loss 0.2706, Val Accuracy 0.9229
[2024/11/06 13:23:36] - epoch 112 lr 1.000000e-02
[2024/11/06 13:23:36] - Device: [3]	Iter: [112][0/391]	Loss 0.078 (0.078)	Prec@1 0.961 (0.961)	
[2024/11/06 13:23:44] - Device: [3]	Iter: [112][150/391]	Loss 0.034 (0.056)	Prec@1 0.992 (0.982)	
[2024/11/06 13:23:52] - Device: [3]	Iter: [112][300/391]	Loss 0.084 (0.058)	Prec@1 0.977 (0.981)	
[2024/11/06 13:23:59] - Val Loss 0.2419, Val Accuracy 0.9317
[2024/11/06 13:24:01] - epoch 113 lr 1.000000e-02
[2024/11/06 13:24:01] - Device: [3]	Iter: [113][0/391]	Loss 0.034 (0.034)	Prec@1 0.984 (0.984)	
[2024/11/06 13:24:09] - Device: [3]	Iter: [113][150/391]	Loss 0.065 (0.057)	Prec@1 0.969 (0.981)	
[2024/11/06 13:24:17] - Device: [3]	Iter: [113][300/391]	Loss 0.077 (0.059)	Prec@1 0.969 (0.981)	
[2024/11/06 13:24:23] - Val Loss 0.2596, Val Accuracy 0.9267
[2024/11/06 13:24:25] - epoch 114 lr 1.000000e-02
[2024/11/06 13:24:26] - Device: [3]	Iter: [114][0/391]	Loss 0.045 (0.045)	Prec@1 0.992 (0.992)	
[2024/11/06 13:24:34] - Device: [3]	Iter: [114][150/391]	Loss 0.021 (0.051)	Prec@1 1.000 (0.983)	
[2024/11/06 13:24:42] - Device: [3]	Iter: [114][300/391]	Loss 0.036 (0.054)	Prec@1 0.992 (0.982)	
[2024/11/06 13:24:48] - Val Loss 0.2513, Val Accuracy 0.9309
[2024/11/06 13:24:50] - epoch 115 lr 1.000000e-02
[2024/11/06 13:24:50] - Device: [3]	Iter: [115][0/391]	Loss 0.086 (0.086)	Prec@1 0.969 (0.969)	
[2024/11/06 13:24:58] - Device: [3]	Iter: [115][150/391]	Loss 0.022 (0.050)	Prec@1 1.000 (0.983)	
[2024/11/06 13:25:06] - Device: [3]	Iter: [115][300/391]	Loss 0.102 (0.054)	Prec@1 0.961 (0.982)	
[2024/11/06 13:25:12] - Val Loss 0.2800, Val Accuracy 0.9186
[2024/11/06 13:25:15] - epoch 116 lr 1.000000e-02
[2024/11/06 13:25:15] - Device: [3]	Iter: [116][0/391]	Loss 0.043 (0.043)	Prec@1 0.977 (0.977)	
[2024/11/06 13:25:23] - Device: [3]	Iter: [116][150/391]	Loss 0.060 (0.053)	Prec@1 0.977 (0.982)	
[2024/11/06 13:25:31] - Device: [3]	Iter: [116][300/391]	Loss 0.042 (0.056)	Prec@1 0.992 (0.980)	
[2024/11/06 13:25:37] - Val Loss 0.2794, Val Accuracy 0.9201
[2024/11/06 13:25:39] - epoch 117 lr 1.000000e-02
[2024/11/06 13:25:39] - Device: [3]	Iter: [117][0/391]	Loss 0.034 (0.034)	Prec@1 0.992 (0.992)	
[2024/11/06 13:25:47] - Device: [3]	Iter: [117][150/391]	Loss 0.050 (0.054)	Prec@1 0.984 (0.982)	
[2024/11/06 13:25:55] - Device: [3]	Iter: [117][300/391]	Loss 0.032 (0.053)	Prec@1 1.000 (0.982)	
[2024/11/06 13:26:01] - Val Loss 0.2396, Val Accuracy 0.9308
[2024/11/06 13:26:03] - epoch 118 lr 1.000000e-02
[2024/11/06 13:26:03] - Device: [3]	Iter: [118][0/391]	Loss 0.053 (0.053)	Prec@1 0.977 (0.977)	
[2024/11/06 13:26:11] - Device: [3]	Iter: [118][150/391]	Loss 0.053 (0.051)	Prec@1 0.977 (0.983)	
[2024/11/06 13:26:19] - Device: [3]	Iter: [118][300/391]	Loss 0.054 (0.054)	Prec@1 0.992 (0.982)	
[2024/11/06 13:26:26] - Val Loss 0.2563, Val Accuracy 0.9289
[2024/11/06 13:26:27] - epoch 119 lr 1.000000e-02
[2024/11/06 13:26:28] - Device: [3]	Iter: [119][0/391]	Loss 0.048 (0.048)	Prec@1 0.992 (0.992)	
[2024/11/06 13:26:36] - Device: [3]	Iter: [119][150/391]	Loss 0.027 (0.049)	Prec@1 1.000 (0.984)	
[2024/11/06 13:26:44] - Device: [3]	Iter: [119][300/391]	Loss 0.017 (0.051)	Prec@1 0.992 (0.983)	
[2024/11/06 13:26:50] - Val Loss 0.2517, Val Accuracy 0.9306
[2024/11/06 13:26:52] - epoch 120 lr 1.000000e-02
[2024/11/06 13:26:52] - Device: [3]	Iter: [120][0/391]	Loss 0.027 (0.027)	Prec@1 0.992 (0.992)	
[2024/11/06 13:27:00] - Device: [3]	Iter: [120][150/391]	Loss 0.055 (0.046)	Prec@1 0.984 (0.985)	
[2024/11/06 13:27:08] - Device: [3]	Iter: [120][300/391]	Loss 0.020 (0.050)	Prec@1 1.000 (0.984)	
[2024/11/06 13:27:14] - Val Loss 0.2499, Val Accuracy 0.9294
[2024/11/06 13:27:16] - epoch 121 lr 1.000000e-02
[2024/11/06 13:27:16] - Device: [3]	Iter: [121][0/391]	Loss 0.026 (0.026)	Prec@1 1.000 (1.000)	
[2024/11/06 13:27:24] - Device: [3]	Iter: [121][150/391]	Loss 0.093 (0.046)	Prec@1 0.977 (0.985)	
[2024/11/06 13:27:32] - Device: [3]	Iter: [121][300/391]	Loss 0.079 (0.053)	Prec@1 0.961 (0.982)	
[2024/11/06 13:27:39] - Val Loss 0.2477, Val Accuracy 0.9294
[2024/11/06 13:27:40] - epoch 122 lr 1.000000e-02
[2024/11/06 13:27:41] - Device: [3]	Iter: [122][0/391]	Loss 0.031 (0.031)	Prec@1 0.992 (0.992)	
[2024/11/06 13:27:49] - Device: [3]	Iter: [122][150/391]	Loss 0.028 (0.046)	Prec@1 0.984 (0.985)	
[2024/11/06 13:27:57] - Device: [3]	Iter: [122][300/391]	Loss 0.062 (0.049)	Prec@1 0.977 (0.984)	
[2024/11/06 13:28:03] - Val Loss 0.2642, Val Accuracy 0.9288
[2024/11/06 13:28:05] - epoch 123 lr 1.000000e-02
[2024/11/06 13:28:05] - Device: [3]	Iter: [123][0/391]	Loss 0.085 (0.085)	Prec@1 0.961 (0.961)	
[2024/11/06 13:28:13] - Device: [3]	Iter: [123][150/391]	Loss 0.113 (0.049)	Prec@1 0.953 (0.983)	
[2024/11/06 13:28:21] - Device: [3]	Iter: [123][300/391]	Loss 0.099 (0.054)	Prec@1 0.961 (0.982)	
[2024/11/06 13:28:27] - Val Loss 0.2549, Val Accuracy 0.9261
[2024/11/06 13:28:29] - epoch 124 lr 1.000000e-02
[2024/11/06 13:28:29] - Device: [3]	Iter: [124][0/391]	Loss 0.041 (0.041)	Prec@1 0.984 (0.984)	
[2024/11/06 13:28:37] - Device: [3]	Iter: [124][150/391]	Loss 0.049 (0.051)	Prec@1 0.992 (0.982)	
[2024/11/06 13:28:45] - Device: [3]	Iter: [124][300/391]	Loss 0.029 (0.055)	Prec@1 0.984 (0.981)	
[2024/11/06 13:28:52] - Val Loss 0.2536, Val Accuracy 0.9282
[2024/11/06 13:28:53] - epoch 125 lr 1.000000e-02
[2024/11/06 13:28:54] - Device: [3]	Iter: [125][0/391]	Loss 0.047 (0.047)	Prec@1 0.977 (0.977)	
[2024/11/06 13:29:02] - Device: [3]	Iter: [125][150/391]	Loss 0.048 (0.049)	Prec@1 0.984 (0.983)	
[2024/11/06 13:29:10] - Device: [3]	Iter: [125][300/391]	Loss 0.038 (0.052)	Prec@1 0.992 (0.983)	
[2024/11/06 13:29:16] - Val Loss 0.2702, Val Accuracy 0.9240
[2024/11/06 13:29:18] - epoch 126 lr 1.000000e-02
[2024/11/06 13:29:18] - Device: [3]	Iter: [126][0/391]	Loss 0.028 (0.028)	Prec@1 0.992 (0.992)	
[2024/11/06 13:29:26] - Device: [3]	Iter: [126][150/391]	Loss 0.046 (0.055)	Prec@1 0.984 (0.981)	
[2024/11/06 13:29:34] - Device: [3]	Iter: [126][300/391]	Loss 0.046 (0.054)	Prec@1 0.977 (0.982)	
[2024/11/06 13:29:40] - Val Loss 0.3225, Val Accuracy 0.9104
[2024/11/06 13:29:42] - epoch 127 lr 1.000000e-02
[2024/11/06 13:29:42] - Device: [3]	Iter: [127][0/391]	Loss 0.059 (0.059)	Prec@1 0.984 (0.984)	
[2024/11/06 13:29:50] - Device: [3]	Iter: [127][150/391]	Loss 0.045 (0.054)	Prec@1 0.984 (0.982)	
[2024/11/06 13:29:58] - Device: [3]	Iter: [127][300/391]	Loss 0.092 (0.056)	Prec@1 0.969 (0.981)	
[2024/11/06 13:30:05] - Val Loss 0.2777, Val Accuracy 0.9219
[2024/11/06 13:30:06] - epoch 128 lr 1.000000e-02
[2024/11/06 13:30:07] - Device: [3]	Iter: [128][0/391]	Loss 0.095 (0.095)	Prec@1 0.969 (0.969)	
[2024/11/06 13:30:15] - Device: [3]	Iter: [128][150/391]	Loss 0.048 (0.048)	Prec@1 0.984 (0.984)	
[2024/11/06 13:30:23] - Device: [3]	Iter: [128][300/391]	Loss 0.054 (0.050)	Prec@1 0.984 (0.983)	
[2024/11/06 13:30:29] - Val Loss 0.2550, Val Accuracy 0.9244
[2024/11/06 13:30:31] - epoch 129 lr 1.000000e-02
[2024/11/06 13:30:31] - Device: [3]	Iter: [129][0/391]	Loss 0.037 (0.037)	Prec@1 0.992 (0.992)	
[2024/11/06 13:30:39] - Device: [3]	Iter: [129][150/391]	Loss 0.074 (0.052)	Prec@1 0.961 (0.982)	
[2024/11/06 13:30:47] - Device: [3]	Iter: [129][300/391]	Loss 0.100 (0.053)	Prec@1 0.953 (0.981)	
[2024/11/06 13:30:53] - Val Loss 0.2982, Val Accuracy 0.9164
[2024/11/06 13:30:55] - epoch 130 lr 1.000000e-02
[2024/11/06 13:30:55] - Device: [3]	Iter: [130][0/391]	Loss 0.084 (0.084)	Prec@1 0.969 (0.969)	
[2024/11/06 13:31:03] - Device: [3]	Iter: [130][150/391]	Loss 0.049 (0.053)	Prec@1 0.984 (0.982)	
[2024/11/06 13:31:11] - Device: [3]	Iter: [130][300/391]	Loss 0.031 (0.054)	Prec@1 0.984 (0.982)	
[2024/11/06 13:31:17] - Val Loss 0.2774, Val Accuracy 0.9241
[2024/11/06 13:31:19] - epoch 131 lr 1.000000e-02
[2024/11/06 13:31:19] - Device: [3]	Iter: [131][0/391]	Loss 0.037 (0.037)	Prec@1 0.984 (0.984)	
[2024/11/06 13:31:27] - Device: [3]	Iter: [131][150/391]	Loss 0.077 (0.058)	Prec@1 0.984 (0.980)	
[2024/11/06 13:31:35] - Device: [3]	Iter: [131][300/391]	Loss 0.041 (0.061)	Prec@1 0.984 (0.979)	
[2024/11/06 13:31:42] - Val Loss 0.2754, Val Accuracy 0.9217
[2024/11/06 13:31:44] - epoch 132 lr 1.000000e-02
[2024/11/06 13:31:44] - Device: [3]	Iter: [132][0/391]	Loss 0.039 (0.039)	Prec@1 0.992 (0.992)	
[2024/11/06 13:31:52] - Device: [3]	Iter: [132][150/391]	Loss 0.047 (0.050)	Prec@1 0.984 (0.983)	
[2024/11/06 13:32:00] - Device: [3]	Iter: [132][300/391]	Loss 0.090 (0.055)	Prec@1 0.969 (0.981)	
[2024/11/06 13:32:06] - Val Loss 0.3359, Val Accuracy 0.9117
[2024/11/06 13:32:09] - epoch 133 lr 1.000000e-02
[2024/11/06 13:32:09] - Device: [3]	Iter: [133][0/391]	Loss 0.032 (0.032)	Prec@1 0.984 (0.984)	
[2024/11/06 13:32:17] - Device: [3]	Iter: [133][150/391]	Loss 0.054 (0.049)	Prec@1 0.984 (0.984)	
[2024/11/06 13:32:25] - Device: [3]	Iter: [133][300/391]	Loss 0.044 (0.053)	Prec@1 0.977 (0.982)	
[2024/11/06 13:32:31] - Val Loss 0.3039, Val Accuracy 0.9157
[2024/11/06 13:32:33] - epoch 134 lr 1.000000e-02
[2024/11/06 13:32:33] - Device: [3]	Iter: [134][0/391]	Loss 0.055 (0.055)	Prec@1 0.984 (0.984)	
[2024/11/06 13:32:41] - Device: [3]	Iter: [134][150/391]	Loss 0.047 (0.046)	Prec@1 0.984 (0.985)	
[2024/11/06 13:32:49] - Device: [3]	Iter: [134][300/391]	Loss 0.046 (0.054)	Prec@1 0.977 (0.982)	
[2024/11/06 13:32:56] - Val Loss 0.2648, Val Accuracy 0.9205
[2024/11/06 13:32:57] - epoch 135 lr 1.000000e-02
[2024/11/06 13:32:58] - Device: [3]	Iter: [135][0/391]	Loss 0.034 (0.034)	Prec@1 0.992 (0.992)	
[2024/11/06 13:33:06] - Device: [3]	Iter: [135][150/391]	Loss 0.045 (0.058)	Prec@1 0.984 (0.981)	
[2024/11/06 13:33:14] - Device: [3]	Iter: [135][300/391]	Loss 0.027 (0.061)	Prec@1 0.992 (0.979)	
[2024/11/06 13:33:20] - Val Loss 0.2947, Val Accuracy 0.9136
[2024/11/06 13:33:22] - epoch 136 lr 1.000000e-02
[2024/11/06 13:33:22] - Device: [3]	Iter: [136][0/391]	Loss 0.034 (0.034)	Prec@1 0.984 (0.984)	
[2024/11/06 13:33:30] - Device: [3]	Iter: [136][150/391]	Loss 0.057 (0.060)	Prec@1 0.977 (0.980)	
[2024/11/06 13:33:38] - Device: [3]	Iter: [136][300/391]	Loss 0.164 (0.059)	Prec@1 0.945 (0.980)	
[2024/11/06 13:33:44] - Val Loss 0.2745, Val Accuracy 0.9185
[2024/11/06 13:33:47] - epoch 137 lr 1.000000e-02
[2024/11/06 13:33:47] - Device: [3]	Iter: [137][0/391]	Loss 0.083 (0.083)	Prec@1 0.984 (0.984)	
[2024/11/06 13:33:55] - Device: [3]	Iter: [137][150/391]	Loss 0.031 (0.056)	Prec@1 0.984 (0.981)	
[2024/11/06 13:34:03] - Device: [3]	Iter: [137][300/391]	Loss 0.062 (0.056)	Prec@1 0.977 (0.981)	
[2024/11/06 13:34:09] - Val Loss 0.2825, Val Accuracy 0.9221
[2024/11/06 13:34:11] - epoch 138 lr 1.000000e-02
[2024/11/06 13:34:11] - Device: [3]	Iter: [138][0/391]	Loss 0.053 (0.053)	Prec@1 0.984 (0.984)	
[2024/11/06 13:34:19] - Device: [3]	Iter: [138][150/391]	Loss 0.045 (0.057)	Prec@1 0.984 (0.981)	
[2024/11/06 13:34:27] - Device: [3]	Iter: [138][300/391]	Loss 0.072 (0.060)	Prec@1 0.969 (0.980)	
[2024/11/06 13:34:34] - Val Loss 0.3618, Val Accuracy 0.9043
[2024/11/06 13:34:35] - epoch 139 lr 1.000000e-02
[2024/11/06 13:34:36] - Device: [3]	Iter: [139][0/391]	Loss 0.054 (0.054)	Prec@1 0.977 (0.977)	
[2024/11/06 13:34:44] - Device: [3]	Iter: [139][150/391]	Loss 0.125 (0.055)	Prec@1 0.953 (0.981)	
[2024/11/06 13:34:52] - Device: [3]	Iter: [139][300/391]	Loss 0.108 (0.061)	Prec@1 0.953 (0.979)	
[2024/11/06 13:34:58] - Val Loss 0.2982, Val Accuracy 0.9170
[2024/11/06 13:35:00] - epoch 140 lr 1.000000e-02
[2024/11/06 13:35:00] - Device: [3]	Iter: [140][0/391]	Loss 0.062 (0.062)	Prec@1 0.977 (0.977)	
[2024/11/06 13:35:08] - Device: [3]	Iter: [140][150/391]	Loss 0.043 (0.055)	Prec@1 0.984 (0.982)	
[2024/11/06 13:35:16] - Device: [3]	Iter: [140][300/391]	Loss 0.051 (0.059)	Prec@1 0.977 (0.980)	
[2024/11/06 13:35:22] - Val Loss 0.3230, Val Accuracy 0.9127
[2024/11/06 13:35:25] - epoch 141 lr 1.000000e-02
[2024/11/06 13:35:25] - Device: [3]	Iter: [141][0/391]	Loss 0.047 (0.047)	Prec@1 0.984 (0.984)	
[2024/11/06 13:35:33] - Device: [3]	Iter: [141][150/391]	Loss 0.045 (0.056)	Prec@1 0.984 (0.981)	
[2024/11/06 13:35:41] - Device: [3]	Iter: [141][300/391]	Loss 0.048 (0.059)	Prec@1 0.992 (0.980)	
[2024/11/06 13:35:47] - Val Loss 0.2637, Val Accuracy 0.9240
[2024/11/06 13:35:49] - epoch 142 lr 1.000000e-02
[2024/11/06 13:35:49] - Device: [3]	Iter: [142][0/391]	Loss 0.052 (0.052)	Prec@1 0.984 (0.984)	
[2024/11/06 13:35:57] - Device: [3]	Iter: [142][150/391]	Loss 0.056 (0.048)	Prec@1 0.984 (0.984)	
[2024/11/06 13:36:05] - Device: [3]	Iter: [142][300/391]	Loss 0.072 (0.054)	Prec@1 0.984 (0.982)	
[2024/11/06 13:36:12] - Val Loss 0.3201, Val Accuracy 0.9138
[2024/11/06 13:36:13] - epoch 143 lr 1.000000e-02
[2024/11/06 13:36:14] - Device: [3]	Iter: [143][0/391]	Loss 0.050 (0.050)	Prec@1 0.984 (0.984)	
[2024/11/06 13:36:22] - Device: [3]	Iter: [143][150/391]	Loss 0.048 (0.059)	Prec@1 0.984 (0.981)	
[2024/11/06 13:36:30] - Device: [3]	Iter: [143][300/391]	Loss 0.084 (0.063)	Prec@1 0.984 (0.979)	
[2024/11/06 13:36:36] - Val Loss 0.3035, Val Accuracy 0.9166
[2024/11/06 13:36:38] - epoch 144 lr 1.000000e-02
[2024/11/06 13:36:38] - Device: [3]	Iter: [144][0/391]	Loss 0.073 (0.073)	Prec@1 0.977 (0.977)	
[2024/11/06 13:36:46] - Device: [3]	Iter: [144][150/391]	Loss 0.050 (0.064)	Prec@1 0.984 (0.978)	
[2024/11/06 13:36:54] - Device: [3]	Iter: [144][300/391]	Loss 0.091 (0.061)	Prec@1 0.961 (0.979)	
[2024/11/06 13:37:00] - Val Loss 0.3174, Val Accuracy 0.9114
[2024/11/06 13:37:03] - epoch 145 lr 1.000000e-02
[2024/11/06 13:37:04] - Device: [3]	Iter: [145][0/391]	Loss 0.066 (0.066)	Prec@1 0.969 (0.969)	
[2024/11/06 13:37:12] - Device: [3]	Iter: [145][150/391]	Loss 0.140 (0.064)	Prec@1 0.930 (0.978)	
[2024/11/06 13:37:20] - Device: [3]	Iter: [145][300/391]	Loss 0.055 (0.061)	Prec@1 0.977 (0.979)	
[2024/11/06 13:37:26] - Val Loss 0.2796, Val Accuracy 0.9208
[2024/11/06 13:37:28] - epoch 146 lr 1.000000e-02
[2024/11/06 13:37:28] - Device: [3]	Iter: [146][0/391]	Loss 0.061 (0.061)	Prec@1 0.984 (0.984)	
[2024/11/06 13:37:36] - Device: [3]	Iter: [146][150/391]	Loss 0.096 (0.062)	Prec@1 0.977 (0.979)	
[2024/11/06 13:37:44] - Device: [3]	Iter: [146][300/391]	Loss 0.035 (0.063)	Prec@1 0.984 (0.978)	
[2024/11/06 13:37:50] - Val Loss 0.2959, Val Accuracy 0.9149
[2024/11/06 13:37:52] - epoch 147 lr 1.000000e-02
[2024/11/06 13:37:52] - Device: [3]	Iter: [147][0/391]	Loss 0.091 (0.091)	Prec@1 0.977 (0.977)	
[2024/11/06 13:38:00] - Device: [3]	Iter: [147][150/391]	Loss 0.094 (0.054)	Prec@1 0.969 (0.982)	
[2024/11/06 13:38:08] - Device: [3]	Iter: [147][300/391]	Loss 0.032 (0.060)	Prec@1 1.000 (0.980)	
[2024/11/06 13:38:15] - Val Loss 0.2867, Val Accuracy 0.9195
[2024/11/06 13:38:16] - epoch 148 lr 1.000000e-02
[2024/11/06 13:38:17] - Device: [3]	Iter: [148][0/391]	Loss 0.053 (0.053)	Prec@1 0.977 (0.977)	
[2024/11/06 13:38:25] - Device: [3]	Iter: [148][150/391]	Loss 0.096 (0.058)	Prec@1 0.953 (0.979)	
[2024/11/06 13:38:33] - Device: [3]	Iter: [148][300/391]	Loss 0.083 (0.061)	Prec@1 0.961 (0.979)	
[2024/11/06 13:38:39] - Val Loss 0.3169, Val Accuracy 0.9135
[2024/11/06 13:38:41] - epoch 149 lr 1.000000e-04
[2024/11/06 13:38:41] - Device: [3]	Iter: [149][0/391]	Loss 0.053 (0.053)	Prec@1 0.984 (0.984)	
[2024/11/06 13:38:49] - Device: [3]	Iter: [149][150/391]	Loss 0.033 (0.034)	Prec@1 0.992 (0.990)	
[2024/11/06 13:38:57] - Device: [3]	Iter: [149][300/391]	Loss 0.012 (0.028)	Prec@1 1.000 (0.992)	
[2024/11/06 13:39:04] - Val Loss 0.2163, Val Accuracy 0.9410
[2024/11/06 13:39:19] - Model saved at epoch 149 with best val accuracy 0.9410
[2024/11/06 13:39:21] - epoch 150 lr 1.000000e-03
[2024/11/06 13:39:21] - Device: [3]	Iter: [150][0/391]	Loss 0.015 (0.015)	Prec@1 0.992 (0.992)	
[2024/11/06 13:39:29] - Device: [3]	Iter: [150][150/391]	Loss 0.017 (0.019)	Prec@1 0.992 (0.995)	
[2024/11/06 13:39:37] - Device: [3]	Iter: [150][300/391]	Loss 0.009 (0.017)	Prec@1 1.000 (0.996)	
[2024/11/06 13:39:43] - Val Loss 0.2100, Val Accuracy 0.9435
[2024/11/06 13:39:45] - Model saved at epoch 150 with best val accuracy 0.9435
[2024/11/06 13:39:47] - epoch 151 lr 1.000000e-03
[2024/11/06 13:39:47] - Device: [3]	Iter: [151][0/391]	Loss 0.008 (0.008)	Prec@1 1.000 (1.000)	
[2024/11/06 13:39:55] - Device: [3]	Iter: [151][150/391]	Loss 0.007 (0.013)	Prec@1 1.000 (0.997)	
[2024/11/06 13:40:03] - Device: [3]	Iter: [151][300/391]	Loss 0.009 (0.013)	Prec@1 1.000 (0.997)	
[2024/11/06 13:40:09] - Val Loss 0.2106, Val Accuracy 0.9439
[2024/11/06 13:40:11] - Model saved at epoch 151 with best val accuracy 0.9439
[2024/11/06 13:40:13] - epoch 152 lr 1.000000e-03
[2024/11/06 13:40:13] - Device: [3]	Iter: [152][0/391]	Loss 0.008 (0.008)	Prec@1 1.000 (1.000)	
[2024/11/06 13:40:21] - Device: [3]	Iter: [152][150/391]	Loss 0.011 (0.010)	Prec@1 0.992 (0.998)	
[2024/11/06 13:40:29] - Device: [3]	Iter: [152][300/391]	Loss 0.013 (0.010)	Prec@1 1.000 (0.998)	
[2024/11/06 13:40:35] - Val Loss 0.2073, Val Accuracy 0.9441
[2024/11/06 13:40:41] - Model saved at epoch 152 with best val accuracy 0.9441
[2024/11/06 13:40:42] - epoch 153 lr 1.000000e-03
[2024/11/06 13:40:43] - Device: [3]	Iter: [153][0/391]	Loss 0.012 (0.012)	Prec@1 0.992 (0.992)	
[2024/11/06 13:40:51] - Device: [3]	Iter: [153][150/391]	Loss 0.014 (0.009)	Prec@1 0.992 (0.998)	
[2024/11/06 13:40:59] - Device: [3]	Iter: [153][300/391]	Loss 0.005 (0.009)	Prec@1 1.000 (0.998)	
[2024/11/06 13:41:05] - Val Loss 0.2094, Val Accuracy 0.9454
[2024/11/06 13:41:07] - Model saved at epoch 153 with best val accuracy 0.9454
[2024/11/06 13:41:08] - epoch 154 lr 1.000000e-03
[2024/11/06 13:41:09] - Device: [3]	Iter: [154][0/391]	Loss 0.013 (0.013)	Prec@1 0.992 (0.992)	
[2024/11/06 13:41:17] - Device: [3]	Iter: [154][150/391]	Loss 0.006 (0.008)	Prec@1 1.000 (0.998)	
[2024/11/06 13:41:25] - Device: [3]	Iter: [154][300/391]	Loss 0.004 (0.008)	Prec@1 1.000 (0.998)	
[2024/11/06 13:41:31] - Val Loss 0.2075, Val Accuracy 0.9454
[2024/11/06 13:41:33] - epoch 155 lr 1.000000e-03
[2024/11/06 13:41:33] - Device: [3]	Iter: [155][0/391]	Loss 0.003 (0.003)	Prec@1 1.000 (1.000)	
[2024/11/06 13:41:41] - Device: [3]	Iter: [155][150/391]	Loss 0.008 (0.008)	Prec@1 1.000 (0.998)	
[2024/11/06 13:41:49] - Device: [3]	Iter: [155][300/391]	Loss 0.003 (0.008)	Prec@1 1.000 (0.999)	
[2024/11/06 13:41:55] - Val Loss 0.2080, Val Accuracy 0.9460
[2024/11/06 13:41:57] - Model saved at epoch 155 with best val accuracy 0.9460
[2024/11/06 13:41:59] - epoch 156 lr 1.000000e-03
[2024/11/06 13:41:59] - Device: [3]	Iter: [156][0/391]	Loss 0.006 (0.006)	Prec@1 1.000 (1.000)	
[2024/11/06 13:42:07] - Device: [3]	Iter: [156][150/391]	Loss 0.002 (0.006)	Prec@1 1.000 (0.999)	
[2024/11/06 13:42:15] - Device: [3]	Iter: [156][300/391]	Loss 0.010 (0.007)	Prec@1 1.000 (0.999)	
[2024/11/06 13:42:22] - Val Loss 0.2061, Val Accuracy 0.9463
[2024/11/06 13:42:23] - Model saved at epoch 156 with best val accuracy 0.9463
[2024/11/06 13:42:25] - epoch 157 lr 1.000000e-03
[2024/11/06 13:42:25] - Device: [3]	Iter: [157][0/391]	Loss 0.007 (0.007)	Prec@1 1.000 (1.000)	
[2024/11/06 13:42:33] - Device: [3]	Iter: [157][150/391]	Loss 0.029 (0.007)	Prec@1 0.992 (0.999)	
[2024/11/06 13:42:41] - Device: [3]	Iter: [157][300/391]	Loss 0.002 (0.007)	Prec@1 1.000 (0.999)	
[2024/11/06 13:42:48] - Val Loss 0.2047, Val Accuracy 0.9474
[2024/11/06 13:42:49] - Model saved at epoch 157 with best val accuracy 0.9474
[2024/11/06 13:42:51] - epoch 158 lr 1.000000e-03
[2024/11/06 13:42:51] - Device: [3]	Iter: [158][0/391]	Loss 0.002 (0.002)	Prec@1 1.000 (1.000)	
[2024/11/06 13:42:59] - Device: [3]	Iter: [158][150/391]	Loss 0.003 (0.007)	Prec@1 1.000 (0.999)	
[2024/11/06 13:43:07] - Device: [3]	Iter: [158][300/391]	Loss 0.010 (0.006)	Prec@1 1.000 (0.999)	
[2024/11/06 13:43:14] - Val Loss 0.2080, Val Accuracy 0.9471
[2024/11/06 13:43:16] - epoch 159 lr 1.000000e-03
[2024/11/06 13:43:16] - Device: [3]	Iter: [159][0/391]	Loss 0.007 (0.007)	Prec@1 1.000 (1.000)	
[2024/11/06 13:43:24] - Device: [3]	Iter: [159][150/391]	Loss 0.003 (0.005)	Prec@1 1.000 (0.999)	
[2024/11/06 13:43:32] - Device: [3]	Iter: [159][300/391]	Loss 0.004 (0.005)	Prec@1 1.000 (0.999)	
[2024/11/06 13:43:38] - Val Loss 0.2054, Val Accuracy 0.9482
[2024/11/06 13:43:40] - Model saved at epoch 159 with best val accuracy 0.9482
[2024/11/06 13:43:42] - epoch 160 lr 1.000000e-03
[2024/11/06 13:43:42] - Device: [3]	Iter: [160][0/391]	Loss 0.002 (0.002)	Prec@1 1.000 (1.000)	
[2024/11/06 13:43:50] - Device: [3]	Iter: [160][150/391]	Loss 0.001 (0.006)	Prec@1 1.000 (0.999)	
[2024/11/06 13:43:58] - Device: [3]	Iter: [160][300/391]	Loss 0.002 (0.006)	Prec@1 1.000 (0.999)	
[2024/11/06 13:44:04] - Val Loss 0.2057, Val Accuracy 0.9478
[2024/11/06 13:44:06] - epoch 161 lr 1.000000e-03
[2024/11/06 13:44:06] - Device: [3]	Iter: [161][0/391]	Loss 0.012 (0.012)	Prec@1 1.000 (1.000)	
[2024/11/06 13:44:14] - Device: [3]	Iter: [161][150/391]	Loss 0.003 (0.006)	Prec@1 1.000 (0.999)	
[2024/11/06 13:44:22] - Device: [3]	Iter: [161][300/391]	Loss 0.006 (0.006)	Prec@1 1.000 (0.999)	
[2024/11/06 13:44:29] - Val Loss 0.2065, Val Accuracy 0.9472
[2024/11/06 13:44:30] - epoch 162 lr 1.000000e-03
[2024/11/06 13:44:31] - Device: [3]	Iter: [162][0/391]	Loss 0.004 (0.004)	Prec@1 1.000 (1.000)	
[2024/11/06 13:44:39] - Device: [3]	Iter: [162][150/391]	Loss 0.004 (0.004)	Prec@1 1.000 (1.000)	
[2024/11/06 13:44:47] - Device: [3]	Iter: [162][300/391]	Loss 0.002 (0.005)	Prec@1 1.000 (0.999)	
[2024/11/06 13:44:53] - Val Loss 0.2088, Val Accuracy 0.9476
[2024/11/06 13:44:55] - epoch 163 lr 1.000000e-03
[2024/11/06 13:44:55] - Device: [3]	Iter: [163][0/391]	Loss 0.005 (0.005)	Prec@1 1.000 (1.000)	
[2024/11/06 13:45:03] - Device: [3]	Iter: [163][150/391]	Loss 0.018 (0.005)	Prec@1 0.992 (0.999)	
[2024/11/06 13:45:11] - Device: [3]	Iter: [163][300/391]	Loss 0.004 (0.005)	Prec@1 1.000 (0.999)	
[2024/11/06 13:45:17] - Val Loss 0.2079, Val Accuracy 0.9464
[2024/11/06 13:45:19] - epoch 164 lr 1.000000e-03
[2024/11/06 13:45:19] - Device: [3]	Iter: [164][0/391]	Loss 0.003 (0.003)	Prec@1 1.000 (1.000)	
[2024/11/06 13:45:27] - Device: [3]	Iter: [164][150/391]	Loss 0.003 (0.005)	Prec@1 1.000 (0.999)	
[2024/11/06 13:45:35] - Device: [3]	Iter: [164][300/391]	Loss 0.001 (0.005)	Prec@1 1.000 (0.999)	
[2024/11/06 13:45:42] - Val Loss 0.2093, Val Accuracy 0.9481
[2024/11/06 13:45:43] - epoch 165 lr 1.000000e-03
[2024/11/06 13:45:44] - Device: [3]	Iter: [165][0/391]	Loss 0.002 (0.002)	Prec@1 1.000 (1.000)	
[2024/11/06 13:45:52] - Device: [3]	Iter: [165][150/391]	Loss 0.002 (0.004)	Prec@1 1.000 (0.999)	
[2024/11/06 13:46:00] - Device: [3]	Iter: [165][300/391]	Loss 0.002 (0.005)	Prec@1 1.000 (0.999)	
[2024/11/06 13:46:06] - Val Loss 0.2113, Val Accuracy 0.9481
[2024/11/06 13:46:08] - epoch 166 lr 1.000000e-03
[2024/11/06 13:46:08] - Device: [3]	Iter: [166][0/391]	Loss 0.005 (0.005)	Prec@1 1.000 (1.000)	
[2024/11/06 13:46:16] - Device: [3]	Iter: [166][150/391]	Loss 0.002 (0.005)	Prec@1 1.000 (0.999)	
[2024/11/06 13:46:24] - Device: [3]	Iter: [166][300/391]	Loss 0.001 (0.005)	Prec@1 1.000 (0.999)	
[2024/11/06 13:46:30] - Val Loss 0.2099, Val Accuracy 0.9472
[2024/11/06 13:46:32] - epoch 167 lr 1.000000e-03
[2024/11/06 13:46:32] - Device: [3]	Iter: [167][0/391]	Loss 0.002 (0.002)	Prec@1 1.000 (1.000)	
[2024/11/06 13:46:40] - Device: [3]	Iter: [167][150/391]	Loss 0.005 (0.004)	Prec@1 1.000 (0.999)	
[2024/11/06 13:46:48] - Device: [3]	Iter: [167][300/391]	Loss 0.002 (0.004)	Prec@1 1.000 (0.999)	
[2024/11/06 13:46:55] - Val Loss 0.2094, Val Accuracy 0.9479
[2024/11/06 13:46:56] - epoch 168 lr 1.000000e-03
[2024/11/06 13:46:57] - Device: [3]	Iter: [168][0/391]	Loss 0.002 (0.002)	Prec@1 1.000 (1.000)	
[2024/11/06 13:47:05] - Device: [3]	Iter: [168][150/391]	Loss 0.004 (0.004)	Prec@1 1.000 (0.999)	
[2024/11/06 13:47:13] - Device: [3]	Iter: [168][300/391]	Loss 0.002 (0.004)	Prec@1 1.000 (0.999)	
[2024/11/06 13:47:19] - Val Loss 0.2064, Val Accuracy 0.9474
[2024/11/06 13:47:21] - epoch 169 lr 1.000000e-03
[2024/11/06 13:47:21] - Device: [3]	Iter: [169][0/391]	Loss 0.002 (0.002)	Prec@1 1.000 (1.000)	
[2024/11/06 13:47:29] - Device: [3]	Iter: [169][150/391]	Loss 0.001 (0.004)	Prec@1 1.000 (1.000)	
[2024/11/06 13:47:37] - Device: [3]	Iter: [169][300/391]	Loss 0.002 (0.004)	Prec@1 1.000 (1.000)	
[2024/11/06 13:47:43] - Val Loss 0.2072, Val Accuracy 0.9468
[2024/11/06 13:47:47] - epoch 170 lr 1.000000e-03
[2024/11/06 13:47:47] - Device: [3]	Iter: [170][0/391]	Loss 0.002 (0.002)	Prec@1 1.000 (1.000)	
[2024/11/06 13:47:55] - Device: [3]	Iter: [170][150/391]	Loss 0.002 (0.004)	Prec@1 1.000 (0.999)	
[2024/11/06 13:48:03] - Device: [3]	Iter: [170][300/391]	Loss 0.005 (0.004)	Prec@1 1.000 (0.999)	
[2024/11/06 13:48:09] - Val Loss 0.2093, Val Accuracy 0.9469
[2024/11/06 13:48:12] - epoch 171 lr 1.000000e-03
[2024/11/06 13:48:12] - Device: [3]	Iter: [171][0/391]	Loss 0.006 (0.006)	Prec@1 1.000 (1.000)	
[2024/11/06 13:48:20] - Device: [3]	Iter: [171][150/391]	Loss 0.002 (0.004)	Prec@1 1.000 (1.000)	
[2024/11/06 13:48:28] - Device: [3]	Iter: [171][300/391]	Loss 0.001 (0.004)	Prec@1 1.000 (1.000)	
[2024/11/06 13:48:34] - Val Loss 0.2068, Val Accuracy 0.9485
[2024/11/06 13:48:37] - Model saved at epoch 171 with best val accuracy 0.9485
[2024/11/06 13:48:40] - epoch 172 lr 1.000000e-03
[2024/11/06 13:48:40] - Device: [3]	Iter: [172][0/391]	Loss 0.002 (0.002)	Prec@1 1.000 (1.000)	
[2024/11/06 13:48:48] - Device: [3]	Iter: [172][150/391]	Loss 0.006 (0.003)	Prec@1 1.000 (1.000)	
[2024/11/06 13:48:56] - Device: [3]	Iter: [172][300/391]	Loss 0.001 (0.003)	Prec@1 1.000 (1.000)	
[2024/11/06 13:49:03] - Val Loss 0.2087, Val Accuracy 0.9476
[2024/11/06 13:49:05] - epoch 173 lr 1.000000e-03
[2024/11/06 13:49:05] - Device: [3]	Iter: [173][0/391]	Loss 0.001 (0.001)	Prec@1 1.000 (1.000)	
[2024/11/06 13:49:13] - Device: [3]	Iter: [173][150/391]	Loss 0.004 (0.003)	Prec@1 1.000 (1.000)	
[2024/11/06 13:49:21] - Device: [3]	Iter: [173][300/391]	Loss 0.002 (0.003)	Prec@1 1.000 (1.000)	
[2024/11/06 13:49:28] - Val Loss 0.2077, Val Accuracy 0.9480
[2024/11/06 13:49:30] - epoch 174 lr 1.000000e-03
[2024/11/06 13:49:30] - Device: [3]	Iter: [174][0/391]	Loss 0.003 (0.003)	Prec@1 1.000 (1.000)	
[2024/11/06 13:49:38] - Device: [3]	Iter: [174][150/391]	Loss 0.001 (0.003)	Prec@1 1.000 (1.000)	
[2024/11/06 13:49:46] - Device: [3]	Iter: [174][300/391]	Loss 0.003 (0.003)	Prec@1 1.000 (1.000)	
[2024/11/06 13:49:52] - Val Loss 0.2076, Val Accuracy 0.9482
[2024/11/06 13:49:55] - epoch 175 lr 1.000000e-03
[2024/11/06 13:49:55] - Device: [3]	Iter: [175][0/391]	Loss 0.002 (0.002)	Prec@1 1.000 (1.000)	
[2024/11/06 13:50:03] - Device: [3]	Iter: [175][150/391]	Loss 0.002 (0.003)	Prec@1 1.000 (1.000)	
[2024/11/06 13:50:11] - Device: [3]	Iter: [175][300/391]	Loss 0.001 (0.003)	Prec@1 1.000 (1.000)	
[2024/11/06 13:50:18] - Val Loss 0.2081, Val Accuracy 0.9491
[2024/11/06 13:50:20] - Model saved at epoch 175 with best val accuracy 0.9491
[2024/11/06 13:50:23] - epoch 176 lr 1.000000e-03
[2024/11/06 13:50:23] - Device: [3]	Iter: [176][0/391]	Loss 0.001 (0.001)	Prec@1 1.000 (1.000)	
[2024/11/06 13:50:31] - Device: [3]	Iter: [176][150/391]	Loss 0.002 (0.003)	Prec@1 1.000 (1.000)	
[2024/11/06 13:50:39] - Device: [3]	Iter: [176][300/391]	Loss 0.004 (0.003)	Prec@1 1.000 (0.999)	
[2024/11/06 13:50:45] - Val Loss 0.2106, Val Accuracy 0.9474
[2024/11/06 13:50:47] - epoch 177 lr 1.000000e-03
[2024/11/06 13:50:48] - Device: [3]	Iter: [177][0/391]	Loss 0.004 (0.004)	Prec@1 1.000 (1.000)	
[2024/11/06 13:50:56] - Device: [3]	Iter: [177][150/391]	Loss 0.001 (0.003)	Prec@1 1.000 (1.000)	
[2024/11/06 13:51:03] - Device: [3]	Iter: [177][300/391]	Loss 0.003 (0.003)	Prec@1 1.000 (1.000)	
[2024/11/06 13:51:10] - Val Loss 0.2073, Val Accuracy 0.9485
[2024/11/06 13:51:13] - epoch 178 lr 1.000000e-03
[2024/11/06 13:51:13] - Device: [3]	Iter: [178][0/391]	Loss 0.004 (0.004)	Prec@1 1.000 (1.000)	
[2024/11/06 13:51:21] - Device: [3]	Iter: [178][150/391]	Loss 0.007 (0.004)	Prec@1 1.000 (0.999)	
[2024/11/06 13:51:29] - Device: [3]	Iter: [178][300/391]	Loss 0.003 (0.003)	Prec@1 1.000 (1.000)	
[2024/11/06 13:51:36] - Val Loss 0.2068, Val Accuracy 0.9489
[2024/11/06 13:51:38] - epoch 179 lr 1.000000e-03
[2024/11/06 13:51:38] - Device: [3]	Iter: [179][0/391]	Loss 0.001 (0.001)	Prec@1 1.000 (1.000)	
[2024/11/06 13:51:46] - Device: [3]	Iter: [179][150/391]	Loss 0.002 (0.003)	Prec@1 1.000 (0.999)	
[2024/11/06 13:51:54] - Device: [3]	Iter: [179][300/391]	Loss 0.001 (0.003)	Prec@1 1.000 (1.000)	
[2024/11/06 13:52:01] - Val Loss 0.2081, Val Accuracy 0.9485
[2024/11/06 13:52:02] - epoch 180 lr 1.000000e-03
[2024/11/06 13:52:03] - Device: [3]	Iter: [180][0/391]	Loss 0.001 (0.001)	Prec@1 1.000 (1.000)	
[2024/11/06 13:52:11] - Device: [3]	Iter: [180][150/391]	Loss 0.004 (0.003)	Prec@1 1.000 (1.000)	
[2024/11/06 13:52:19] - Device: [3]	Iter: [180][300/391]	Loss 0.001 (0.003)	Prec@1 1.000 (1.000)	
[2024/11/06 13:52:25] - Val Loss 0.2088, Val Accuracy 0.9492
[2024/11/06 13:52:27] - Model saved at epoch 180 with best val accuracy 0.9492
[2024/11/06 13:52:28] - epoch 181 lr 1.000000e-03
[2024/11/06 13:52:29] - Device: [3]	Iter: [181][0/391]	Loss 0.006 (0.006)	Prec@1 1.000 (1.000)	
[2024/11/06 13:52:37] - Device: [3]	Iter: [181][150/391]	Loss 0.003 (0.003)	Prec@1 1.000 (1.000)	
[2024/11/06 13:52:45] - Device: [3]	Iter: [181][300/391]	Loss 0.001 (0.003)	Prec@1 1.000 (1.000)	
[2024/11/06 13:52:51] - Val Loss 0.2062, Val Accuracy 0.9488
[2024/11/06 13:52:53] - epoch 182 lr 1.000000e-03
[2024/11/06 13:52:53] - Device: [3]	Iter: [182][0/391]	Loss 0.001 (0.001)	Prec@1 1.000 (1.000)	
[2024/11/06 13:53:01] - Device: [3]	Iter: [182][150/391]	Loss 0.007 (0.003)	Prec@1 0.992 (1.000)	
[2024/11/06 13:53:09] - Device: [3]	Iter: [182][300/391]	Loss 0.001 (0.003)	Prec@1 1.000 (1.000)	
[2024/11/06 13:53:15] - Val Loss 0.2074, Val Accuracy 0.9477
[2024/11/06 13:53:17] - epoch 183 lr 1.000000e-03
[2024/11/06 13:53:17] - Device: [3]	Iter: [183][0/391]	Loss 0.001 (0.001)	Prec@1 1.000 (1.000)	
[2024/11/06 13:53:25] - Device: [3]	Iter: [183][150/391]	Loss 0.001 (0.003)	Prec@1 1.000 (1.000)	
[2024/11/06 13:53:33] - Device: [3]	Iter: [183][300/391]	Loss 0.001 (0.003)	Prec@1 1.000 (1.000)	
[2024/11/06 13:53:40] - Val Loss 0.2089, Val Accuracy 0.9488
[2024/11/06 13:53:42] - epoch 184 lr 1.000000e-03
[2024/11/06 13:53:42] - Device: [3]	Iter: [184][0/391]	Loss 0.002 (0.002)	Prec@1 1.000 (1.000)	
[2024/11/06 13:53:50] - Device: [3]	Iter: [184][150/391]	Loss 0.001 (0.003)	Prec@1 1.000 (1.000)	
[2024/11/06 13:53:58] - Device: [3]	Iter: [184][300/391]	Loss 0.001 (0.003)	Prec@1 1.000 (1.000)	
[2024/11/06 13:54:04] - Val Loss 0.2039, Val Accuracy 0.9493
[2024/11/06 13:54:08] - Model saved at epoch 184 with best val accuracy 0.9493
[2024/11/06 13:54:10] - epoch 185 lr 1.000000e-03
[2024/11/06 13:54:10] - Device: [3]	Iter: [185][0/391]	Loss 0.004 (0.004)	Prec@1 1.000 (1.000)	
[2024/11/06 13:54:18] - Device: [3]	Iter: [185][150/391]	Loss 0.001 (0.003)	Prec@1 1.000 (1.000)	
[2024/11/06 13:54:26] - Device: [3]	Iter: [185][300/391]	Loss 0.001 (0.003)	Prec@1 1.000 (1.000)	
[2024/11/06 13:54:32] - Val Loss 0.2057, Val Accuracy 0.9497
[2024/11/06 13:54:34] - Model saved at epoch 185 with best val accuracy 0.9497
[2024/11/06 13:54:36] - epoch 186 lr 1.000000e-03
[2024/11/06 13:54:36] - Device: [3]	Iter: [186][0/391]	Loss 0.002 (0.002)	Prec@1 1.000 (1.000)	
[2024/11/06 13:54:44] - Device: [3]	Iter: [186][150/391]	Loss 0.004 (0.002)	Prec@1 1.000 (1.000)	
[2024/11/06 13:54:52] - Device: [3]	Iter: [186][300/391]	Loss 0.001 (0.003)	Prec@1 1.000 (1.000)	
[2024/11/06 13:54:58] - Val Loss 0.2057, Val Accuracy 0.9498
[2024/11/06 13:55:00] - Model saved at epoch 186 with best val accuracy 0.9498
[2024/11/06 13:55:02] - epoch 187 lr 1.000000e-03
[2024/11/06 13:55:02] - Device: [3]	Iter: [187][0/391]	Loss 0.002 (0.002)	Prec@1 1.000 (1.000)	
[2024/11/06 13:55:10] - Device: [3]	Iter: [187][150/391]	Loss 0.001 (0.002)	Prec@1 1.000 (1.000)	
[2024/11/06 13:55:18] - Device: [3]	Iter: [187][300/391]	Loss 0.002 (0.002)	Prec@1 1.000 (1.000)	
[2024/11/06 13:55:25] - Val Loss 0.2078, Val Accuracy 0.9499
[2024/11/06 13:55:26] - Model saved at epoch 187 with best val accuracy 0.9499
[2024/11/06 13:55:28] - epoch 188 lr 1.000000e-03
[2024/11/06 13:55:28] - Device: [3]	Iter: [188][0/391]	Loss 0.002 (0.002)	Prec@1 1.000 (1.000)	
[2024/11/06 13:55:36] - Device: [3]	Iter: [188][150/391]	Loss 0.001 (0.003)	Prec@1 1.000 (1.000)	
[2024/11/06 13:55:44] - Device: [3]	Iter: [188][300/391]	Loss 0.001 (0.002)	Prec@1 1.000 (1.000)	
[2024/11/06 13:55:51] - Val Loss 0.2061, Val Accuracy 0.9489
[2024/11/06 13:55:53] - epoch 189 lr 1.000000e-03
[2024/11/06 13:55:53] - Device: [3]	Iter: [189][0/391]	Loss 0.004 (0.004)	Prec@1 1.000 (1.000)	
[2024/11/06 13:56:01] - Device: [3]	Iter: [189][150/391]	Loss 0.001 (0.003)	Prec@1 1.000 (1.000)	
[2024/11/06 13:56:09] - Device: [3]	Iter: [189][300/391]	Loss 0.004 (0.003)	Prec@1 1.000 (1.000)	
[2024/11/06 13:56:15] - Val Loss 0.2044, Val Accuracy 0.9491
[2024/11/06 13:56:17] - epoch 190 lr 1.000000e-03
[2024/11/06 13:56:17] - Device: [3]	Iter: [190][0/391]	Loss 0.013 (0.013)	Prec@1 0.992 (0.992)	
[2024/11/06 13:56:25] - Device: [3]	Iter: [190][150/391]	Loss 0.003 (0.002)	Prec@1 1.000 (1.000)	
[2024/11/06 13:56:33] - Device: [3]	Iter: [190][300/391]	Loss 0.001 (0.002)	Prec@1 1.000 (1.000)	
[2024/11/06 13:56:39] - Val Loss 0.2070, Val Accuracy 0.9491
[2024/11/06 13:56:41] - epoch 191 lr 1.000000e-03
[2024/11/06 13:56:42] - Device: [3]	Iter: [191][0/391]	Loss 0.001 (0.001)	Prec@1 1.000 (1.000)	
[2024/11/06 13:56:50] - Device: [3]	Iter: [191][150/391]	Loss 0.001 (0.002)	Prec@1 1.000 (1.000)	
[2024/11/06 13:56:57] - Device: [3]	Iter: [191][300/391]	Loss 0.001 (0.002)	Prec@1 1.000 (1.000)	
[2024/11/06 13:57:04] - Val Loss 0.2055, Val Accuracy 0.9487
[2024/11/06 13:57:06] - epoch 192 lr 1.000000e-03
[2024/11/06 13:57:06] - Device: [3]	Iter: [192][0/391]	Loss 0.003 (0.003)	Prec@1 1.000 (1.000)	
[2024/11/06 13:57:14] - Device: [3]	Iter: [192][150/391]	Loss 0.001 (0.002)	Prec@1 1.000 (1.000)	
[2024/11/06 13:57:22] - Device: [3]	Iter: [192][300/391]	Loss 0.000 (0.002)	Prec@1 1.000 (1.000)	
[2024/11/06 13:57:28] - Val Loss 0.2073, Val Accuracy 0.9486
[2024/11/06 13:57:30] - epoch 193 lr 1.000000e-03
[2024/11/06 13:57:31] - Device: [3]	Iter: [193][0/391]	Loss 0.002 (0.002)	Prec@1 1.000 (1.000)	
[2024/11/06 13:57:39] - Device: [3]	Iter: [193][150/391]	Loss 0.008 (0.003)	Prec@1 1.000 (1.000)	
[2024/11/06 13:57:47] - Device: [3]	Iter: [193][300/391]	Loss 0.001 (0.003)	Prec@1 1.000 (1.000)	
[2024/11/06 13:57:53] - Val Loss 0.2119, Val Accuracy 0.9495
[2024/11/06 13:57:56] - epoch 194 lr 1.000000e-03
[2024/11/06 13:57:57] - Device: [3]	Iter: [194][0/391]	Loss 0.001 (0.001)	Prec@1 1.000 (1.000)	
[2024/11/06 13:58:05] - Device: [3]	Iter: [194][150/391]	Loss 0.002 (0.002)	Prec@1 1.000 (1.000)	
[2024/11/06 13:58:13] - Device: [3]	Iter: [194][300/391]	Loss 0.001 (0.002)	Prec@1 1.000 (1.000)	
[2024/11/06 13:58:19] - Val Loss 0.2097, Val Accuracy 0.9495
[2024/11/06 13:58:22] - epoch 195 lr 1.000000e-03
[2024/11/06 13:58:22] - Device: [3]	Iter: [195][0/391]	Loss 0.002 (0.002)	Prec@1 1.000 (1.000)	
[2024/11/06 13:58:30] - Device: [3]	Iter: [195][150/391]	Loss 0.003 (0.002)	Prec@1 1.000 (1.000)	
[2024/11/06 13:58:38] - Device: [3]	Iter: [195][300/391]	Loss 0.001 (0.002)	Prec@1 1.000 (1.000)	
[2024/11/06 13:58:44] - Val Loss 0.2069, Val Accuracy 0.9497
[2024/11/06 13:58:46] - epoch 196 lr 1.000000e-03
[2024/11/06 13:58:46] - Device: [3]	Iter: [196][0/391]	Loss 0.004 (0.004)	Prec@1 1.000 (1.000)	
[2024/11/06 13:58:54] - Device: [3]	Iter: [196][150/391]	Loss 0.001 (0.002)	Prec@1 1.000 (1.000)	
[2024/11/06 13:59:02] - Device: [3]	Iter: [196][300/391]	Loss 0.001 (0.002)	Prec@1 1.000 (1.000)	
[2024/11/06 13:59:08] - Val Loss 0.2068, Val Accuracy 0.9503
[2024/11/06 13:59:10] - Model saved at epoch 196 with best val accuracy 0.9503
[2024/11/06 13:59:12] - epoch 197 lr 1.000000e-03
[2024/11/06 13:59:12] - Device: [3]	Iter: [197][0/391]	Loss 0.002 (0.002)	Prec@1 1.000 (1.000)	
[2024/11/06 13:59:20] - Device: [3]	Iter: [197][150/391]	Loss 0.002 (0.002)	Prec@1 1.000 (1.000)	
[2024/11/06 13:59:28] - Device: [3]	Iter: [197][300/391]	Loss 0.001 (0.002)	Prec@1 1.000 (1.000)	
[2024/11/06 13:59:35] - Val Loss 0.2086, Val Accuracy 0.9503
[2024/11/06 13:59:36] - epoch 198 lr 1.000000e-03
[2024/11/06 13:59:37] - Device: [3]	Iter: [198][0/391]	Loss 0.001 (0.001)	Prec@1 1.000 (1.000)	
[2024/11/06 13:59:45] - Device: [3]	Iter: [198][150/391]	Loss 0.001 (0.002)	Prec@1 1.000 (1.000)	
[2024/11/06 13:59:53] - Device: [3]	Iter: [198][300/391]	Loss 0.001 (0.002)	Prec@1 1.000 (1.000)	
[2024/11/06 13:59:59] - Val Loss 0.2103, Val Accuracy 0.9491
[2024/11/06 14:00:01] - epoch 199 lr 1.000000e-03
[2024/11/06 14:00:01] - Device: [3]	Iter: [199][0/391]	Loss 0.001 (0.001)	Prec@1 1.000 (1.000)	
[2024/11/06 14:00:09] - Device: [3]	Iter: [199][150/391]	Loss 0.003 (0.003)	Prec@1 1.000 (1.000)	
[2024/11/06 14:00:17] - Device: [3]	Iter: [199][300/391]	Loss 0.002 (0.003)	Prec@1 1.000 (1.000)	
[2024/11/06 14:00:23] - Val Loss 0.2080, Val Accuracy 0.9494
[2024/11/06 14:00:25] - Training completed in 83.25 minutes.
