[2024/11/06 04:30:06] - Namespace(batch_size=128, data_dir='./data/', dataset='cifar10', epochs=200, network='VGG16', worker=4, lr_schedule='multistep', lr_min=0.0, lr_max=0.1, weight_decay=0.0005, momentum=0.9, residual=False, validation=False, augs=['RandomCrop', 'RandomHorizontalFlip'], save_dir='ckpt/cifar10/VGG16/best_result', seed=0, device='3', debug_mode=False, num_classes=10)
[2024/11/06 04:30:06] - Devices: [1]
[2024/11/06 04:30:07] - DataParallel(
  (module): VGG(
    (features): Sequential(
      (0): Conv2d(3, 64, kernel_size=(3, 3), stride=(1, 1), padding=(1, 1), bias=False)
      (1): BatchNorm2d(64, eps=1e-05, momentum=0.1, affine=True, track_running_stats=True)
      (2): ReLU(inplace=True)
      (3): Conv2d(64, 64, kernel_size=(3, 3), stride=(1, 1), padding=(1, 1), bias=False)
      (4): BatchNorm2d(64, eps=1e-05, momentum=0.1, affine=True, track_running_stats=True)
      (5): ReLU(inplace=True)
      (6): MaxPool2d(kernel_size=2, stride=2, padding=0, dilation=1, ceil_mode=False)
      (7): Conv2d(64, 128, kernel_size=(3, 3), stride=(1, 1), padding=(1, 1), bias=False)
      (8): BatchNorm2d(128, eps=1e-05, momentum=0.1, affine=True, track_running_stats=True)
      (9): ReLU(inplace=True)
      (10): Conv2d(128, 128, kernel_size=(3, 3), stride=(1, 1), padding=(1, 1), bias=False)
      (11): BatchNorm2d(128, eps=1e-05, momentum=0.1, affine=True, track_running_stats=True)
      (12): ReLU(inplace=True)
      (13): MaxPool2d(kernel_size=2, stride=2, padding=0, dilation=1, ceil_mode=False)
      (14): Conv2d(128, 256, kernel_size=(3, 3), stride=(1, 1), padding=(1, 1), bias=False)
      (15): BatchNorm2d(256, eps=1e-05, momentum=0.1, affine=True, track_running_stats=True)
      (16): ReLU(inplace=True)
      (17): Conv2d(256, 256, kernel_size=(3, 3), stride=(1, 1), padding=(1, 1), bias=False)
      (18): BatchNorm2d(256, eps=1e-05, momentum=0.1, affine=True, track_running_stats=True)
      (19): ReLU(inplace=True)
      (20): Conv2d(256, 256, kernel_size=(3, 3), stride=(1, 1), padding=(1, 1), bias=False)
      (21): BatchNorm2d(256, eps=1e-05, momentum=0.1, affine=True, track_running_stats=True)
      (22): ReLU(inplace=True)
      (23): MaxPool2d(kernel_size=2, stride=2, padding=0, dilation=1, ceil_mode=False)
      (24): Conv2d(256, 512, kernel_size=(3, 3), stride=(1, 1), padding=(1, 1), bias=False)
      (25): BatchNorm2d(512, eps=1e-05, momentum=0.1, affine=True, track_running_stats=True)
      (26): ReLU(inplace=True)
      (27): Conv2d(512, 512, kernel_size=(3, 3), stride=(1, 1), padding=(1, 1), bias=False)
      (28): BatchNorm2d(512, eps=1e-05, momentum=0.1, affine=True, track_running_stats=True)
      (29): ReLU(inplace=True)
      (30): Conv2d(512, 512, kernel_size=(3, 3), stride=(1, 1), padding=(1, 1), bias=False)
      (31): BatchNorm2d(512, eps=1e-05, momentum=0.1, affine=True, track_running_stats=True)
      (32): ReLU(inplace=True)
      (33): MaxPool2d(kernel_size=2, stride=2, padding=0, dilation=1, ceil_mode=False)
      (34): Conv2d(512, 512, kernel_size=(3, 3), stride=(1, 1), padding=(1, 1), bias=False)
      (35): BatchNorm2d(512, eps=1e-05, momentum=0.1, affine=True, track_running_stats=True)
      (36): ReLU(inplace=True)
      (37): Conv2d(512, 512, kernel_size=(3, 3), stride=(1, 1), padding=(1, 1), bias=False)
      (38): BatchNorm2d(512, eps=1e-05, momentum=0.1, affine=True, track_running_stats=True)
      (39): ReLU(inplace=True)
      (40): Conv2d(512, 512, kernel_size=(3, 3), stride=(1, 1), padding=(1, 1), bias=False)
      (41): BatchNorm2d(512, eps=1e-05, momentum=0.1, affine=True, track_running_stats=True)
      (42): ReLU(inplace=True)
      (43): MaxPool2d(kernel_size=2, stride=2, padding=0, dilation=1, ceil_mode=False)
    )
    (classifier): Linear(in_features=512, out_features=10, bias=True)
  )
)
[2024/11/06 04:30:07] - epoch 0 lr 1.000000e-01
[2024/11/06 04:30:08] - Device: [3]	Iter: [0][0/391]	Loss 2.668 (2.668)	Prec@1 0.055 (0.055)	
[2024/11/06 04:30:10] - Device: [3]	Iter: [0][150/391]	Loss 2.268 (2.863)	Prec@1 0.148 (0.115)	
[2024/11/06 04:30:12] - Device: [3]	Iter: [0][300/391]	Loss 2.295 (2.568)	Prec@1 0.102 (0.121)	
[2024/11/06 04:30:14] - Val Loss 2.2312, Val Accuracy 0.1314
[2024/11/06 04:30:15] - Model saved at epoch 0 with best val accuracy 0.1314
[2024/11/06 04:30:16] - epoch 1 lr 1.000000e-01
[2024/11/06 04:30:16] - Device: [3]	Iter: [1][0/391]	Loss 2.197 (2.197)	Prec@1 0.180 (0.180)	
[2024/11/06 04:30:18] - Device: [3]	Iter: [1][150/391]	Loss 1.988 (2.090)	Prec@1 0.227 (0.191)	
[2024/11/06 04:30:20] - Device: [3]	Iter: [1][300/391]	Loss 1.869 (1.993)	Prec@1 0.242 (0.220)	
[2024/11/06 04:30:22] - Val Loss 1.7665, Val Accuracy 0.2985
[2024/11/06 04:30:23] - Model saved at epoch 1 with best val accuracy 0.2985
[2024/11/06 04:30:24] - epoch 2 lr 1.000000e-01
[2024/11/06 04:30:24] - Device: [3]	Iter: [2][0/391]	Loss 1.764 (1.764)	Prec@1 0.344 (0.344)	
[2024/11/06 04:30:26] - Device: [3]	Iter: [2][150/391]	Loss 1.771 (1.741)	Prec@1 0.289 (0.315)	
[2024/11/06 04:30:28] - Device: [3]	Iter: [2][300/391]	Loss 1.502 (1.694)	Prec@1 0.422 (0.339)	
[2024/11/06 04:30:29] - Val Loss 1.7503, Val Accuracy 0.3561
[2024/11/06 04:30:30] - Model saved at epoch 2 with best val accuracy 0.3561
[2024/11/06 04:30:32] - epoch 3 lr 1.000000e-01
[2024/11/06 04:30:32] - Device: [3]	Iter: [3][0/391]	Loss 1.531 (1.531)	Prec@1 0.422 (0.422)	
[2024/11/06 04:30:34] - Device: [3]	Iter: [3][150/391]	Loss 1.338 (1.490)	Prec@1 0.461 (0.432)	
[2024/11/06 04:30:36] - Device: [3]	Iter: [3][300/391]	Loss 1.536 (1.426)	Prec@1 0.438 (0.464)	
[2024/11/06 04:30:38] - Val Loss 1.8543, Val Accuracy 0.3826
[2024/11/06 04:30:39] - Model saved at epoch 3 with best val accuracy 0.3826
[2024/11/06 04:30:40] - epoch 4 lr 1.000000e-01
[2024/11/06 04:30:41] - Device: [3]	Iter: [4][0/391]	Loss 1.103 (1.103)	Prec@1 0.594 (0.594)	
[2024/11/06 04:30:43] - Device: [3]	Iter: [4][150/391]	Loss 1.017 (1.178)	Prec@1 0.656 (0.573)	
[2024/11/06 04:30:45] - Device: [3]	Iter: [4][300/391]	Loss 0.987 (1.136)	Prec@1 0.672 (0.592)	
[2024/11/06 04:30:47] - Val Loss 1.2644, Val Accuracy 0.5613
[2024/11/06 04:30:48] - Model saved at epoch 4 with best val accuracy 0.5613
[2024/11/06 04:30:49] - epoch 5 lr 1.000000e-01
[2024/11/06 04:30:49] - Device: [3]	Iter: [5][0/391]	Loss 0.932 (0.932)	Prec@1 0.648 (0.648)	
[2024/11/06 04:30:51] - Device: [3]	Iter: [5][150/391]	Loss 0.854 (0.972)	Prec@1 0.695 (0.659)	
[2024/11/06 04:30:53] - Device: [3]	Iter: [5][300/391]	Loss 0.997 (0.951)	Prec@1 0.641 (0.666)	
[2024/11/06 04:30:55] - Val Loss 1.0880, Val Accuracy 0.6311
[2024/11/06 04:30:56] - Model saved at epoch 5 with best val accuracy 0.6311
[2024/11/06 04:30:57] - epoch 6 lr 1.000000e-01
[2024/11/06 04:30:57] - Device: [3]	Iter: [6][0/391]	Loss 0.774 (0.774)	Prec@1 0.734 (0.734)	
[2024/11/06 04:30:59] - Device: [3]	Iter: [6][150/391]	Loss 0.891 (0.864)	Prec@1 0.680 (0.705)	
[2024/11/06 04:31:01] - Device: [3]	Iter: [6][300/391]	Loss 0.891 (0.839)	Prec@1 0.695 (0.714)	
[2024/11/06 04:31:03] - Val Loss 1.1707, Val Accuracy 0.6150
[2024/11/06 04:31:04] - epoch 7 lr 1.000000e-01
[2024/11/06 04:31:04] - Device: [3]	Iter: [7][0/391]	Loss 0.875 (0.875)	Prec@1 0.703 (0.703)	
[2024/11/06 04:31:07] - Device: [3]	Iter: [7][150/391]	Loss 0.630 (0.771)	Prec@1 0.742 (0.739)	
[2024/11/06 04:31:09] - Device: [3]	Iter: [7][300/391]	Loss 0.841 (0.757)	Prec@1 0.703 (0.744)	
[2024/11/06 04:31:11] - Val Loss 1.0697, Val Accuracy 0.6299
[2024/11/06 04:31:12] - epoch 8 lr 1.000000e-01
[2024/11/06 04:31:12] - Device: [3]	Iter: [8][0/391]	Loss 0.689 (0.689)	Prec@1 0.773 (0.773)	
[2024/11/06 04:31:14] - Device: [3]	Iter: [8][150/391]	Loss 0.648 (0.705)	Prec@1 0.805 (0.762)	
[2024/11/06 04:31:16] - Device: [3]	Iter: [8][300/391]	Loss 0.626 (0.705)	Prec@1 0.766 (0.764)	
[2024/11/06 04:31:18] - Val Loss 0.9065, Val Accuracy 0.7068
[2024/11/06 04:31:20] - Model saved at epoch 8 with best val accuracy 0.7068
[2024/11/06 04:31:21] - epoch 9 lr 1.000000e-01
[2024/11/06 04:31:21] - Device: [3]	Iter: [9][0/391]	Loss 0.564 (0.564)	Prec@1 0.805 (0.805)	
[2024/11/06 04:31:24] - Device: [3]	Iter: [9][150/391]	Loss 0.573 (0.663)	Prec@1 0.805 (0.781)	
[2024/11/06 04:31:26] - Device: [3]	Iter: [9][300/391]	Loss 0.662 (0.661)	Prec@1 0.766 (0.780)	
[2024/11/06 04:31:28] - Val Loss 0.8603, Val Accuracy 0.7269
[2024/11/06 04:31:30] - Model saved at epoch 9 with best val accuracy 0.7269
[2024/11/06 04:31:31] - epoch 10 lr 1.000000e-01
[2024/11/06 04:31:31] - Device: [3]	Iter: [10][0/391]	Loss 0.589 (0.589)	Prec@1 0.797 (0.797)	
[2024/11/06 04:31:33] - Device: [3]	Iter: [10][150/391]	Loss 0.685 (0.628)	Prec@1 0.773 (0.788)	
[2024/11/06 04:31:35] - Device: [3]	Iter: [10][300/391]	Loss 0.872 (0.623)	Prec@1 0.727 (0.791)	
[2024/11/06 04:31:36] - Val Loss 1.1191, Val Accuracy 0.6781
[2024/11/06 04:31:38] - epoch 11 lr 1.000000e-01
[2024/11/06 04:31:38] - Device: [3]	Iter: [11][0/391]	Loss 0.804 (0.804)	Prec@1 0.742 (0.742)	
[2024/11/06 04:31:40] - Device: [3]	Iter: [11][150/391]	Loss 0.576 (0.614)	Prec@1 0.836 (0.794)	
[2024/11/06 04:31:43] - Device: [3]	Iter: [11][300/391]	Loss 0.455 (0.602)	Prec@1 0.820 (0.800)	
[2024/11/06 04:31:44] - Val Loss 0.8459, Val Accuracy 0.7355
[2024/11/06 04:31:46] - Model saved at epoch 11 with best val accuracy 0.7355
[2024/11/06 04:31:47] - epoch 12 lr 1.000000e-01
[2024/11/06 04:31:47] - Device: [3]	Iter: [12][0/391]	Loss 0.598 (0.598)	Prec@1 0.773 (0.773)	
[2024/11/06 04:31:49] - Device: [3]	Iter: [12][150/391]	Loss 0.777 (0.580)	Prec@1 0.781 (0.808)	
[2024/11/06 04:31:51] - Device: [3]	Iter: [12][300/391]	Loss 0.582 (0.582)	Prec@1 0.789 (0.807)	
[2024/11/06 04:31:52] - Val Loss 1.1281, Val Accuracy 0.6701
[2024/11/06 04:31:54] - epoch 13 lr 1.000000e-01
[2024/11/06 04:31:54] - Device: [3]	Iter: [13][0/391]	Loss 0.590 (0.590)	Prec@1 0.789 (0.789)	
[2024/11/06 04:31:56] - Device: [3]	Iter: [13][150/391]	Loss 0.464 (0.556)	Prec@1 0.836 (0.816)	
[2024/11/06 04:31:59] - Device: [3]	Iter: [13][300/391]	Loss 0.607 (0.562)	Prec@1 0.820 (0.814)	
[2024/11/06 04:32:00] - Val Loss 0.6671, Val Accuracy 0.7819
[2024/11/06 04:32:02] - Model saved at epoch 13 with best val accuracy 0.7819
[2024/11/06 04:32:03] - epoch 14 lr 1.000000e-01
[2024/11/06 04:32:04] - Device: [3]	Iter: [14][0/391]	Loss 0.572 (0.572)	Prec@1 0.773 (0.773)	
[2024/11/06 04:32:06] - Device: [3]	Iter: [14][150/391]	Loss 0.492 (0.539)	Prec@1 0.836 (0.820)	
[2024/11/06 04:32:07] - Device: [3]	Iter: [14][300/391]	Loss 0.603 (0.536)	Prec@1 0.820 (0.823)	
[2024/11/06 04:32:09] - Val Loss 0.8833, Val Accuracy 0.7326
[2024/11/06 04:32:11] - epoch 15 lr 1.000000e-01
[2024/11/06 04:32:11] - Device: [3]	Iter: [15][0/391]	Loss 0.584 (0.584)	Prec@1 0.797 (0.797)	
[2024/11/06 04:32:13] - Device: [3]	Iter: [15][150/391]	Loss 0.628 (0.523)	Prec@1 0.797 (0.825)	
[2024/11/06 04:32:15] - Device: [3]	Iter: [15][300/391]	Loss 0.684 (0.523)	Prec@1 0.789 (0.827)	
[2024/11/06 04:32:17] - Val Loss 0.6156, Val Accuracy 0.7988
[2024/11/06 04:32:18] - Model saved at epoch 15 with best val accuracy 0.7988
[2024/11/06 04:32:20] - epoch 16 lr 1.000000e-01
[2024/11/06 04:32:20] - Device: [3]	Iter: [16][0/391]	Loss 0.524 (0.524)	Prec@1 0.836 (0.836)	
[2024/11/06 04:32:22] - Device: [3]	Iter: [16][150/391]	Loss 0.545 (0.525)	Prec@1 0.820 (0.827)	
[2024/11/06 04:32:25] - Device: [3]	Iter: [16][300/391]	Loss 0.553 (0.524)	Prec@1 0.836 (0.827)	
[2024/11/06 04:32:26] - Val Loss 0.6516, Val Accuracy 0.7861
[2024/11/06 04:32:28] - epoch 17 lr 1.000000e-01
[2024/11/06 04:32:28] - Device: [3]	Iter: [17][0/391]	Loss 0.483 (0.483)	Prec@1 0.844 (0.844)	
[2024/11/06 04:32:30] - Device: [3]	Iter: [17][150/391]	Loss 0.506 (0.499)	Prec@1 0.789 (0.835)	
[2024/11/06 04:32:32] - Device: [3]	Iter: [17][300/391]	Loss 0.436 (0.500)	Prec@1 0.859 (0.835)	
[2024/11/06 04:32:34] - Val Loss 0.7557, Val Accuracy 0.7622
[2024/11/06 04:32:35] - epoch 18 lr 1.000000e-01
[2024/11/06 04:32:36] - Device: [3]	Iter: [18][0/391]	Loss 0.426 (0.426)	Prec@1 0.859 (0.859)	
[2024/11/06 04:32:37] - Device: [3]	Iter: [18][150/391]	Loss 0.570 (0.484)	Prec@1 0.805 (0.840)	
[2024/11/06 04:32:39] - Device: [3]	Iter: [18][300/391]	Loss 0.400 (0.496)	Prec@1 0.906 (0.837)	
[2024/11/06 04:32:40] - Val Loss 1.3175, Val Accuracy 0.6550
[2024/11/06 04:32:42] - epoch 19 lr 1.000000e-01
[2024/11/06 04:32:42] - Device: [3]	Iter: [19][0/391]	Loss 0.519 (0.519)	Prec@1 0.836 (0.836)	
[2024/11/06 04:32:44] - Device: [3]	Iter: [19][150/391]	Loss 0.568 (0.487)	Prec@1 0.852 (0.839)	
[2024/11/06 04:32:45] - Device: [3]	Iter: [19][300/391]	Loss 0.555 (0.485)	Prec@1 0.852 (0.840)	
[2024/11/06 04:32:47] - Val Loss 0.9369, Val Accuracy 0.7191
[2024/11/06 04:32:48] - epoch 20 lr 1.000000e-01
[2024/11/06 04:32:48] - Device: [3]	Iter: [20][0/391]	Loss 0.541 (0.541)	Prec@1 0.820 (0.820)	
[2024/11/06 04:32:50] - Device: [3]	Iter: [20][150/391]	Loss 0.523 (0.481)	Prec@1 0.836 (0.840)	
[2024/11/06 04:32:52] - Device: [3]	Iter: [20][300/391]	Loss 0.426 (0.482)	Prec@1 0.859 (0.839)	
[2024/11/06 04:32:54] - Val Loss 0.5667, Val Accuracy 0.8106
[2024/11/06 04:32:55] - Model saved at epoch 20 with best val accuracy 0.8106
[2024/11/06 04:32:56] - epoch 21 lr 1.000000e-01
[2024/11/06 04:32:56] - Device: [3]	Iter: [21][0/391]	Loss 0.449 (0.449)	Prec@1 0.844 (0.844)	
[2024/11/06 04:32:58] - Device: [3]	Iter: [21][150/391]	Loss 0.375 (0.471)	Prec@1 0.867 (0.845)	
[2024/11/06 04:33:00] - Device: [3]	Iter: [21][300/391]	Loss 0.444 (0.475)	Prec@1 0.836 (0.845)	
[2024/11/06 04:33:02] - Val Loss 0.5661, Val Accuracy 0.8176
[2024/11/06 04:33:03] - Model saved at epoch 21 with best val accuracy 0.8176
[2024/11/06 04:33:04] - epoch 22 lr 1.000000e-01
[2024/11/06 04:33:04] - Device: [3]	Iter: [22][0/391]	Loss 0.362 (0.362)	Prec@1 0.867 (0.867)	
[2024/11/06 04:33:06] - Device: [3]	Iter: [22][150/391]	Loss 0.713 (0.468)	Prec@1 0.766 (0.844)	
[2024/11/06 04:33:08] - Device: [3]	Iter: [22][300/391]	Loss 0.425 (0.475)	Prec@1 0.836 (0.843)	
[2024/11/06 04:33:10] - Val Loss 0.5164, Val Accuracy 0.8279
[2024/11/06 04:33:11] - Model saved at epoch 22 with best val accuracy 0.8279
[2024/11/06 04:33:12] - epoch 23 lr 1.000000e-01
[2024/11/06 04:33:12] - Device: [3]	Iter: [23][0/391]	Loss 0.526 (0.526)	Prec@1 0.844 (0.844)	
[2024/11/06 04:33:15] - Device: [3]	Iter: [23][150/391]	Loss 0.527 (0.473)	Prec@1 0.836 (0.846)	
[2024/11/06 04:33:16] - Device: [3]	Iter: [23][300/391]	Loss 0.373 (0.477)	Prec@1 0.859 (0.845)	
[2024/11/06 04:33:18] - Val Loss 0.6302, Val Accuracy 0.7974
[2024/11/06 04:33:19] - epoch 24 lr 1.000000e-01
[2024/11/06 04:33:19] - Device: [3]	Iter: [24][0/391]	Loss 0.360 (0.360)	Prec@1 0.875 (0.875)	
[2024/11/06 04:33:21] - Device: [3]	Iter: [24][150/391]	Loss 0.290 (0.452)	Prec@1 0.891 (0.852)	
[2024/11/06 04:33:23] - Device: [3]	Iter: [24][300/391]	Loss 0.486 (0.461)	Prec@1 0.836 (0.847)	
[2024/11/06 04:33:25] - Val Loss 0.5703, Val Accuracy 0.8145
[2024/11/06 04:33:26] - epoch 25 lr 1.000000e-01
[2024/11/06 04:33:26] - Device: [3]	Iter: [25][0/391]	Loss 0.268 (0.268)	Prec@1 0.906 (0.906)	
[2024/11/06 04:33:28] - Device: [3]	Iter: [25][150/391]	Loss 0.330 (0.443)	Prec@1 0.883 (0.855)	
[2024/11/06 04:33:30] - Device: [3]	Iter: [25][300/391]	Loss 0.625 (0.450)	Prec@1 0.797 (0.851)	
[2024/11/06 04:33:32] - Val Loss 0.6193, Val Accuracy 0.7977
[2024/11/06 04:33:33] - epoch 26 lr 1.000000e-01
[2024/11/06 04:33:33] - Device: [3]	Iter: [26][0/391]	Loss 0.376 (0.376)	Prec@1 0.875 (0.875)	
[2024/11/06 04:33:36] - Device: [3]	Iter: [26][150/391]	Loss 0.480 (0.440)	Prec@1 0.836 (0.856)	
[2024/11/06 04:33:38] - Device: [3]	Iter: [26][300/391]	Loss 0.437 (0.452)	Prec@1 0.836 (0.851)	
[2024/11/06 04:33:40] - Val Loss 0.7822, Val Accuracy 0.7503
[2024/11/06 04:33:41] - epoch 27 lr 1.000000e-01
[2024/11/06 04:33:41] - Device: [3]	Iter: [27][0/391]	Loss 0.287 (0.287)	Prec@1 0.922 (0.922)	
[2024/11/06 04:33:44] - Device: [3]	Iter: [27][150/391]	Loss 0.557 (0.444)	Prec@1 0.797 (0.855)	
[2024/11/06 04:33:45] - Device: [3]	Iter: [27][300/391]	Loss 0.433 (0.446)	Prec@1 0.859 (0.853)	
[2024/11/06 04:33:47] - Val Loss 0.8028, Val Accuracy 0.7421
[2024/11/06 04:33:48] - epoch 28 lr 1.000000e-01
[2024/11/06 04:33:48] - Device: [3]	Iter: [28][0/391]	Loss 0.658 (0.658)	Prec@1 0.797 (0.797)	
[2024/11/06 04:33:51] - Device: [3]	Iter: [28][150/391]	Loss 0.409 (0.434)	Prec@1 0.859 (0.858)	
[2024/11/06 04:33:52] - Device: [3]	Iter: [28][300/391]	Loss 0.430 (0.441)	Prec@1 0.852 (0.855)	
[2024/11/06 04:33:54] - Val Loss 0.5457, Val Accuracy 0.8256
[2024/11/06 04:33:56] - epoch 29 lr 1.000000e-01
[2024/11/06 04:33:56] - Device: [3]	Iter: [29][0/391]	Loss 0.294 (0.294)	Prec@1 0.891 (0.891)	
[2024/11/06 04:33:58] - Device: [3]	Iter: [29][150/391]	Loss 0.440 (0.427)	Prec@1 0.844 (0.856)	
[2024/11/06 04:34:00] - Device: [3]	Iter: [29][300/391]	Loss 0.485 (0.438)	Prec@1 0.812 (0.854)	
[2024/11/06 04:34:02] - Val Loss 0.6309, Val Accuracy 0.7998
[2024/11/06 04:34:03] - epoch 30 lr 1.000000e-01
[2024/11/06 04:34:03] - Device: [3]	Iter: [30][0/391]	Loss 0.577 (0.577)	Prec@1 0.812 (0.812)	
[2024/11/06 04:34:05] - Device: [3]	Iter: [30][150/391]	Loss 0.411 (0.428)	Prec@1 0.867 (0.859)	
[2024/11/06 04:34:07] - Device: [3]	Iter: [30][300/391]	Loss 0.331 (0.442)	Prec@1 0.891 (0.854)	
[2024/11/06 04:34:09] - Val Loss 0.5901, Val Accuracy 0.8049
[2024/11/06 04:34:10] - epoch 31 lr 1.000000e-01
[2024/11/06 04:34:10] - Device: [3]	Iter: [31][0/391]	Loss 0.492 (0.492)	Prec@1 0.828 (0.828)	
[2024/11/06 04:34:12] - Device: [3]	Iter: [31][150/391]	Loss 0.449 (0.436)	Prec@1 0.852 (0.855)	
[2024/11/06 04:34:13] - Device: [3]	Iter: [31][300/391]	Loss 0.371 (0.434)	Prec@1 0.875 (0.856)	
[2024/11/06 04:34:15] - Val Loss 0.5737, Val Accuracy 0.8164
[2024/11/06 04:34:16] - epoch 32 lr 1.000000e-01
[2024/11/06 04:34:17] - Device: [3]	Iter: [32][0/391]	Loss 0.488 (0.488)	Prec@1 0.852 (0.852)	
[2024/11/06 04:34:18] - Device: [3]	Iter: [32][150/391]	Loss 0.462 (0.429)	Prec@1 0.844 (0.859)	
[2024/11/06 04:34:20] - Device: [3]	Iter: [32][300/391]	Loss 0.490 (0.434)	Prec@1 0.820 (0.857)	
[2024/11/06 04:34:22] - Val Loss 0.6501, Val Accuracy 0.7961
[2024/11/06 04:34:23] - epoch 33 lr 1.000000e-01
[2024/11/06 04:34:23] - Device: [3]	Iter: [33][0/391]	Loss 0.411 (0.411)	Prec@1 0.859 (0.859)	
[2024/11/06 04:34:25] - Device: [3]	Iter: [33][150/391]	Loss 0.447 (0.425)	Prec@1 0.844 (0.860)	
[2024/11/06 04:34:27] - Device: [3]	Iter: [33][300/391]	Loss 0.366 (0.430)	Prec@1 0.883 (0.859)	
[2024/11/06 04:34:29] - Val Loss 1.3846, Val Accuracy 0.6621
[2024/11/06 04:34:30] - epoch 34 lr 1.000000e-01
[2024/11/06 04:34:30] - Device: [3]	Iter: [34][0/391]	Loss 0.519 (0.519)	Prec@1 0.844 (0.844)	
[2024/11/06 04:34:33] - Device: [3]	Iter: [34][150/391]	Loss 0.457 (0.419)	Prec@1 0.836 (0.862)	
[2024/11/06 04:34:34] - Device: [3]	Iter: [34][300/391]	Loss 0.383 (0.433)	Prec@1 0.875 (0.858)	
[2024/11/06 04:34:36] - Val Loss 0.6992, Val Accuracy 0.7743
[2024/11/06 04:34:38] - epoch 35 lr 1.000000e-01
[2024/11/06 04:34:38] - Device: [3]	Iter: [35][0/391]	Loss 0.469 (0.469)	Prec@1 0.852 (0.852)	
[2024/11/06 04:34:40] - Device: [3]	Iter: [35][150/391]	Loss 0.477 (0.413)	Prec@1 0.852 (0.865)	
[2024/11/06 04:34:42] - Device: [3]	Iter: [35][300/391]	Loss 0.449 (0.416)	Prec@1 0.867 (0.863)	
[2024/11/06 04:34:44] - Val Loss 0.6480, Val Accuracy 0.7938
[2024/11/06 04:34:45] - epoch 36 lr 1.000000e-01
[2024/11/06 04:34:45] - Device: [3]	Iter: [36][0/391]	Loss 0.493 (0.493)	Prec@1 0.859 (0.859)	
[2024/11/06 04:34:47] - Device: [3]	Iter: [36][150/391]	Loss 0.378 (0.420)	Prec@1 0.836 (0.859)	
[2024/11/06 04:34:49] - Device: [3]	Iter: [36][300/391]	Loss 0.492 (0.423)	Prec@1 0.836 (0.859)	
[2024/11/06 04:34:51] - Val Loss 0.6173, Val Accuracy 0.8041
[2024/11/06 04:34:52] - epoch 37 lr 1.000000e-01
[2024/11/06 04:34:52] - Device: [3]	Iter: [37][0/391]	Loss 0.433 (0.433)	Prec@1 0.852 (0.852)	
[2024/11/06 04:34:55] - Device: [3]	Iter: [37][150/391]	Loss 0.388 (0.404)	Prec@1 0.875 (0.867)	
[2024/11/06 04:34:57] - Device: [3]	Iter: [37][300/391]	Loss 0.492 (0.413)	Prec@1 0.828 (0.864)	
[2024/11/06 04:34:58] - Val Loss 0.6783, Val Accuracy 0.7886
[2024/11/06 04:35:00] - epoch 38 lr 1.000000e-01
[2024/11/06 04:35:01] - Device: [3]	Iter: [38][0/391]	Loss 0.348 (0.348)	Prec@1 0.875 (0.875)	
[2024/11/06 04:35:03] - Device: [3]	Iter: [38][150/391]	Loss 0.316 (0.417)	Prec@1 0.906 (0.860)	
[2024/11/06 04:35:05] - Device: [3]	Iter: [38][300/391]	Loss 0.391 (0.423)	Prec@1 0.859 (0.860)	
[2024/11/06 04:35:06] - Val Loss 0.5112, Val Accuracy 0.8351
[2024/11/06 04:35:08] - Model saved at epoch 38 with best val accuracy 0.8351
[2024/11/06 04:35:09] - epoch 39 lr 1.000000e-01
[2024/11/06 04:35:10] - Device: [3]	Iter: [39][0/391]	Loss 0.367 (0.367)	Prec@1 0.898 (0.898)	
[2024/11/06 04:35:12] - Device: [3]	Iter: [39][150/391]	Loss 0.665 (0.426)	Prec@1 0.836 (0.862)	
[2024/11/06 04:35:14] - Device: [3]	Iter: [39][300/391]	Loss 0.319 (0.428)	Prec@1 0.906 (0.859)	
[2024/11/06 04:35:16] - Val Loss 0.5766, Val Accuracy 0.8055
[2024/11/06 04:35:18] - epoch 40 lr 1.000000e-01
[2024/11/06 04:35:18] - Device: [3]	Iter: [40][0/391]	Loss 0.326 (0.326)	Prec@1 0.914 (0.914)	
[2024/11/06 04:35:20] - Device: [3]	Iter: [40][150/391]	Loss 0.340 (0.411)	Prec@1 0.891 (0.865)	
[2024/11/06 04:35:22] - Device: [3]	Iter: [40][300/391]	Loss 0.588 (0.414)	Prec@1 0.781 (0.864)	
[2024/11/06 04:35:23] - Val Loss 0.6744, Val Accuracy 0.7835
[2024/11/06 04:35:25] - epoch 41 lr 1.000000e-01
[2024/11/06 04:35:25] - Device: [3]	Iter: [41][0/391]	Loss 0.392 (0.392)	Prec@1 0.883 (0.883)	
[2024/11/06 04:35:26] - Device: [3]	Iter: [41][150/391]	Loss 0.405 (0.415)	Prec@1 0.867 (0.861)	
[2024/11/06 04:35:28] - Device: [3]	Iter: [41][300/391]	Loss 0.381 (0.420)	Prec@1 0.891 (0.860)	
[2024/11/06 04:35:30] - Val Loss 0.5997, Val Accuracy 0.8059
[2024/11/06 04:35:31] - epoch 42 lr 1.000000e-01
[2024/11/06 04:35:31] - Device: [3]	Iter: [42][0/391]	Loss 0.348 (0.348)	Prec@1 0.898 (0.898)	
[2024/11/06 04:35:33] - Device: [3]	Iter: [42][150/391]	Loss 0.264 (0.412)	Prec@1 0.914 (0.864)	
[2024/11/06 04:35:35] - Device: [3]	Iter: [42][300/391]	Loss 0.520 (0.422)	Prec@1 0.828 (0.860)	
[2024/11/06 04:35:37] - Val Loss 0.5966, Val Accuracy 0.8122
[2024/11/06 04:35:38] - epoch 43 lr 1.000000e-01
[2024/11/06 04:35:38] - Device: [3]	Iter: [43][0/391]	Loss 0.355 (0.355)	Prec@1 0.891 (0.891)	
[2024/11/06 04:35:40] - Device: [3]	Iter: [43][150/391]	Loss 0.552 (0.402)	Prec@1 0.828 (0.869)	
[2024/11/06 04:35:42] - Device: [3]	Iter: [43][300/391]	Loss 0.463 (0.414)	Prec@1 0.859 (0.866)	
[2024/11/06 04:35:44] - Val Loss 0.4994, Val Accuracy 0.8460
[2024/11/06 04:35:45] - Model saved at epoch 43 with best val accuracy 0.8460
[2024/11/06 04:35:46] - epoch 44 lr 1.000000e-01
[2024/11/06 04:35:46] - Device: [3]	Iter: [44][0/391]	Loss 0.322 (0.322)	Prec@1 0.859 (0.859)	
[2024/11/06 04:35:48] - Device: [3]	Iter: [44][150/391]	Loss 0.341 (0.393)	Prec@1 0.883 (0.870)	
[2024/11/06 04:35:50] - Device: [3]	Iter: [44][300/391]	Loss 0.437 (0.404)	Prec@1 0.859 (0.865)	
[2024/11/06 04:35:52] - Val Loss 0.8093, Val Accuracy 0.7671
[2024/11/06 04:35:53] - epoch 45 lr 1.000000e-01
[2024/11/06 04:35:53] - Device: [3]	Iter: [45][0/391]	Loss 0.384 (0.384)	Prec@1 0.844 (0.844)	
[2024/11/06 04:35:55] - Device: [3]	Iter: [45][150/391]	Loss 0.512 (0.403)	Prec@1 0.844 (0.866)	
[2024/11/06 04:35:57] - Device: [3]	Iter: [45][300/391]	Loss 0.517 (0.415)	Prec@1 0.836 (0.862)	
[2024/11/06 04:35:58] - Val Loss 0.5189, Val Accuracy 0.8286
[2024/11/06 04:36:00] - epoch 46 lr 1.000000e-01
[2024/11/06 04:36:00] - Device: [3]	Iter: [46][0/391]	Loss 0.289 (0.289)	Prec@1 0.898 (0.898)	
[2024/11/06 04:36:02] - Device: [3]	Iter: [46][150/391]	Loss 0.314 (0.406)	Prec@1 0.945 (0.865)	
[2024/11/06 04:36:03] - Device: [3]	Iter: [46][300/391]	Loss 0.270 (0.403)	Prec@1 0.906 (0.867)	
[2024/11/06 04:36:05] - Val Loss 0.8308, Val Accuracy 0.7510
[2024/11/06 04:36:06] - epoch 47 lr 1.000000e-01
[2024/11/06 04:36:06] - Device: [3]	Iter: [47][0/391]	Loss 0.433 (0.433)	Prec@1 0.859 (0.859)	
[2024/11/06 04:36:08] - Device: [3]	Iter: [47][150/391]	Loss 0.382 (0.412)	Prec@1 0.852 (0.866)	
[2024/11/06 04:36:10] - Device: [3]	Iter: [47][300/391]	Loss 0.390 (0.421)	Prec@1 0.898 (0.861)	
[2024/11/06 04:36:12] - Val Loss 0.6641, Val Accuracy 0.7873
[2024/11/06 04:36:13] - epoch 48 lr 1.000000e-01
[2024/11/06 04:36:13] - Device: [3]	Iter: [48][0/391]	Loss 0.316 (0.316)	Prec@1 0.875 (0.875)	
[2024/11/06 04:36:16] - Device: [3]	Iter: [48][150/391]	Loss 0.518 (0.396)	Prec@1 0.852 (0.871)	
[2024/11/06 04:36:18] - Device: [3]	Iter: [48][300/391]	Loss 0.467 (0.403)	Prec@1 0.844 (0.868)	
[2024/11/06 04:36:20] - Val Loss 0.5127, Val Accuracy 0.8337
[2024/11/06 04:36:21] - epoch 49 lr 1.000000e-01
[2024/11/06 04:36:21] - Device: [3]	Iter: [49][0/391]	Loss 0.333 (0.333)	Prec@1 0.875 (0.875)	
[2024/11/06 04:36:23] - Device: [3]	Iter: [49][150/391]	Loss 0.362 (0.407)	Prec@1 0.859 (0.863)	
[2024/11/06 04:36:25] - Device: [3]	Iter: [49][300/391]	Loss 0.375 (0.411)	Prec@1 0.883 (0.863)	
[2024/11/06 04:36:27] - Val Loss 0.5773, Val Accuracy 0.8035
[2024/11/06 04:36:29] - epoch 50 lr 1.000000e-01
[2024/11/06 04:36:29] - Device: [3]	Iter: [50][0/391]	Loss 0.361 (0.361)	Prec@1 0.875 (0.875)	
[2024/11/06 04:36:31] - Device: [3]	Iter: [50][150/391]	Loss 0.352 (0.403)	Prec@1 0.891 (0.869)	
[2024/11/06 04:36:33] - Device: [3]	Iter: [50][300/391]	Loss 0.378 (0.413)	Prec@1 0.875 (0.865)	
[2024/11/06 04:36:34] - Val Loss 0.8477, Val Accuracy 0.7475
[2024/11/06 04:36:36] - epoch 51 lr 1.000000e-01
[2024/11/06 04:36:37] - Device: [3]	Iter: [51][0/391]	Loss 0.262 (0.262)	Prec@1 0.938 (0.938)	
[2024/11/06 04:36:38] - Device: [3]	Iter: [51][150/391]	Loss 0.342 (0.395)	Prec@1 0.914 (0.869)	
[2024/11/06 04:36:40] - Device: [3]	Iter: [51][300/391]	Loss 0.416 (0.405)	Prec@1 0.859 (0.866)	
[2024/11/06 04:36:42] - Val Loss 0.6117, Val Accuracy 0.8016
[2024/11/06 04:36:43] - epoch 52 lr 1.000000e-01
[2024/11/06 04:36:44] - Device: [3]	Iter: [52][0/391]	Loss 0.536 (0.536)	Prec@1 0.836 (0.836)	
[2024/11/06 04:36:45] - Device: [3]	Iter: [52][150/391]	Loss 0.462 (0.391)	Prec@1 0.828 (0.871)	
[2024/11/06 04:36:47] - Device: [3]	Iter: [52][300/391]	Loss 0.463 (0.399)	Prec@1 0.844 (0.867)	
[2024/11/06 04:36:49] - Val Loss 0.5250, Val Accuracy 0.8335
[2024/11/06 04:36:50] - epoch 53 lr 1.000000e-01
[2024/11/06 04:36:50] - Device: [3]	Iter: [53][0/391]	Loss 0.475 (0.475)	Prec@1 0.852 (0.852)	
[2024/11/06 04:36:53] - Device: [3]	Iter: [53][150/391]	Loss 0.331 (0.382)	Prec@1 0.875 (0.873)	
[2024/11/06 04:36:54] - Device: [3]	Iter: [53][300/391]	Loss 0.261 (0.396)	Prec@1 0.938 (0.869)	
[2024/11/06 04:36:56] - Val Loss 0.5681, Val Accuracy 0.8204
[2024/11/06 04:36:57] - epoch 54 lr 1.000000e-01
[2024/11/06 04:36:58] - Device: [3]	Iter: [54][0/391]	Loss 0.274 (0.274)	Prec@1 0.906 (0.906)	
[2024/11/06 04:37:00] - Device: [3]	Iter: [54][150/391]	Loss 0.300 (0.396)	Prec@1 0.906 (0.869)	
[2024/11/06 04:37:01] - Device: [3]	Iter: [54][300/391]	Loss 0.403 (0.399)	Prec@1 0.867 (0.868)	
[2024/11/06 04:37:03] - Val Loss 0.6016, Val Accuracy 0.8095
[2024/11/06 04:37:04] - epoch 55 lr 1.000000e-01
[2024/11/06 04:37:05] - Device: [3]	Iter: [55][0/391]	Loss 0.422 (0.422)	Prec@1 0.859 (0.859)	
[2024/11/06 04:37:06] - Device: [3]	Iter: [55][150/391]	Loss 0.510 (0.392)	Prec@1 0.836 (0.871)	
[2024/11/06 04:37:08] - Device: [3]	Iter: [55][300/391]	Loss 0.475 (0.399)	Prec@1 0.828 (0.869)	
[2024/11/06 04:37:10] - Val Loss 0.5584, Val Accuracy 0.8204
[2024/11/06 04:37:11] - epoch 56 lr 1.000000e-01
[2024/11/06 04:37:12] - Device: [3]	Iter: [56][0/391]	Loss 0.293 (0.293)	Prec@1 0.906 (0.906)	
[2024/11/06 04:37:13] - Device: [3]	Iter: [56][150/391]	Loss 0.527 (0.386)	Prec@1 0.805 (0.873)	
[2024/11/06 04:37:15] - Device: [3]	Iter: [56][300/391]	Loss 0.392 (0.387)	Prec@1 0.852 (0.872)	
[2024/11/06 04:37:17] - Val Loss 0.6021, Val Accuracy 0.8069
[2024/11/06 04:37:18] - epoch 57 lr 1.000000e-01
[2024/11/06 04:37:18] - Device: [3]	Iter: [57][0/391]	Loss 0.374 (0.374)	Prec@1 0.859 (0.859)	
[2024/11/06 04:37:20] - Device: [3]	Iter: [57][150/391]	Loss 0.484 (0.395)	Prec@1 0.812 (0.869)	
[2024/11/06 04:37:22] - Device: [3]	Iter: [57][300/391]	Loss 0.389 (0.397)	Prec@1 0.852 (0.869)	
[2024/11/06 04:37:24] - Val Loss 0.7624, Val Accuracy 0.7723
[2024/11/06 04:37:25] - epoch 58 lr 1.000000e-01
[2024/11/06 04:37:25] - Device: [3]	Iter: [58][0/391]	Loss 0.371 (0.371)	Prec@1 0.852 (0.852)	
[2024/11/06 04:37:27] - Device: [3]	Iter: [58][150/391]	Loss 0.349 (0.384)	Prec@1 0.883 (0.871)	
[2024/11/06 04:37:29] - Device: [3]	Iter: [58][300/391]	Loss 0.507 (0.396)	Prec@1 0.844 (0.869)	
[2024/11/06 04:37:31] - Val Loss 0.6424, Val Accuracy 0.8025
[2024/11/06 04:37:32] - epoch 59 lr 1.000000e-01
[2024/11/06 04:37:32] - Device: [3]	Iter: [59][0/391]	Loss 0.395 (0.395)	Prec@1 0.875 (0.875)	
[2024/11/06 04:37:34] - Device: [3]	Iter: [59][150/391]	Loss 0.586 (0.375)	Prec@1 0.812 (0.875)	
[2024/11/06 04:37:36] - Device: [3]	Iter: [59][300/391]	Loss 0.506 (0.395)	Prec@1 0.844 (0.869)	
[2024/11/06 04:37:38] - Val Loss 0.5713, Val Accuracy 0.8185
[2024/11/06 04:37:39] - epoch 60 lr 1.000000e-01
[2024/11/06 04:37:39] - Device: [3]	Iter: [60][0/391]	Loss 0.385 (0.385)	Prec@1 0.852 (0.852)	
[2024/11/06 04:37:41] - Device: [3]	Iter: [60][150/391]	Loss 0.424 (0.388)	Prec@1 0.852 (0.871)	
[2024/11/06 04:37:43] - Device: [3]	Iter: [60][300/391]	Loss 0.600 (0.405)	Prec@1 0.820 (0.866)	
[2024/11/06 04:37:45] - Val Loss 0.6984, Val Accuracy 0.7877
[2024/11/06 04:37:46] - epoch 61 lr 1.000000e-01
[2024/11/06 04:37:47] - Device: [3]	Iter: [61][0/391]	Loss 0.316 (0.316)	Prec@1 0.875 (0.875)	
[2024/11/06 04:37:49] - Device: [3]	Iter: [61][150/391]	Loss 0.382 (0.379)	Prec@1 0.867 (0.872)	
[2024/11/06 04:37:51] - Device: [3]	Iter: [61][300/391]	Loss 0.409 (0.393)	Prec@1 0.859 (0.869)	
[2024/11/06 04:37:52] - Val Loss 0.5438, Val Accuracy 0.8272
[2024/11/06 04:37:54] - epoch 62 lr 1.000000e-01
[2024/11/06 04:37:54] - Device: [3]	Iter: [62][0/391]	Loss 0.336 (0.336)	Prec@1 0.883 (0.883)	
[2024/11/06 04:37:56] - Device: [3]	Iter: [62][150/391]	Loss 0.386 (0.379)	Prec@1 0.859 (0.876)	
[2024/11/06 04:37:58] - Device: [3]	Iter: [62][300/391]	Loss 0.339 (0.386)	Prec@1 0.898 (0.872)	
[2024/11/06 04:37:59] - Val Loss 0.6154, Val Accuracy 0.8119
[2024/11/06 04:38:01] - epoch 63 lr 1.000000e-01
[2024/11/06 04:38:01] - Device: [3]	Iter: [63][0/391]	Loss 0.542 (0.542)	Prec@1 0.836 (0.836)	
[2024/11/06 04:38:02] - Device: [3]	Iter: [63][150/391]	Loss 0.367 (0.392)	Prec@1 0.867 (0.873)	
[2024/11/06 04:38:04] - Device: [3]	Iter: [63][300/391]	Loss 0.354 (0.404)	Prec@1 0.898 (0.867)	
[2024/11/06 04:38:06] - Val Loss 0.5415, Val Accuracy 0.8209
[2024/11/06 04:38:07] - epoch 64 lr 1.000000e-01
[2024/11/06 04:38:07] - Device: [3]	Iter: [64][0/391]	Loss 0.482 (0.482)	Prec@1 0.820 (0.820)	
[2024/11/06 04:38:09] - Device: [3]	Iter: [64][150/391]	Loss 0.434 (0.390)	Prec@1 0.852 (0.868)	
[2024/11/06 04:38:11] - Device: [3]	Iter: [64][300/391]	Loss 0.332 (0.395)	Prec@1 0.898 (0.867)	
[2024/11/06 04:38:13] - Val Loss 0.5095, Val Accuracy 0.8328
[2024/11/06 04:38:14] - epoch 65 lr 1.000000e-01
[2024/11/06 04:38:14] - Device: [3]	Iter: [65][0/391]	Loss 0.318 (0.318)	Prec@1 0.914 (0.914)	
[2024/11/06 04:38:16] - Device: [3]	Iter: [65][150/391]	Loss 0.512 (0.384)	Prec@1 0.820 (0.871)	
[2024/11/06 04:38:18] - Device: [3]	Iter: [65][300/391]	Loss 0.427 (0.389)	Prec@1 0.875 (0.871)	
[2024/11/06 04:38:20] - Val Loss 0.8070, Val Accuracy 0.7602
[2024/11/06 04:38:21] - epoch 66 lr 1.000000e-01
[2024/11/06 04:38:21] - Device: [3]	Iter: [66][0/391]	Loss 0.456 (0.456)	Prec@1 0.859 (0.859)	
[2024/11/06 04:38:24] - Device: [3]	Iter: [66][150/391]	Loss 0.420 (0.388)	Prec@1 0.859 (0.870)	
[2024/11/06 04:38:26] - Device: [3]	Iter: [66][300/391]	Loss 0.413 (0.396)	Prec@1 0.859 (0.867)	
[2024/11/06 04:38:27] - Val Loss 0.4937, Val Accuracy 0.8346
[2024/11/06 04:38:28] - epoch 67 lr 1.000000e-01
[2024/11/06 04:38:29] - Device: [3]	Iter: [67][0/391]	Loss 0.378 (0.378)	Prec@1 0.859 (0.859)	
[2024/11/06 04:38:31] - Device: [3]	Iter: [67][150/391]	Loss 0.421 (0.387)	Prec@1 0.852 (0.871)	
[2024/11/06 04:38:33] - Device: [3]	Iter: [67][300/391]	Loss 0.347 (0.392)	Prec@1 0.852 (0.870)	
[2024/11/06 04:38:34] - Val Loss 0.8094, Val Accuracy 0.7525
[2024/11/06 04:38:36] - epoch 68 lr 1.000000e-01
[2024/11/06 04:38:36] - Device: [3]	Iter: [68][0/391]	Loss 0.342 (0.342)	Prec@1 0.891 (0.891)	
[2024/11/06 04:38:38] - Device: [3]	Iter: [68][150/391]	Loss 0.311 (0.379)	Prec@1 0.898 (0.874)	
[2024/11/06 04:38:39] - Device: [3]	Iter: [68][300/391]	Loss 0.636 (0.383)	Prec@1 0.805 (0.873)	
[2024/11/06 04:38:41] - Val Loss 0.6367, Val Accuracy 0.7929
[2024/11/06 04:38:43] - epoch 69 lr 1.000000e-01
[2024/11/06 04:38:43] - Device: [3]	Iter: [69][0/391]	Loss 0.430 (0.430)	Prec@1 0.844 (0.844)	
[2024/11/06 04:38:45] - Device: [3]	Iter: [69][150/391]	Loss 0.405 (0.384)	Prec@1 0.867 (0.873)	
[2024/11/06 04:38:47] - Device: [3]	Iter: [69][300/391]	Loss 0.369 (0.396)	Prec@1 0.883 (0.869)	
[2024/11/06 04:38:49] - Val Loss 0.6255, Val Accuracy 0.8065
[2024/11/06 04:38:50] - epoch 70 lr 1.000000e-01
[2024/11/06 04:38:50] - Device: [3]	Iter: [70][0/391]	Loss 0.484 (0.484)	Prec@1 0.844 (0.844)	
[2024/11/06 04:38:52] - Device: [3]	Iter: [70][150/391]	Loss 0.405 (0.385)	Prec@1 0.867 (0.875)	
[2024/11/06 04:38:54] - Device: [3]	Iter: [70][300/391]	Loss 0.445 (0.389)	Prec@1 0.875 (0.873)	
[2024/11/06 04:38:56] - Val Loss 0.7281, Val Accuracy 0.7804
[2024/11/06 04:38:57] - epoch 71 lr 1.000000e-01
[2024/11/06 04:38:57] - Device: [3]	Iter: [71][0/391]	Loss 0.344 (0.344)	Prec@1 0.906 (0.906)	
[2024/11/06 04:38:59] - Device: [3]	Iter: [71][150/391]	Loss 0.365 (0.386)	Prec@1 0.875 (0.875)	
[2024/11/06 04:39:01] - Device: [3]	Iter: [71][300/391]	Loss 0.449 (0.392)	Prec@1 0.859 (0.872)	
[2024/11/06 04:39:03] - Val Loss 0.8599, Val Accuracy 0.7324
[2024/11/06 04:39:04] - epoch 72 lr 1.000000e-01
[2024/11/06 04:39:04] - Device: [3]	Iter: [72][0/391]	Loss 0.312 (0.312)	Prec@1 0.875 (0.875)	
[2024/11/06 04:39:06] - Device: [3]	Iter: [72][150/391]	Loss 0.286 (0.383)	Prec@1 0.922 (0.874)	
[2024/11/06 04:39:08] - Device: [3]	Iter: [72][300/391]	Loss 0.579 (0.385)	Prec@1 0.812 (0.874)	
[2024/11/06 04:39:10] - Val Loss 0.5471, Val Accuracy 0.8179
[2024/11/06 04:39:11] - epoch 73 lr 1.000000e-01
[2024/11/06 04:39:11] - Device: [3]	Iter: [73][0/391]	Loss 0.368 (0.368)	Prec@1 0.852 (0.852)	
[2024/11/06 04:39:13] - Device: [3]	Iter: [73][150/391]	Loss 0.389 (0.382)	Prec@1 0.867 (0.874)	
[2024/11/06 04:39:15] - Device: [3]	Iter: [73][300/391]	Loss 0.493 (0.380)	Prec@1 0.844 (0.874)	
[2024/11/06 04:39:17] - Val Loss 0.6272, Val Accuracy 0.7969
[2024/11/06 04:39:18] - epoch 74 lr 1.000000e-01
[2024/11/06 04:39:18] - Device: [3]	Iter: [74][0/391]	Loss 0.296 (0.296)	Prec@1 0.891 (0.891)	
[2024/11/06 04:39:20] - Device: [3]	Iter: [74][150/391]	Loss 0.361 (0.385)	Prec@1 0.875 (0.873)	
[2024/11/06 04:39:22] - Device: [3]	Iter: [74][300/391]	Loss 0.418 (0.389)	Prec@1 0.867 (0.871)	
[2024/11/06 04:39:24] - Val Loss 0.5229, Val Accuracy 0.8279
[2024/11/06 04:39:25] - epoch 75 lr 1.000000e-01
[2024/11/06 04:39:25] - Device: [3]	Iter: [75][0/391]	Loss 0.237 (0.237)	Prec@1 0.930 (0.930)	
[2024/11/06 04:39:28] - Device: [3]	Iter: [75][150/391]	Loss 0.495 (0.380)	Prec@1 0.836 (0.877)	
[2024/11/06 04:39:30] - Device: [3]	Iter: [75][300/391]	Loss 0.415 (0.387)	Prec@1 0.852 (0.873)	
[2024/11/06 04:39:32] - Val Loss 0.5975, Val Accuracy 0.8131
[2024/11/06 04:39:33] - epoch 76 lr 1.000000e-01
[2024/11/06 04:39:34] - Device: [3]	Iter: [76][0/391]	Loss 0.299 (0.299)	Prec@1 0.914 (0.914)	
[2024/11/06 04:39:35] - Device: [3]	Iter: [76][150/391]	Loss 0.311 (0.387)	Prec@1 0.906 (0.872)	
[2024/11/06 04:39:37] - Device: [3]	Iter: [76][300/391]	Loss 0.448 (0.394)	Prec@1 0.836 (0.869)	
[2024/11/06 04:39:39] - Val Loss 0.5176, Val Accuracy 0.8294
[2024/11/06 04:39:40] - epoch 77 lr 1.000000e-01
[2024/11/06 04:39:41] - Device: [3]	Iter: [77][0/391]	Loss 0.432 (0.432)	Prec@1 0.859 (0.859)	
[2024/11/06 04:39:42] - Device: [3]	Iter: [77][150/391]	Loss 0.404 (0.378)	Prec@1 0.852 (0.874)	
[2024/11/06 04:39:44] - Device: [3]	Iter: [77][300/391]	Loss 0.546 (0.385)	Prec@1 0.828 (0.874)	
[2024/11/06 04:39:46] - Val Loss 0.5289, Val Accuracy 0.8291
[2024/11/06 04:39:47] - epoch 78 lr 1.000000e-01
[2024/11/06 04:39:47] - Device: [3]	Iter: [78][0/391]	Loss 0.390 (0.390)	Prec@1 0.883 (0.883)	
[2024/11/06 04:39:49] - Device: [3]	Iter: [78][150/391]	Loss 0.436 (0.382)	Prec@1 0.875 (0.875)	
[2024/11/06 04:39:51] - Device: [3]	Iter: [78][300/391]	Loss 0.243 (0.393)	Prec@1 0.930 (0.870)	
[2024/11/06 04:39:53] - Val Loss 0.5774, Val Accuracy 0.8206
[2024/11/06 04:39:54] - epoch 79 lr 1.000000e-01
[2024/11/06 04:39:54] - Device: [3]	Iter: [79][0/391]	Loss 0.400 (0.400)	Prec@1 0.836 (0.836)	
[2024/11/06 04:39:56] - Device: [3]	Iter: [79][150/391]	Loss 0.493 (0.393)	Prec@1 0.812 (0.869)	
[2024/11/06 04:39:58] - Device: [3]	Iter: [79][300/391]	Loss 0.465 (0.390)	Prec@1 0.844 (0.871)	
[2024/11/06 04:40:00] - Val Loss 0.5894, Val Accuracy 0.8154
[2024/11/06 04:40:01] - epoch 80 lr 1.000000e-01
[2024/11/06 04:40:01] - Device: [3]	Iter: [80][0/391]	Loss 0.243 (0.243)	Prec@1 0.906 (0.906)	
[2024/11/06 04:40:03] - Device: [3]	Iter: [80][150/391]	Loss 0.366 (0.376)	Prec@1 0.914 (0.876)	
[2024/11/06 04:40:05] - Device: [3]	Iter: [80][300/391]	Loss 0.415 (0.383)	Prec@1 0.867 (0.873)	
[2024/11/06 04:40:06] - Val Loss 0.6758, Val Accuracy 0.7833
[2024/11/06 04:40:08] - epoch 81 lr 1.000000e-01
[2024/11/06 04:40:08] - Device: [3]	Iter: [81][0/391]	Loss 0.328 (0.328)	Prec@1 0.883 (0.883)	
[2024/11/06 04:40:10] - Device: [3]	Iter: [81][150/391]	Loss 0.335 (0.368)	Prec@1 0.906 (0.878)	
[2024/11/06 04:40:12] - Device: [3]	Iter: [81][300/391]	Loss 0.343 (0.383)	Prec@1 0.875 (0.874)	
[2024/11/06 04:40:14] - Val Loss 0.7013, Val Accuracy 0.7736
[2024/11/06 04:40:15] - epoch 82 lr 1.000000e-01
[2024/11/06 04:40:15] - Device: [3]	Iter: [82][0/391]	Loss 0.320 (0.320)	Prec@1 0.906 (0.906)	
[2024/11/06 04:40:18] - Device: [3]	Iter: [82][150/391]	Loss 0.387 (0.371)	Prec@1 0.891 (0.877)	
[2024/11/06 04:40:20] - Device: [3]	Iter: [82][300/391]	Loss 0.370 (0.385)	Prec@1 0.898 (0.872)	
[2024/11/06 04:40:21] - Val Loss 0.6080, Val Accuracy 0.8101
[2024/11/06 04:40:22] - epoch 83 lr 1.000000e-01
[2024/11/06 04:40:23] - Device: [3]	Iter: [83][0/391]	Loss 0.402 (0.402)	Prec@1 0.883 (0.883)	
[2024/11/06 04:40:25] - Device: [3]	Iter: [83][150/391]	Loss 0.368 (0.377)	Prec@1 0.859 (0.874)	
[2024/11/06 04:40:26] - Device: [3]	Iter: [83][300/391]	Loss 0.391 (0.379)	Prec@1 0.836 (0.874)	
[2024/11/06 04:40:28] - Val Loss 0.6167, Val Accuracy 0.8038
[2024/11/06 04:40:29] - epoch 84 lr 1.000000e-01
[2024/11/06 04:40:30] - Device: [3]	Iter: [84][0/391]	Loss 0.375 (0.375)	Prec@1 0.859 (0.859)	
[2024/11/06 04:40:32] - Device: [3]	Iter: [84][150/391]	Loss 0.506 (0.403)	Prec@1 0.820 (0.867)	
[2024/11/06 04:40:33] - Device: [3]	Iter: [84][300/391]	Loss 0.502 (0.390)	Prec@1 0.844 (0.871)	
[2024/11/06 04:40:35] - Val Loss 0.5480, Val Accuracy 0.8287
[2024/11/06 04:40:36] - epoch 85 lr 1.000000e-01
[2024/11/06 04:40:37] - Device: [3]	Iter: [85][0/391]	Loss 0.337 (0.337)	Prec@1 0.867 (0.867)	
[2024/11/06 04:40:39] - Device: [3]	Iter: [85][150/391]	Loss 0.571 (0.383)	Prec@1 0.828 (0.875)	
[2024/11/06 04:40:41] - Device: [3]	Iter: [85][300/391]	Loss 0.376 (0.389)	Prec@1 0.867 (0.872)	
[2024/11/06 04:40:42] - Val Loss 0.5241, Val Accuracy 0.8357
[2024/11/06 04:40:44] - epoch 86 lr 1.000000e-01
[2024/11/06 04:40:44] - Device: [3]	Iter: [86][0/391]	Loss 0.342 (0.342)	Prec@1 0.883 (0.883)	
[2024/11/06 04:40:46] - Device: [3]	Iter: [86][150/391]	Loss 0.527 (0.370)	Prec@1 0.836 (0.878)	
[2024/11/06 04:40:48] - Device: [3]	Iter: [86][300/391]	Loss 0.338 (0.384)	Prec@1 0.875 (0.874)	
[2024/11/06 04:40:50] - Val Loss 0.6877, Val Accuracy 0.7835
[2024/11/06 04:40:52] - epoch 87 lr 1.000000e-01
[2024/11/06 04:40:52] - Device: [3]	Iter: [87][0/391]	Loss 0.366 (0.366)	Prec@1 0.875 (0.875)	
[2024/11/06 04:40:54] - Device: [3]	Iter: [87][150/391]	Loss 0.351 (0.380)	Prec@1 0.875 (0.874)	
[2024/11/06 04:40:56] - Device: [3]	Iter: [87][300/391]	Loss 0.392 (0.388)	Prec@1 0.859 (0.871)	
[2024/11/06 04:40:58] - Val Loss 0.6135, Val Accuracy 0.8030
[2024/11/06 04:41:00] - epoch 88 lr 1.000000e-01
[2024/11/06 04:41:00] - Device: [3]	Iter: [88][0/391]	Loss 0.207 (0.207)	Prec@1 0.938 (0.938)	
[2024/11/06 04:41:02] - Device: [3]	Iter: [88][150/391]	Loss 0.334 (0.384)	Prec@1 0.898 (0.875)	
[2024/11/06 04:41:04] - Device: [3]	Iter: [88][300/391]	Loss 0.371 (0.386)	Prec@1 0.859 (0.872)	
[2024/11/06 04:41:06] - Val Loss 0.5167, Val Accuracy 0.8347
[2024/11/06 04:41:07] - epoch 89 lr 1.000000e-01
[2024/11/06 04:41:07] - Device: [3]	Iter: [89][0/391]	Loss 0.356 (0.356)	Prec@1 0.859 (0.859)	
[2024/11/06 04:41:09] - Device: [3]	Iter: [89][150/391]	Loss 0.332 (0.382)	Prec@1 0.883 (0.872)	
[2024/11/06 04:41:11] - Device: [3]	Iter: [89][300/391]	Loss 0.447 (0.378)	Prec@1 0.836 (0.874)	
[2024/11/06 04:41:13] - Val Loss 0.6975, Val Accuracy 0.7738
[2024/11/06 04:41:14] - epoch 90 lr 1.000000e-01
[2024/11/06 04:41:14] - Device: [3]	Iter: [90][0/391]	Loss 0.361 (0.361)	Prec@1 0.883 (0.883)	
[2024/11/06 04:41:16] - Device: [3]	Iter: [90][150/391]	Loss 0.327 (0.379)	Prec@1 0.891 (0.876)	
[2024/11/06 04:41:18] - Device: [3]	Iter: [90][300/391]	Loss 0.296 (0.381)	Prec@1 0.883 (0.877)	
[2024/11/06 04:41:20] - Val Loss 0.6487, Val Accuracy 0.7966
[2024/11/06 04:41:21] - epoch 91 lr 1.000000e-01
[2024/11/06 04:41:21] - Device: [3]	Iter: [91][0/391]	Loss 0.339 (0.339)	Prec@1 0.875 (0.875)	
[2024/11/06 04:41:23] - Device: [3]	Iter: [91][150/391]	Loss 0.419 (0.382)	Prec@1 0.883 (0.873)	
[2024/11/06 04:41:25] - Device: [3]	Iter: [91][300/391]	Loss 0.364 (0.382)	Prec@1 0.891 (0.873)	
[2024/11/06 04:41:27] - Val Loss 0.5427, Val Accuracy 0.8323
[2024/11/06 04:41:28] - epoch 92 lr 1.000000e-01
[2024/11/06 04:41:29] - Device: [3]	Iter: [92][0/391]	Loss 0.275 (0.275)	Prec@1 0.922 (0.922)	
[2024/11/06 04:41:30] - Device: [3]	Iter: [92][150/391]	Loss 0.301 (0.356)	Prec@1 0.898 (0.884)	
[2024/11/06 04:41:32] - Device: [3]	Iter: [92][300/391]	Loss 0.259 (0.378)	Prec@1 0.922 (0.876)	
[2024/11/06 04:41:34] - Val Loss 0.5427, Val Accuracy 0.8185
[2024/11/06 04:41:35] - epoch 93 lr 1.000000e-01
[2024/11/06 04:41:35] - Device: [3]	Iter: [93][0/391]	Loss 0.251 (0.251)	Prec@1 0.906 (0.906)	
[2024/11/06 04:41:37] - Device: [3]	Iter: [93][150/391]	Loss 0.351 (0.372)	Prec@1 0.891 (0.875)	
[2024/11/06 04:41:39] - Device: [3]	Iter: [93][300/391]	Loss 0.594 (0.377)	Prec@1 0.812 (0.874)	
[2024/11/06 04:41:41] - Val Loss 0.5929, Val Accuracy 0.8114
[2024/11/06 04:41:42] - epoch 94 lr 1.000000e-01
[2024/11/06 04:41:42] - Device: [3]	Iter: [94][0/391]	Loss 0.278 (0.278)	Prec@1 0.930 (0.930)	
[2024/11/06 04:41:44] - Device: [3]	Iter: [94][150/391]	Loss 0.410 (0.374)	Prec@1 0.844 (0.877)	
[2024/11/06 04:41:46] - Device: [3]	Iter: [94][300/391]	Loss 0.621 (0.378)	Prec@1 0.828 (0.874)	
[2024/11/06 04:41:47] - Val Loss 0.5614, Val Accuracy 0.8248
[2024/11/06 04:41:49] - epoch 95 lr 1.000000e-01
[2024/11/06 04:41:49] - Device: [3]	Iter: [95][0/391]	Loss 0.266 (0.266)	Prec@1 0.938 (0.938)	
[2024/11/06 04:41:51] - Device: [3]	Iter: [95][150/391]	Loss 0.323 (0.389)	Prec@1 0.891 (0.872)	
[2024/11/06 04:41:52] - Device: [3]	Iter: [95][300/391]	Loss 0.369 (0.387)	Prec@1 0.891 (0.873)	
[2024/11/06 04:41:54] - Val Loss 0.4984, Val Accuracy 0.8376
[2024/11/06 04:41:55] - epoch 96 lr 1.000000e-01
[2024/11/06 04:41:56] - Device: [3]	Iter: [96][0/391]	Loss 0.220 (0.220)	Prec@1 0.930 (0.930)	
[2024/11/06 04:41:58] - Device: [3]	Iter: [96][150/391]	Loss 0.461 (0.367)	Prec@1 0.836 (0.877)	
[2024/11/06 04:42:00] - Device: [3]	Iter: [96][300/391]	Loss 0.333 (0.378)	Prec@1 0.883 (0.873)	
[2024/11/06 04:42:02] - Val Loss 0.4314, Val Accuracy 0.8615
[2024/11/06 04:42:04] - Model saved at epoch 96 with best val accuracy 0.8615
[2024/11/06 04:42:05] - epoch 97 lr 1.000000e-01
[2024/11/06 04:42:05] - Device: [3]	Iter: [97][0/391]	Loss 0.346 (0.346)	Prec@1 0.898 (0.898)	
[2024/11/06 04:42:07] - Device: [3]	Iter: [97][150/391]	Loss 0.350 (0.376)	Prec@1 0.883 (0.876)	
[2024/11/06 04:42:09] - Device: [3]	Iter: [97][300/391]	Loss 0.347 (0.380)	Prec@1 0.906 (0.876)	
[2024/11/06 04:42:11] - Val Loss 0.7843, Val Accuracy 0.7599
[2024/11/06 04:42:12] - epoch 98 lr 1.000000e-01
[2024/11/06 04:42:13] - Device: [3]	Iter: [98][0/391]	Loss 0.366 (0.366)	Prec@1 0.906 (0.906)	
[2024/11/06 04:42:15] - Device: [3]	Iter: [98][150/391]	Loss 0.411 (0.378)	Prec@1 0.875 (0.877)	
[2024/11/06 04:42:17] - Device: [3]	Iter: [98][300/391]	Loss 0.407 (0.387)	Prec@1 0.836 (0.874)	
[2024/11/06 04:42:18] - Val Loss 0.6314, Val Accuracy 0.7991
[2024/11/06 04:42:20] - epoch 99 lr 1.000000e-03
[2024/11/06 04:42:20] - Device: [3]	Iter: [99][0/391]	Loss 0.257 (0.257)	Prec@1 0.930 (0.930)	
[2024/11/06 04:42:22] - Device: [3]	Iter: [99][150/391]	Loss 0.177 (0.236)	Prec@1 0.938 (0.920)	
[2024/11/06 04:42:24] - Device: [3]	Iter: [99][300/391]	Loss 0.127 (0.212)	Prec@1 0.953 (0.928)	
[2024/11/06 04:42:26] - Val Loss 0.2485, Val Accuracy 0.9181
[2024/11/06 04:42:27] - Model saved at epoch 99 with best val accuracy 0.9181
[2024/11/06 04:42:29] - epoch 100 lr 1.000000e-02
[2024/11/06 04:42:29] - Device: [3]	Iter: [100][0/391]	Loss 0.315 (0.315)	Prec@1 0.898 (0.898)	
[2024/11/06 04:42:31] - Device: [3]	Iter: [100][150/391]	Loss 0.101 (0.153)	Prec@1 0.969 (0.950)	
[2024/11/06 04:42:34] - Device: [3]	Iter: [100][300/391]	Loss 0.079 (0.151)	Prec@1 0.969 (0.951)	
[2024/11/06 04:42:35] - Val Loss 0.2370, Val Accuracy 0.9226
[2024/11/06 04:42:37] - Model saved at epoch 100 with best val accuracy 0.9226
[2024/11/06 04:42:38] - epoch 101 lr 1.000000e-02
[2024/11/06 04:42:38] - Device: [3]	Iter: [101][0/391]	Loss 0.176 (0.176)	Prec@1 0.930 (0.930)	
[2024/11/06 04:42:40] - Device: [3]	Iter: [101][150/391]	Loss 0.056 (0.139)	Prec@1 0.992 (0.955)	
[2024/11/06 04:42:42] - Device: [3]	Iter: [101][300/391]	Loss 0.067 (0.136)	Prec@1 0.977 (0.955)	
[2024/11/06 04:42:44] - Val Loss 0.2334, Val Accuracy 0.9245
[2024/11/06 04:42:45] - Model saved at epoch 101 with best val accuracy 0.9245
[2024/11/06 04:42:46] - epoch 102 lr 1.000000e-02
[2024/11/06 04:42:46] - Device: [3]	Iter: [102][0/391]	Loss 0.112 (0.112)	Prec@1 0.961 (0.961)	
[2024/11/06 04:42:49] - Device: [3]	Iter: [102][150/391]	Loss 0.084 (0.117)	Prec@1 0.977 (0.961)	
[2024/11/06 04:42:50] - Device: [3]	Iter: [102][300/391]	Loss 0.075 (0.117)	Prec@1 0.977 (0.960)	
[2024/11/06 04:42:52] - Val Loss 0.2343, Val Accuracy 0.9250
[2024/11/06 04:42:53] - Model saved at epoch 102 with best val accuracy 0.9250
[2024/11/06 04:42:55] - epoch 103 lr 1.000000e-02
[2024/11/06 04:42:55] - Device: [3]	Iter: [103][0/391]	Loss 0.063 (0.063)	Prec@1 0.977 (0.977)	
[2024/11/06 04:42:57] - Device: [3]	Iter: [103][150/391]	Loss 0.098 (0.103)	Prec@1 0.984 (0.967)	
[2024/11/06 04:42:59] - Device: [3]	Iter: [103][300/391]	Loss 0.156 (0.104)	Prec@1 0.953 (0.966)	
[2024/11/06 04:43:01] - Val Loss 0.2355, Val Accuracy 0.9242
[2024/11/06 04:43:02] - epoch 104 lr 1.000000e-02
[2024/11/06 04:43:02] - Device: [3]	Iter: [104][0/391]	Loss 0.196 (0.196)	Prec@1 0.930 (0.930)	
[2024/11/06 04:43:05] - Device: [3]	Iter: [104][150/391]	Loss 0.096 (0.098)	Prec@1 0.953 (0.967)	
[2024/11/06 04:43:06] - Device: [3]	Iter: [104][300/391]	Loss 0.146 (0.098)	Prec@1 0.953 (0.967)	
[2024/11/06 04:43:08] - Val Loss 0.2441, Val Accuracy 0.9255
[2024/11/06 04:43:09] - Model saved at epoch 104 with best val accuracy 0.9255
[2024/11/06 04:43:10] - epoch 105 lr 1.000000e-02
[2024/11/06 04:43:11] - Device: [3]	Iter: [105][0/391]	Loss 0.090 (0.090)	Prec@1 0.984 (0.984)	
[2024/11/06 04:43:13] - Device: [3]	Iter: [105][150/391]	Loss 0.078 (0.088)	Prec@1 0.977 (0.971)	
[2024/11/06 04:43:15] - Device: [3]	Iter: [105][300/391]	Loss 0.145 (0.086)	Prec@1 0.969 (0.971)	
[2024/11/06 04:43:16] - Val Loss 0.2472, Val Accuracy 0.9256
[2024/11/06 04:43:18] - Model saved at epoch 105 with best val accuracy 0.9256
[2024/11/06 04:43:19] - epoch 106 lr 1.000000e-02
[2024/11/06 04:43:19] - Device: [3]	Iter: [106][0/391]	Loss 0.130 (0.130)	Prec@1 0.969 (0.969)	
[2024/11/06 04:43:21] - Device: [3]	Iter: [106][150/391]	Loss 0.042 (0.078)	Prec@1 0.977 (0.974)	
[2024/11/06 04:43:23] - Device: [3]	Iter: [106][300/391]	Loss 0.043 (0.081)	Prec@1 0.992 (0.973)	
[2024/11/06 04:43:25] - Val Loss 0.2471, Val Accuracy 0.9263
[2024/11/06 04:43:26] - Model saved at epoch 106 with best val accuracy 0.9263
[2024/11/06 04:43:27] - epoch 107 lr 1.000000e-02
[2024/11/06 04:43:27] - Device: [3]	Iter: [107][0/391]	Loss 0.094 (0.094)	Prec@1 0.961 (0.961)	
[2024/11/06 04:43:29] - Device: [3]	Iter: [107][150/391]	Loss 0.076 (0.070)	Prec@1 0.984 (0.976)	
[2024/11/06 04:43:31] - Device: [3]	Iter: [107][300/391]	Loss 0.023 (0.073)	Prec@1 1.000 (0.976)	
[2024/11/06 04:43:33] - Val Loss 0.2461, Val Accuracy 0.9266
[2024/11/06 04:43:34] - Model saved at epoch 107 with best val accuracy 0.9266
[2024/11/06 04:43:35] - epoch 108 lr 1.000000e-02
[2024/11/06 04:43:35] - Device: [3]	Iter: [108][0/391]	Loss 0.062 (0.062)	Prec@1 0.977 (0.977)	
[2024/11/06 04:43:37] - Device: [3]	Iter: [108][150/391]	Loss 0.080 (0.065)	Prec@1 0.977 (0.977)	
[2024/11/06 04:43:39] - Device: [3]	Iter: [108][300/391]	Loss 0.093 (0.068)	Prec@1 0.977 (0.977)	
[2024/11/06 04:43:41] - Val Loss 0.2658, Val Accuracy 0.9228
[2024/11/06 04:43:42] - epoch 109 lr 1.000000e-02
[2024/11/06 04:43:42] - Device: [3]	Iter: [109][0/391]	Loss 0.068 (0.068)	Prec@1 0.977 (0.977)	
[2024/11/06 04:43:44] - Device: [3]	Iter: [109][150/391]	Loss 0.026 (0.067)	Prec@1 1.000 (0.977)	
[2024/11/06 04:43:45] - Device: [3]	Iter: [109][300/391]	Loss 0.062 (0.066)	Prec@1 0.961 (0.978)	
[2024/11/06 04:43:47] - Val Loss 0.2831, Val Accuracy 0.9212
[2024/11/06 04:43:48] - epoch 110 lr 1.000000e-02
[2024/11/06 04:43:49] - Device: [3]	Iter: [110][0/391]	Loss 0.049 (0.049)	Prec@1 0.969 (0.969)	
[2024/11/06 04:43:50] - Device: [3]	Iter: [110][150/391]	Loss 0.065 (0.059)	Prec@1 0.977 (0.979)	
[2024/11/06 04:43:52] - Device: [3]	Iter: [110][300/391]	Loss 0.031 (0.060)	Prec@1 0.992 (0.979)	
[2024/11/06 04:43:54] - Val Loss 0.2713, Val Accuracy 0.9226
[2024/11/06 04:43:55] - epoch 111 lr 1.000000e-02
[2024/11/06 04:43:55] - Device: [3]	Iter: [111][0/391]	Loss 0.028 (0.028)	Prec@1 1.000 (1.000)	
[2024/11/06 04:43:58] - Device: [3]	Iter: [111][150/391]	Loss 0.064 (0.056)	Prec@1 0.984 (0.981)	
[2024/11/06 04:44:00] - Device: [3]	Iter: [111][300/391]	Loss 0.091 (0.054)	Prec@1 0.984 (0.982)	
[2024/11/06 04:44:01] - Val Loss 0.2732, Val Accuracy 0.9233
[2024/11/06 04:44:03] - epoch 112 lr 1.000000e-02
[2024/11/06 04:44:03] - Device: [3]	Iter: [112][0/391]	Loss 0.102 (0.102)	Prec@1 0.969 (0.969)	
[2024/11/06 04:44:05] - Device: [3]	Iter: [112][150/391]	Loss 0.024 (0.054)	Prec@1 1.000 (0.983)	
[2024/11/06 04:44:07] - Device: [3]	Iter: [112][300/391]	Loss 0.074 (0.056)	Prec@1 0.969 (0.981)	
[2024/11/06 04:44:09] - Val Loss 0.2805, Val Accuracy 0.9205
[2024/11/06 04:44:10] - epoch 113 lr 1.000000e-02
[2024/11/06 04:44:10] - Device: [3]	Iter: [113][0/391]	Loss 0.023 (0.023)	Prec@1 0.992 (0.992)	
[2024/11/06 04:44:12] - Device: [3]	Iter: [113][150/391]	Loss 0.043 (0.052)	Prec@1 0.977 (0.983)	
[2024/11/06 04:44:14] - Device: [3]	Iter: [113][300/391]	Loss 0.078 (0.052)	Prec@1 0.977 (0.983)	
[2024/11/06 04:44:16] - Val Loss 0.2817, Val Accuracy 0.9227
[2024/11/06 04:44:17] - epoch 114 lr 1.000000e-02
[2024/11/06 04:44:17] - Device: [3]	Iter: [114][0/391]	Loss 0.049 (0.049)	Prec@1 0.977 (0.977)	
[2024/11/06 04:44:19] - Device: [3]	Iter: [114][150/391]	Loss 0.048 (0.050)	Prec@1 0.992 (0.984)	
[2024/11/06 04:44:21] - Device: [3]	Iter: [114][300/391]	Loss 0.136 (0.055)	Prec@1 0.969 (0.982)	
[2024/11/06 04:44:23] - Val Loss 0.2735, Val Accuracy 0.9229
[2024/11/06 04:44:24] - epoch 115 lr 1.000000e-02
[2024/11/06 04:44:25] - Device: [3]	Iter: [115][0/391]	Loss 0.029 (0.029)	Prec@1 1.000 (1.000)	
[2024/11/06 04:44:27] - Device: [3]	Iter: [115][150/391]	Loss 0.050 (0.053)	Prec@1 0.992 (0.983)	
[2024/11/06 04:44:29] - Device: [3]	Iter: [115][300/391]	Loss 0.059 (0.054)	Prec@1 0.977 (0.982)	
[2024/11/06 04:44:31] - Val Loss 0.2922, Val Accuracy 0.9197
[2024/11/06 04:44:32] - epoch 116 lr 1.000000e-02
[2024/11/06 04:44:32] - Device: [3]	Iter: [116][0/391]	Loss 0.094 (0.094)	Prec@1 0.961 (0.961)	
[2024/11/06 04:44:34] - Device: [3]	Iter: [116][150/391]	Loss 0.075 (0.049)	Prec@1 0.969 (0.983)	
[2024/11/06 04:44:36] - Device: [3]	Iter: [116][300/391]	Loss 0.041 (0.049)	Prec@1 0.984 (0.983)	
[2024/11/06 04:44:38] - Val Loss 0.3108, Val Accuracy 0.9191
[2024/11/06 04:44:39] - epoch 117 lr 1.000000e-02
[2024/11/06 04:44:39] - Device: [3]	Iter: [117][0/391]	Loss 0.065 (0.065)	Prec@1 0.969 (0.969)	
[2024/11/06 04:44:41] - Device: [3]	Iter: [117][150/391]	Loss 0.016 (0.050)	Prec@1 1.000 (0.983)	
[2024/11/06 04:44:43] - Device: [3]	Iter: [117][300/391]	Loss 0.066 (0.053)	Prec@1 0.977 (0.982)	
[2024/11/06 04:44:45] - Val Loss 0.2963, Val Accuracy 0.9204
[2024/11/06 04:44:47] - epoch 118 lr 1.000000e-02
[2024/11/06 04:44:47] - Device: [3]	Iter: [118][0/391]	Loss 0.011 (0.011)	Prec@1 1.000 (1.000)	
[2024/11/06 04:44:49] - Device: [3]	Iter: [118][150/391]	Loss 0.019 (0.045)	Prec@1 0.992 (0.985)	
[2024/11/06 04:44:52] - Device: [3]	Iter: [118][300/391]	Loss 0.103 (0.050)	Prec@1 0.961 (0.983)	
[2024/11/06 04:44:53] - Val Loss 0.2765, Val Accuracy 0.9259
[2024/11/06 04:44:55] - epoch 119 lr 1.000000e-02
[2024/11/06 04:44:55] - Device: [3]	Iter: [119][0/391]	Loss 0.095 (0.095)	Prec@1 0.969 (0.969)	
[2024/11/06 04:44:57] - Device: [3]	Iter: [119][150/391]	Loss 0.070 (0.047)	Prec@1 0.984 (0.985)	
[2024/11/06 04:44:59] - Device: [3]	Iter: [119][300/391]	Loss 0.108 (0.049)	Prec@1 0.969 (0.983)	
[2024/11/06 04:45:01] - Val Loss 0.2884, Val Accuracy 0.9247
[2024/11/06 04:45:02] - epoch 120 lr 1.000000e-02
[2024/11/06 04:45:02] - Device: [3]	Iter: [120][0/391]	Loss 0.031 (0.031)	Prec@1 0.992 (0.992)	
[2024/11/06 04:45:05] - Device: [3]	Iter: [120][150/391]	Loss 0.069 (0.044)	Prec@1 0.977 (0.986)	
[2024/11/06 04:45:07] - Device: [3]	Iter: [120][300/391]	Loss 0.046 (0.052)	Prec@1 0.977 (0.983)	
[2024/11/06 04:45:09] - Val Loss 0.3265, Val Accuracy 0.9181
[2024/11/06 04:45:10] - epoch 121 lr 1.000000e-02
[2024/11/06 04:45:10] - Device: [3]	Iter: [121][0/391]	Loss 0.079 (0.079)	Prec@1 0.977 (0.977)	
[2024/11/06 04:45:12] - Device: [3]	Iter: [121][150/391]	Loss 0.046 (0.051)	Prec@1 0.984 (0.982)	
[2024/11/06 04:45:15] - Device: [3]	Iter: [121][300/391]	Loss 0.083 (0.053)	Prec@1 0.984 (0.981)	
[2024/11/06 04:45:16] - Val Loss 0.3084, Val Accuracy 0.9192
[2024/11/06 04:45:18] - epoch 122 lr 1.000000e-02
[2024/11/06 04:45:18] - Device: [3]	Iter: [122][0/391]	Loss 0.055 (0.055)	Prec@1 0.977 (0.977)	
[2024/11/06 04:45:20] - Device: [3]	Iter: [122][150/391]	Loss 0.078 (0.052)	Prec@1 0.969 (0.982)	
[2024/11/06 04:45:22] - Device: [3]	Iter: [122][300/391]	Loss 0.047 (0.051)	Prec@1 0.992 (0.983)	
[2024/11/06 04:45:24] - Val Loss 0.2933, Val Accuracy 0.9232
[2024/11/06 04:45:25] - epoch 123 lr 1.000000e-02
[2024/11/06 04:45:25] - Device: [3]	Iter: [123][0/391]	Loss 0.074 (0.074)	Prec@1 0.977 (0.977)	
[2024/11/06 04:45:28] - Device: [3]	Iter: [123][150/391]	Loss 0.028 (0.053)	Prec@1 0.992 (0.983)	
[2024/11/06 04:45:29] - Device: [3]	Iter: [123][300/391]	Loss 0.025 (0.055)	Prec@1 0.992 (0.982)	
[2024/11/06 04:45:31] - Val Loss 0.3217, Val Accuracy 0.9136
[2024/11/06 04:45:33] - epoch 124 lr 1.000000e-02
[2024/11/06 04:45:33] - Device: [3]	Iter: [124][0/391]	Loss 0.020 (0.020)	Prec@1 0.992 (0.992)	
[2024/11/06 04:45:36] - Device: [3]	Iter: [124][150/391]	Loss 0.040 (0.056)	Prec@1 0.992 (0.980)	
[2024/11/06 04:45:38] - Device: [3]	Iter: [124][300/391]	Loss 0.084 (0.059)	Prec@1 0.984 (0.980)	
[2024/11/06 04:45:39] - Val Loss 0.3034, Val Accuracy 0.9181
[2024/11/06 04:45:41] - epoch 125 lr 1.000000e-02
[2024/11/06 04:45:41] - Device: [3]	Iter: [125][0/391]	Loss 0.081 (0.081)	Prec@1 0.969 (0.969)	
[2024/11/06 04:45:43] - Device: [3]	Iter: [125][150/391]	Loss 0.062 (0.047)	Prec@1 0.984 (0.984)	
[2024/11/06 04:45:45] - Device: [3]	Iter: [125][300/391]	Loss 0.048 (0.052)	Prec@1 0.984 (0.982)	
[2024/11/06 04:45:46] - Val Loss 0.3384, Val Accuracy 0.9129
[2024/11/06 04:45:48] - epoch 126 lr 1.000000e-02
[2024/11/06 04:45:48] - Device: [3]	Iter: [126][0/391]	Loss 0.067 (0.067)	Prec@1 0.977 (0.977)	
[2024/11/06 04:45:50] - Device: [3]	Iter: [126][150/391]	Loss 0.062 (0.054)	Prec@1 0.984 (0.981)	
[2024/11/06 04:45:52] - Device: [3]	Iter: [126][300/391]	Loss 0.136 (0.056)	Prec@1 0.961 (0.981)	
[2024/11/06 04:45:54] - Val Loss 0.2879, Val Accuracy 0.9208
[2024/11/06 04:45:55] - epoch 127 lr 1.000000e-02
[2024/11/06 04:45:55] - Device: [3]	Iter: [127][0/391]	Loss 0.018 (0.018)	Prec@1 0.992 (0.992)	
[2024/11/06 04:45:58] - Device: [3]	Iter: [127][150/391]	Loss 0.026 (0.056)	Prec@1 0.984 (0.982)	
[2024/11/06 04:46:00] - Device: [3]	Iter: [127][300/391]	Loss 0.076 (0.057)	Prec@1 0.977 (0.981)	
[2024/11/06 04:46:02] - Val Loss 0.2847, Val Accuracy 0.9203
[2024/11/06 04:46:03] - epoch 128 lr 1.000000e-02
[2024/11/06 04:46:03] - Device: [3]	Iter: [128][0/391]	Loss 0.043 (0.043)	Prec@1 0.984 (0.984)	
[2024/11/06 04:46:06] - Device: [3]	Iter: [128][150/391]	Loss 0.043 (0.050)	Prec@1 0.984 (0.983)	
[2024/11/06 04:46:07] - Device: [3]	Iter: [128][300/391]	Loss 0.102 (0.056)	Prec@1 0.969 (0.981)	
[2024/11/06 04:46:09] - Val Loss 0.3238, Val Accuracy 0.9111
[2024/11/06 04:46:10] - epoch 129 lr 1.000000e-02
[2024/11/06 04:46:11] - Device: [3]	Iter: [129][0/391]	Loss 0.056 (0.056)	Prec@1 0.984 (0.984)	
[2024/11/06 04:46:13] - Device: [3]	Iter: [129][150/391]	Loss 0.057 (0.055)	Prec@1 0.992 (0.982)	
[2024/11/06 04:46:15] - Device: [3]	Iter: [129][300/391]	Loss 0.075 (0.058)	Prec@1 0.977 (0.981)	
[2024/11/06 04:46:17] - Val Loss 0.3086, Val Accuracy 0.9154
[2024/11/06 04:46:18] - epoch 130 lr 1.000000e-02
[2024/11/06 04:46:18] - Device: [3]	Iter: [130][0/391]	Loss 0.039 (0.039)	Prec@1 0.984 (0.984)	
[2024/11/06 04:46:20] - Device: [3]	Iter: [130][150/391]	Loss 0.048 (0.049)	Prec@1 0.984 (0.983)	
[2024/11/06 04:46:21] - Device: [3]	Iter: [130][300/391]	Loss 0.061 (0.053)	Prec@1 0.969 (0.982)	
[2024/11/06 04:46:23] - Val Loss 0.3175, Val Accuracy 0.9150
[2024/11/06 04:46:25] - epoch 131 lr 1.000000e-02
[2024/11/06 04:46:25] - Device: [3]	Iter: [131][0/391]	Loss 0.053 (0.053)	Prec@1 0.969 (0.969)	
[2024/11/06 04:46:28] - Device: [3]	Iter: [131][150/391]	Loss 0.073 (0.060)	Prec@1 0.977 (0.979)	
[2024/11/06 04:46:30] - Device: [3]	Iter: [131][300/391]	Loss 0.039 (0.059)	Prec@1 0.992 (0.980)	
[2024/11/06 04:46:32] - Val Loss 0.2950, Val Accuracy 0.9225
[2024/11/06 04:46:33] - epoch 132 lr 1.000000e-02
[2024/11/06 04:46:33] - Device: [3]	Iter: [132][0/391]	Loss 0.050 (0.050)	Prec@1 0.969 (0.969)	
[2024/11/06 04:46:36] - Device: [3]	Iter: [132][150/391]	Loss 0.006 (0.056)	Prec@1 1.000 (0.981)	
[2024/11/06 04:46:38] - Device: [3]	Iter: [132][300/391]	Loss 0.029 (0.057)	Prec@1 0.992 (0.980)	
[2024/11/06 04:46:39] - Val Loss 0.3229, Val Accuracy 0.9125
[2024/11/06 04:46:41] - epoch 133 lr 1.000000e-02
[2024/11/06 04:46:41] - Device: [3]	Iter: [133][0/391]	Loss 0.023 (0.023)	Prec@1 0.992 (0.992)	
[2024/11/06 04:46:43] - Device: [3]	Iter: [133][150/391]	Loss 0.062 (0.055)	Prec@1 0.977 (0.981)	
[2024/11/06 04:46:45] - Device: [3]	Iter: [133][300/391]	Loss 0.040 (0.060)	Prec@1 0.992 (0.980)	
[2024/11/06 04:46:47] - Val Loss 0.3198, Val Accuracy 0.9134
[2024/11/06 04:46:49] - epoch 134 lr 1.000000e-02
[2024/11/06 04:46:49] - Device: [3]	Iter: [134][0/391]	Loss 0.052 (0.052)	Prec@1 0.977 (0.977)	
[2024/11/06 04:46:51] - Device: [3]	Iter: [134][150/391]	Loss 0.060 (0.057)	Prec@1 0.977 (0.980)	
[2024/11/06 04:46:53] - Device: [3]	Iter: [134][300/391]	Loss 0.100 (0.059)	Prec@1 0.961 (0.979)	
[2024/11/06 04:46:55] - Val Loss 0.3234, Val Accuracy 0.9111
[2024/11/06 04:46:56] - epoch 135 lr 1.000000e-02
[2024/11/06 04:46:56] - Device: [3]	Iter: [135][0/391]	Loss 0.052 (0.052)	Prec@1 0.984 (0.984)	
[2024/11/06 04:46:58] - Device: [3]	Iter: [135][150/391]	Loss 0.059 (0.059)	Prec@1 0.977 (0.980)	
[2024/11/06 04:47:00] - Device: [3]	Iter: [135][300/391]	Loss 0.102 (0.064)	Prec@1 0.969 (0.979)	
[2024/11/06 04:47:02] - Val Loss 0.3007, Val Accuracy 0.9170
[2024/11/06 04:47:03] - epoch 136 lr 1.000000e-02
[2024/11/06 04:47:03] - Device: [3]	Iter: [136][0/391]	Loss 0.021 (0.021)	Prec@1 0.992 (0.992)	
[2024/11/06 04:47:05] - Device: [3]	Iter: [136][150/391]	Loss 0.179 (0.058)	Prec@1 0.945 (0.980)	
[2024/11/06 04:47:07] - Device: [3]	Iter: [136][300/391]	Loss 0.037 (0.057)	Prec@1 0.984 (0.980)	
[2024/11/06 04:47:09] - Val Loss 0.3671, Val Accuracy 0.9042
[2024/11/06 04:47:10] - epoch 137 lr 1.000000e-02
[2024/11/06 04:47:10] - Device: [3]	Iter: [137][0/391]	Loss 0.093 (0.093)	Prec@1 0.969 (0.969)	
[2024/11/06 04:47:12] - Device: [3]	Iter: [137][150/391]	Loss 0.102 (0.063)	Prec@1 0.961 (0.980)	
[2024/11/06 04:47:14] - Device: [3]	Iter: [137][300/391]	Loss 0.030 (0.063)	Prec@1 0.984 (0.979)	
[2024/11/06 04:47:16] - Val Loss 0.3180, Val Accuracy 0.9121
[2024/11/06 04:47:17] - epoch 138 lr 1.000000e-02
[2024/11/06 04:47:17] - Device: [3]	Iter: [138][0/391]	Loss 0.014 (0.014)	Prec@1 1.000 (1.000)	
[2024/11/06 04:47:19] - Device: [3]	Iter: [138][150/391]	Loss 0.031 (0.056)	Prec@1 0.992 (0.981)	
[2024/11/06 04:47:21] - Device: [3]	Iter: [138][300/391]	Loss 0.058 (0.063)	Prec@1 0.977 (0.978)	
[2024/11/06 04:47:22] - Val Loss 0.3129, Val Accuracy 0.9186
[2024/11/06 04:47:23] - epoch 139 lr 1.000000e-02
[2024/11/06 04:47:24] - Device: [3]	Iter: [139][0/391]	Loss 0.029 (0.029)	Prec@1 0.984 (0.984)	
[2024/11/06 04:47:26] - Device: [3]	Iter: [139][150/391]	Loss 0.047 (0.051)	Prec@1 0.977 (0.983)	
[2024/11/06 04:47:28] - Device: [3]	Iter: [139][300/391]	Loss 0.056 (0.057)	Prec@1 0.977 (0.980)	
[2024/11/06 04:47:29] - Val Loss 0.3416, Val Accuracy 0.9079
[2024/11/06 04:47:30] - epoch 140 lr 1.000000e-02
[2024/11/06 04:47:31] - Device: [3]	Iter: [140][0/391]	Loss 0.042 (0.042)	Prec@1 0.977 (0.977)	
[2024/11/06 04:47:33] - Device: [3]	Iter: [140][150/391]	Loss 0.061 (0.069)	Prec@1 0.984 (0.976)	
[2024/11/06 04:47:35] - Device: [3]	Iter: [140][300/391]	Loss 0.017 (0.065)	Prec@1 0.992 (0.977)	
[2024/11/06 04:47:37] - Val Loss 0.3107, Val Accuracy 0.9161
[2024/11/06 04:47:38] - epoch 141 lr 1.000000e-02
[2024/11/06 04:47:38] - Device: [3]	Iter: [141][0/391]	Loss 0.023 (0.023)	Prec@1 0.992 (0.992)	
[2024/11/06 04:47:40] - Device: [3]	Iter: [141][150/391]	Loss 0.076 (0.054)	Prec@1 0.945 (0.980)	
[2024/11/06 04:47:41] - Device: [3]	Iter: [141][300/391]	Loss 0.094 (0.061)	Prec@1 0.969 (0.979)	
[2024/11/06 04:47:43] - Val Loss 0.3364, Val Accuracy 0.9106
[2024/11/06 04:47:44] - epoch 142 lr 1.000000e-02
[2024/11/06 04:47:45] - Device: [3]	Iter: [142][0/391]	Loss 0.045 (0.045)	Prec@1 0.984 (0.984)	
[2024/11/06 04:47:47] - Device: [3]	Iter: [142][150/391]	Loss 0.105 (0.060)	Prec@1 0.969 (0.980)	
[2024/11/06 04:47:49] - Device: [3]	Iter: [142][300/391]	Loss 0.046 (0.061)	Prec@1 0.977 (0.979)	
[2024/11/06 04:47:51] - Val Loss 0.3347, Val Accuracy 0.9105
[2024/11/06 04:47:52] - epoch 143 lr 1.000000e-02
[2024/11/06 04:47:52] - Device: [3]	Iter: [143][0/391]	Loss 0.028 (0.028)	Prec@1 0.992 (0.992)	
[2024/11/06 04:47:54] - Device: [3]	Iter: [143][150/391]	Loss 0.125 (0.056)	Prec@1 0.969 (0.982)	
[2024/11/06 04:47:56] - Device: [3]	Iter: [143][300/391]	Loss 0.046 (0.058)	Prec@1 0.977 (0.981)	
[2024/11/06 04:47:58] - Val Loss 0.3287, Val Accuracy 0.9117
[2024/11/06 04:47:59] - epoch 144 lr 1.000000e-02
[2024/11/06 04:47:59] - Device: [3]	Iter: [144][0/391]	Loss 0.089 (0.089)	Prec@1 0.977 (0.977)	
[2024/11/06 04:48:01] - Device: [3]	Iter: [144][150/391]	Loss 0.066 (0.067)	Prec@1 0.969 (0.976)	
[2024/11/06 04:48:03] - Device: [3]	Iter: [144][300/391]	Loss 0.083 (0.070)	Prec@1 0.977 (0.976)	
[2024/11/06 04:48:05] - Val Loss 0.2912, Val Accuracy 0.9228
[2024/11/06 04:48:06] - epoch 145 lr 1.000000e-02
[2024/11/06 04:48:07] - Device: [3]	Iter: [145][0/391]	Loss 0.052 (0.052)	Prec@1 0.992 (0.992)	
[2024/11/06 04:48:09] - Device: [3]	Iter: [145][150/391]	Loss 0.024 (0.057)	Prec@1 0.992 (0.980)	
[2024/11/06 04:48:11] - Device: [3]	Iter: [145][300/391]	Loss 0.011 (0.065)	Prec@1 1.000 (0.978)	
[2024/11/06 04:48:12] - Val Loss 0.3260, Val Accuracy 0.9103
[2024/11/06 04:48:14] - epoch 146 lr 1.000000e-02
[2024/11/06 04:48:14] - Device: [3]	Iter: [146][0/391]	Loss 0.064 (0.064)	Prec@1 0.977 (0.977)	
[2024/11/06 04:48:16] - Device: [3]	Iter: [146][150/391]	Loss 0.086 (0.055)	Prec@1 0.984 (0.981)	
[2024/11/06 04:48:18] - Device: [3]	Iter: [146][300/391]	Loss 0.043 (0.060)	Prec@1 0.992 (0.980)	
[2024/11/06 04:48:20] - Val Loss 0.3147, Val Accuracy 0.9129
[2024/11/06 04:48:21] - epoch 147 lr 1.000000e-02
[2024/11/06 04:48:22] - Device: [3]	Iter: [147][0/391]	Loss 0.013 (0.013)	Prec@1 1.000 (1.000)	
[2024/11/06 04:48:23] - Device: [3]	Iter: [147][150/391]	Loss 0.075 (0.057)	Prec@1 0.977 (0.981)	
[2024/11/06 04:48:25] - Device: [3]	Iter: [147][300/391]	Loss 0.026 (0.061)	Prec@1 1.000 (0.979)	
[2024/11/06 04:48:27] - Val Loss 0.3672, Val Accuracy 0.9004
[2024/11/06 04:48:29] - epoch 148 lr 1.000000e-02
[2024/11/06 04:48:29] - Device: [3]	Iter: [148][0/391]	Loss 0.032 (0.032)	Prec@1 0.984 (0.984)	
[2024/11/06 04:48:31] - Device: [3]	Iter: [148][150/391]	Loss 0.067 (0.057)	Prec@1 0.977 (0.981)	
[2024/11/06 04:48:33] - Device: [3]	Iter: [148][300/391]	Loss 0.125 (0.062)	Prec@1 0.945 (0.979)	
[2024/11/06 04:48:34] - Val Loss 0.3166, Val Accuracy 0.9116
[2024/11/06 04:48:35] - epoch 149 lr 1.000000e-04
[2024/11/06 04:48:36] - Device: [3]	Iter: [149][0/391]	Loss 0.046 (0.046)	Prec@1 0.977 (0.977)	
[2024/11/06 04:48:38] - Device: [3]	Iter: [149][150/391]	Loss 0.031 (0.037)	Prec@1 0.984 (0.987)	
[2024/11/06 04:48:40] - Device: [3]	Iter: [149][300/391]	Loss 0.033 (0.031)	Prec@1 0.984 (0.990)	
[2024/11/06 04:48:41] - Val Loss 0.2483, Val Accuracy 0.9303
[2024/11/06 04:48:43] - Model saved at epoch 149 with best val accuracy 0.9303
[2024/11/06 04:48:44] - epoch 150 lr 1.000000e-03
[2024/11/06 04:48:44] - Device: [3]	Iter: [150][0/391]	Loss 0.003 (0.003)	Prec@1 1.000 (1.000)	
[2024/11/06 04:48:46] - Device: [3]	Iter: [150][150/391]	Loss 0.032 (0.018)	Prec@1 0.992 (0.995)	
[2024/11/06 04:48:48] - Device: [3]	Iter: [150][300/391]	Loss 0.015 (0.017)	Prec@1 0.992 (0.995)	
[2024/11/06 04:48:49] - Val Loss 0.2538, Val Accuracy 0.9309
[2024/11/06 04:48:51] - Model saved at epoch 150 with best val accuracy 0.9309
[2024/11/06 04:48:52] - epoch 151 lr 1.000000e-03
[2024/11/06 04:48:52] - Device: [3]	Iter: [151][0/391]	Loss 0.007 (0.007)	Prec@1 1.000 (1.000)	
[2024/11/06 04:48:54] - Device: [3]	Iter: [151][150/391]	Loss 0.061 (0.015)	Prec@1 0.992 (0.996)	
[2024/11/06 04:48:56] - Device: [3]	Iter: [151][300/391]	Loss 0.011 (0.015)	Prec@1 1.000 (0.996)	
[2024/11/06 04:48:58] - Val Loss 0.2542, Val Accuracy 0.9331
[2024/11/06 04:48:59] - Model saved at epoch 151 with best val accuracy 0.9331
[2024/11/06 04:49:00] - epoch 152 lr 1.000000e-03
[2024/11/06 04:49:01] - Device: [3]	Iter: [152][0/391]	Loss 0.022 (0.022)	Prec@1 0.992 (0.992)	
[2024/11/06 04:49:02] - Device: [3]	Iter: [152][150/391]	Loss 0.021 (0.012)	Prec@1 0.992 (0.997)	
[2024/11/06 04:49:03] - Device: [3]	Iter: [152][300/391]	Loss 0.020 (0.012)	Prec@1 0.992 (0.997)	
[2024/11/06 04:49:05] - Val Loss 0.2603, Val Accuracy 0.9340
[2024/11/06 04:49:06] - Model saved at epoch 152 with best val accuracy 0.9340
[2024/11/06 04:49:07] - epoch 153 lr 1.000000e-03
[2024/11/06 04:49:07] - Device: [3]	Iter: [153][0/391]	Loss 0.003 (0.003)	Prec@1 1.000 (1.000)	
[2024/11/06 04:49:09] - Device: [3]	Iter: [153][150/391]	Loss 0.001 (0.011)	Prec@1 1.000 (0.997)	
[2024/11/06 04:49:11] - Device: [3]	Iter: [153][300/391]	Loss 0.001 (0.011)	Prec@1 1.000 (0.997)	
[2024/11/06 04:49:13] - Val Loss 0.2639, Val Accuracy 0.9347
[2024/11/06 04:49:14] - Model saved at epoch 153 with best val accuracy 0.9347
[2024/11/06 04:49:15] - epoch 154 lr 1.000000e-03
[2024/11/06 04:49:15] - Device: [3]	Iter: [154][0/391]	Loss 0.018 (0.018)	Prec@1 0.992 (0.992)	
[2024/11/06 04:49:17] - Device: [3]	Iter: [154][150/391]	Loss 0.011 (0.008)	Prec@1 0.992 (0.998)	
[2024/11/06 04:49:19] - Device: [3]	Iter: [154][300/391]	Loss 0.006 (0.008)	Prec@1 1.000 (0.998)	
[2024/11/06 04:49:21] - Val Loss 0.2684, Val Accuracy 0.9346
[2024/11/06 04:49:22] - epoch 155 lr 1.000000e-03
[2024/11/06 04:49:22] - Device: [3]	Iter: [155][0/391]	Loss 0.007 (0.007)	Prec@1 1.000 (1.000)	
[2024/11/06 04:49:24] - Device: [3]	Iter: [155][150/391]	Loss 0.002 (0.008)	Prec@1 1.000 (0.998)	
[2024/11/06 04:49:26] - Device: [3]	Iter: [155][300/391]	Loss 0.010 (0.008)	Prec@1 0.992 (0.998)	
[2024/11/06 04:49:28] - Val Loss 0.2642, Val Accuracy 0.9350
[2024/11/06 04:49:29] - Model saved at epoch 155 with best val accuracy 0.9350
[2024/11/06 04:49:30] - epoch 156 lr 1.000000e-03
[2024/11/06 04:49:30] - Device: [3]	Iter: [156][0/391]	Loss 0.012 (0.012)	Prec@1 0.992 (0.992)	
[2024/11/06 04:49:32] - Device: [3]	Iter: [156][150/391]	Loss 0.023 (0.007)	Prec@1 0.992 (0.998)	
[2024/11/06 04:49:34] - Device: [3]	Iter: [156][300/391]	Loss 0.005 (0.007)	Prec@1 1.000 (0.998)	
[2024/11/06 04:49:35] - Val Loss 0.2655, Val Accuracy 0.9372
[2024/11/06 04:49:37] - Model saved at epoch 156 with best val accuracy 0.9372
[2024/11/06 04:49:38] - epoch 157 lr 1.000000e-03
[2024/11/06 04:49:38] - Device: [3]	Iter: [157][0/391]	Loss 0.003 (0.003)	Prec@1 1.000 (1.000)	
[2024/11/06 04:49:40] - Device: [3]	Iter: [157][150/391]	Loss 0.004 (0.006)	Prec@1 1.000 (0.998)	
[2024/11/06 04:49:42] - Device: [3]	Iter: [157][300/391]	Loss 0.014 (0.006)	Prec@1 0.992 (0.998)	
[2024/11/06 04:49:44] - Val Loss 0.2671, Val Accuracy 0.9363
[2024/11/06 04:49:45] - epoch 158 lr 1.000000e-03
[2024/11/06 04:49:45] - Device: [3]	Iter: [158][0/391]	Loss 0.004 (0.004)	Prec@1 1.000 (1.000)	
[2024/11/06 04:49:47] - Device: [3]	Iter: [158][150/391]	Loss 0.003 (0.008)	Prec@1 1.000 (0.998)	
[2024/11/06 04:49:49] - Device: [3]	Iter: [158][300/391]	Loss 0.004 (0.007)	Prec@1 1.000 (0.998)	
[2024/11/06 04:49:51] - Val Loss 0.2647, Val Accuracy 0.9375
[2024/11/06 04:49:52] - Model saved at epoch 158 with best val accuracy 0.9375
[2024/11/06 04:49:53] - epoch 159 lr 1.000000e-03
[2024/11/06 04:49:53] - Device: [3]	Iter: [159][0/391]	Loss 0.004 (0.004)	Prec@1 1.000 (1.000)	
[2024/11/06 04:49:55] - Device: [3]	Iter: [159][150/391]	Loss 0.004 (0.005)	Prec@1 1.000 (0.999)	
[2024/11/06 04:49:57] - Device: [3]	Iter: [159][300/391]	Loss 0.025 (0.006)	Prec@1 0.992 (0.999)	
[2024/11/06 04:49:59] - Val Loss 0.2677, Val Accuracy 0.9367
[2024/11/06 04:50:00] - epoch 160 lr 1.000000e-03
[2024/11/06 04:50:00] - Device: [3]	Iter: [160][0/391]	Loss 0.003 (0.003)	Prec@1 1.000 (1.000)	
[2024/11/06 04:50:02] - Device: [3]	Iter: [160][150/391]	Loss 0.011 (0.007)	Prec@1 0.992 (0.998)	
[2024/11/06 04:50:04] - Device: [3]	Iter: [160][300/391]	Loss 0.004 (0.006)	Prec@1 1.000 (0.998)	
[2024/11/06 04:50:06] - Val Loss 0.2703, Val Accuracy 0.9349
[2024/11/06 04:50:07] - epoch 161 lr 1.000000e-03
[2024/11/06 04:50:07] - Device: [3]	Iter: [161][0/391]	Loss 0.001 (0.001)	Prec@1 1.000 (1.000)	
[2024/11/06 04:50:09] - Device: [3]	Iter: [161][150/391]	Loss 0.010 (0.005)	Prec@1 0.992 (0.999)	
[2024/11/06 04:50:11] - Device: [3]	Iter: [161][300/391]	Loss 0.002 (0.005)	Prec@1 1.000 (0.999)	
[2024/11/06 04:50:12] - Val Loss 0.2757, Val Accuracy 0.9337
[2024/11/06 04:50:13] - epoch 162 lr 1.000000e-03
[2024/11/06 04:50:14] - Device: [3]	Iter: [162][0/391]	Loss 0.001 (0.001)	Prec@1 1.000 (1.000)	
[2024/11/06 04:50:16] - Device: [3]	Iter: [162][150/391]	Loss 0.003 (0.005)	Prec@1 1.000 (0.999)	
[2024/11/06 04:50:17] - Device: [3]	Iter: [162][300/391]	Loss 0.001 (0.005)	Prec@1 1.000 (0.999)	
[2024/11/06 04:50:19] - Val Loss 0.2766, Val Accuracy 0.9347
[2024/11/06 04:50:20] - epoch 163 lr 1.000000e-03
[2024/11/06 04:50:21] - Device: [3]	Iter: [163][0/391]	Loss 0.001 (0.001)	Prec@1 1.000 (1.000)	
[2024/11/06 04:50:23] - Device: [3]	Iter: [163][150/391]	Loss 0.002 (0.005)	Prec@1 1.000 (0.999)	
[2024/11/06 04:50:24] - Device: [3]	Iter: [163][300/391]	Loss 0.001 (0.005)	Prec@1 1.000 (0.999)	
[2024/11/06 04:50:26] - Val Loss 0.2741, Val Accuracy 0.9356
[2024/11/06 04:50:27] - epoch 164 lr 1.000000e-03
[2024/11/06 04:50:28] - Device: [3]	Iter: [164][0/391]	Loss 0.001 (0.001)	Prec@1 1.000 (1.000)	
[2024/11/06 04:50:30] - Device: [3]	Iter: [164][150/391]	Loss 0.007 (0.004)	Prec@1 1.000 (0.999)	
[2024/11/06 04:50:32] - Device: [3]	Iter: [164][300/391]	Loss 0.002 (0.004)	Prec@1 1.000 (0.999)	
[2024/11/06 04:50:34] - Val Loss 0.2739, Val Accuracy 0.9371
[2024/11/06 04:50:35] - epoch 165 lr 1.000000e-03
[2024/11/06 04:50:35] - Device: [3]	Iter: [165][0/391]	Loss 0.015 (0.015)	Prec@1 0.992 (0.992)	
[2024/11/06 04:50:37] - Device: [3]	Iter: [165][150/391]	Loss 0.001 (0.004)	Prec@1 1.000 (0.999)	
[2024/11/06 04:50:39] - Device: [3]	Iter: [165][300/391]	Loss 0.001 (0.005)	Prec@1 1.000 (0.999)	
[2024/11/06 04:50:40] - Val Loss 0.2786, Val Accuracy 0.9360
[2024/11/06 04:50:42] - epoch 166 lr 1.000000e-03
[2024/11/06 04:50:42] - Device: [3]	Iter: [166][0/391]	Loss 0.008 (0.008)	Prec@1 0.992 (0.992)	
[2024/11/06 04:50:44] - Device: [3]	Iter: [166][150/391]	Loss 0.001 (0.004)	Prec@1 1.000 (0.999)	
[2024/11/06 04:50:46] - Device: [3]	Iter: [166][300/391]	Loss 0.001 (0.004)	Prec@1 1.000 (0.999)	
[2024/11/06 04:50:48] - Val Loss 0.2782, Val Accuracy 0.9359
[2024/11/06 04:50:49] - epoch 167 lr 1.000000e-03
[2024/11/06 04:50:49] - Device: [3]	Iter: [167][0/391]	Loss 0.002 (0.002)	Prec@1 1.000 (1.000)	
[2024/11/06 04:50:52] - Device: [3]	Iter: [167][150/391]	Loss 0.002 (0.004)	Prec@1 1.000 (0.999)	
[2024/11/06 04:50:54] - Device: [3]	Iter: [167][300/391]	Loss 0.005 (0.004)	Prec@1 1.000 (0.999)	
[2024/11/06 04:50:56] - Val Loss 0.2791, Val Accuracy 0.9363
[2024/11/06 04:50:57] - epoch 168 lr 1.000000e-03
[2024/11/06 04:50:57] - Device: [3]	Iter: [168][0/391]	Loss 0.001 (0.001)	Prec@1 1.000 (1.000)	
[2024/11/06 04:50:59] - Device: [3]	Iter: [168][150/391]	Loss 0.001 (0.003)	Prec@1 1.000 (0.999)	
[2024/11/06 04:51:01] - Device: [3]	Iter: [168][300/391]	Loss 0.004 (0.003)	Prec@1 1.000 (0.999)	
[2024/11/06 04:51:03] - Val Loss 0.2809, Val Accuracy 0.9368
[2024/11/06 04:51:05] - epoch 169 lr 1.000000e-03
[2024/11/06 04:51:05] - Device: [3]	Iter: [169][0/391]	Loss 0.002 (0.002)	Prec@1 1.000 (1.000)	
[2024/11/06 04:51:07] - Device: [3]	Iter: [169][150/391]	Loss 0.001 (0.004)	Prec@1 1.000 (0.999)	
[2024/11/06 04:51:09] - Device: [3]	Iter: [169][300/391]	Loss 0.006 (0.004)	Prec@1 1.000 (0.999)	
[2024/11/06 04:51:10] - Val Loss 0.2834, Val Accuracy 0.9363
[2024/11/06 04:51:12] - epoch 170 lr 1.000000e-03
[2024/11/06 04:51:13] - Device: [3]	Iter: [170][0/391]	Loss 0.002 (0.002)	Prec@1 1.000 (1.000)	
[2024/11/06 04:51:15] - Device: [3]	Iter: [170][150/391]	Loss 0.001 (0.004)	Prec@1 1.000 (0.999)	
[2024/11/06 04:51:17] - Device: [3]	Iter: [170][300/391]	Loss 0.003 (0.004)	Prec@1 1.000 (0.999)	
[2024/11/06 04:51:19] - Val Loss 0.2803, Val Accuracy 0.9368
[2024/11/06 04:51:20] - epoch 171 lr 1.000000e-03
[2024/11/06 04:51:20] - Device: [3]	Iter: [171][0/391]	Loss 0.001 (0.001)	Prec@1 1.000 (1.000)	
[2024/11/06 04:51:22] - Device: [3]	Iter: [171][150/391]	Loss 0.001 (0.003)	Prec@1 1.000 (0.999)	
[2024/11/06 04:51:24] - Device: [3]	Iter: [171][300/391]	Loss 0.002 (0.003)	Prec@1 1.000 (0.999)	
[2024/11/06 04:51:26] - Val Loss 0.2797, Val Accuracy 0.9367
[2024/11/06 04:51:27] - epoch 172 lr 1.000000e-03
[2024/11/06 04:51:27] - Device: [3]	Iter: [172][0/391]	Loss 0.001 (0.001)	Prec@1 1.000 (1.000)	
[2024/11/06 04:51:29] - Device: [3]	Iter: [172][150/391]	Loss 0.003 (0.003)	Prec@1 1.000 (0.999)	
[2024/11/06 04:51:31] - Device: [3]	Iter: [172][300/391]	Loss 0.003 (0.004)	Prec@1 1.000 (0.999)	
[2024/11/06 04:51:33] - Val Loss 0.2827, Val Accuracy 0.9362
[2024/11/06 04:51:34] - epoch 173 lr 1.000000e-03
[2024/11/06 04:51:34] - Device: [3]	Iter: [173][0/391]	Loss 0.001 (0.001)	Prec@1 1.000 (1.000)	
[2024/11/06 04:51:36] - Device: [3]	Iter: [173][150/391]	Loss 0.001 (0.003)	Prec@1 1.000 (0.999)	
[2024/11/06 04:51:38] - Device: [3]	Iter: [173][300/391]	Loss 0.001 (0.003)	Prec@1 1.000 (0.999)	
[2024/11/06 04:51:40] - Val Loss 0.2831, Val Accuracy 0.9369
[2024/11/06 04:51:41] - epoch 174 lr 1.000000e-03
[2024/11/06 04:51:41] - Device: [3]	Iter: [174][0/391]	Loss 0.005 (0.005)	Prec@1 1.000 (1.000)	
[2024/11/06 04:51:43] - Device: [3]	Iter: [174][150/391]	Loss 0.001 (0.003)	Prec@1 1.000 (0.999)	
[2024/11/06 04:51:45] - Device: [3]	Iter: [174][300/391]	Loss 0.007 (0.003)	Prec@1 0.992 (0.999)	
[2024/11/06 04:51:47] - Val Loss 0.2830, Val Accuracy 0.9364
[2024/11/06 04:51:48] - epoch 175 lr 1.000000e-03
[2024/11/06 04:51:48] - Device: [3]	Iter: [175][0/391]	Loss 0.001 (0.001)	Prec@1 1.000 (1.000)	
[2024/11/06 04:51:50] - Device: [3]	Iter: [175][150/391]	Loss 0.001 (0.004)	Prec@1 1.000 (0.999)	
[2024/11/06 04:51:51] - Device: [3]	Iter: [175][300/391]	Loss 0.031 (0.004)	Prec@1 0.992 (0.999)	
[2024/11/06 04:51:53] - Val Loss 0.2872, Val Accuracy 0.9356
[2024/11/06 04:51:54] - epoch 176 lr 1.000000e-03
[2024/11/06 04:51:54] - Device: [3]	Iter: [176][0/391]	Loss 0.003 (0.003)	Prec@1 1.000 (1.000)	
[2024/11/06 04:51:57] - Device: [3]	Iter: [176][150/391]	Loss 0.016 (0.003)	Prec@1 0.992 (0.999)	
[2024/11/06 04:51:58] - Device: [3]	Iter: [176][300/391]	Loss 0.001 (0.003)	Prec@1 1.000 (0.999)	
[2024/11/06 04:52:00] - Val Loss 0.2844, Val Accuracy 0.9360
[2024/11/06 04:52:01] - epoch 177 lr 1.000000e-03
[2024/11/06 04:52:01] - Device: [3]	Iter: [177][0/391]	Loss 0.001 (0.001)	Prec@1 1.000 (1.000)	
[2024/11/06 04:52:04] - Device: [3]	Iter: [177][150/391]	Loss 0.006 (0.004)	Prec@1 1.000 (0.999)	
[2024/11/06 04:52:05] - Device: [3]	Iter: [177][300/391]	Loss 0.001 (0.004)	Prec@1 1.000 (0.999)	
[2024/11/06 04:52:07] - Val Loss 0.2857, Val Accuracy 0.9346
[2024/11/06 04:52:08] - epoch 178 lr 1.000000e-03
[2024/11/06 04:52:09] - Device: [3]	Iter: [178][0/391]	Loss 0.002 (0.002)	Prec@1 1.000 (1.000)	
[2024/11/06 04:52:11] - Device: [3]	Iter: [178][150/391]	Loss 0.001 (0.003)	Prec@1 1.000 (0.999)	
[2024/11/06 04:52:13] - Device: [3]	Iter: [178][300/391]	Loss 0.001 (0.003)	Prec@1 1.000 (0.999)	
[2024/11/06 04:52:14] - Val Loss 0.2868, Val Accuracy 0.9348
[2024/11/06 04:52:15] - epoch 179 lr 1.000000e-03
[2024/11/06 04:52:15] - Device: [3]	Iter: [179][0/391]	Loss 0.002 (0.002)	Prec@1 1.000 (1.000)	
[2024/11/06 04:52:17] - Device: [3]	Iter: [179][150/391]	Loss 0.021 (0.003)	Prec@1 0.992 (0.999)	
[2024/11/06 04:52:19] - Device: [3]	Iter: [179][300/391]	Loss 0.002 (0.003)	Prec@1 1.000 (0.999)	
[2024/11/06 04:52:21] - Val Loss 0.2888, Val Accuracy 0.9353
[2024/11/06 04:52:22] - epoch 180 lr 1.000000e-03
[2024/11/06 04:52:22] - Device: [3]	Iter: [180][0/391]	Loss 0.001 (0.001)	Prec@1 1.000 (1.000)	
[2024/11/06 04:52:25] - Device: [3]	Iter: [180][150/391]	Loss 0.004 (0.003)	Prec@1 1.000 (0.999)	
[2024/11/06 04:52:27] - Device: [3]	Iter: [180][300/391]	Loss 0.024 (0.003)	Prec@1 0.984 (0.999)	
[2024/11/06 04:52:28] - Val Loss 0.2915, Val Accuracy 0.9351
[2024/11/06 04:52:29] - epoch 181 lr 1.000000e-03
[2024/11/06 04:52:30] - Device: [3]	Iter: [181][0/391]	Loss 0.001 (0.001)	Prec@1 1.000 (1.000)	
[2024/11/06 04:52:32] - Device: [3]	Iter: [181][150/391]	Loss 0.001 (0.003)	Prec@1 1.000 (0.999)	
[2024/11/06 04:52:34] - Device: [3]	Iter: [181][300/391]	Loss 0.001 (0.003)	Prec@1 1.000 (0.999)	
[2024/11/06 04:52:36] - Val Loss 0.2920, Val Accuracy 0.9348
[2024/11/06 04:52:37] - epoch 182 lr 1.000000e-03
[2024/11/06 04:52:37] - Device: [3]	Iter: [182][0/391]	Loss 0.001 (0.001)	Prec@1 1.000 (1.000)	
[2024/11/06 04:52:40] - Device: [3]	Iter: [182][150/391]	Loss 0.001 (0.003)	Prec@1 1.000 (0.999)	
[2024/11/06 04:52:42] - Device: [3]	Iter: [182][300/391]	Loss 0.001 (0.003)	Prec@1 1.000 (0.999)	
[2024/11/06 04:52:43] - Val Loss 0.2893, Val Accuracy 0.9361
[2024/11/06 04:52:45] - epoch 183 lr 1.000000e-03
[2024/11/06 04:52:45] - Device: [3]	Iter: [183][0/391]	Loss 0.001 (0.001)	Prec@1 1.000 (1.000)	
[2024/11/06 04:52:47] - Device: [3]	Iter: [183][150/391]	Loss 0.002 (0.002)	Prec@1 1.000 (1.000)	
[2024/11/06 04:52:49] - Device: [3]	Iter: [183][300/391]	Loss 0.001 (0.003)	Prec@1 1.000 (0.999)	
[2024/11/06 04:52:51] - Val Loss 0.2910, Val Accuracy 0.9352
[2024/11/06 04:52:52] - epoch 184 lr 1.000000e-03
[2024/11/06 04:52:52] - Device: [3]	Iter: [184][0/391]	Loss 0.019 (0.019)	Prec@1 0.992 (0.992)	
[2024/11/06 04:52:54] - Device: [3]	Iter: [184][150/391]	Loss 0.004 (0.003)	Prec@1 1.000 (0.999)	
[2024/11/06 04:52:56] - Device: [3]	Iter: [184][300/391]	Loss 0.001 (0.002)	Prec@1 1.000 (1.000)	
[2024/11/06 04:52:58] - Val Loss 0.2895, Val Accuracy 0.9366
[2024/11/06 04:52:59] - epoch 185 lr 1.000000e-03
[2024/11/06 04:52:59] - Device: [3]	Iter: [185][0/391]	Loss 0.013 (0.013)	Prec@1 0.992 (0.992)	
[2024/11/06 04:53:01] - Device: [3]	Iter: [185][150/391]	Loss 0.001 (0.002)	Prec@1 1.000 (1.000)	
[2024/11/06 04:53:03] - Device: [3]	Iter: [185][300/391]	Loss 0.001 (0.002)	Prec@1 1.000 (1.000)	
[2024/11/06 04:53:05] - Val Loss 0.2927, Val Accuracy 0.9357
[2024/11/06 04:53:06] - epoch 186 lr 1.000000e-03
[2024/11/06 04:53:06] - Device: [3]	Iter: [186][0/391]	Loss 0.001 (0.001)	Prec@1 1.000 (1.000)	
[2024/11/06 04:53:08] - Device: [3]	Iter: [186][150/391]	Loss 0.002 (0.003)	Prec@1 1.000 (0.999)	
[2024/11/06 04:53:10] - Device: [3]	Iter: [186][300/391]	Loss 0.014 (0.003)	Prec@1 0.992 (0.999)	
[2024/11/06 04:53:12] - Val Loss 0.2918, Val Accuracy 0.9369
[2024/11/06 04:53:13] - epoch 187 lr 1.000000e-03
[2024/11/06 04:53:13] - Device: [3]	Iter: [187][0/391]	Loss 0.004 (0.004)	Prec@1 1.000 (1.000)	
[2024/11/06 04:53:15] - Device: [3]	Iter: [187][150/391]	Loss 0.001 (0.002)	Prec@1 1.000 (1.000)	
[2024/11/06 04:53:16] - Device: [3]	Iter: [187][300/391]	Loss 0.001 (0.002)	Prec@1 1.000 (1.000)	
[2024/11/06 04:53:18] - Val Loss 0.2938, Val Accuracy 0.9375
[2024/11/06 04:53:19] - epoch 188 lr 1.000000e-03
[2024/11/06 04:53:19] - Device: [3]	Iter: [188][0/391]	Loss 0.002 (0.002)	Prec@1 1.000 (1.000)	
[2024/11/06 04:53:21] - Device: [3]	Iter: [188][150/391]	Loss 0.001 (0.002)	Prec@1 1.000 (1.000)	
[2024/11/06 04:53:23] - Device: [3]	Iter: [188][300/391]	Loss 0.001 (0.002)	Prec@1 1.000 (1.000)	
[2024/11/06 04:53:25] - Val Loss 0.2966, Val Accuracy 0.9353
[2024/11/06 04:53:26] - epoch 189 lr 1.000000e-03
[2024/11/06 04:53:26] - Device: [3]	Iter: [189][0/391]	Loss 0.001 (0.001)	Prec@1 1.000 (1.000)	
[2024/11/06 04:53:28] - Device: [3]	Iter: [189][150/391]	Loss 0.001 (0.002)	Prec@1 1.000 (1.000)	
[2024/11/06 04:53:30] - Device: [3]	Iter: [189][300/391]	Loss 0.001 (0.002)	Prec@1 1.000 (0.999)	
[2024/11/06 04:53:31] - Val Loss 0.2936, Val Accuracy 0.9364
[2024/11/06 04:53:33] - epoch 190 lr 1.000000e-03
[2024/11/06 04:53:33] - Device: [3]	Iter: [190][0/391]	Loss 0.002 (0.002)	Prec@1 1.000 (1.000)	
[2024/11/06 04:53:35] - Device: [3]	Iter: [190][150/391]	Loss 0.001 (0.002)	Prec@1 1.000 (1.000)	
[2024/11/06 04:53:37] - Device: [3]	Iter: [190][300/391]	Loss 0.001 (0.002)	Prec@1 1.000 (1.000)	
[2024/11/06 04:53:39] - Val Loss 0.2949, Val Accuracy 0.9353
[2024/11/06 04:53:40] - epoch 191 lr 1.000000e-03
[2024/11/06 04:53:41] - Device: [3]	Iter: [191][0/391]	Loss 0.001 (0.001)	Prec@1 1.000 (1.000)	
[2024/11/06 04:53:42] - Device: [3]	Iter: [191][150/391]	Loss 0.002 (0.002)	Prec@1 1.000 (1.000)	
[2024/11/06 04:53:44] - Device: [3]	Iter: [191][300/391]	Loss 0.001 (0.002)	Prec@1 1.000 (1.000)	
[2024/11/06 04:53:46] - Val Loss 0.2957, Val Accuracy 0.9374
[2024/11/06 04:53:48] - epoch 192 lr 1.000000e-03
[2024/11/06 04:53:48] - Device: [3]	Iter: [192][0/391]	Loss 0.001 (0.001)	Prec@1 1.000 (1.000)	
[2024/11/06 04:53:50] - Device: [3]	Iter: [192][150/391]	Loss 0.001 (0.002)	Prec@1 1.000 (1.000)	
[2024/11/06 04:53:52] - Device: [3]	Iter: [192][300/391]	Loss 0.001 (0.003)	Prec@1 1.000 (1.000)	
[2024/11/06 04:53:54] - Val Loss 0.2975, Val Accuracy 0.9368
[2024/11/06 04:53:55] - epoch 193 lr 1.000000e-03
[2024/11/06 04:53:56] - Device: [3]	Iter: [193][0/391]	Loss 0.001 (0.001)	Prec@1 1.000 (1.000)	
[2024/11/06 04:53:57] - Device: [3]	Iter: [193][150/391]	Loss 0.002 (0.003)	Prec@1 1.000 (0.999)	
[2024/11/06 04:53:59] - Device: [3]	Iter: [193][300/391]	Loss 0.001 (0.002)	Prec@1 1.000 (0.999)	
[2024/11/06 04:54:01] - Val Loss 0.2988, Val Accuracy 0.9369
[2024/11/06 04:54:02] - epoch 194 lr 1.000000e-03
[2024/11/06 04:54:03] - Device: [3]	Iter: [194][0/391]	Loss 0.002 (0.002)	Prec@1 1.000 (1.000)	
[2024/11/06 04:54:05] - Device: [3]	Iter: [194][150/391]	Loss 0.027 (0.003)	Prec@1 0.992 (0.999)	
[2024/11/06 04:54:07] - Device: [3]	Iter: [194][300/391]	Loss 0.002 (0.003)	Prec@1 1.000 (0.999)	
[2024/11/06 04:54:09] - Val Loss 0.2950, Val Accuracy 0.9355
[2024/11/06 04:54:10] - epoch 195 lr 1.000000e-03
[2024/11/06 04:54:10] - Device: [3]	Iter: [195][0/391]	Loss 0.005 (0.005)	Prec@1 1.000 (1.000)	
[2024/11/06 04:54:12] - Device: [3]	Iter: [195][150/391]	Loss 0.001 (0.003)	Prec@1 1.000 (0.999)	
[2024/11/06 04:54:14] - Device: [3]	Iter: [195][300/391]	Loss 0.005 (0.003)	Prec@1 1.000 (1.000)	
[2024/11/06 04:54:16] - Val Loss 0.2977, Val Accuracy 0.9361
[2024/11/06 04:54:17] - epoch 196 lr 1.000000e-03
[2024/11/06 04:54:17] - Device: [3]	Iter: [196][0/391]	Loss 0.002 (0.002)	Prec@1 1.000 (1.000)	
[2024/11/06 04:54:19] - Device: [3]	Iter: [196][150/391]	Loss 0.001 (0.002)	Prec@1 1.000 (1.000)	
[2024/11/06 04:54:21] - Device: [3]	Iter: [196][300/391]	Loss 0.001 (0.002)	Prec@1 1.000 (1.000)	
[2024/11/06 04:54:22] - Val Loss 0.2985, Val Accuracy 0.9362
[2024/11/06 04:54:24] - epoch 197 lr 1.000000e-03
[2024/11/06 04:54:24] - Device: [3]	Iter: [197][0/391]	Loss 0.002 (0.002)	Prec@1 1.000 (1.000)	
[2024/11/06 04:54:25] - Device: [3]	Iter: [197][150/391]	Loss 0.002 (0.002)	Prec@1 1.000 (1.000)	
[2024/11/06 04:54:27] - Device: [3]	Iter: [197][300/391]	Loss 0.002 (0.002)	Prec@1 1.000 (1.000)	
[2024/11/06 04:54:29] - Val Loss 0.2954, Val Accuracy 0.9380
[2024/11/06 04:54:30] - Model saved at epoch 197 with best val accuracy 0.9380
[2024/11/06 04:54:31] - epoch 198 lr 1.000000e-03
[2024/11/06 04:54:31] - Device: [3]	Iter: [198][0/391]	Loss 0.013 (0.013)	Prec@1 0.992 (0.992)	
[2024/11/06 04:54:33] - Device: [3]	Iter: [198][150/391]	Loss 0.001 (0.002)	Prec@1 1.000 (0.999)	
[2024/11/06 04:54:35] - Device: [3]	Iter: [198][300/391]	Loss 0.008 (0.002)	Prec@1 0.992 (1.000)	
[2024/11/06 04:54:37] - Val Loss 0.2965, Val Accuracy 0.9374
[2024/11/06 04:54:38] - epoch 199 lr 1.000000e-03
[2024/11/06 04:54:38] - Device: [3]	Iter: [199][0/391]	Loss 0.002 (0.002)	Prec@1 1.000 (1.000)	
[2024/11/06 04:54:41] - Device: [3]	Iter: [199][150/391]	Loss 0.001 (0.002)	Prec@1 1.000 (1.000)	
[2024/11/06 04:54:43] - Device: [3]	Iter: [199][300/391]	Loss 0.002 (0.002)	Prec@1 1.000 (1.000)	
[2024/11/06 04:54:44] - Val Loss 0.2942, Val Accuracy 0.9383
[2024/11/06 04:54:45] - Model saved at epoch 199 with best val accuracy 0.9383
[2024/11/06 04:54:47] - Training completed in 24.65 minutes.
