[2024/11/06 04:54:54] - Namespace(batch_size=128, data_dir='./data/', dataset='cifar10', epochs=200, network='VGG19', worker=4, lr_schedule='multistep', lr_min=0.0, lr_max=0.1, weight_decay=0.0005, momentum=0.9, residual=False, validation=False, augs=['RandomCrop', 'RandomHorizontalFlip'], save_dir='ckpt/cifar10/VGG19/best_result', seed=0, device='3', debug_mode=False, num_classes=10)
[2024/11/06 04:54:54] - Devices: [1]
[2024/11/06 04:54:55] - DataParallel(
  (module): VGG(
    (features): Sequential(
      (0): Conv2d(3, 64, kernel_size=(3, 3), stride=(1, 1), padding=(1, 1), bias=False)
      (1): BatchNorm2d(64, eps=1e-05, momentum=0.1, affine=True, track_running_stats=True)
      (2): ReLU(inplace=True)
      (3): Conv2d(64, 64, kernel_size=(3, 3), stride=(1, 1), padding=(1, 1), bias=False)
      (4): BatchNorm2d(64, eps=1e-05, momentum=0.1, affine=True, track_running_stats=True)
      (5): ReLU(inplace=True)
      (6): MaxPool2d(kernel_size=2, stride=2, padding=0, dilation=1, ceil_mode=False)
      (7): Conv2d(64, 128, kernel_size=(3, 3), stride=(1, 1), padding=(1, 1), bias=False)
      (8): BatchNorm2d(128, eps=1e-05, momentum=0.1, affine=True, track_running_stats=True)
      (9): ReLU(inplace=True)
      (10): Conv2d(128, 128, kernel_size=(3, 3), stride=(1, 1), padding=(1, 1), bias=False)
      (11): BatchNorm2d(128, eps=1e-05, momentum=0.1, affine=True, track_running_stats=True)
      (12): ReLU(inplace=True)
      (13): MaxPool2d(kernel_size=2, stride=2, padding=0, dilation=1, ceil_mode=False)
      (14): Conv2d(128, 256, kernel_size=(3, 3), stride=(1, 1), padding=(1, 1), bias=False)
      (15): BatchNorm2d(256, eps=1e-05, momentum=0.1, affine=True, track_running_stats=True)
      (16): ReLU(inplace=True)
      (17): Conv2d(256, 256, kernel_size=(3, 3), stride=(1, 1), padding=(1, 1), bias=False)
      (18): BatchNorm2d(256, eps=1e-05, momentum=0.1, affine=True, track_running_stats=True)
      (19): ReLU(inplace=True)
      (20): Conv2d(256, 256, kernel_size=(3, 3), stride=(1, 1), padding=(1, 1), bias=False)
      (21): BatchNorm2d(256, eps=1e-05, momentum=0.1, affine=True, track_running_stats=True)
      (22): ReLU(inplace=True)
      (23): Conv2d(256, 256, kernel_size=(3, 3), stride=(1, 1), padding=(1, 1), bias=False)
      (24): BatchNorm2d(256, eps=1e-05, momentum=0.1, affine=True, track_running_stats=True)
      (25): ReLU(inplace=True)
      (26): MaxPool2d(kernel_size=2, stride=2, padding=0, dilation=1, ceil_mode=False)
      (27): Conv2d(256, 512, kernel_size=(3, 3), stride=(1, 1), padding=(1, 1), bias=False)
      (28): BatchNorm2d(512, eps=1e-05, momentum=0.1, affine=True, track_running_stats=True)
      (29): ReLU(inplace=True)
      (30): Conv2d(512, 512, kernel_size=(3, 3), stride=(1, 1), padding=(1, 1), bias=False)
      (31): BatchNorm2d(512, eps=1e-05, momentum=0.1, affine=True, track_running_stats=True)
      (32): ReLU(inplace=True)
      (33): Conv2d(512, 512, kernel_size=(3, 3), stride=(1, 1), padding=(1, 1), bias=False)
      (34): BatchNorm2d(512, eps=1e-05, momentum=0.1, affine=True, track_running_stats=True)
      (35): ReLU(inplace=True)
      (36): Conv2d(512, 512, kernel_size=(3, 3), stride=(1, 1), padding=(1, 1), bias=False)
      (37): BatchNorm2d(512, eps=1e-05, momentum=0.1, affine=True, track_running_stats=True)
      (38): ReLU(inplace=True)
      (39): MaxPool2d(kernel_size=2, stride=2, padding=0, dilation=1, ceil_mode=False)
      (40): Conv2d(512, 512, kernel_size=(3, 3), stride=(1, 1), padding=(1, 1), bias=False)
      (41): BatchNorm2d(512, eps=1e-05, momentum=0.1, affine=True, track_running_stats=True)
      (42): ReLU(inplace=True)
      (43): Conv2d(512, 512, kernel_size=(3, 3), stride=(1, 1), padding=(1, 1), bias=False)
      (44): BatchNorm2d(512, eps=1e-05, momentum=0.1, affine=True, track_running_stats=True)
      (45): ReLU(inplace=True)
      (46): Conv2d(512, 512, kernel_size=(3, 3), stride=(1, 1), padding=(1, 1), bias=False)
      (47): BatchNorm2d(512, eps=1e-05, momentum=0.1, affine=True, track_running_stats=True)
      (48): ReLU(inplace=True)
      (49): Conv2d(512, 512, kernel_size=(3, 3), stride=(1, 1), padding=(1, 1), bias=False)
      (50): BatchNorm2d(512, eps=1e-05, momentum=0.1, affine=True, track_running_stats=True)
      (51): ReLU(inplace=True)
      (52): MaxPool2d(kernel_size=2, stride=2, padding=0, dilation=1, ceil_mode=False)
    )
    (classifier): Linear(in_features=512, out_features=10, bias=True)
  )
)
[2024/11/06 04:54:55] - epoch 0 lr 1.000000e-01
[2024/11/06 04:54:56] - Device: [3]	Iter: [0][0/391]	Loss 2.470 (2.470)	Prec@1 0.094 (0.094)	
[2024/11/06 04:54:58] - Device: [3]	Iter: [0][150/391]	Loss 2.312 (3.003)	Prec@1 0.133 (0.107)	
[2024/11/06 04:55:00] - Device: [3]	Iter: [0][300/391]	Loss 2.102 (2.614)	Prec@1 0.172 (0.125)	
[2024/11/06 04:55:03] - Val Loss 1.9707, Val Accuracy 0.2209
[2024/11/06 04:55:04] - Model saved at epoch 0 with best val accuracy 0.2209
[2024/11/06 04:55:06] - epoch 1 lr 1.000000e-01
[2024/11/06 04:55:06] - Device: [3]	Iter: [1][0/391]	Loss 2.020 (2.020)	Prec@1 0.227 (0.227)	
[2024/11/06 04:55:08] - Device: [3]	Iter: [1][150/391]	Loss 1.965 (1.955)	Prec@1 0.227 (0.210)	
[2024/11/06 04:55:11] - Device: [3]	Iter: [1][300/391]	Loss 1.868 (1.925)	Prec@1 0.234 (0.220)	
[2024/11/06 04:55:13] - Val Loss 1.8710, Val Accuracy 0.2567
[2024/11/06 04:55:15] - Model saved at epoch 1 with best val accuracy 0.2567
[2024/11/06 04:55:16] - epoch 2 lr 1.000000e-01
[2024/11/06 04:55:17] - Device: [3]	Iter: [2][0/391]	Loss 1.862 (1.862)	Prec@1 0.203 (0.203)	
[2024/11/06 04:55:19] - Device: [3]	Iter: [2][150/391]	Loss 1.639 (1.797)	Prec@1 0.398 (0.293)	
[2024/11/06 04:55:22] - Device: [3]	Iter: [2][300/391]	Loss 1.609 (1.752)	Prec@1 0.297 (0.312)	
[2024/11/06 04:55:24] - Val Loss 1.7170, Val Accuracy 0.3474
[2024/11/06 04:55:25] - Model saved at epoch 2 with best val accuracy 0.3474
[2024/11/06 04:55:27] - epoch 3 lr 1.000000e-01
[2024/11/06 04:55:27] - Device: [3]	Iter: [3][0/391]	Loss 1.659 (1.659)	Prec@1 0.367 (0.367)	
[2024/11/06 04:55:29] - Device: [3]	Iter: [3][150/391]	Loss 1.407 (1.586)	Prec@1 0.445 (0.391)	
[2024/11/06 04:55:31] - Device: [3]	Iter: [3][300/391]	Loss 1.422 (1.548)	Prec@1 0.500 (0.412)	
[2024/11/06 04:55:33] - Val Loss 1.5755, Val Accuracy 0.4050
[2024/11/06 04:55:35] - Model saved at epoch 3 with best val accuracy 0.4050
[2024/11/06 04:55:37] - epoch 4 lr 1.000000e-01
[2024/11/06 04:55:37] - Device: [3]	Iter: [4][0/391]	Loss 1.311 (1.311)	Prec@1 0.508 (0.508)	
[2024/11/06 04:55:39] - Device: [3]	Iter: [4][150/391]	Loss 1.195 (1.310)	Prec@1 0.555 (0.516)	
[2024/11/06 04:55:41] - Device: [3]	Iter: [4][300/391]	Loss 1.178 (1.266)	Prec@1 0.531 (0.538)	
[2024/11/06 04:55:43] - Val Loss 1.4872, Val Accuracy 0.4957
[2024/11/06 04:55:45] - Model saved at epoch 4 with best val accuracy 0.4957
[2024/11/06 04:55:47] - epoch 5 lr 1.000000e-01
[2024/11/06 04:55:47] - Device: [3]	Iter: [5][0/391]	Loss 1.061 (1.061)	Prec@1 0.617 (0.617)	
[2024/11/06 04:55:50] - Device: [3]	Iter: [5][150/391]	Loss 1.035 (1.080)	Prec@1 0.633 (0.616)	
[2024/11/06 04:55:52] - Device: [3]	Iter: [5][300/391]	Loss 1.125 (1.058)	Prec@1 0.594 (0.629)	
[2024/11/06 04:55:54] - Val Loss 1.0617, Val Accuracy 0.6208
[2024/11/06 04:55:55] - Model saved at epoch 5 with best val accuracy 0.6208
[2024/11/06 04:55:57] - epoch 6 lr 1.000000e-01
[2024/11/06 04:55:57] - Device: [3]	Iter: [6][0/391]	Loss 1.000 (1.000)	Prec@1 0.633 (0.633)	
[2024/11/06 04:56:00] - Device: [3]	Iter: [6][150/391]	Loss 1.008 (0.935)	Prec@1 0.641 (0.679)	
[2024/11/06 04:56:02] - Device: [3]	Iter: [6][300/391]	Loss 0.857 (0.919)	Prec@1 0.656 (0.685)	
[2024/11/06 04:56:04] - Val Loss 1.2970, Val Accuracy 0.5996
[2024/11/06 04:56:05] - epoch 7 lr 1.000000e-01
[2024/11/06 04:56:05] - Device: [3]	Iter: [7][0/391]	Loss 0.866 (0.866)	Prec@1 0.680 (0.680)	
[2024/11/06 04:56:08] - Device: [3]	Iter: [7][150/391]	Loss 0.881 (0.854)	Prec@1 0.664 (0.711)	
[2024/11/06 04:56:10] - Device: [3]	Iter: [7][300/391]	Loss 0.678 (0.842)	Prec@1 0.789 (0.717)	
[2024/11/06 04:56:12] - Val Loss 0.9854, Val Accuracy 0.6879
[2024/11/06 04:56:14] - Model saved at epoch 7 with best val accuracy 0.6879
[2024/11/06 04:56:15] - epoch 8 lr 1.000000e-01
[2024/11/06 04:56:16] - Device: [3]	Iter: [8][0/391]	Loss 0.755 (0.755)	Prec@1 0.719 (0.719)	
[2024/11/06 04:56:18] - Device: [3]	Iter: [8][150/391]	Loss 0.813 (0.790)	Prec@1 0.750 (0.741)	
[2024/11/06 04:56:20] - Device: [3]	Iter: [8][300/391]	Loss 0.702 (0.783)	Prec@1 0.766 (0.743)	
[2024/11/06 04:56:22] - Val Loss 1.0861, Val Accuracy 0.6369
[2024/11/06 04:56:24] - epoch 9 lr 1.000000e-01
[2024/11/06 04:56:24] - Device: [3]	Iter: [9][0/391]	Loss 0.656 (0.656)	Prec@1 0.812 (0.812)	
[2024/11/06 04:56:26] - Device: [3]	Iter: [9][150/391]	Loss 0.634 (0.728)	Prec@1 0.789 (0.763)	
[2024/11/06 04:56:28] - Device: [3]	Iter: [9][300/391]	Loss 0.746 (0.723)	Prec@1 0.750 (0.763)	
[2024/11/06 04:56:31] - Val Loss 0.9405, Val Accuracy 0.7159
[2024/11/06 04:56:32] - Model saved at epoch 9 with best val accuracy 0.7159
[2024/11/06 04:56:35] - epoch 10 lr 1.000000e-01
[2024/11/06 04:56:35] - Device: [3]	Iter: [10][0/391]	Loss 0.566 (0.566)	Prec@1 0.812 (0.812)	
[2024/11/06 04:56:37] - Device: [3]	Iter: [10][150/391]	Loss 0.549 (0.698)	Prec@1 0.828 (0.775)	
[2024/11/06 04:56:40] - Device: [3]	Iter: [10][300/391]	Loss 0.595 (0.690)	Prec@1 0.820 (0.776)	
[2024/11/06 04:56:42] - Val Loss 0.9139, Val Accuracy 0.7200
[2024/11/06 04:56:45] - Model saved at epoch 10 with best val accuracy 0.7200
[2024/11/06 04:56:46] - epoch 11 lr 1.000000e-01
[2024/11/06 04:56:46] - Device: [3]	Iter: [11][0/391]	Loss 0.623 (0.623)	Prec@1 0.836 (0.836)	
[2024/11/06 04:56:48] - Device: [3]	Iter: [11][150/391]	Loss 0.757 (0.671)	Prec@1 0.750 (0.784)	
[2024/11/06 04:56:50] - Device: [3]	Iter: [11][300/391]	Loss 0.693 (0.654)	Prec@1 0.750 (0.788)	
[2024/11/06 04:56:52] - Val Loss 0.8630, Val Accuracy 0.7224
[2024/11/06 04:56:54] - Model saved at epoch 11 with best val accuracy 0.7224
[2024/11/06 04:56:56] - epoch 12 lr 1.000000e-01
[2024/11/06 04:56:56] - Device: [3]	Iter: [12][0/391]	Loss 0.640 (0.640)	Prec@1 0.805 (0.805)	
[2024/11/06 04:56:59] - Device: [3]	Iter: [12][150/391]	Loss 0.742 (0.632)	Prec@1 0.727 (0.797)	
[2024/11/06 04:57:01] - Device: [3]	Iter: [12][300/391]	Loss 0.557 (0.634)	Prec@1 0.828 (0.793)	
[2024/11/06 04:57:03] - Val Loss 0.8683, Val Accuracy 0.7242
[2024/11/06 04:57:04] - Model saved at epoch 12 with best val accuracy 0.7242
[2024/11/06 04:57:06] - epoch 13 lr 1.000000e-01
[2024/11/06 04:57:06] - Device: [3]	Iter: [13][0/391]	Loss 0.646 (0.646)	Prec@1 0.812 (0.812)	
[2024/11/06 04:57:09] - Device: [3]	Iter: [13][150/391]	Loss 0.612 (0.608)	Prec@1 0.773 (0.805)	
[2024/11/06 04:57:11] - Device: [3]	Iter: [13][300/391]	Loss 0.820 (0.618)	Prec@1 0.719 (0.800)	
[2024/11/06 04:57:13] - Val Loss 1.1926, Val Accuracy 0.6540
[2024/11/06 04:57:14] - epoch 14 lr 1.000000e-01
[2024/11/06 04:57:14] - Device: [3]	Iter: [14][0/391]	Loss 0.685 (0.685)	Prec@1 0.805 (0.805)	
[2024/11/06 04:57:17] - Device: [3]	Iter: [14][150/391]	Loss 0.496 (0.601)	Prec@1 0.852 (0.809)	
[2024/11/06 04:57:19] - Device: [3]	Iter: [14][300/391]	Loss 0.638 (0.600)	Prec@1 0.766 (0.807)	
[2024/11/06 04:57:21] - Val Loss 0.7870, Val Accuracy 0.7528
[2024/11/06 04:57:22] - Model saved at epoch 14 with best val accuracy 0.7528
[2024/11/06 04:57:24] - epoch 15 lr 1.000000e-01
[2024/11/06 04:57:24] - Device: [3]	Iter: [15][0/391]	Loss 0.741 (0.741)	Prec@1 0.758 (0.758)	
[2024/11/06 04:57:26] - Device: [3]	Iter: [15][150/391]	Loss 0.696 (0.601)	Prec@1 0.742 (0.803)	
[2024/11/06 04:57:28] - Device: [3]	Iter: [15][300/391]	Loss 0.522 (0.600)	Prec@1 0.828 (0.803)	
[2024/11/06 04:57:30] - Val Loss 0.8446, Val Accuracy 0.7460
[2024/11/06 04:57:32] - epoch 16 lr 1.000000e-01
[2024/11/06 04:57:32] - Device: [3]	Iter: [16][0/391]	Loss 0.557 (0.557)	Prec@1 0.828 (0.828)	
[2024/11/06 04:57:34] - Device: [3]	Iter: [16][150/391]	Loss 0.552 (0.574)	Prec@1 0.828 (0.815)	
[2024/11/06 04:57:37] - Device: [3]	Iter: [16][300/391]	Loss 0.572 (0.585)	Prec@1 0.812 (0.812)	
[2024/11/06 04:57:39] - Val Loss 0.7806, Val Accuracy 0.7524
[2024/11/06 04:57:40] - epoch 17 lr 1.000000e-01
[2024/11/06 04:57:40] - Device: [3]	Iter: [17][0/391]	Loss 0.626 (0.626)	Prec@1 0.797 (0.797)	
[2024/11/06 04:57:43] - Device: [3]	Iter: [17][150/391]	Loss 0.518 (0.569)	Prec@1 0.789 (0.816)	
[2024/11/06 04:57:44] - Device: [3]	Iter: [17][300/391]	Loss 0.486 (0.566)	Prec@1 0.797 (0.817)	
[2024/11/06 04:57:47] - Val Loss 0.7507, Val Accuracy 0.7679
[2024/11/06 04:57:48] - Model saved at epoch 17 with best val accuracy 0.7679
[2024/11/06 04:57:50] - epoch 18 lr 1.000000e-01
[2024/11/06 04:57:50] - Device: [3]	Iter: [18][0/391]	Loss 0.602 (0.602)	Prec@1 0.781 (0.781)	
[2024/11/06 04:57:52] - Device: [3]	Iter: [18][150/391]	Loss 0.824 (0.543)	Prec@1 0.773 (0.827)	
[2024/11/06 04:57:54] - Device: [3]	Iter: [18][300/391]	Loss 0.681 (0.553)	Prec@1 0.820 (0.823)	
[2024/11/06 04:57:56] - Val Loss 0.8935, Val Accuracy 0.7200
[2024/11/06 04:57:57] - epoch 19 lr 1.000000e-01
[2024/11/06 04:57:58] - Device: [3]	Iter: [19][0/391]	Loss 0.486 (0.486)	Prec@1 0.820 (0.820)	
[2024/11/06 04:58:00] - Device: [3]	Iter: [19][150/391]	Loss 0.426 (0.548)	Prec@1 0.844 (0.823)	
[2024/11/06 04:58:02] - Device: [3]	Iter: [19][300/391]	Loss 0.706 (0.550)	Prec@1 0.797 (0.822)	
[2024/11/06 04:58:04] - Val Loss 0.7719, Val Accuracy 0.7604
[2024/11/06 04:58:05] - epoch 20 lr 1.000000e-01
[2024/11/06 04:58:06] - Device: [3]	Iter: [20][0/391]	Loss 0.461 (0.461)	Prec@1 0.844 (0.844)	
[2024/11/06 04:58:08] - Device: [3]	Iter: [20][150/391]	Loss 0.621 (0.523)	Prec@1 0.812 (0.832)	
[2024/11/06 04:58:10] - Device: [3]	Iter: [20][300/391]	Loss 0.365 (0.525)	Prec@1 0.875 (0.832)	
[2024/11/06 04:58:12] - Val Loss 0.7443, Val Accuracy 0.7637
[2024/11/06 04:58:13] - epoch 21 lr 1.000000e-01
[2024/11/06 04:58:14] - Device: [3]	Iter: [21][0/391]	Loss 0.707 (0.707)	Prec@1 0.750 (0.750)	
[2024/11/06 04:58:16] - Device: [3]	Iter: [21][150/391]	Loss 0.584 (0.532)	Prec@1 0.797 (0.827)	
[2024/11/06 04:58:18] - Device: [3]	Iter: [21][300/391]	Loss 0.476 (0.526)	Prec@1 0.828 (0.829)	
[2024/11/06 04:58:20] - Val Loss 1.0737, Val Accuracy 0.6886
[2024/11/06 04:58:22] - epoch 22 lr 1.000000e-01
[2024/11/06 04:58:22] - Device: [3]	Iter: [22][0/391]	Loss 0.591 (0.591)	Prec@1 0.805 (0.805)	
[2024/11/06 04:58:24] - Device: [3]	Iter: [22][150/391]	Loss 0.557 (0.507)	Prec@1 0.828 (0.836)	
[2024/11/06 04:58:27] - Device: [3]	Iter: [22][300/391]	Loss 0.632 (0.520)	Prec@1 0.812 (0.832)	
[2024/11/06 04:58:28] - Val Loss 0.7798, Val Accuracy 0.7670
[2024/11/06 04:58:30] - epoch 23 lr 1.000000e-01
[2024/11/06 04:58:30] - Device: [3]	Iter: [23][0/391]	Loss 0.498 (0.498)	Prec@1 0.805 (0.805)	
[2024/11/06 04:58:33] - Device: [3]	Iter: [23][150/391]	Loss 0.585 (0.517)	Prec@1 0.852 (0.836)	
[2024/11/06 04:58:35] - Device: [3]	Iter: [23][300/391]	Loss 0.462 (0.508)	Prec@1 0.844 (0.838)	
[2024/11/06 04:58:37] - Val Loss 0.8634, Val Accuracy 0.7457
[2024/11/06 04:58:38] - epoch 24 lr 1.000000e-01
[2024/11/06 04:58:39] - Device: [3]	Iter: [24][0/391]	Loss 0.543 (0.543)	Prec@1 0.812 (0.812)	
[2024/11/06 04:58:41] - Device: [3]	Iter: [24][150/391]	Loss 0.603 (0.490)	Prec@1 0.789 (0.843)	
[2024/11/06 04:58:43] - Device: [3]	Iter: [24][300/391]	Loss 0.444 (0.498)	Prec@1 0.883 (0.839)	
[2024/11/06 04:58:45] - Val Loss 2.1525, Val Accuracy 0.5584
[2024/11/06 04:58:46] - epoch 25 lr 1.000000e-01
[2024/11/06 04:58:46] - Device: [3]	Iter: [25][0/391]	Loss 0.557 (0.557)	Prec@1 0.812 (0.812)	
[2024/11/06 04:58:49] - Device: [3]	Iter: [25][150/391]	Loss 0.457 (0.501)	Prec@1 0.859 (0.839)	
[2024/11/06 04:58:51] - Device: [3]	Iter: [25][300/391]	Loss 0.502 (0.505)	Prec@1 0.836 (0.837)	
[2024/11/06 04:58:53] - Val Loss 0.8376, Val Accuracy 0.7600
[2024/11/06 04:58:55] - epoch 26 lr 1.000000e-01
[2024/11/06 04:58:55] - Device: [3]	Iter: [26][0/391]	Loss 0.611 (0.611)	Prec@1 0.828 (0.828)	
[2024/11/06 04:58:57] - Device: [3]	Iter: [26][150/391]	Loss 0.545 (0.486)	Prec@1 0.836 (0.844)	
[2024/11/06 04:58:59] - Device: [3]	Iter: [26][300/391]	Loss 0.334 (0.490)	Prec@1 0.883 (0.843)	
[2024/11/06 04:59:01] - Val Loss 0.6134, Val Accuracy 0.8003
[2024/11/06 04:59:03] - Model saved at epoch 26 with best val accuracy 0.8003
[2024/11/06 04:59:04] - epoch 27 lr 1.000000e-01
[2024/11/06 04:59:04] - Device: [3]	Iter: [27][0/391]	Loss 0.522 (0.522)	Prec@1 0.852 (0.852)	
[2024/11/06 04:59:07] - Device: [3]	Iter: [27][150/391]	Loss 0.519 (0.491)	Prec@1 0.789 (0.843)	
[2024/11/06 04:59:09] - Device: [3]	Iter: [27][300/391]	Loss 0.468 (0.488)	Prec@1 0.867 (0.842)	
[2024/11/06 04:59:11] - Val Loss 0.6639, Val Accuracy 0.7838
[2024/11/06 04:59:13] - epoch 28 lr 1.000000e-01
[2024/11/06 04:59:13] - Device: [3]	Iter: [28][0/391]	Loss 0.531 (0.531)	Prec@1 0.828 (0.828)	
[2024/11/06 04:59:15] - Device: [3]	Iter: [28][150/391]	Loss 0.484 (0.486)	Prec@1 0.844 (0.843)	
[2024/11/06 04:59:17] - Device: [3]	Iter: [28][300/391]	Loss 0.558 (0.483)	Prec@1 0.828 (0.844)	
[2024/11/06 04:59:19] - Val Loss 0.7388, Val Accuracy 0.7709
[2024/11/06 04:59:21] - epoch 29 lr 1.000000e-01
[2024/11/06 04:59:21] - Device: [3]	Iter: [29][0/391]	Loss 0.456 (0.456)	Prec@1 0.883 (0.883)	
[2024/11/06 04:59:23] - Device: [3]	Iter: [29][150/391]	Loss 0.443 (0.475)	Prec@1 0.859 (0.846)	
[2024/11/06 04:59:26] - Device: [3]	Iter: [29][300/391]	Loss 0.716 (0.479)	Prec@1 0.812 (0.845)	
[2024/11/06 04:59:28] - Val Loss 0.7631, Val Accuracy 0.7596
[2024/11/06 04:59:29] - epoch 30 lr 1.000000e-01
[2024/11/06 04:59:29] - Device: [3]	Iter: [30][0/391]	Loss 0.322 (0.322)	Prec@1 0.898 (0.898)	
[2024/11/06 04:59:32] - Device: [3]	Iter: [30][150/391]	Loss 0.641 (0.460)	Prec@1 0.805 (0.852)	
[2024/11/06 04:59:34] - Device: [3]	Iter: [30][300/391]	Loss 0.531 (0.470)	Prec@1 0.844 (0.847)	
[2024/11/06 04:59:36] - Val Loss 0.7564, Val Accuracy 0.7763
[2024/11/06 04:59:38] - epoch 31 lr 1.000000e-01
[2024/11/06 04:59:38] - Device: [3]	Iter: [31][0/391]	Loss 0.446 (0.446)	Prec@1 0.859 (0.859)	
[2024/11/06 04:59:40] - Device: [3]	Iter: [31][150/391]	Loss 0.656 (0.466)	Prec@1 0.789 (0.847)	
[2024/11/06 04:59:42] - Device: [3]	Iter: [31][300/391]	Loss 0.454 (0.476)	Prec@1 0.867 (0.845)	
[2024/11/06 04:59:44] - Val Loss 0.9212, Val Accuracy 0.7396
[2024/11/06 04:59:45] - epoch 32 lr 1.000000e-01
[2024/11/06 04:59:46] - Device: [3]	Iter: [32][0/391]	Loss 0.561 (0.561)	Prec@1 0.812 (0.812)	
[2024/11/06 04:59:48] - Device: [3]	Iter: [32][150/391]	Loss 0.394 (0.452)	Prec@1 0.867 (0.853)	
[2024/11/06 04:59:50] - Device: [3]	Iter: [32][300/391]	Loss 0.322 (0.454)	Prec@1 0.922 (0.853)	
[2024/11/06 04:59:52] - Val Loss 0.7807, Val Accuracy 0.7683
[2024/11/06 04:59:54] - epoch 33 lr 1.000000e-01
[2024/11/06 04:59:54] - Device: [3]	Iter: [33][0/391]	Loss 0.402 (0.402)	Prec@1 0.867 (0.867)	
[2024/11/06 04:59:56] - Device: [3]	Iter: [33][150/391]	Loss 0.476 (0.458)	Prec@1 0.828 (0.850)	
[2024/11/06 04:59:58] - Device: [3]	Iter: [33][300/391]	Loss 0.354 (0.458)	Prec@1 0.906 (0.851)	
[2024/11/06 05:00:00] - Val Loss 0.8147, Val Accuracy 0.7549
[2024/11/06 05:00:01] - epoch 34 lr 1.000000e-01
[2024/11/06 05:00:01] - Device: [3]	Iter: [34][0/391]	Loss 0.428 (0.428)	Prec@1 0.883 (0.883)	
[2024/11/06 05:00:04] - Device: [3]	Iter: [34][150/391]	Loss 0.708 (0.458)	Prec@1 0.766 (0.852)	
[2024/11/06 05:00:06] - Device: [3]	Iter: [34][300/391]	Loss 0.421 (0.472)	Prec@1 0.844 (0.847)	
[2024/11/06 05:00:08] - Val Loss 0.7311, Val Accuracy 0.7808
[2024/11/06 05:00:10] - epoch 35 lr 1.000000e-01
[2024/11/06 05:00:10] - Device: [3]	Iter: [35][0/391]	Loss 0.581 (0.581)	Prec@1 0.812 (0.812)	
[2024/11/06 05:00:12] - Device: [3]	Iter: [35][150/391]	Loss 0.335 (0.443)	Prec@1 0.859 (0.856)	
[2024/11/06 05:00:14] - Device: [3]	Iter: [35][300/391]	Loss 0.538 (0.451)	Prec@1 0.789 (0.854)	
[2024/11/06 05:00:16] - Val Loss 0.8630, Val Accuracy 0.7364
[2024/11/06 05:00:18] - epoch 36 lr 1.000000e-01
[2024/11/06 05:00:18] - Device: [3]	Iter: [36][0/391]	Loss 0.386 (0.386)	Prec@1 0.875 (0.875)	
[2024/11/06 05:00:21] - Device: [3]	Iter: [36][150/391]	Loss 0.573 (0.457)	Prec@1 0.805 (0.853)	
[2024/11/06 05:00:23] - Device: [3]	Iter: [36][300/391]	Loss 0.397 (0.456)	Prec@1 0.844 (0.854)	
[2024/11/06 05:00:25] - Val Loss 0.6780, Val Accuracy 0.7893
[2024/11/06 05:00:26] - epoch 37 lr 1.000000e-01
[2024/11/06 05:00:27] - Device: [3]	Iter: [37][0/391]	Loss 0.468 (0.468)	Prec@1 0.836 (0.836)	
[2024/11/06 05:00:29] - Device: [3]	Iter: [37][150/391]	Loss 0.460 (0.441)	Prec@1 0.805 (0.857)	
[2024/11/06 05:00:31] - Device: [3]	Iter: [37][300/391]	Loss 0.509 (0.442)	Prec@1 0.844 (0.856)	
[2024/11/06 05:00:33] - Val Loss 0.9257, Val Accuracy 0.7109
[2024/11/06 05:00:35] - epoch 38 lr 1.000000e-01
[2024/11/06 05:00:35] - Device: [3]	Iter: [38][0/391]	Loss 0.546 (0.546)	Prec@1 0.836 (0.836)	
[2024/11/06 05:00:37] - Device: [3]	Iter: [38][150/391]	Loss 0.473 (0.450)	Prec@1 0.852 (0.853)	
[2024/11/06 05:00:39] - Device: [3]	Iter: [38][300/391]	Loss 0.269 (0.457)	Prec@1 0.906 (0.852)	
[2024/11/06 05:00:41] - Val Loss 0.5478, Val Accuracy 0.8226
[2024/11/06 05:00:43] - Model saved at epoch 38 with best val accuracy 0.8226
[2024/11/06 05:00:44] - epoch 39 lr 1.000000e-01
[2024/11/06 05:00:44] - Device: [3]	Iter: [39][0/391]	Loss 0.436 (0.436)	Prec@1 0.852 (0.852)	
[2024/11/06 05:00:47] - Device: [3]	Iter: [39][150/391]	Loss 0.517 (0.431)	Prec@1 0.812 (0.862)	
[2024/11/06 05:00:49] - Device: [3]	Iter: [39][300/391]	Loss 0.449 (0.432)	Prec@1 0.859 (0.861)	
[2024/11/06 05:00:51] - Val Loss 0.7387, Val Accuracy 0.7694
[2024/11/06 05:00:53] - epoch 40 lr 1.000000e-01
[2024/11/06 05:00:53] - Device: [3]	Iter: [40][0/391]	Loss 0.619 (0.619)	Prec@1 0.789 (0.789)	
[2024/11/06 05:00:55] - Device: [3]	Iter: [40][150/391]	Loss 0.656 (0.441)	Prec@1 0.820 (0.856)	
[2024/11/06 05:00:57] - Device: [3]	Iter: [40][300/391]	Loss 0.425 (0.449)	Prec@1 0.852 (0.854)	
[2024/11/06 05:00:59] - Val Loss 1.0138, Val Accuracy 0.7227
[2024/11/06 05:01:01] - epoch 41 lr 1.000000e-01
[2024/11/06 05:01:01] - Device: [3]	Iter: [41][0/391]	Loss 0.505 (0.505)	Prec@1 0.867 (0.867)	
[2024/11/06 05:01:04] - Device: [3]	Iter: [41][150/391]	Loss 0.508 (0.440)	Prec@1 0.836 (0.857)	
[2024/11/06 05:01:06] - Device: [3]	Iter: [41][300/391]	Loss 0.378 (0.439)	Prec@1 0.875 (0.857)	
[2024/11/06 05:01:08] - Val Loss 0.7444, Val Accuracy 0.7730
[2024/11/06 05:01:09] - epoch 42 lr 1.000000e-01
[2024/11/06 05:01:09] - Device: [3]	Iter: [42][0/391]	Loss 0.521 (0.521)	Prec@1 0.805 (0.805)	
[2024/11/06 05:01:12] - Device: [3]	Iter: [42][150/391]	Loss 0.456 (0.446)	Prec@1 0.852 (0.855)	
[2024/11/06 05:01:14] - Device: [3]	Iter: [42][300/391]	Loss 0.521 (0.443)	Prec@1 0.828 (0.856)	
[2024/11/06 05:01:16] - Val Loss 0.6913, Val Accuracy 0.7813
[2024/11/06 05:01:17] - epoch 43 lr 1.000000e-01
[2024/11/06 05:01:17] - Device: [3]	Iter: [43][0/391]	Loss 0.354 (0.354)	Prec@1 0.852 (0.852)	
[2024/11/06 05:01:20] - Device: [3]	Iter: [43][150/391]	Loss 0.466 (0.423)	Prec@1 0.891 (0.864)	
[2024/11/06 05:01:22] - Device: [3]	Iter: [43][300/391]	Loss 0.420 (0.439)	Prec@1 0.875 (0.858)	
[2024/11/06 05:01:24] - Val Loss 0.4986, Val Accuracy 0.8368
[2024/11/06 05:01:25] - Model saved at epoch 43 with best val accuracy 0.8368
[2024/11/06 05:01:27] - epoch 44 lr 1.000000e-01
[2024/11/06 05:01:27] - Device: [3]	Iter: [44][0/391]	Loss 0.309 (0.309)	Prec@1 0.898 (0.898)	
[2024/11/06 05:01:29] - Device: [3]	Iter: [44][150/391]	Loss 0.312 (0.422)	Prec@1 0.898 (0.862)	
[2024/11/06 05:01:31] - Device: [3]	Iter: [44][300/391]	Loss 0.430 (0.434)	Prec@1 0.844 (0.857)	
[2024/11/06 05:01:33] - Val Loss 1.0008, Val Accuracy 0.7072
[2024/11/06 05:01:35] - epoch 45 lr 1.000000e-01
[2024/11/06 05:01:35] - Device: [3]	Iter: [45][0/391]	Loss 0.549 (0.549)	Prec@1 0.836 (0.836)	
[2024/11/06 05:01:37] - Device: [3]	Iter: [45][150/391]	Loss 0.419 (0.430)	Prec@1 0.891 (0.860)	
[2024/11/06 05:01:39] - Device: [3]	Iter: [45][300/391]	Loss 0.302 (0.436)	Prec@1 0.898 (0.858)	
[2024/11/06 05:01:41] - Val Loss 0.7249, Val Accuracy 0.7785
[2024/11/06 05:01:42] - epoch 46 lr 1.000000e-01
[2024/11/06 05:01:43] - Device: [3]	Iter: [46][0/391]	Loss 0.553 (0.553)	Prec@1 0.820 (0.820)	
[2024/11/06 05:01:45] - Device: [3]	Iter: [46][150/391]	Loss 0.511 (0.412)	Prec@1 0.805 (0.866)	
[2024/11/06 05:01:47] - Device: [3]	Iter: [46][300/391]	Loss 0.300 (0.430)	Prec@1 0.898 (0.860)	
[2024/11/06 05:01:50] - Val Loss 0.8310, Val Accuracy 0.7369
[2024/11/06 05:01:51] - epoch 47 lr 1.000000e-01
[2024/11/06 05:01:51] - Device: [3]	Iter: [47][0/391]	Loss 0.614 (0.614)	Prec@1 0.766 (0.766)	
[2024/11/06 05:01:53] - Device: [3]	Iter: [47][150/391]	Loss 0.328 (0.430)	Prec@1 0.875 (0.860)	
[2024/11/06 05:01:55] - Device: [3]	Iter: [47][300/391]	Loss 0.310 (0.431)	Prec@1 0.898 (0.858)	
[2024/11/06 05:01:58] - Val Loss 0.7337, Val Accuracy 0.7814
[2024/11/06 05:01:59] - epoch 48 lr 1.000000e-01
[2024/11/06 05:01:59] - Device: [3]	Iter: [48][0/391]	Loss 0.483 (0.483)	Prec@1 0.812 (0.812)	
[2024/11/06 05:02:02] - Device: [3]	Iter: [48][150/391]	Loss 0.431 (0.418)	Prec@1 0.828 (0.862)	
[2024/11/06 05:02:04] - Device: [3]	Iter: [48][300/391]	Loss 0.455 (0.434)	Prec@1 0.852 (0.857)	
[2024/11/06 05:02:06] - Val Loss 0.6863, Val Accuracy 0.7854
[2024/11/06 05:02:07] - epoch 49 lr 1.000000e-01
[2024/11/06 05:02:07] - Device: [3]	Iter: [49][0/391]	Loss 0.390 (0.390)	Prec@1 0.867 (0.867)	
[2024/11/06 05:02:09] - Device: [3]	Iter: [49][150/391]	Loss 0.501 (0.406)	Prec@1 0.820 (0.867)	
[2024/11/06 05:02:11] - Device: [3]	Iter: [49][300/391]	Loss 0.412 (0.426)	Prec@1 0.836 (0.861)	
[2024/11/06 05:02:14] - Val Loss 0.8374, Val Accuracy 0.7632
[2024/11/06 05:02:15] - epoch 50 lr 1.000000e-01
[2024/11/06 05:02:15] - Device: [3]	Iter: [50][0/391]	Loss 0.450 (0.450)	Prec@1 0.859 (0.859)	
[2024/11/06 05:02:18] - Device: [3]	Iter: [50][150/391]	Loss 0.359 (0.430)	Prec@1 0.875 (0.859)	
[2024/11/06 05:02:20] - Device: [3]	Iter: [50][300/391]	Loss 0.491 (0.433)	Prec@1 0.820 (0.858)	
[2024/11/06 05:02:22] - Val Loss 0.7607, Val Accuracy 0.7618
[2024/11/06 05:02:24] - epoch 51 lr 1.000000e-01
[2024/11/06 05:02:24] - Device: [3]	Iter: [51][0/391]	Loss 0.451 (0.451)	Prec@1 0.859 (0.859)	
[2024/11/06 05:02:26] - Device: [3]	Iter: [51][150/391]	Loss 0.345 (0.414)	Prec@1 0.906 (0.865)	
[2024/11/06 05:02:29] - Device: [3]	Iter: [51][300/391]	Loss 0.523 (0.416)	Prec@1 0.797 (0.864)	
[2024/11/06 05:02:31] - Val Loss 0.5447, Val Accuracy 0.8158
[2024/11/06 05:02:32] - epoch 52 lr 1.000000e-01
[2024/11/06 05:02:32] - Device: [3]	Iter: [52][0/391]	Loss 0.554 (0.554)	Prec@1 0.828 (0.828)	
[2024/11/06 05:02:34] - Device: [3]	Iter: [52][150/391]	Loss 0.297 (0.410)	Prec@1 0.898 (0.865)	
[2024/11/06 05:02:36] - Device: [3]	Iter: [52][300/391]	Loss 0.408 (0.427)	Prec@1 0.891 (0.862)	
[2024/11/06 05:02:39] - Val Loss 0.7479, Val Accuracy 0.7621
[2024/11/06 05:02:40] - epoch 53 lr 1.000000e-01
[2024/11/06 05:02:41] - Device: [3]	Iter: [53][0/391]	Loss 0.483 (0.483)	Prec@1 0.852 (0.852)	
[2024/11/06 05:02:43] - Device: [3]	Iter: [53][150/391]	Loss 0.686 (0.415)	Prec@1 0.750 (0.865)	
[2024/11/06 05:02:45] - Device: [3]	Iter: [53][300/391]	Loss 0.484 (0.424)	Prec@1 0.836 (0.862)	
[2024/11/06 05:02:47] - Val Loss 1.1035, Val Accuracy 0.7050
[2024/11/06 05:02:49] - epoch 54 lr 1.000000e-01
[2024/11/06 05:02:49] - Device: [3]	Iter: [54][0/391]	Loss 0.524 (0.524)	Prec@1 0.820 (0.820)	
[2024/11/06 05:02:52] - Device: [3]	Iter: [54][150/391]	Loss 0.491 (0.411)	Prec@1 0.852 (0.869)	
[2024/11/06 05:02:54] - Device: [3]	Iter: [54][300/391]	Loss 0.386 (0.421)	Prec@1 0.875 (0.863)	
[2024/11/06 05:02:56] - Val Loss 0.5938, Val Accuracy 0.8104
[2024/11/06 05:02:59] - epoch 55 lr 1.000000e-01
[2024/11/06 05:02:59] - Device: [3]	Iter: [55][0/391]	Loss 0.271 (0.271)	Prec@1 0.930 (0.930)	
[2024/11/06 05:03:01] - Device: [3]	Iter: [55][150/391]	Loss 0.528 (0.416)	Prec@1 0.852 (0.863)	
[2024/11/06 05:03:04] - Device: [3]	Iter: [55][300/391]	Loss 0.417 (0.416)	Prec@1 0.883 (0.863)	
[2024/11/06 05:03:05] - Val Loss 0.6596, Val Accuracy 0.7898
[2024/11/06 05:03:08] - epoch 56 lr 1.000000e-01
[2024/11/06 05:03:08] - Device: [3]	Iter: [56][0/391]	Loss 0.385 (0.385)	Prec@1 0.875 (0.875)	
[2024/11/06 05:03:11] - Device: [3]	Iter: [56][150/391]	Loss 0.541 (0.417)	Prec@1 0.844 (0.862)	
[2024/11/06 05:03:13] - Device: [3]	Iter: [56][300/391]	Loss 0.461 (0.419)	Prec@1 0.844 (0.862)	
[2024/11/06 05:03:15] - Val Loss 0.5124, Val Accuracy 0.8318
[2024/11/06 05:03:17] - epoch 57 lr 1.000000e-01
[2024/11/06 05:03:17] - Device: [3]	Iter: [57][0/391]	Loss 0.468 (0.468)	Prec@1 0.820 (0.820)	
[2024/11/06 05:03:19] - Device: [3]	Iter: [57][150/391]	Loss 0.559 (0.422)	Prec@1 0.812 (0.861)	
[2024/11/06 05:03:22] - Device: [3]	Iter: [57][300/391]	Loss 0.355 (0.418)	Prec@1 0.875 (0.864)	
[2024/11/06 05:03:24] - Val Loss 0.8954, Val Accuracy 0.7364
[2024/11/06 05:03:26] - epoch 58 lr 1.000000e-01
[2024/11/06 05:03:26] - Device: [3]	Iter: [58][0/391]	Loss 0.461 (0.461)	Prec@1 0.852 (0.852)	
[2024/11/06 05:03:28] - Device: [3]	Iter: [58][150/391]	Loss 0.425 (0.422)	Prec@1 0.812 (0.865)	
[2024/11/06 05:03:31] - Device: [3]	Iter: [58][300/391]	Loss 0.394 (0.419)	Prec@1 0.875 (0.866)	
[2024/11/06 05:03:33] - Val Loss 0.6672, Val Accuracy 0.7854
[2024/11/06 05:03:35] - epoch 59 lr 1.000000e-01
[2024/11/06 05:03:35] - Device: [3]	Iter: [59][0/391]	Loss 0.401 (0.401)	Prec@1 0.898 (0.898)	
[2024/11/06 05:03:38] - Device: [3]	Iter: [59][150/391]	Loss 0.358 (0.416)	Prec@1 0.859 (0.865)	
[2024/11/06 05:03:41] - Device: [3]	Iter: [59][300/391]	Loss 0.563 (0.419)	Prec@1 0.836 (0.864)	
[2024/11/06 05:03:43] - Val Loss 0.8904, Val Accuracy 0.7385
[2024/11/06 05:03:44] - epoch 60 lr 1.000000e-01
[2024/11/06 05:03:44] - Device: [3]	Iter: [60][0/391]	Loss 0.403 (0.403)	Prec@1 0.852 (0.852)	
[2024/11/06 05:03:47] - Device: [3]	Iter: [60][150/391]	Loss 0.434 (0.406)	Prec@1 0.844 (0.868)	
[2024/11/06 05:03:49] - Device: [3]	Iter: [60][300/391]	Loss 0.418 (0.419)	Prec@1 0.844 (0.863)	
[2024/11/06 05:03:51] - Val Loss 0.6846, Val Accuracy 0.7803
[2024/11/06 05:03:53] - epoch 61 lr 1.000000e-01
[2024/11/06 05:03:53] - Device: [3]	Iter: [61][0/391]	Loss 0.384 (0.384)	Prec@1 0.891 (0.891)	
[2024/11/06 05:03:55] - Device: [3]	Iter: [61][150/391]	Loss 0.312 (0.405)	Prec@1 0.891 (0.865)	
[2024/11/06 05:03:57] - Device: [3]	Iter: [61][300/391]	Loss 0.259 (0.419)	Prec@1 0.914 (0.862)	
[2024/11/06 05:03:59] - Val Loss 0.6025, Val Accuracy 0.8112
[2024/11/06 05:04:00] - epoch 62 lr 1.000000e-01
[2024/11/06 05:04:01] - Device: [3]	Iter: [62][0/391]	Loss 0.350 (0.350)	Prec@1 0.891 (0.891)	
[2024/11/06 05:04:03] - Device: [3]	Iter: [62][150/391]	Loss 0.392 (0.408)	Prec@1 0.867 (0.865)	
[2024/11/06 05:04:06] - Device: [3]	Iter: [62][300/391]	Loss 0.531 (0.414)	Prec@1 0.828 (0.864)	
[2024/11/06 05:04:07] - Val Loss 0.8076, Val Accuracy 0.7685
[2024/11/06 05:04:09] - epoch 63 lr 1.000000e-01
[2024/11/06 05:04:09] - Device: [3]	Iter: [63][0/391]	Loss 0.278 (0.278)	Prec@1 0.914 (0.914)	
[2024/11/06 05:04:12] - Device: [3]	Iter: [63][150/391]	Loss 0.515 (0.420)	Prec@1 0.867 (0.862)	
[2024/11/06 05:04:14] - Device: [3]	Iter: [63][300/391]	Loss 0.405 (0.418)	Prec@1 0.859 (0.864)	
[2024/11/06 05:04:16] - Val Loss 0.9007, Val Accuracy 0.7215
[2024/11/06 05:04:17] - epoch 64 lr 1.000000e-01
[2024/11/06 05:04:18] - Device: [3]	Iter: [64][0/391]	Loss 0.424 (0.424)	Prec@1 0.836 (0.836)	
[2024/11/06 05:04:20] - Device: [3]	Iter: [64][150/391]	Loss 0.358 (0.404)	Prec@1 0.852 (0.865)	
[2024/11/06 05:04:22] - Device: [3]	Iter: [64][300/391]	Loss 0.394 (0.410)	Prec@1 0.859 (0.865)	
[2024/11/06 05:04:24] - Val Loss 0.6960, Val Accuracy 0.7857
[2024/11/06 05:04:26] - epoch 65 lr 1.000000e-01
[2024/11/06 05:04:26] - Device: [3]	Iter: [65][0/391]	Loss 0.285 (0.285)	Prec@1 0.875 (0.875)	
[2024/11/06 05:04:28] - Device: [3]	Iter: [65][150/391]	Loss 0.518 (0.394)	Prec@1 0.836 (0.872)	
[2024/11/06 05:04:31] - Device: [3]	Iter: [65][300/391]	Loss 0.376 (0.401)	Prec@1 0.875 (0.868)	
[2024/11/06 05:04:33] - Val Loss 0.6866, Val Accuracy 0.7944
[2024/11/06 05:04:34] - epoch 66 lr 1.000000e-01
[2024/11/06 05:04:35] - Device: [3]	Iter: [66][0/391]	Loss 0.383 (0.383)	Prec@1 0.867 (0.867)	
[2024/11/06 05:04:37] - Device: [3]	Iter: [66][150/391]	Loss 0.352 (0.413)	Prec@1 0.906 (0.866)	
[2024/11/06 05:04:39] - Device: [3]	Iter: [66][300/391]	Loss 0.361 (0.420)	Prec@1 0.898 (0.863)	
[2024/11/06 05:04:41] - Val Loss 1.0864, Val Accuracy 0.6822
[2024/11/06 05:04:43] - epoch 67 lr 1.000000e-01
[2024/11/06 05:04:43] - Device: [3]	Iter: [67][0/391]	Loss 0.469 (0.469)	Prec@1 0.844 (0.844)	
[2024/11/06 05:04:45] - Device: [3]	Iter: [67][150/391]	Loss 0.380 (0.411)	Prec@1 0.867 (0.864)	
[2024/11/06 05:04:48] - Device: [3]	Iter: [67][300/391]	Loss 0.548 (0.412)	Prec@1 0.836 (0.866)	
[2024/11/06 05:04:50] - Val Loss 0.5581, Val Accuracy 0.8239
[2024/11/06 05:04:51] - epoch 68 lr 1.000000e-01
[2024/11/06 05:04:51] - Device: [3]	Iter: [68][0/391]	Loss 0.392 (0.392)	Prec@1 0.891 (0.891)	
[2024/11/06 05:04:53] - Device: [3]	Iter: [68][150/391]	Loss 0.411 (0.394)	Prec@1 0.883 (0.869)	
[2024/11/06 05:04:56] - Device: [3]	Iter: [68][300/391]	Loss 0.433 (0.406)	Prec@1 0.859 (0.867)	
[2024/11/06 05:04:58] - Val Loss 0.5805, Val Accuracy 0.8098
[2024/11/06 05:04:59] - epoch 69 lr 1.000000e-01
[2024/11/06 05:05:00] - Device: [3]	Iter: [69][0/391]	Loss 0.298 (0.298)	Prec@1 0.930 (0.930)	
[2024/11/06 05:05:02] - Device: [3]	Iter: [69][150/391]	Loss 0.512 (0.405)	Prec@1 0.828 (0.867)	
[2024/11/06 05:05:04] - Device: [3]	Iter: [69][300/391]	Loss 0.323 (0.408)	Prec@1 0.898 (0.867)	
[2024/11/06 05:05:06] - Val Loss 0.5435, Val Accuracy 0.8245
[2024/11/06 05:05:09] - epoch 70 lr 1.000000e-01
[2024/11/06 05:05:10] - Device: [3]	Iter: [70][0/391]	Loss 0.276 (0.276)	Prec@1 0.922 (0.922)	
[2024/11/06 05:05:12] - Device: [3]	Iter: [70][150/391]	Loss 0.385 (0.400)	Prec@1 0.883 (0.869)	
[2024/11/06 05:05:14] - Device: [3]	Iter: [70][300/391]	Loss 0.439 (0.409)	Prec@1 0.852 (0.866)	
[2024/11/06 05:05:16] - Val Loss 0.7078, Val Accuracy 0.7882
[2024/11/06 05:05:18] - epoch 71 lr 1.000000e-01
[2024/11/06 05:05:19] - Device: [3]	Iter: [71][0/391]	Loss 0.553 (0.553)	Prec@1 0.805 (0.805)	
[2024/11/06 05:05:21] - Device: [3]	Iter: [71][150/391]	Loss 0.451 (0.412)	Prec@1 0.852 (0.868)	
[2024/11/06 05:05:23] - Device: [3]	Iter: [71][300/391]	Loss 0.368 (0.415)	Prec@1 0.883 (0.865)	
[2024/11/06 05:05:25] - Val Loss 0.5328, Val Accuracy 0.8260
[2024/11/06 05:05:27] - epoch 72 lr 1.000000e-01
[2024/11/06 05:05:28] - Device: [3]	Iter: [72][0/391]	Loss 0.442 (0.442)	Prec@1 0.844 (0.844)	
[2024/11/06 05:05:29] - Device: [3]	Iter: [72][150/391]	Loss 0.479 (0.404)	Prec@1 0.852 (0.867)	
[2024/11/06 05:05:32] - Device: [3]	Iter: [72][300/391]	Loss 0.329 (0.417)	Prec@1 0.891 (0.863)	
[2024/11/06 05:05:34] - Val Loss 0.5244, Val Accuracy 0.8187
[2024/11/06 05:05:36] - epoch 73 lr 1.000000e-01
[2024/11/06 05:05:36] - Device: [3]	Iter: [73][0/391]	Loss 0.331 (0.331)	Prec@1 0.852 (0.852)	
[2024/11/06 05:05:38] - Device: [3]	Iter: [73][150/391]	Loss 0.517 (0.406)	Prec@1 0.836 (0.868)	
[2024/11/06 05:05:40] - Device: [3]	Iter: [73][300/391]	Loss 0.386 (0.412)	Prec@1 0.891 (0.866)	
[2024/11/06 05:05:42] - Val Loss 0.6578, Val Accuracy 0.7944
[2024/11/06 05:05:44] - epoch 74 lr 1.000000e-01
[2024/11/06 05:05:44] - Device: [3]	Iter: [74][0/391]	Loss 0.439 (0.439)	Prec@1 0.812 (0.812)	
[2024/11/06 05:05:47] - Device: [3]	Iter: [74][150/391]	Loss 0.384 (0.395)	Prec@1 0.859 (0.870)	
[2024/11/06 05:05:49] - Device: [3]	Iter: [74][300/391]	Loss 0.343 (0.400)	Prec@1 0.906 (0.869)	
[2024/11/06 05:05:51] - Val Loss 0.6874, Val Accuracy 0.7971
[2024/11/06 05:05:53] - epoch 75 lr 1.000000e-01
[2024/11/06 05:05:53] - Device: [3]	Iter: [75][0/391]	Loss 0.297 (0.297)	Prec@1 0.891 (0.891)	
[2024/11/06 05:05:56] - Device: [3]	Iter: [75][150/391]	Loss 0.457 (0.408)	Prec@1 0.859 (0.868)	
[2024/11/06 05:05:58] - Device: [3]	Iter: [75][300/391]	Loss 0.364 (0.406)	Prec@1 0.914 (0.868)	
[2024/11/06 05:06:00] - Val Loss 0.5266, Val Accuracy 0.8294
[2024/11/06 05:06:01] - epoch 76 lr 1.000000e-01
[2024/11/06 05:06:02] - Device: [3]	Iter: [76][0/391]	Loss 0.357 (0.357)	Prec@1 0.859 (0.859)	
[2024/11/06 05:06:04] - Device: [3]	Iter: [76][150/391]	Loss 0.285 (0.405)	Prec@1 0.906 (0.868)	
[2024/11/06 05:06:07] - Device: [3]	Iter: [76][300/391]	Loss 0.375 (0.413)	Prec@1 0.891 (0.867)	
[2024/11/06 05:06:09] - Val Loss 0.7930, Val Accuracy 0.7796
[2024/11/06 05:06:10] - epoch 77 lr 1.000000e-01
[2024/11/06 05:06:10] - Device: [3]	Iter: [77][0/391]	Loss 0.241 (0.241)	Prec@1 0.922 (0.922)	
[2024/11/06 05:06:13] - Device: [3]	Iter: [77][150/391]	Loss 0.452 (0.415)	Prec@1 0.859 (0.866)	
[2024/11/06 05:06:15] - Device: [3]	Iter: [77][300/391]	Loss 0.355 (0.417)	Prec@1 0.891 (0.865)	
[2024/11/06 05:06:16] - Val Loss 0.4985, Val Accuracy 0.8424
[2024/11/06 05:06:18] - Model saved at epoch 77 with best val accuracy 0.8424
[2024/11/06 05:06:20] - epoch 78 lr 1.000000e-01
[2024/11/06 05:06:20] - Device: [3]	Iter: [78][0/391]	Loss 0.412 (0.412)	Prec@1 0.875 (0.875)	
[2024/11/06 05:06:22] - Device: [3]	Iter: [78][150/391]	Loss 0.346 (0.396)	Prec@1 0.898 (0.870)	
[2024/11/06 05:06:24] - Device: [3]	Iter: [78][300/391]	Loss 0.397 (0.404)	Prec@1 0.852 (0.867)	
[2024/11/06 05:06:26] - Val Loss 0.8162, Val Accuracy 0.7666
[2024/11/06 05:06:28] - epoch 79 lr 1.000000e-01
[2024/11/06 05:06:28] - Device: [3]	Iter: [79][0/391]	Loss 0.427 (0.427)	Prec@1 0.914 (0.914)	
[2024/11/06 05:06:30] - Device: [3]	Iter: [79][150/391]	Loss 0.319 (0.394)	Prec@1 0.883 (0.874)	
[2024/11/06 05:06:32] - Device: [3]	Iter: [79][300/391]	Loss 0.494 (0.410)	Prec@1 0.852 (0.867)	
[2024/11/06 05:06:34] - Val Loss 0.7928, Val Accuracy 0.7751
[2024/11/06 05:06:36] - epoch 80 lr 1.000000e-01
[2024/11/06 05:06:36] - Device: [3]	Iter: [80][0/391]	Loss 0.322 (0.322)	Prec@1 0.898 (0.898)	
[2024/11/06 05:06:38] - Device: [3]	Iter: [80][150/391]	Loss 0.304 (0.392)	Prec@1 0.938 (0.874)	
[2024/11/06 05:06:41] - Device: [3]	Iter: [80][300/391]	Loss 0.606 (0.403)	Prec@1 0.789 (0.871)	
[2024/11/06 05:06:43] - Val Loss 0.8295, Val Accuracy 0.7727
[2024/11/06 05:06:44] - epoch 81 lr 1.000000e-01
[2024/11/06 05:06:44] - Device: [3]	Iter: [81][0/391]	Loss 0.343 (0.343)	Prec@1 0.883 (0.883)	
[2024/11/06 05:06:47] - Device: [3]	Iter: [81][150/391]	Loss 0.360 (0.397)	Prec@1 0.914 (0.869)	
[2024/11/06 05:06:49] - Device: [3]	Iter: [81][300/391]	Loss 0.324 (0.402)	Prec@1 0.898 (0.868)	
[2024/11/06 05:06:51] - Val Loss 0.5313, Val Accuracy 0.8277
[2024/11/06 05:06:53] - epoch 82 lr 1.000000e-01
[2024/11/06 05:06:53] - Device: [3]	Iter: [82][0/391]	Loss 0.317 (0.317)	Prec@1 0.891 (0.891)	
[2024/11/06 05:06:55] - Device: [3]	Iter: [82][150/391]	Loss 0.330 (0.398)	Prec@1 0.922 (0.870)	
[2024/11/06 05:06:58] - Device: [3]	Iter: [82][300/391]	Loss 0.440 (0.400)	Prec@1 0.867 (0.869)	
[2024/11/06 05:07:00] - Val Loss 0.7202, Val Accuracy 0.7800
[2024/11/06 05:07:01] - epoch 83 lr 1.000000e-01
[2024/11/06 05:07:01] - Device: [3]	Iter: [83][0/391]	Loss 0.311 (0.311)	Prec@1 0.898 (0.898)	
[2024/11/06 05:07:03] - Device: [3]	Iter: [83][150/391]	Loss 0.355 (0.400)	Prec@1 0.883 (0.871)	
[2024/11/06 05:07:05] - Device: [3]	Iter: [83][300/391]	Loss 0.381 (0.409)	Prec@1 0.859 (0.868)	
[2024/11/06 05:07:07] - Val Loss 0.6836, Val Accuracy 0.7843
[2024/11/06 05:07:09] - epoch 84 lr 1.000000e-01
[2024/11/06 05:07:09] - Device: [3]	Iter: [84][0/391]	Loss 0.351 (0.351)	Prec@1 0.891 (0.891)	
[2024/11/06 05:07:11] - Device: [3]	Iter: [84][150/391]	Loss 0.365 (0.400)	Prec@1 0.891 (0.872)	
[2024/11/06 05:07:13] - Device: [3]	Iter: [84][300/391]	Loss 0.457 (0.399)	Prec@1 0.836 (0.872)	
[2024/11/06 05:07:15] - Val Loss 0.7815, Val Accuracy 0.7723
[2024/11/06 05:07:17] - epoch 85 lr 1.000000e-01
[2024/11/06 05:07:17] - Device: [3]	Iter: [85][0/391]	Loss 0.457 (0.457)	Prec@1 0.859 (0.859)	
[2024/11/06 05:07:20] - Device: [3]	Iter: [85][150/391]	Loss 0.402 (0.401)	Prec@1 0.820 (0.869)	
[2024/11/06 05:07:22] - Device: [3]	Iter: [85][300/391]	Loss 0.458 (0.409)	Prec@1 0.852 (0.866)	
[2024/11/06 05:07:24] - Val Loss 0.7622, Val Accuracy 0.7661
[2024/11/06 05:07:26] - epoch 86 lr 1.000000e-01
[2024/11/06 05:07:26] - Device: [3]	Iter: [86][0/391]	Loss 0.345 (0.345)	Prec@1 0.875 (0.875)	
[2024/11/06 05:07:29] - Device: [3]	Iter: [86][150/391]	Loss 0.593 (0.392)	Prec@1 0.836 (0.871)	
[2024/11/06 05:07:31] - Device: [3]	Iter: [86][300/391]	Loss 0.217 (0.393)	Prec@1 0.898 (0.872)	
[2024/11/06 05:07:33] - Val Loss 0.8249, Val Accuracy 0.7484
[2024/11/06 05:07:35] - epoch 87 lr 1.000000e-01
[2024/11/06 05:07:35] - Device: [3]	Iter: [87][0/391]	Loss 0.473 (0.473)	Prec@1 0.828 (0.828)	
[2024/11/06 05:07:38] - Device: [3]	Iter: [87][150/391]	Loss 0.406 (0.393)	Prec@1 0.867 (0.874)	
[2024/11/06 05:07:40] - Device: [3]	Iter: [87][300/391]	Loss 0.320 (0.406)	Prec@1 0.906 (0.869)	
[2024/11/06 05:07:42] - Val Loss 0.6909, Val Accuracy 0.7976
[2024/11/06 05:07:44] - epoch 88 lr 1.000000e-01
[2024/11/06 05:07:44] - Device: [3]	Iter: [88][0/391]	Loss 0.317 (0.317)	Prec@1 0.922 (0.922)	
[2024/11/06 05:07:47] - Device: [3]	Iter: [88][150/391]	Loss 0.350 (0.384)	Prec@1 0.875 (0.875)	
[2024/11/06 05:07:49] - Device: [3]	Iter: [88][300/391]	Loss 0.490 (0.393)	Prec@1 0.875 (0.873)	
[2024/11/06 05:07:51] - Val Loss 0.7068, Val Accuracy 0.7770
[2024/11/06 05:07:52] - epoch 89 lr 1.000000e-01
[2024/11/06 05:07:53] - Device: [3]	Iter: [89][0/391]	Loss 0.389 (0.389)	Prec@1 0.883 (0.883)	
[2024/11/06 05:07:55] - Device: [3]	Iter: [89][150/391]	Loss 0.645 (0.404)	Prec@1 0.797 (0.867)	
[2024/11/06 05:07:57] - Device: [3]	Iter: [89][300/391]	Loss 0.290 (0.404)	Prec@1 0.898 (0.867)	
[2024/11/06 05:07:59] - Val Loss 0.6613, Val Accuracy 0.7867
[2024/11/06 05:08:01] - epoch 90 lr 1.000000e-01
[2024/11/06 05:08:01] - Device: [3]	Iter: [90][0/391]	Loss 0.279 (0.279)	Prec@1 0.922 (0.922)	
[2024/11/06 05:08:03] - Device: [3]	Iter: [90][150/391]	Loss 0.476 (0.393)	Prec@1 0.859 (0.871)	
[2024/11/06 05:08:06] - Device: [3]	Iter: [90][300/391]	Loss 0.490 (0.398)	Prec@1 0.844 (0.869)	
[2024/11/06 05:08:08] - Val Loss 0.6916, Val Accuracy 0.7902
[2024/11/06 05:08:09] - epoch 91 lr 1.000000e-01
[2024/11/06 05:08:09] - Device: [3]	Iter: [91][0/391]	Loss 0.371 (0.371)	Prec@1 0.852 (0.852)	
[2024/11/06 05:08:12] - Device: [3]	Iter: [91][150/391]	Loss 0.489 (0.384)	Prec@1 0.844 (0.876)	
[2024/11/06 05:08:14] - Device: [3]	Iter: [91][300/391]	Loss 0.371 (0.393)	Prec@1 0.844 (0.872)	
[2024/11/06 05:08:16] - Val Loss 0.5801, Val Accuracy 0.8164
[2024/11/06 05:08:17] - epoch 92 lr 1.000000e-01
[2024/11/06 05:08:18] - Device: [3]	Iter: [92][0/391]	Loss 0.301 (0.301)	Prec@1 0.875 (0.875)	
[2024/11/06 05:08:20] - Device: [3]	Iter: [92][150/391]	Loss 0.491 (0.393)	Prec@1 0.844 (0.873)	
[2024/11/06 05:08:22] - Device: [3]	Iter: [92][300/391]	Loss 0.341 (0.396)	Prec@1 0.891 (0.870)	
[2024/11/06 05:08:24] - Val Loss 0.6653, Val Accuracy 0.7983
[2024/11/06 05:08:26] - epoch 93 lr 1.000000e-01
[2024/11/06 05:08:26] - Device: [3]	Iter: [93][0/391]	Loss 0.380 (0.380)	Prec@1 0.852 (0.852)	
[2024/11/06 05:08:28] - Device: [3]	Iter: [93][150/391]	Loss 0.285 (0.388)	Prec@1 0.875 (0.876)	
[2024/11/06 05:08:30] - Device: [3]	Iter: [93][300/391]	Loss 0.463 (0.399)	Prec@1 0.852 (0.871)	
[2024/11/06 05:08:33] - Val Loss 0.8245, Val Accuracy 0.7554
[2024/11/06 05:08:35] - epoch 94 lr 1.000000e-01
[2024/11/06 05:08:35] - Device: [3]	Iter: [94][0/391]	Loss 0.457 (0.457)	Prec@1 0.844 (0.844)	
[2024/11/06 05:08:37] - Device: [3]	Iter: [94][150/391]	Loss 0.391 (0.405)	Prec@1 0.875 (0.867)	
[2024/11/06 05:08:39] - Device: [3]	Iter: [94][300/391]	Loss 0.334 (0.407)	Prec@1 0.906 (0.868)	
[2024/11/06 05:08:41] - Val Loss 0.8151, Val Accuracy 0.7773
[2024/11/06 05:08:43] - epoch 95 lr 1.000000e-01
[2024/11/06 05:08:43] - Device: [3]	Iter: [95][0/391]	Loss 0.343 (0.343)	Prec@1 0.922 (0.922)	
[2024/11/06 05:08:45] - Device: [3]	Iter: [95][150/391]	Loss 0.426 (0.414)	Prec@1 0.836 (0.865)	
[2024/11/06 05:08:47] - Device: [3]	Iter: [95][300/391]	Loss 0.425 (0.412)	Prec@1 0.898 (0.866)	
[2024/11/06 05:08:49] - Val Loss 0.6297, Val Accuracy 0.7939
[2024/11/06 05:08:51] - epoch 96 lr 1.000000e-01
[2024/11/06 05:08:51] - Device: [3]	Iter: [96][0/391]	Loss 0.357 (0.357)	Prec@1 0.844 (0.844)	
[2024/11/06 05:08:54] - Device: [3]	Iter: [96][150/391]	Loss 0.621 (0.391)	Prec@1 0.805 (0.870)	
[2024/11/06 05:08:56] - Device: [3]	Iter: [96][300/391]	Loss 0.468 (0.398)	Prec@1 0.844 (0.868)	
[2024/11/06 05:08:58] - Val Loss 0.5511, Val Accuracy 0.8269
[2024/11/06 05:09:00] - epoch 97 lr 1.000000e-01
[2024/11/06 05:09:00] - Device: [3]	Iter: [97][0/391]	Loss 0.553 (0.553)	Prec@1 0.836 (0.836)	
[2024/11/06 05:09:03] - Device: [3]	Iter: [97][150/391]	Loss 0.568 (0.391)	Prec@1 0.844 (0.873)	
[2024/11/06 05:09:05] - Device: [3]	Iter: [97][300/391]	Loss 0.503 (0.406)	Prec@1 0.844 (0.867)	
[2024/11/06 05:09:07] - Val Loss 0.5875, Val Accuracy 0.8150
[2024/11/06 05:09:08] - epoch 98 lr 1.000000e-01
[2024/11/06 05:09:09] - Device: [3]	Iter: [98][0/391]	Loss 0.399 (0.399)	Prec@1 0.914 (0.914)	
[2024/11/06 05:09:11] - Device: [3]	Iter: [98][150/391]	Loss 0.278 (0.379)	Prec@1 0.922 (0.878)	
[2024/11/06 05:09:13] - Device: [3]	Iter: [98][300/391]	Loss 0.313 (0.395)	Prec@1 0.898 (0.872)	
[2024/11/06 05:09:15] - Val Loss 0.5375, Val Accuracy 0.8283
[2024/11/06 05:09:17] - epoch 99 lr 1.000000e-03
[2024/11/06 05:09:17] - Device: [3]	Iter: [99][0/391]	Loss 0.431 (0.431)	Prec@1 0.883 (0.883)	
[2024/11/06 05:09:20] - Device: [3]	Iter: [99][150/391]	Loss 0.363 (0.247)	Prec@1 0.891 (0.921)	
[2024/11/06 05:09:22] - Device: [3]	Iter: [99][300/391]	Loss 0.156 (0.225)	Prec@1 0.945 (0.927)	
[2024/11/06 05:09:24] - Val Loss 0.2646, Val Accuracy 0.9128
[2024/11/06 05:09:26] - Model saved at epoch 99 with best val accuracy 0.9128
[2024/11/06 05:09:28] - epoch 100 lr 1.000000e-02
[2024/11/06 05:09:28] - Device: [3]	Iter: [100][0/391]	Loss 0.175 (0.175)	Prec@1 0.930 (0.930)	
[2024/11/06 05:09:31] - Device: [3]	Iter: [100][150/391]	Loss 0.235 (0.169)	Prec@1 0.930 (0.943)	
[2024/11/06 05:09:33] - Device: [3]	Iter: [100][300/391]	Loss 0.221 (0.165)	Prec@1 0.930 (0.945)	
[2024/11/06 05:09:35] - Val Loss 0.2583, Val Accuracy 0.9166
[2024/11/06 05:09:36] - Model saved at epoch 100 with best val accuracy 0.9166
[2024/11/06 05:09:38] - epoch 101 lr 1.000000e-02
[2024/11/06 05:09:38] - Device: [3]	Iter: [101][0/391]	Loss 0.190 (0.190)	Prec@1 0.945 (0.945)	
[2024/11/06 05:09:40] - Device: [3]	Iter: [101][150/391]	Loss 0.139 (0.145)	Prec@1 0.953 (0.952)	
[2024/11/06 05:09:42] - Device: [3]	Iter: [101][300/391]	Loss 0.240 (0.144)	Prec@1 0.914 (0.953)	
[2024/11/06 05:09:44] - Val Loss 0.2499, Val Accuracy 0.9215
[2024/11/06 05:09:45] - Model saved at epoch 101 with best val accuracy 0.9215
[2024/11/06 05:09:47] - epoch 102 lr 1.000000e-02
[2024/11/06 05:09:47] - Device: [3]	Iter: [102][0/391]	Loss 0.100 (0.100)	Prec@1 0.992 (0.992)	
[2024/11/06 05:09:49] - Device: [3]	Iter: [102][150/391]	Loss 0.074 (0.127)	Prec@1 0.969 (0.958)	
[2024/11/06 05:09:51] - Device: [3]	Iter: [102][300/391]	Loss 0.078 (0.126)	Prec@1 0.977 (0.958)	
[2024/11/06 05:09:53] - Val Loss 0.2518, Val Accuracy 0.9213
[2024/11/06 05:09:55] - epoch 103 lr 1.000000e-02
[2024/11/06 05:09:55] - Device: [3]	Iter: [103][0/391]	Loss 0.112 (0.112)	Prec@1 0.953 (0.953)	
[2024/11/06 05:09:57] - Device: [3]	Iter: [103][150/391]	Loss 0.138 (0.112)	Prec@1 0.938 (0.964)	
[2024/11/06 05:09:59] - Device: [3]	Iter: [103][300/391]	Loss 0.090 (0.109)	Prec@1 0.969 (0.965)	
[2024/11/06 05:10:01] - Val Loss 0.2565, Val Accuracy 0.9195
[2024/11/06 05:10:03] - epoch 104 lr 1.000000e-02
[2024/11/06 05:10:03] - Device: [3]	Iter: [104][0/391]	Loss 0.123 (0.123)	Prec@1 0.969 (0.969)	
[2024/11/06 05:10:06] - Device: [3]	Iter: [104][150/391]	Loss 0.155 (0.097)	Prec@1 0.938 (0.968)	
[2024/11/06 05:10:09] - Device: [3]	Iter: [104][300/391]	Loss 0.067 (0.100)	Prec@1 0.977 (0.967)	
[2024/11/06 05:10:11] - Val Loss 0.2567, Val Accuracy 0.9210
[2024/11/06 05:10:13] - epoch 105 lr 1.000000e-02
[2024/11/06 05:10:13] - Device: [3]	Iter: [105][0/391]	Loss 0.150 (0.150)	Prec@1 0.953 (0.953)	
[2024/11/06 05:10:16] - Device: [3]	Iter: [105][150/391]	Loss 0.069 (0.086)	Prec@1 0.969 (0.972)	
[2024/11/06 05:10:18] - Device: [3]	Iter: [105][300/391]	Loss 0.049 (0.092)	Prec@1 0.977 (0.970)	
[2024/11/06 05:10:20] - Val Loss 0.2584, Val Accuracy 0.9217
[2024/11/06 05:10:22] - Model saved at epoch 105 with best val accuracy 0.9217
[2024/11/06 05:10:23] - epoch 106 lr 1.000000e-02
[2024/11/06 05:10:23] - Device: [3]	Iter: [106][0/391]	Loss 0.169 (0.169)	Prec@1 0.961 (0.961)	
[2024/11/06 05:10:25] - Device: [3]	Iter: [106][150/391]	Loss 0.125 (0.082)	Prec@1 0.969 (0.974)	
[2024/11/06 05:10:28] - Device: [3]	Iter: [106][300/391]	Loss 0.056 (0.082)	Prec@1 0.992 (0.973)	
[2024/11/06 05:10:29] - Val Loss 0.2741, Val Accuracy 0.9204
[2024/11/06 05:10:31] - epoch 107 lr 1.000000e-02
[2024/11/06 05:10:31] - Device: [3]	Iter: [107][0/391]	Loss 0.065 (0.065)	Prec@1 0.969 (0.969)	
[2024/11/06 05:10:33] - Device: [3]	Iter: [107][150/391]	Loss 0.101 (0.077)	Prec@1 0.961 (0.974)	
[2024/11/06 05:10:35] - Device: [3]	Iter: [107][300/391]	Loss 0.064 (0.078)	Prec@1 0.992 (0.974)	
[2024/11/06 05:10:37] - Val Loss 0.2723, Val Accuracy 0.9228
[2024/11/06 05:10:39] - Model saved at epoch 107 with best val accuracy 0.9228
[2024/11/06 05:10:40] - epoch 108 lr 1.000000e-02
[2024/11/06 05:10:41] - Device: [3]	Iter: [108][0/391]	Loss 0.059 (0.059)	Prec@1 0.977 (0.977)	
[2024/11/06 05:10:43] - Device: [3]	Iter: [108][150/391]	Loss 0.067 (0.070)	Prec@1 0.977 (0.976)	
[2024/11/06 05:10:45] - Device: [3]	Iter: [108][300/391]	Loss 0.069 (0.071)	Prec@1 0.969 (0.976)	
[2024/11/06 05:10:47] - Val Loss 0.2863, Val Accuracy 0.9217
[2024/11/06 05:10:49] - epoch 109 lr 1.000000e-02
[2024/11/06 05:10:49] - Device: [3]	Iter: [109][0/391]	Loss 0.044 (0.044)	Prec@1 0.984 (0.984)	
[2024/11/06 05:10:51] - Device: [3]	Iter: [109][150/391]	Loss 0.047 (0.068)	Prec@1 0.992 (0.976)	
[2024/11/06 05:10:54] - Device: [3]	Iter: [109][300/391]	Loss 0.147 (0.070)	Prec@1 0.961 (0.976)	
[2024/11/06 05:10:56] - Val Loss 0.2859, Val Accuracy 0.9213
[2024/11/06 05:10:58] - epoch 110 lr 1.000000e-02
[2024/11/06 05:10:58] - Device: [3]	Iter: [110][0/391]	Loss 0.051 (0.051)	Prec@1 0.977 (0.977)	
[2024/11/06 05:11:00] - Device: [3]	Iter: [110][150/391]	Loss 0.096 (0.064)	Prec@1 0.969 (0.978)	
[2024/11/06 05:11:03] - Device: [3]	Iter: [110][300/391]	Loss 0.041 (0.066)	Prec@1 0.984 (0.978)	
[2024/11/06 05:11:05] - Val Loss 0.2846, Val Accuracy 0.9234
[2024/11/06 05:11:07] - Model saved at epoch 110 with best val accuracy 0.9234
[2024/11/06 05:11:08] - epoch 111 lr 1.000000e-02
[2024/11/06 05:11:08] - Device: [3]	Iter: [111][0/391]	Loss 0.063 (0.063)	Prec@1 0.984 (0.984)	
[2024/11/06 05:11:11] - Device: [3]	Iter: [111][150/391]	Loss 0.033 (0.059)	Prec@1 0.984 (0.980)	
[2024/11/06 05:11:14] - Device: [3]	Iter: [111][300/391]	Loss 0.039 (0.061)	Prec@1 0.984 (0.979)	
[2024/11/06 05:11:16] - Val Loss 0.2954, Val Accuracy 0.9184
[2024/11/06 05:11:17] - epoch 112 lr 1.000000e-02
[2024/11/06 05:11:18] - Device: [3]	Iter: [112][0/391]	Loss 0.062 (0.062)	Prec@1 0.977 (0.977)	
[2024/11/06 05:11:20] - Device: [3]	Iter: [112][150/391]	Loss 0.071 (0.060)	Prec@1 0.977 (0.979)	
[2024/11/06 05:11:22] - Device: [3]	Iter: [112][300/391]	Loss 0.068 (0.061)	Prec@1 0.984 (0.979)	
[2024/11/06 05:11:24] - Val Loss 0.2919, Val Accuracy 0.9237
[2024/11/06 05:11:26] - Model saved at epoch 112 with best val accuracy 0.9237
[2024/11/06 05:11:27] - epoch 113 lr 1.000000e-02
[2024/11/06 05:11:28] - Device: [3]	Iter: [113][0/391]	Loss 0.035 (0.035)	Prec@1 0.992 (0.992)	
[2024/11/06 05:11:30] - Device: [3]	Iter: [113][150/391]	Loss 0.080 (0.057)	Prec@1 0.977 (0.981)	
[2024/11/06 05:11:32] - Device: [3]	Iter: [113][300/391]	Loss 0.040 (0.061)	Prec@1 0.984 (0.980)	
[2024/11/06 05:11:34] - Val Loss 0.3062, Val Accuracy 0.9196
[2024/11/06 05:11:35] - epoch 114 lr 1.000000e-02
[2024/11/06 05:11:35] - Device: [3]	Iter: [114][0/391]	Loss 0.063 (0.063)	Prec@1 0.977 (0.977)	
[2024/11/06 05:11:38] - Device: [3]	Iter: [114][150/391]	Loss 0.044 (0.056)	Prec@1 0.984 (0.982)	
[2024/11/06 05:11:40] - Device: [3]	Iter: [114][300/391]	Loss 0.071 (0.055)	Prec@1 0.961 (0.982)	
[2024/11/06 05:11:42] - Val Loss 0.3273, Val Accuracy 0.9170
[2024/11/06 05:11:43] - epoch 115 lr 1.000000e-02
[2024/11/06 05:11:44] - Device: [3]	Iter: [115][0/391]	Loss 0.087 (0.087)	Prec@1 0.969 (0.969)	
[2024/11/06 05:11:46] - Device: [3]	Iter: [115][150/391]	Loss 0.043 (0.056)	Prec@1 0.992 (0.981)	
[2024/11/06 05:11:48] - Device: [3]	Iter: [115][300/391]	Loss 0.054 (0.056)	Prec@1 0.984 (0.982)	
[2024/11/06 05:11:50] - Val Loss 0.3056, Val Accuracy 0.9182
[2024/11/06 05:11:52] - epoch 116 lr 1.000000e-02
[2024/11/06 05:11:52] - Device: [3]	Iter: [116][0/391]	Loss 0.015 (0.015)	Prec@1 1.000 (1.000)	
[2024/11/06 05:11:54] - Device: [3]	Iter: [116][150/391]	Loss 0.007 (0.050)	Prec@1 1.000 (0.984)	
[2024/11/06 05:11:56] - Device: [3]	Iter: [116][300/391]	Loss 0.025 (0.055)	Prec@1 0.992 (0.982)	
[2024/11/06 05:11:58] - Val Loss 0.3023, Val Accuracy 0.9198
[2024/11/06 05:12:00] - epoch 117 lr 1.000000e-02
[2024/11/06 05:12:00] - Device: [3]	Iter: [117][0/391]	Loss 0.057 (0.057)	Prec@1 0.984 (0.984)	
[2024/11/06 05:12:02] - Device: [3]	Iter: [117][150/391]	Loss 0.028 (0.049)	Prec@1 0.992 (0.984)	
[2024/11/06 05:12:04] - Device: [3]	Iter: [117][300/391]	Loss 0.031 (0.052)	Prec@1 0.992 (0.983)	
[2024/11/06 05:12:06] - Val Loss 0.3129, Val Accuracy 0.9171
[2024/11/06 05:12:08] - epoch 118 lr 1.000000e-02
[2024/11/06 05:12:08] - Device: [3]	Iter: [118][0/391]	Loss 0.040 (0.040)	Prec@1 0.984 (0.984)	
[2024/11/06 05:12:10] - Device: [3]	Iter: [118][150/391]	Loss 0.019 (0.051)	Prec@1 1.000 (0.982)	
[2024/11/06 05:12:13] - Device: [3]	Iter: [118][300/391]	Loss 0.011 (0.054)	Prec@1 1.000 (0.981)	
[2024/11/06 05:12:15] - Val Loss 0.3178, Val Accuracy 0.9170
[2024/11/06 05:12:17] - epoch 119 lr 1.000000e-02
[2024/11/06 05:12:17] - Device: [3]	Iter: [119][0/391]	Loss 0.065 (0.065)	Prec@1 0.984 (0.984)	
[2024/11/06 05:12:19] - Device: [3]	Iter: [119][150/391]	Loss 0.016 (0.052)	Prec@1 1.000 (0.983)	
[2024/11/06 05:12:21] - Device: [3]	Iter: [119][300/391]	Loss 0.023 (0.057)	Prec@1 1.000 (0.981)	
[2024/11/06 05:12:22] - Val Loss 0.3330, Val Accuracy 0.9132
[2024/11/06 05:12:24] - epoch 120 lr 1.000000e-02
[2024/11/06 05:12:24] - Device: [3]	Iter: [120][0/391]	Loss 0.073 (0.073)	Prec@1 0.977 (0.977)	
[2024/11/06 05:12:26] - Device: [3]	Iter: [120][150/391]	Loss 0.062 (0.054)	Prec@1 0.969 (0.981)	
[2024/11/06 05:12:29] - Device: [3]	Iter: [120][300/391]	Loss 0.048 (0.059)	Prec@1 0.969 (0.980)	
[2024/11/06 05:12:31] - Val Loss 0.3162, Val Accuracy 0.9175
[2024/11/06 05:12:32] - epoch 121 lr 1.000000e-02
[2024/11/06 05:12:32] - Device: [3]	Iter: [121][0/391]	Loss 0.081 (0.081)	Prec@1 0.961 (0.961)	
[2024/11/06 05:12:34] - Device: [3]	Iter: [121][150/391]	Loss 0.053 (0.050)	Prec@1 0.977 (0.983)	
[2024/11/06 05:12:37] - Device: [3]	Iter: [121][300/391]	Loss 0.068 (0.053)	Prec@1 0.977 (0.982)	
[2024/11/06 05:12:39] - Val Loss 0.3435, Val Accuracy 0.9146
[2024/11/06 05:12:40] - epoch 122 lr 1.000000e-02
[2024/11/06 05:12:41] - Device: [3]	Iter: [122][0/391]	Loss 0.028 (0.028)	Prec@1 0.992 (0.992)	
[2024/11/06 05:12:43] - Device: [3]	Iter: [122][150/391]	Loss 0.066 (0.053)	Prec@1 0.977 (0.982)	
[2024/11/06 05:12:45] - Device: [3]	Iter: [122][300/391]	Loss 0.017 (0.055)	Prec@1 0.992 (0.981)	
[2024/11/06 05:12:47] - Val Loss 0.3340, Val Accuracy 0.9136
[2024/11/06 05:12:49] - epoch 123 lr 1.000000e-02
[2024/11/06 05:12:49] - Device: [3]	Iter: [123][0/391]	Loss 0.018 (0.018)	Prec@1 1.000 (1.000)	
[2024/11/06 05:12:51] - Device: [3]	Iter: [123][150/391]	Loss 0.076 (0.050)	Prec@1 0.977 (0.983)	
[2024/11/06 05:12:54] - Device: [3]	Iter: [123][300/391]	Loss 0.058 (0.052)	Prec@1 0.977 (0.983)	
[2024/11/06 05:12:56] - Val Loss 0.3147, Val Accuracy 0.9180
[2024/11/06 05:12:58] - epoch 124 lr 1.000000e-02
[2024/11/06 05:12:58] - Device: [3]	Iter: [124][0/391]	Loss 0.046 (0.046)	Prec@1 0.984 (0.984)	
[2024/11/06 05:13:00] - Device: [3]	Iter: [124][150/391]	Loss 0.048 (0.052)	Prec@1 0.984 (0.983)	
[2024/11/06 05:13:02] - Device: [3]	Iter: [124][300/391]	Loss 0.079 (0.056)	Prec@1 0.977 (0.981)	
[2024/11/06 05:13:04] - Val Loss 0.3413, Val Accuracy 0.9098
[2024/11/06 05:13:06] - epoch 125 lr 1.000000e-02
[2024/11/06 05:13:06] - Device: [3]	Iter: [125][0/391]	Loss 0.041 (0.041)	Prec@1 0.977 (0.977)	
[2024/11/06 05:13:09] - Device: [3]	Iter: [125][150/391]	Loss 0.058 (0.058)	Prec@1 0.977 (0.980)	
[2024/11/06 05:13:11] - Device: [3]	Iter: [125][300/391]	Loss 0.031 (0.057)	Prec@1 0.984 (0.981)	
[2024/11/06 05:13:13] - Val Loss 0.3731, Val Accuracy 0.9064
[2024/11/06 05:13:15] - epoch 126 lr 1.000000e-02
[2024/11/06 05:13:15] - Device: [3]	Iter: [126][0/391]	Loss 0.051 (0.051)	Prec@1 0.984 (0.984)	
[2024/11/06 05:13:18] - Device: [3]	Iter: [126][150/391]	Loss 0.023 (0.057)	Prec@1 0.992 (0.982)	
[2024/11/06 05:13:20] - Device: [3]	Iter: [126][300/391]	Loss 0.085 (0.060)	Prec@1 0.977 (0.980)	
[2024/11/06 05:13:22] - Val Loss 0.3304, Val Accuracy 0.9157
[2024/11/06 05:13:24] - epoch 127 lr 1.000000e-02
[2024/11/06 05:13:24] - Device: [3]	Iter: [127][0/391]	Loss 0.031 (0.031)	Prec@1 0.984 (0.984)	
[2024/11/06 05:13:27] - Device: [3]	Iter: [127][150/391]	Loss 0.069 (0.054)	Prec@1 0.969 (0.983)	
[2024/11/06 05:13:29] - Device: [3]	Iter: [127][300/391]	Loss 0.061 (0.057)	Prec@1 0.977 (0.982)	
[2024/11/06 05:13:31] - Val Loss 0.3113, Val Accuracy 0.9160
[2024/11/06 05:13:32] - epoch 128 lr 1.000000e-02
[2024/11/06 05:13:33] - Device: [3]	Iter: [128][0/391]	Loss 0.033 (0.033)	Prec@1 0.992 (0.992)	
[2024/11/06 05:13:35] - Device: [3]	Iter: [128][150/391]	Loss 0.045 (0.055)	Prec@1 0.992 (0.982)	
[2024/11/06 05:13:37] - Device: [3]	Iter: [128][300/391]	Loss 0.033 (0.056)	Prec@1 0.992 (0.982)	
[2024/11/06 05:13:39] - Val Loss 0.3119, Val Accuracy 0.9179
[2024/11/06 05:13:41] - epoch 129 lr 1.000000e-02
[2024/11/06 05:13:41] - Device: [3]	Iter: [129][0/391]	Loss 0.035 (0.035)	Prec@1 0.984 (0.984)	
[2024/11/06 05:13:44] - Device: [3]	Iter: [129][150/391]	Loss 0.064 (0.058)	Prec@1 0.992 (0.981)	
[2024/11/06 05:13:46] - Device: [3]	Iter: [129][300/391]	Loss 0.075 (0.060)	Prec@1 0.977 (0.980)	
[2024/11/06 05:13:48] - Val Loss 0.3450, Val Accuracy 0.9073
[2024/11/06 05:13:50] - epoch 130 lr 1.000000e-02
[2024/11/06 05:13:50] - Device: [3]	Iter: [130][0/391]	Loss 0.019 (0.019)	Prec@1 1.000 (1.000)	
[2024/11/06 05:13:52] - Device: [3]	Iter: [130][150/391]	Loss 0.050 (0.061)	Prec@1 0.984 (0.979)	
[2024/11/06 05:13:54] - Device: [3]	Iter: [130][300/391]	Loss 0.097 (0.058)	Prec@1 0.961 (0.981)	
[2024/11/06 05:13:56] - Val Loss 0.3409, Val Accuracy 0.9097
[2024/11/06 05:13:58] - epoch 131 lr 1.000000e-02
[2024/11/06 05:13:58] - Device: [3]	Iter: [131][0/391]	Loss 0.075 (0.075)	Prec@1 0.984 (0.984)	
[2024/11/06 05:14:00] - Device: [3]	Iter: [131][150/391]	Loss 0.062 (0.054)	Prec@1 0.977 (0.982)	
[2024/11/06 05:14:02] - Device: [3]	Iter: [131][300/391]	Loss 0.029 (0.058)	Prec@1 0.992 (0.981)	
[2024/11/06 05:14:04] - Val Loss 0.3759, Val Accuracy 0.9034
[2024/11/06 05:14:06] - epoch 132 lr 1.000000e-02
[2024/11/06 05:14:06] - Device: [3]	Iter: [132][0/391]	Loss 0.054 (0.054)	Prec@1 0.977 (0.977)	
[2024/11/06 05:14:08] - Device: [3]	Iter: [132][150/391]	Loss 0.043 (0.053)	Prec@1 0.992 (0.982)	
[2024/11/06 05:14:11] - Device: [3]	Iter: [132][300/391]	Loss 0.021 (0.060)	Prec@1 1.000 (0.980)	
[2024/11/06 05:14:13] - Val Loss 0.3661, Val Accuracy 0.9047
[2024/11/06 05:14:14] - epoch 133 lr 1.000000e-02
[2024/11/06 05:14:14] - Device: [3]	Iter: [133][0/391]	Loss 0.038 (0.038)	Prec@1 0.984 (0.984)	
[2024/11/06 05:14:16] - Device: [3]	Iter: [133][150/391]	Loss 0.035 (0.059)	Prec@1 0.984 (0.981)	
[2024/11/06 05:14:18] - Device: [3]	Iter: [133][300/391]	Loss 0.018 (0.060)	Prec@1 0.992 (0.980)	
[2024/11/06 05:14:21] - Val Loss 0.3670, Val Accuracy 0.9037
[2024/11/06 05:14:22] - epoch 134 lr 1.000000e-02
[2024/11/06 05:14:22] - Device: [3]	Iter: [134][0/391]	Loss 0.083 (0.083)	Prec@1 0.969 (0.969)	
[2024/11/06 05:14:25] - Device: [3]	Iter: [134][150/391]	Loss 0.030 (0.063)	Prec@1 0.992 (0.979)	
[2024/11/06 05:14:27] - Device: [3]	Iter: [134][300/391]	Loss 0.029 (0.063)	Prec@1 1.000 (0.979)	
[2024/11/06 05:14:29] - Val Loss 0.3360, Val Accuracy 0.9078
[2024/11/06 05:14:30] - epoch 135 lr 1.000000e-02
[2024/11/06 05:14:30] - Device: [3]	Iter: [135][0/391]	Loss 0.070 (0.070)	Prec@1 0.969 (0.969)	
[2024/11/06 05:14:33] - Device: [3]	Iter: [135][150/391]	Loss 0.128 (0.061)	Prec@1 0.953 (0.980)	
[2024/11/06 05:14:35] - Device: [3]	Iter: [135][300/391]	Loss 0.067 (0.067)	Prec@1 0.961 (0.978)	
[2024/11/06 05:14:37] - Val Loss 0.3365, Val Accuracy 0.9103
[2024/11/06 05:14:38] - epoch 136 lr 1.000000e-02
[2024/11/06 05:14:39] - Device: [3]	Iter: [136][0/391]	Loss 0.050 (0.050)	Prec@1 0.969 (0.969)	
[2024/11/06 05:14:41] - Device: [3]	Iter: [136][150/391]	Loss 0.008 (0.055)	Prec@1 1.000 (0.983)	
[2024/11/06 05:14:43] - Device: [3]	Iter: [136][300/391]	Loss 0.112 (0.058)	Prec@1 0.953 (0.981)	
[2024/11/06 05:14:45] - Val Loss 0.3164, Val Accuracy 0.9181
[2024/11/06 05:14:47] - epoch 137 lr 1.000000e-02
[2024/11/06 05:14:47] - Device: [3]	Iter: [137][0/391]	Loss 0.038 (0.038)	Prec@1 0.992 (0.992)	
[2024/11/06 05:14:49] - Device: [3]	Iter: [137][150/391]	Loss 0.081 (0.054)	Prec@1 0.969 (0.981)	
[2024/11/06 05:14:51] - Device: [3]	Iter: [137][300/391]	Loss 0.038 (0.060)	Prec@1 0.984 (0.979)	
[2024/11/06 05:14:53] - Val Loss 0.3325, Val Accuracy 0.9096
[2024/11/06 05:14:55] - epoch 138 lr 1.000000e-02
[2024/11/06 05:14:55] - Device: [3]	Iter: [138][0/391]	Loss 0.018 (0.018)	Prec@1 1.000 (1.000)	
[2024/11/06 05:14:57] - Device: [3]	Iter: [138][150/391]	Loss 0.023 (0.058)	Prec@1 0.992 (0.981)	
[2024/11/06 05:14:59] - Device: [3]	Iter: [138][300/391]	Loss 0.119 (0.060)	Prec@1 0.961 (0.980)	
[2024/11/06 05:15:02] - Val Loss 0.3777, Val Accuracy 0.9056
[2024/11/06 05:15:03] - epoch 139 lr 1.000000e-02
[2024/11/06 05:15:03] - Device: [3]	Iter: [139][0/391]	Loss 0.022 (0.022)	Prec@1 0.992 (0.992)	
[2024/11/06 05:15:05] - Device: [3]	Iter: [139][150/391]	Loss 0.106 (0.058)	Prec@1 0.953 (0.981)	
[2024/11/06 05:15:08] - Device: [3]	Iter: [139][300/391]	Loss 0.066 (0.062)	Prec@1 0.984 (0.979)	
[2024/11/06 05:15:10] - Val Loss 0.3159, Val Accuracy 0.9124
[2024/11/06 05:15:11] - epoch 140 lr 1.000000e-02
[2024/11/06 05:15:12] - Device: [3]	Iter: [140][0/391]	Loss 0.033 (0.033)	Prec@1 0.992 (0.992)	
[2024/11/06 05:15:14] - Device: [3]	Iter: [140][150/391]	Loss 0.035 (0.061)	Prec@1 0.992 (0.981)	
[2024/11/06 05:15:16] - Device: [3]	Iter: [140][300/391]	Loss 0.120 (0.064)	Prec@1 0.953 (0.980)	
[2024/11/06 05:15:18] - Val Loss 0.3913, Val Accuracy 0.8999
[2024/11/06 05:15:20] - epoch 141 lr 1.000000e-02
[2024/11/06 05:15:21] - Device: [3]	Iter: [141][0/391]	Loss 0.055 (0.055)	Prec@1 0.992 (0.992)	
[2024/11/06 05:15:23] - Device: [3]	Iter: [141][150/391]	Loss 0.065 (0.062)	Prec@1 0.984 (0.980)	
[2024/11/06 05:15:25] - Device: [3]	Iter: [141][300/391]	Loss 0.031 (0.065)	Prec@1 0.992 (0.978)	
[2024/11/06 05:15:27] - Val Loss 0.3341, Val Accuracy 0.9113
[2024/11/06 05:15:30] - epoch 142 lr 1.000000e-02
[2024/11/06 05:15:30] - Device: [3]	Iter: [142][0/391]	Loss 0.105 (0.105)	Prec@1 0.969 (0.969)	
[2024/11/06 05:15:32] - Device: [3]	Iter: [142][150/391]	Loss 0.069 (0.061)	Prec@1 0.992 (0.980)	
[2024/11/06 05:15:35] - Device: [3]	Iter: [142][300/391]	Loss 0.052 (0.065)	Prec@1 0.984 (0.978)	
[2024/11/06 05:15:37] - Val Loss 0.3361, Val Accuracy 0.9096
[2024/11/06 05:15:39] - epoch 143 lr 1.000000e-02
[2024/11/06 05:15:39] - Device: [3]	Iter: [143][0/391]	Loss 0.031 (0.031)	Prec@1 0.992 (0.992)	
[2024/11/06 05:15:42] - Device: [3]	Iter: [143][150/391]	Loss 0.024 (0.062)	Prec@1 1.000 (0.980)	
[2024/11/06 05:15:44] - Device: [3]	Iter: [143][300/391]	Loss 0.109 (0.064)	Prec@1 0.953 (0.979)	
[2024/11/06 05:15:46] - Val Loss 0.3740, Val Accuracy 0.9031
[2024/11/06 05:15:47] - epoch 144 lr 1.000000e-02
[2024/11/06 05:15:48] - Device: [3]	Iter: [144][0/391]	Loss 0.041 (0.041)	Prec@1 0.992 (0.992)	
[2024/11/06 05:15:50] - Device: [3]	Iter: [144][150/391]	Loss 0.096 (0.063)	Prec@1 0.969 (0.979)	
[2024/11/06 05:15:52] - Device: [3]	Iter: [144][300/391]	Loss 0.082 (0.067)	Prec@1 0.977 (0.977)	
[2024/11/06 05:15:54] - Val Loss 0.3757, Val Accuracy 0.9039
[2024/11/06 05:15:56] - epoch 145 lr 1.000000e-02
[2024/11/06 05:15:56] - Device: [3]	Iter: [145][0/391]	Loss 0.018 (0.018)	Prec@1 1.000 (1.000)	
[2024/11/06 05:15:58] - Device: [3]	Iter: [145][150/391]	Loss 0.049 (0.066)	Prec@1 0.977 (0.978)	
[2024/11/06 05:16:00] - Device: [3]	Iter: [145][300/391]	Loss 0.035 (0.069)	Prec@1 0.984 (0.977)	
[2024/11/06 05:16:02] - Val Loss 0.3205, Val Accuracy 0.9156
[2024/11/06 05:16:04] - epoch 146 lr 1.000000e-02
[2024/11/06 05:16:04] - Device: [3]	Iter: [146][0/391]	Loss 0.090 (0.090)	Prec@1 0.969 (0.969)	
[2024/11/06 05:16:06] - Device: [3]	Iter: [146][150/391]	Loss 0.097 (0.063)	Prec@1 0.969 (0.979)	
[2024/11/06 05:16:08] - Device: [3]	Iter: [146][300/391]	Loss 0.022 (0.065)	Prec@1 1.000 (0.978)	
[2024/11/06 05:16:10] - Val Loss 0.3306, Val Accuracy 0.9157
[2024/11/06 05:16:12] - epoch 147 lr 1.000000e-02
[2024/11/06 05:16:12] - Device: [3]	Iter: [147][0/391]	Loss 0.053 (0.053)	Prec@1 0.984 (0.984)	
[2024/11/06 05:16:14] - Device: [3]	Iter: [147][150/391]	Loss 0.091 (0.060)	Prec@1 0.969 (0.980)	
[2024/11/06 05:16:17] - Device: [3]	Iter: [147][300/391]	Loss 0.103 (0.064)	Prec@1 0.961 (0.979)	
[2024/11/06 05:16:18] - Val Loss 0.3421, Val Accuracy 0.9086
[2024/11/06 05:16:20] - epoch 148 lr 1.000000e-02
[2024/11/06 05:16:20] - Device: [3]	Iter: [148][0/391]	Loss 0.057 (0.057)	Prec@1 0.984 (0.984)	
[2024/11/06 05:16:23] - Device: [3]	Iter: [148][150/391]	Loss 0.039 (0.064)	Prec@1 0.992 (0.978)	
[2024/11/06 05:16:25] - Device: [3]	Iter: [148][300/391]	Loss 0.035 (0.067)	Prec@1 0.984 (0.978)	
[2024/11/06 05:16:27] - Val Loss 0.3211, Val Accuracy 0.9129
[2024/11/06 05:16:28] - epoch 149 lr 1.000000e-04
[2024/11/06 05:16:28] - Device: [3]	Iter: [149][0/391]	Loss 0.007 (0.007)	Prec@1 1.000 (1.000)	
[2024/11/06 05:16:31] - Device: [3]	Iter: [149][150/391]	Loss 0.016 (0.037)	Prec@1 1.000 (0.988)	
[2024/11/06 05:16:33] - Device: [3]	Iter: [149][300/391]	Loss 0.023 (0.032)	Prec@1 0.992 (0.989)	
[2024/11/06 05:16:35] - Val Loss 0.2708, Val Accuracy 0.9290
[2024/11/06 05:16:37] - Model saved at epoch 149 with best val accuracy 0.9290
[2024/11/06 05:16:38] - epoch 150 lr 1.000000e-03
[2024/11/06 05:16:38] - Device: [3]	Iter: [150][0/391]	Loss 0.011 (0.011)	Prec@1 1.000 (1.000)	
[2024/11/06 05:16:40] - Device: [3]	Iter: [150][150/391]	Loss 0.016 (0.017)	Prec@1 0.992 (0.995)	
[2024/11/06 05:16:43] - Device: [3]	Iter: [150][300/391]	Loss 0.008 (0.017)	Prec@1 1.000 (0.995)	
[2024/11/06 05:16:45] - Val Loss 0.2774, Val Accuracy 0.9306
[2024/11/06 05:16:47] - Model saved at epoch 150 with best val accuracy 0.9306
[2024/11/06 05:16:49] - epoch 151 lr 1.000000e-03
[2024/11/06 05:16:49] - Device: [3]	Iter: [151][0/391]	Loss 0.004 (0.004)	Prec@1 1.000 (1.000)	
[2024/11/06 05:16:51] - Device: [3]	Iter: [151][150/391]	Loss 0.007 (0.016)	Prec@1 1.000 (0.996)	
[2024/11/06 05:16:54] - Device: [3]	Iter: [151][300/391]	Loss 0.003 (0.016)	Prec@1 1.000 (0.996)	
[2024/11/06 05:16:56] - Val Loss 0.2776, Val Accuracy 0.9311
[2024/11/06 05:16:58] - Model saved at epoch 151 with best val accuracy 0.9311
[2024/11/06 05:16:59] - epoch 152 lr 1.000000e-03
[2024/11/06 05:17:00] - Device: [3]	Iter: [152][0/391]	Loss 0.012 (0.012)	Prec@1 1.000 (1.000)	
[2024/11/06 05:17:02] - Device: [3]	Iter: [152][150/391]	Loss 0.004 (0.013)	Prec@1 1.000 (0.996)	
[2024/11/06 05:17:05] - Device: [3]	Iter: [152][300/391]	Loss 0.003 (0.012)	Prec@1 1.000 (0.997)	
[2024/11/06 05:17:07] - Val Loss 0.2812, Val Accuracy 0.9321
[2024/11/06 05:17:08] - Model saved at epoch 152 with best val accuracy 0.9321
[2024/11/06 05:17:10] - epoch 153 lr 1.000000e-03
[2024/11/06 05:17:10] - Device: [3]	Iter: [153][0/391]	Loss 0.006 (0.006)	Prec@1 1.000 (1.000)	
[2024/11/06 05:17:12] - Device: [3]	Iter: [153][150/391]	Loss 0.013 (0.010)	Prec@1 1.000 (0.997)	
[2024/11/06 05:17:14] - Device: [3]	Iter: [153][300/391]	Loss 0.002 (0.010)	Prec@1 1.000 (0.997)	
[2024/11/06 05:17:17] - Val Loss 0.2848, Val Accuracy 0.9328
[2024/11/06 05:17:18] - Model saved at epoch 153 with best val accuracy 0.9328
[2024/11/06 05:17:20] - epoch 154 lr 1.000000e-03
[2024/11/06 05:17:20] - Device: [3]	Iter: [154][0/391]	Loss 0.004 (0.004)	Prec@1 1.000 (1.000)	
[2024/11/06 05:17:22] - Device: [3]	Iter: [154][150/391]	Loss 0.006 (0.010)	Prec@1 1.000 (0.997)	
[2024/11/06 05:17:24] - Device: [3]	Iter: [154][300/391]	Loss 0.004 (0.009)	Prec@1 1.000 (0.997)	
[2024/11/06 05:17:26] - Val Loss 0.2880, Val Accuracy 0.9316
[2024/11/06 05:17:28] - epoch 155 lr 1.000000e-03
[2024/11/06 05:17:28] - Device: [3]	Iter: [155][0/391]	Loss 0.007 (0.007)	Prec@1 1.000 (1.000)	
[2024/11/06 05:17:30] - Device: [3]	Iter: [155][150/391]	Loss 0.004 (0.008)	Prec@1 1.000 (0.998)	
[2024/11/06 05:17:32] - Device: [3]	Iter: [155][300/391]	Loss 0.004 (0.008)	Prec@1 1.000 (0.998)	
[2024/11/06 05:17:34] - Val Loss 0.2907, Val Accuracy 0.9331
[2024/11/06 05:17:36] - Model saved at epoch 155 with best val accuracy 0.9331
[2024/11/06 05:17:38] - epoch 156 lr 1.000000e-03
[2024/11/06 05:17:38] - Device: [3]	Iter: [156][0/391]	Loss 0.011 (0.011)	Prec@1 0.992 (0.992)	
[2024/11/06 05:17:41] - Device: [3]	Iter: [156][150/391]	Loss 0.005 (0.006)	Prec@1 1.000 (0.998)	
[2024/11/06 05:17:43] - Device: [3]	Iter: [156][300/391]	Loss 0.026 (0.007)	Prec@1 0.992 (0.998)	
[2024/11/06 05:17:45] - Val Loss 0.2915, Val Accuracy 0.9319
[2024/11/06 05:17:46] - epoch 157 lr 1.000000e-03
[2024/11/06 05:17:47] - Device: [3]	Iter: [157][0/391]	Loss 0.032 (0.032)	Prec@1 0.984 (0.984)	
[2024/11/06 05:17:49] - Device: [3]	Iter: [157][150/391]	Loss 0.002 (0.007)	Prec@1 1.000 (0.998)	
[2024/11/06 05:17:51] - Device: [3]	Iter: [157][300/391]	Loss 0.003 (0.007)	Prec@1 1.000 (0.998)	
[2024/11/06 05:17:53] - Val Loss 0.2968, Val Accuracy 0.9308
[2024/11/06 05:17:55] - epoch 158 lr 1.000000e-03
[2024/11/06 05:17:55] - Device: [3]	Iter: [158][0/391]	Loss 0.014 (0.014)	Prec@1 0.992 (0.992)	
[2024/11/06 05:17:57] - Device: [3]	Iter: [158][150/391]	Loss 0.014 (0.007)	Prec@1 0.992 (0.998)	
[2024/11/06 05:17:59] - Device: [3]	Iter: [158][300/391]	Loss 0.002 (0.007)	Prec@1 1.000 (0.998)	
[2024/11/06 05:18:01] - Val Loss 0.2971, Val Accuracy 0.9321
[2024/11/06 05:18:04] - epoch 159 lr 1.000000e-03
[2024/11/06 05:18:04] - Device: [3]	Iter: [159][0/391]	Loss 0.004 (0.004)	Prec@1 1.000 (1.000)	
[2024/11/06 05:18:06] - Device: [3]	Iter: [159][150/391]	Loss 0.007 (0.007)	Prec@1 1.000 (0.998)	
[2024/11/06 05:18:09] - Device: [3]	Iter: [159][300/391]	Loss 0.003 (0.006)	Prec@1 1.000 (0.999)	
[2024/11/06 05:18:11] - Val Loss 0.2959, Val Accuracy 0.9333
[2024/11/06 05:18:13] - Model saved at epoch 159 with best val accuracy 0.9333
[2024/11/06 05:18:14] - epoch 160 lr 1.000000e-03
[2024/11/06 05:18:14] - Device: [3]	Iter: [160][0/391]	Loss 0.003 (0.003)	Prec@1 1.000 (1.000)	
[2024/11/06 05:18:17] - Device: [3]	Iter: [160][150/391]	Loss 0.004 (0.005)	Prec@1 1.000 (0.999)	
[2024/11/06 05:18:19] - Device: [3]	Iter: [160][300/391]	Loss 0.002 (0.005)	Prec@1 1.000 (0.999)	
[2024/11/06 05:18:21] - Val Loss 0.2978, Val Accuracy 0.9323
[2024/11/06 05:18:23] - epoch 161 lr 1.000000e-03
[2024/11/06 05:18:23] - Device: [3]	Iter: [161][0/391]	Loss 0.002 (0.002)	Prec@1 1.000 (1.000)	
[2024/11/06 05:18:25] - Device: [3]	Iter: [161][150/391]	Loss 0.003 (0.006)	Prec@1 1.000 (0.999)	
[2024/11/06 05:18:27] - Device: [3]	Iter: [161][300/391]	Loss 0.001 (0.006)	Prec@1 1.000 (0.999)	
[2024/11/06 05:18:29] - Val Loss 0.3018, Val Accuracy 0.9329
[2024/11/06 05:18:31] - epoch 162 lr 1.000000e-03
[2024/11/06 05:18:31] - Device: [3]	Iter: [162][0/391]	Loss 0.007 (0.007)	Prec@1 1.000 (1.000)	
[2024/11/06 05:18:33] - Device: [3]	Iter: [162][150/391]	Loss 0.015 (0.005)	Prec@1 1.000 (0.999)	
[2024/11/06 05:18:35] - Device: [3]	Iter: [162][300/391]	Loss 0.005 (0.005)	Prec@1 1.000 (0.999)	
[2024/11/06 05:18:37] - Val Loss 0.2977, Val Accuracy 0.9349
[2024/11/06 05:18:39] - Model saved at epoch 162 with best val accuracy 0.9349
[2024/11/06 05:18:40] - epoch 163 lr 1.000000e-03
[2024/11/06 05:18:40] - Device: [3]	Iter: [163][0/391]	Loss 0.003 (0.003)	Prec@1 1.000 (1.000)	
[2024/11/06 05:18:42] - Device: [3]	Iter: [163][150/391]	Loss 0.002 (0.005)	Prec@1 1.000 (0.999)	
[2024/11/06 05:18:44] - Device: [3]	Iter: [163][300/391]	Loss 0.021 (0.005)	Prec@1 0.992 (0.999)	
[2024/11/06 05:18:46] - Val Loss 0.3041, Val Accuracy 0.9325
[2024/11/06 05:18:47] - epoch 164 lr 1.000000e-03
[2024/11/06 05:18:48] - Device: [3]	Iter: [164][0/391]	Loss 0.006 (0.006)	Prec@1 1.000 (1.000)	
[2024/11/06 05:18:50] - Device: [3]	Iter: [164][150/391]	Loss 0.004 (0.005)	Prec@1 1.000 (0.999)	
[2024/11/06 05:18:52] - Device: [3]	Iter: [164][300/391]	Loss 0.011 (0.005)	Prec@1 0.992 (0.999)	
[2024/11/06 05:18:54] - Val Loss 0.3042, Val Accuracy 0.9338
[2024/11/06 05:18:56] - epoch 165 lr 1.000000e-03
[2024/11/06 05:18:56] - Device: [3]	Iter: [165][0/391]	Loss 0.002 (0.002)	Prec@1 1.000 (1.000)	
[2024/11/06 05:18:58] - Device: [3]	Iter: [165][150/391]	Loss 0.013 (0.004)	Prec@1 1.000 (0.999)	
[2024/11/06 05:19:01] - Device: [3]	Iter: [165][300/391]	Loss 0.003 (0.005)	Prec@1 1.000 (0.999)	
[2024/11/06 05:19:03] - Val Loss 0.3037, Val Accuracy 0.9334
[2024/11/06 05:19:05] - epoch 166 lr 1.000000e-03
[2024/11/06 05:19:05] - Device: [3]	Iter: [166][0/391]	Loss 0.002 (0.002)	Prec@1 1.000 (1.000)	
[2024/11/06 05:19:07] - Device: [3]	Iter: [166][150/391]	Loss 0.002 (0.004)	Prec@1 1.000 (0.999)	
[2024/11/06 05:19:09] - Device: [3]	Iter: [166][300/391]	Loss 0.003 (0.004)	Prec@1 1.000 (0.999)	
[2024/11/06 05:19:11] - Val Loss 0.3063, Val Accuracy 0.9350
[2024/11/06 05:19:14] - Model saved at epoch 166 with best val accuracy 0.9350
[2024/11/06 05:19:16] - epoch 167 lr 1.000000e-03
[2024/11/06 05:19:16] - Device: [3]	Iter: [167][0/391]	Loss 0.004 (0.004)	Prec@1 1.000 (1.000)	
[2024/11/06 05:19:18] - Device: [3]	Iter: [167][150/391]	Loss 0.003 (0.004)	Prec@1 1.000 (0.999)	
[2024/11/06 05:19:20] - Device: [3]	Iter: [167][300/391]	Loss 0.001 (0.004)	Prec@1 1.000 (0.999)	
[2024/11/06 05:19:22] - Val Loss 0.3047, Val Accuracy 0.9344
[2024/11/06 05:19:25] - epoch 168 lr 1.000000e-03
[2024/11/06 05:19:25] - Device: [3]	Iter: [168][0/391]	Loss 0.011 (0.011)	Prec@1 0.992 (0.992)	
[2024/11/06 05:19:27] - Device: [3]	Iter: [168][150/391]	Loss 0.007 (0.004)	Prec@1 1.000 (0.999)	
[2024/11/06 05:19:29] - Device: [3]	Iter: [168][300/391]	Loss 0.009 (0.004)	Prec@1 1.000 (0.999)	
[2024/11/06 05:19:31] - Val Loss 0.3048, Val Accuracy 0.9359
[2024/11/06 05:19:33] - Model saved at epoch 168 with best val accuracy 0.9359
[2024/11/06 05:19:35] - epoch 169 lr 1.000000e-03
[2024/11/06 05:19:35] - Device: [3]	Iter: [169][0/391]	Loss 0.002 (0.002)	Prec@1 1.000 (1.000)	
[2024/11/06 05:19:37] - Device: [3]	Iter: [169][150/391]	Loss 0.001 (0.004)	Prec@1 1.000 (0.999)	
[2024/11/06 05:19:39] - Device: [3]	Iter: [169][300/391]	Loss 0.002 (0.004)	Prec@1 1.000 (0.999)	
[2024/11/06 05:19:41] - Val Loss 0.3055, Val Accuracy 0.9343
[2024/11/06 05:19:42] - epoch 170 lr 1.000000e-03
[2024/11/06 05:19:43] - Device: [3]	Iter: [170][0/391]	Loss 0.002 (0.002)	Prec@1 1.000 (1.000)	
[2024/11/06 05:19:45] - Device: [3]	Iter: [170][150/391]	Loss 0.004 (0.003)	Prec@1 1.000 (0.999)	
[2024/11/06 05:19:48] - Device: [3]	Iter: [170][300/391]	Loss 0.009 (0.004)	Prec@1 0.992 (0.999)	
[2024/11/06 05:19:49] - Val Loss 0.3082, Val Accuracy 0.9347
[2024/11/06 05:19:51] - epoch 171 lr 1.000000e-03
[2024/11/06 05:19:51] - Device: [3]	Iter: [171][0/391]	Loss 0.001 (0.001)	Prec@1 1.000 (1.000)	
[2024/11/06 05:19:53] - Device: [3]	Iter: [171][150/391]	Loss 0.003 (0.004)	Prec@1 1.000 (0.999)	
[2024/11/06 05:19:56] - Device: [3]	Iter: [171][300/391]	Loss 0.001 (0.003)	Prec@1 1.000 (0.999)	
[2024/11/06 05:19:58] - Val Loss 0.3055, Val Accuracy 0.9358
[2024/11/06 05:19:59] - epoch 172 lr 1.000000e-03
[2024/11/06 05:19:59] - Device: [3]	Iter: [172][0/391]	Loss 0.001 (0.001)	Prec@1 1.000 (1.000)	
[2024/11/06 05:20:02] - Device: [3]	Iter: [172][150/391]	Loss 0.001 (0.002)	Prec@1 1.000 (1.000)	
[2024/11/06 05:20:04] - Device: [3]	Iter: [172][300/391]	Loss 0.004 (0.003)	Prec@1 1.000 (1.000)	
[2024/11/06 05:20:06] - Val Loss 0.3103, Val Accuracy 0.9353
[2024/11/06 05:20:08] - epoch 173 lr 1.000000e-03
[2024/11/06 05:20:08] - Device: [3]	Iter: [173][0/391]	Loss 0.011 (0.011)	Prec@1 0.992 (0.992)	
[2024/11/06 05:20:10] - Device: [3]	Iter: [173][150/391]	Loss 0.021 (0.004)	Prec@1 0.992 (0.999)	
[2024/11/06 05:20:12] - Device: [3]	Iter: [173][300/391]	Loss 0.001 (0.004)	Prec@1 1.000 (0.999)	
[2024/11/06 05:20:14] - Val Loss 0.3075, Val Accuracy 0.9353
[2024/11/06 05:20:16] - epoch 174 lr 1.000000e-03
[2024/11/06 05:20:16] - Device: [3]	Iter: [174][0/391]	Loss 0.001 (0.001)	Prec@1 1.000 (1.000)	
[2024/11/06 05:20:18] - Device: [3]	Iter: [174][150/391]	Loss 0.001 (0.003)	Prec@1 1.000 (0.999)	
[2024/11/06 05:20:21] - Device: [3]	Iter: [174][300/391]	Loss 0.010 (0.003)	Prec@1 0.992 (0.999)	
[2024/11/06 05:20:23] - Val Loss 0.3120, Val Accuracy 0.9348
[2024/11/06 05:20:24] - epoch 175 lr 1.000000e-03
[2024/11/06 05:20:25] - Device: [3]	Iter: [175][0/391]	Loss 0.004 (0.004)	Prec@1 1.000 (1.000)	
[2024/11/06 05:20:27] - Device: [3]	Iter: [175][150/391]	Loss 0.001 (0.003)	Prec@1 1.000 (0.999)	
[2024/11/06 05:20:29] - Device: [3]	Iter: [175][300/391]	Loss 0.023 (0.003)	Prec@1 0.992 (0.999)	
[2024/11/06 05:20:30] - Val Loss 0.3087, Val Accuracy 0.9350
[2024/11/06 05:20:32] - epoch 176 lr 1.000000e-03
[2024/11/06 05:20:32] - Device: [3]	Iter: [176][0/391]	Loss 0.001 (0.001)	Prec@1 1.000 (1.000)	
[2024/11/06 05:20:34] - Device: [3]	Iter: [176][150/391]	Loss 0.010 (0.003)	Prec@1 0.992 (0.999)	
[2024/11/06 05:20:36] - Device: [3]	Iter: [176][300/391]	Loss 0.001 (0.003)	Prec@1 1.000 (0.999)	
[2024/11/06 05:20:38] - Val Loss 0.3131, Val Accuracy 0.9346
[2024/11/06 05:20:40] - epoch 177 lr 1.000000e-03
[2024/11/06 05:20:40] - Device: [3]	Iter: [177][0/391]	Loss 0.005 (0.005)	Prec@1 1.000 (1.000)	
[2024/11/06 05:20:42] - Device: [3]	Iter: [177][150/391]	Loss 0.002 (0.003)	Prec@1 1.000 (0.999)	
[2024/11/06 05:20:45] - Device: [3]	Iter: [177][300/391]	Loss 0.001 (0.003)	Prec@1 1.000 (0.999)	
[2024/11/06 05:20:47] - Val Loss 0.3113, Val Accuracy 0.9354
[2024/11/06 05:20:49] - epoch 178 lr 1.000000e-03
[2024/11/06 05:20:49] - Device: [3]	Iter: [178][0/391]	Loss 0.001 (0.001)	Prec@1 1.000 (1.000)	
[2024/11/06 05:20:51] - Device: [3]	Iter: [178][150/391]	Loss 0.001 (0.003)	Prec@1 1.000 (0.999)	
[2024/11/06 05:20:53] - Device: [3]	Iter: [178][300/391]	Loss 0.003 (0.003)	Prec@1 1.000 (0.999)	
[2024/11/06 05:20:55] - Val Loss 0.3077, Val Accuracy 0.9354
[2024/11/06 05:20:58] - epoch 179 lr 1.000000e-03
[2024/11/06 05:20:58] - Device: [3]	Iter: [179][0/391]	Loss 0.001 (0.001)	Prec@1 1.000 (1.000)	
[2024/11/06 05:21:00] - Device: [3]	Iter: [179][150/391]	Loss 0.012 (0.003)	Prec@1 0.992 (1.000)	
[2024/11/06 05:21:03] - Device: [3]	Iter: [179][300/391]	Loss 0.001 (0.003)	Prec@1 1.000 (1.000)	
[2024/11/06 05:21:05] - Val Loss 0.3118, Val Accuracy 0.9341
[2024/11/06 05:21:07] - epoch 180 lr 1.000000e-03
[2024/11/06 05:21:08] - Device: [3]	Iter: [180][0/391]	Loss 0.006 (0.006)	Prec@1 1.000 (1.000)	
[2024/11/06 05:21:10] - Device: [3]	Iter: [180][150/391]	Loss 0.002 (0.003)	Prec@1 1.000 (1.000)	
[2024/11/06 05:21:12] - Device: [3]	Iter: [180][300/391]	Loss 0.001 (0.002)	Prec@1 1.000 (1.000)	
[2024/11/06 05:21:14] - Val Loss 0.3111, Val Accuracy 0.9345
[2024/11/06 05:21:16] - epoch 181 lr 1.000000e-03
[2024/11/06 05:21:16] - Device: [3]	Iter: [181][0/391]	Loss 0.001 (0.001)	Prec@1 1.000 (1.000)	
[2024/11/06 05:21:18] - Device: [3]	Iter: [181][150/391]	Loss 0.001 (0.003)	Prec@1 1.000 (0.999)	
[2024/11/06 05:21:20] - Device: [3]	Iter: [181][300/391]	Loss 0.002 (0.002)	Prec@1 1.000 (0.999)	
[2024/11/06 05:21:22] - Val Loss 0.3164, Val Accuracy 0.9346
[2024/11/06 05:21:24] - epoch 182 lr 1.000000e-03
[2024/11/06 05:21:24] - Device: [3]	Iter: [182][0/391]	Loss 0.001 (0.001)	Prec@1 1.000 (1.000)	
[2024/11/06 05:21:27] - Device: [3]	Iter: [182][150/391]	Loss 0.003 (0.004)	Prec@1 1.000 (0.999)	
[2024/11/06 05:21:29] - Device: [3]	Iter: [182][300/391]	Loss 0.002 (0.003)	Prec@1 1.000 (0.999)	
[2024/11/06 05:21:31] - Val Loss 0.3130, Val Accuracy 0.9340
[2024/11/06 05:21:33] - epoch 183 lr 1.000000e-03
[2024/11/06 05:21:33] - Device: [3]	Iter: [183][0/391]	Loss 0.001 (0.001)	Prec@1 1.000 (1.000)	
[2024/11/06 05:21:36] - Device: [3]	Iter: [183][150/391]	Loss 0.005 (0.003)	Prec@1 1.000 (1.000)	
[2024/11/06 05:21:38] - Device: [3]	Iter: [183][300/391]	Loss 0.003 (0.003)	Prec@1 1.000 (1.000)	
[2024/11/06 05:21:40] - Val Loss 0.3161, Val Accuracy 0.9354
[2024/11/06 05:21:41] - epoch 184 lr 1.000000e-03
[2024/11/06 05:21:42] - Device: [3]	Iter: [184][0/391]	Loss 0.001 (0.001)	Prec@1 1.000 (1.000)	
[2024/11/06 05:21:44] - Device: [3]	Iter: [184][150/391]	Loss 0.001 (0.002)	Prec@1 1.000 (1.000)	
[2024/11/06 05:21:46] - Device: [3]	Iter: [184][300/391]	Loss 0.001 (0.002)	Prec@1 1.000 (1.000)	
[2024/11/06 05:21:48] - Val Loss 0.3161, Val Accuracy 0.9359
[2024/11/06 05:21:50] - epoch 185 lr 1.000000e-03
[2024/11/06 05:21:50] - Device: [3]	Iter: [185][0/391]	Loss 0.001 (0.001)	Prec@1 1.000 (1.000)	
[2024/11/06 05:21:52] - Device: [3]	Iter: [185][150/391]	Loss 0.007 (0.003)	Prec@1 0.992 (0.999)	
[2024/11/06 05:21:54] - Device: [3]	Iter: [185][300/391]	Loss 0.001 (0.002)	Prec@1 1.000 (1.000)	
[2024/11/06 05:21:56] - Val Loss 0.3176, Val Accuracy 0.9354
[2024/11/06 05:21:58] - epoch 186 lr 1.000000e-03
[2024/11/06 05:21:58] - Device: [3]	Iter: [186][0/391]	Loss 0.002 (0.002)	Prec@1 1.000 (1.000)	
[2024/11/06 05:22:00] - Device: [3]	Iter: [186][150/391]	Loss 0.001 (0.003)	Prec@1 1.000 (0.999)	
[2024/11/06 05:22:02] - Device: [3]	Iter: [186][300/391]	Loss 0.001 (0.003)	Prec@1 1.000 (1.000)	
[2024/11/06 05:22:04] - Val Loss 0.3236, Val Accuracy 0.9352
[2024/11/06 05:22:06] - epoch 187 lr 1.000000e-03
[2024/11/06 05:22:06] - Device: [3]	Iter: [187][0/391]	Loss 0.001 (0.001)	Prec@1 1.000 (1.000)	
[2024/11/06 05:22:08] - Device: [3]	Iter: [187][150/391]	Loss 0.001 (0.002)	Prec@1 1.000 (1.000)	
[2024/11/06 05:22:10] - Device: [3]	Iter: [187][300/391]	Loss 0.001 (0.002)	Prec@1 1.000 (1.000)	
[2024/11/06 05:22:12] - Val Loss 0.3186, Val Accuracy 0.9360
[2024/11/06 05:22:13] - Model saved at epoch 187 with best val accuracy 0.9360
[2024/11/06 05:22:15] - epoch 188 lr 1.000000e-03
[2024/11/06 05:22:15] - Device: [3]	Iter: [188][0/391]	Loss 0.001 (0.001)	Prec@1 1.000 (1.000)	
[2024/11/06 05:22:17] - Device: [3]	Iter: [188][150/391]	Loss 0.001 (0.002)	Prec@1 1.000 (1.000)	
[2024/11/06 05:22:19] - Device: [3]	Iter: [188][300/391]	Loss 0.006 (0.002)	Prec@1 1.000 (1.000)	
[2024/11/06 05:22:22] - Val Loss 0.3193, Val Accuracy 0.9357
[2024/11/06 05:22:24] - epoch 189 lr 1.000000e-03
[2024/11/06 05:22:24] - Device: [3]	Iter: [189][0/391]	Loss 0.002 (0.002)	Prec@1 1.000 (1.000)	
[2024/11/06 05:22:26] - Device: [3]	Iter: [189][150/391]	Loss 0.001 (0.002)	Prec@1 1.000 (1.000)	
[2024/11/06 05:22:28] - Device: [3]	Iter: [189][300/391]	Loss 0.008 (0.002)	Prec@1 0.992 (0.999)	
[2024/11/06 05:22:30] - Val Loss 0.3202, Val Accuracy 0.9352
[2024/11/06 05:22:32] - epoch 190 lr 1.000000e-03
[2024/11/06 05:22:32] - Device: [3]	Iter: [190][0/391]	Loss 0.001 (0.001)	Prec@1 1.000 (1.000)	
[2024/11/06 05:22:34] - Device: [3]	Iter: [190][150/391]	Loss 0.002 (0.002)	Prec@1 1.000 (1.000)	
[2024/11/06 05:22:36] - Device: [3]	Iter: [190][300/391]	Loss 0.001 (0.002)	Prec@1 1.000 (0.999)	
[2024/11/06 05:22:38] - Val Loss 0.3190, Val Accuracy 0.9351
[2024/11/06 05:22:40] - epoch 191 lr 1.000000e-03
[2024/11/06 05:22:41] - Device: [3]	Iter: [191][0/391]	Loss 0.001 (0.001)	Prec@1 1.000 (1.000)	
[2024/11/06 05:22:43] - Device: [3]	Iter: [191][150/391]	Loss 0.001 (0.002)	Prec@1 1.000 (1.000)	
[2024/11/06 05:22:45] - Device: [3]	Iter: [191][300/391]	Loss 0.001 (0.002)	Prec@1 1.000 (1.000)	
[2024/11/06 05:22:47] - Val Loss 0.3223, Val Accuracy 0.9356
[2024/11/06 05:22:49] - epoch 192 lr 1.000000e-03
[2024/11/06 05:22:50] - Device: [3]	Iter: [192][0/391]	Loss 0.001 (0.001)	Prec@1 1.000 (1.000)	
[2024/11/06 05:22:52] - Device: [3]	Iter: [192][150/391]	Loss 0.001 (0.002)	Prec@1 1.000 (1.000)	
[2024/11/06 05:22:54] - Device: [3]	Iter: [192][300/391]	Loss 0.020 (0.002)	Prec@1 0.992 (1.000)	
[2024/11/06 05:22:56] - Val Loss 0.3220, Val Accuracy 0.9348
[2024/11/06 05:22:58] - epoch 193 lr 1.000000e-03
[2024/11/06 05:22:58] - Device: [3]	Iter: [193][0/391]	Loss 0.001 (0.001)	Prec@1 1.000 (1.000)	
[2024/11/06 05:23:00] - Device: [3]	Iter: [193][150/391]	Loss 0.002 (0.002)	Prec@1 1.000 (1.000)	
[2024/11/06 05:23:02] - Device: [3]	Iter: [193][300/391]	Loss 0.001 (0.002)	Prec@1 1.000 (1.000)	
[2024/11/06 05:23:04] - Val Loss 0.3220, Val Accuracy 0.9363
[2024/11/06 05:23:05] - Model saved at epoch 193 with best val accuracy 0.9363
[2024/11/06 05:23:08] - epoch 194 lr 1.000000e-03
[2024/11/06 05:23:08] - Device: [3]	Iter: [194][0/391]	Loss 0.001 (0.001)	Prec@1 1.000 (1.000)	
[2024/11/06 05:23:11] - Device: [3]	Iter: [194][150/391]	Loss 0.001 (0.003)	Prec@1 1.000 (1.000)	
[2024/11/06 05:23:13] - Device: [3]	Iter: [194][300/391]	Loss 0.001 (0.002)	Prec@1 1.000 (1.000)	
[2024/11/06 05:23:15] - Val Loss 0.3214, Val Accuracy 0.9362
[2024/11/06 05:23:18] - epoch 195 lr 1.000000e-03
[2024/11/06 05:23:18] - Device: [3]	Iter: [195][0/391]	Loss 0.001 (0.001)	Prec@1 1.000 (1.000)	
[2024/11/06 05:23:20] - Device: [3]	Iter: [195][150/391]	Loss 0.001 (0.002)	Prec@1 1.000 (1.000)	
[2024/11/06 05:23:23] - Device: [3]	Iter: [195][300/391]	Loss 0.010 (0.002)	Prec@1 0.992 (1.000)	
[2024/11/06 05:23:25] - Val Loss 0.3255, Val Accuracy 0.9363
[2024/11/06 05:23:27] - epoch 196 lr 1.000000e-03
[2024/11/06 05:23:28] - Device: [3]	Iter: [196][0/391]	Loss 0.001 (0.001)	Prec@1 1.000 (1.000)	
[2024/11/06 05:23:30] - Device: [3]	Iter: [196][150/391]	Loss 0.001 (0.002)	Prec@1 1.000 (1.000)	
[2024/11/06 05:23:32] - Device: [3]	Iter: [196][300/391]	Loss 0.003 (0.002)	Prec@1 1.000 (1.000)	
[2024/11/06 05:23:34] - Val Loss 0.3224, Val Accuracy 0.9348
[2024/11/06 05:23:37] - epoch 197 lr 1.000000e-03
[2024/11/06 05:23:37] - Device: [3]	Iter: [197][0/391]	Loss 0.016 (0.016)	Prec@1 0.992 (0.992)	
[2024/11/06 05:23:39] - Device: [3]	Iter: [197][150/391]	Loss 0.001 (0.002)	Prec@1 1.000 (1.000)	
[2024/11/06 05:23:42] - Device: [3]	Iter: [197][300/391]	Loss 0.002 (0.002)	Prec@1 1.000 (1.000)	
[2024/11/06 05:23:44] - Val Loss 0.3276, Val Accuracy 0.9348
[2024/11/06 05:23:47] - epoch 198 lr 1.000000e-03
[2024/11/06 05:23:47] - Device: [3]	Iter: [198][0/391]	Loss 0.001 (0.001)	Prec@1 1.000 (1.000)	
[2024/11/06 05:23:49] - Device: [3]	Iter: [198][150/391]	Loss 0.013 (0.002)	Prec@1 0.992 (1.000)	
[2024/11/06 05:23:52] - Device: [3]	Iter: [198][300/391]	Loss 0.001 (0.002)	Prec@1 1.000 (1.000)	
[2024/11/06 05:23:54] - Val Loss 0.3246, Val Accuracy 0.9354
[2024/11/06 05:23:57] - epoch 199 lr 1.000000e-03
[2024/11/06 05:23:57] - Device: [3]	Iter: [199][0/391]	Loss 0.001 (0.001)	Prec@1 1.000 (1.000)	
[2024/11/06 05:23:58] - Device: [3]	Iter: [199][150/391]	Loss 0.001 (0.002)	Prec@1 1.000 (0.999)	
[2024/11/06 05:24:01] - Device: [3]	Iter: [199][300/391]	Loss 0.002 (0.002)	Prec@1 1.000 (0.999)	
[2024/11/06 05:24:03] - Val Loss 0.3222, Val Accuracy 0.9369
[2024/11/06 05:24:05] - Model saved at epoch 199 with best val accuracy 0.9369
[2024/11/06 05:24:07] - Training completed in 29.20 minutes.
